Fri May  9 15:06:37 2025: Running xcd server. This server was built by gradle.
Fri May  9 15:06:37 2025: Server was asked to start on port: '49885'
Fri May  9 15:06:37 2025: Server is using token UUID: '6ed43510-2cd6-11f0-b5f2-0800277e37a3'
Fri May  9 15:06:37 2025: SESSION_MGR: creating session with session uuid: '6d04a3e9-ade5-4ab9-8d63-1f78fcd2ec76' and name 'default'
Fri May  9 15:06:37 2025: Attempting to start server on port '49885'
Fri May  9 15:06:37 2025: XCD main fifo: created main fifo '/tmp/xcdmain6ed43510-2cd6-11f0-b5f2-0800277e37a3', fd read = 11
Fri May  9 15:06:37 2025: Running Dispatch Server
Fri May  9 15:06:37 2025: Version 2.2.0
Fri May  9 15:06:40 2025: Dispatch Server: Accepted socket connection from client
Fri May  9 15:06:40 2025: Starting Socket connection
Fri May  9 15:06:40 2025: EXCHANGE_TOKEN received, server token: 6ed43510-2cd6-11f0-b5f2-0800277e37a3, passed token: 6ed43510-2cd6-11f0-b5f2-0800277e37a3
Fri May  9 15:06:40 2025: SESSION_MGR: creating session with session uuid: '7cfb6dc1-e0ca-407c-8b7b-66d8a7172eca' and name 'Code Analyzer'
Fri May  9 15:06:40 2025: KERNEL_SVC: creating session with uuid: '7cfb6dc1-e0ca-407c-8b7b-66d8a7172eca' and name 'Code Analyzer'
Fri May  9 15:06:40 2025: GUIDANCE_SMGR: creating guidance session with uuid: '7cfb6dc1-e0ca-407c-8b7b-66d8a7172eca' and name 'Code Analyzer'
Fri May  9 15:06:50 2025: SESSION_MGR: closing session for UUID '7cfb6dc1-e0ca-407c-8b7b-66d8a7172eca' with name ''
Fri May  9 15:06:50 2025: KERNEL_SVC: closing session for UUID '7cfb6dc1-e0ca-407c-8b7b-66d8a7172eca' with name ''
Fri May  9 15:06:50 2025: GUIDANCE_SMGR: closing session for UUID '7cfb6dc1-e0ca-407c-8b7b-66d8a7172eca' with name ''
Fri May  9 15:06:50 2025: STOP_SERVER received, server token: 6ed43510-2cd6-11f0-b5f2-0800277e37a3, passed token: 6ed43510-2cd6-11f0-b5f2-0800277e37a3
Fri May  9 15:06:50 2025: Socket received request to stop server.
Fri May  9 15:06:50 2025: Dispatch Server: do_await_stop
Fri May  9 15:06:50 2025: Dispatch Server: stopping mainFifo_
Fri May  9 15:06:50 2025: XCD main fifo: Stopping
Fri May  9 15:06:50 2025: XCD main fifo: do_read error code: Operation canceled
Fri May  9 15:06:50 2025: XCD main fifo: bytes_transferred: 0
Fri May  9 15:06:50 2025: SERVER: destructor for server bound to port 49885
Fri May  9 15:06:50 2025: XCD main fifo: Good unlink of /tmp/xcdmain6ed43510-2cd6-11f0-b5f2-0800277e37a3
Fri May  9 15:06:50 2025: Server exiting with status 0.
Fri May  9 15:06:50 2025: Closing log file.
Fri May  9 17:11:42 2025: Running xcd server. This server was built by gradle.
Fri May  9 17:11:42 2025: Server was asked to start on port: '59513'
Fri May  9 17:11:42 2025: Server is using token UUID: 'e9143454-2ce7-11f0-b5f2-0800277e37a3'
Fri May  9 17:11:42 2025: SESSION_MGR: creating session with session uuid: '6d04a3e9-ade5-4ab9-8d63-1f78fcd2ec76' and name 'default'
Fri May  9 17:11:42 2025: Attempting to start server on port '59513'
Fri May  9 17:11:42 2025: XCD main fifo: created main fifo '/tmp/xcdmaine9143454-2ce7-11f0-b5f2-0800277e37a3', fd read = 11
Fri May  9 17:11:42 2025: Running Dispatch Server
Fri May  9 17:11:42 2025: Version 2.2.0
Fri May  9 17:11:43 2025: Dispatch Server: Accepted socket connection from client
Fri May  9 17:11:43 2025: Starting Socket connection
Fri May  9 17:11:43 2025: EXCHANGE_TOKEN received, server token: e9143454-2ce7-11f0-b5f2-0800277e37a3, passed token: e9143454-2ce7-11f0-b5f2-0800277e37a3
Fri May  9 17:11:43 2025: SESSION_MGR: creating session with session uuid: 'db4a08f2-a526-4e89-80e1-45ebf6ed7886' and name 'Code Analyzer'
Fri May  9 17:11:43 2025: KERNEL_SVC: creating session with uuid: 'db4a08f2-a526-4e89-80e1-45ebf6ed7886' and name 'Code Analyzer'
Fri May  9 17:11:43 2025: GUIDANCE_SMGR: creating guidance session with uuid: 'db4a08f2-a526-4e89-80e1-45ebf6ed7886' and name 'Code Analyzer'
Fri May  9 17:11:50 2025: SESSION_MGR: closing session for UUID 'db4a08f2-a526-4e89-80e1-45ebf6ed7886' with name ''
Fri May  9 17:11:50 2025: KERNEL_SVC: closing session for UUID 'db4a08f2-a526-4e89-80e1-45ebf6ed7886' with name ''
Fri May  9 17:11:50 2025: GUIDANCE_SMGR: closing session for UUID 'db4a08f2-a526-4e89-80e1-45ebf6ed7886' with name ''
Fri May  9 17:11:50 2025: STOP_SERVER received, server token: e9143454-2ce7-11f0-b5f2-0800277e37a3, passed token: e9143454-2ce7-11f0-b5f2-0800277e37a3
Fri May  9 17:11:50 2025: Socket received request to stop server.
Fri May  9 17:11:50 2025: Dispatch Server: do_await_stop
Fri May  9 17:11:50 2025: Dispatch Server: stopping mainFifo_
Fri May  9 17:11:50 2025: XCD main fifo: Stopping
Fri May  9 17:11:50 2025: XCD main fifo: do_read error code: Operation canceled
Fri May  9 17:11:50 2025: XCD main fifo: bytes_transferred: 0
Fri May  9 17:11:50 2025: SERVER: destructor for server bound to port 59513
Fri May  9 17:11:50 2025: XCD main fifo: Good unlink of /tmp/xcdmaine9143454-2ce7-11f0-b5f2-0800277e37a3
Fri May  9 17:11:50 2025: Server exiting with status 0.
Fri May  9 17:11:50 2025: Closing log file.
Fri May  9 17:14:38 2025: Running xcd server. This server was built by gradle.
Fri May  9 17:14:38 2025: Server was asked to start on port: '48219'
Fri May  9 17:14:38 2025: Server is using token UUID: '5294aa3a-2ce8-11f0-b5f2-0800277e37a3'
Fri May  9 17:14:38 2025: SESSION_MGR: creating session with session uuid: '6d04a3e9-ade5-4ab9-8d63-1f78fcd2ec76' and name 'default'
Fri May  9 17:14:38 2025: Attempting to start server on port '48219'
Fri May  9 17:14:38 2025: XCD main fifo: created main fifo '/tmp/xcdmain5294aa3a-2ce8-11f0-b5f2-0800277e37a3', fd read = 11
Fri May  9 17:14:38 2025: Running Dispatch Server
Fri May  9 17:14:38 2025: Version 2.2.0
Fri May  9 17:14:39 2025: Dispatch Server: Accepted socket connection from client
Fri May  9 17:14:39 2025: Starting Socket connection
Fri May  9 17:14:39 2025: EXCHANGE_TOKEN received, server token: 5294aa3a-2ce8-11f0-b5f2-0800277e37a3, passed token: 5294aa3a-2ce8-11f0-b5f2-0800277e37a3
Fri May  9 17:14:39 2025: SESSION_MGR: creating session with session uuid: '32313433-80fc-4beb-beea-896315f3c64d' and name 'Code Analyzer'
Fri May  9 17:14:39 2025: KERNEL_SVC: creating session with uuid: '32313433-80fc-4beb-beea-896315f3c64d' and name 'Code Analyzer'
Fri May  9 17:14:39 2025: GUIDANCE_SMGR: creating guidance session with uuid: '32313433-80fc-4beb-beea-896315f3c64d' and name 'Code Analyzer'
Fri May  9 17:14:42 2025: SESSION_MGR: closing session for UUID '32313433-80fc-4beb-beea-896315f3c64d' with name ''
Fri May  9 17:14:42 2025: KERNEL_SVC: closing session for UUID '32313433-80fc-4beb-beea-896315f3c64d' with name ''
Fri May  9 17:14:42 2025: GUIDANCE_SMGR: closing session for UUID '32313433-80fc-4beb-beea-896315f3c64d' with name ''
Fri May  9 17:14:42 2025: STOP_SERVER received, server token: 5294aa3a-2ce8-11f0-b5f2-0800277e37a3, passed token: 5294aa3a-2ce8-11f0-b5f2-0800277e37a3
Fri May  9 17:14:42 2025: Socket received request to stop server.
Fri May  9 17:14:42 2025: Dispatch Server: do_await_stop
Fri May  9 17:14:42 2025: Dispatch Server: stopping mainFifo_
Fri May  9 17:14:42 2025: XCD main fifo: Stopping
Fri May  9 17:14:42 2025: XCD main fifo: do_read error code: Operation canceled
Fri May  9 17:14:42 2025: XCD main fifo: bytes_transferred: 0
Fri May  9 17:14:42 2025: SERVER: destructor for server bound to port 48219
Fri May  9 17:14:42 2025: XCD main fifo: Good unlink of /tmp/xcdmain5294aa3a-2ce8-11f0-b5f2-0800277e37a3
Fri May  9 17:14:42 2025: Server exiting with status 0.
Fri May  9 17:14:42 2025: Closing log file.
Fri May  9 17:15:10 2025: Running xcd server. This server was built by gradle.
Fri May  9 17:15:10 2025: Server was asked to start on port: '51719'
Fri May  9 17:15:10 2025: Server is using token UUID: '651859b8-2ce8-11f0-b5f2-0800277e37a3'
Fri May  9 17:15:10 2025: SESSION_MGR: creating session with session uuid: '6d04a3e9-ade5-4ab9-8d63-1f78fcd2ec76' and name 'default'
Fri May  9 17:15:10 2025: Attempting to start server on port '51719'
Fri May  9 17:15:10 2025: XCD main fifo: created main fifo '/tmp/xcdmain651859b8-2ce8-11f0-b5f2-0800277e37a3', fd read = 11
Fri May  9 17:15:10 2025: Running Dispatch Server
Fri May  9 17:15:10 2025: Version 2.2.0
Fri May  9 17:15:10 2025: Dispatch Server: Accepted socket connection from client
Fri May  9 17:15:10 2025: Starting Socket connection
Fri May  9 17:15:10 2025: EXCHANGE_TOKEN received, server token: 651859b8-2ce8-11f0-b5f2-0800277e37a3, passed token: 651859b8-2ce8-11f0-b5f2-0800277e37a3
Fri May  9 17:15:10 2025: SESSION_MGR: creating session with session uuid: '1f862cfb-b49a-4d4e-8e2a-56f414cda7ba' and name 'Code Analyzer'
Fri May  9 17:15:10 2025: KERNEL_SVC: creating session with uuid: '1f862cfb-b49a-4d4e-8e2a-56f414cda7ba' and name 'Code Analyzer'
Fri May  9 17:15:10 2025: GUIDANCE_SMGR: creating guidance session with uuid: '1f862cfb-b49a-4d4e-8e2a-56f414cda7ba' and name 'Code Analyzer'
Fri May  9 17:19:59 2025: SESSION_MGR: closing session for UUID '1f862cfb-b49a-4d4e-8e2a-56f414cda7ba' with name ''
Fri May  9 17:19:59 2025: KERNEL_SVC: closing session for UUID '1f862cfb-b49a-4d4e-8e2a-56f414cda7ba' with name ''
Fri May  9 17:19:59 2025: GUIDANCE_SMGR: closing session for UUID '1f862cfb-b49a-4d4e-8e2a-56f414cda7ba' with name ''
Fri May  9 17:19:59 2025: STOP_SERVER received, server token: 651859b8-2ce8-11f0-b5f2-0800277e37a3, passed token: 651859b8-2ce8-11f0-b5f2-0800277e37a3
Fri May  9 17:19:59 2025: Socket received request to stop server.
Fri May  9 17:19:59 2025: Dispatch Server: do_await_stop
Fri May  9 17:19:59 2025: Dispatch Server: stopping mainFifo_
Fri May  9 17:19:59 2025: XCD main fifo: Stopping
Fri May  9 17:19:59 2025: XCD main fifo: do_read error code: Operation canceled
Fri May  9 17:19:59 2025: XCD main fifo: bytes_transferred: 0
Fri May  9 17:19:59 2025: SERVER: destructor for server bound to port 51719
Fri May  9 17:19:59 2025: XCD main fifo: Good unlink of /tmp/xcdmain651859b8-2ce8-11f0-b5f2-0800277e37a3
Fri May  9 17:19:59 2025: Server exiting with status 0.
Fri May  9 17:19:59 2025: Closing log file.
