  **** HLS Build v2024.2 5238294
INFO: [HLS 200-2005] Using work_dir /home/deniz/Projects/SneakySnake/HLSWorkSpace/SnakeOnHls/SnakeOnHls 
INFO: [HLS 200-1505] Using default flow_target 'vivado'
Resolution: For help on HLS 200-1505 see docs.xilinx.com/access/sources/dita/topic?Doc_Version=2024.2%20English&url=ug1448-hls-guidance&resourceid=200-1505.html
INFO: [HLS 200-1465] Applying ini 'syn.file=/home/deniz/Projects/SneakySnake/SneakySnake/SneakySnake.c' from /home/deniz/Projects/SneakySnake/HLSWorkSpace/SnakeOnHls/hls_config.cfg(8)
INFO: [HLS 200-10] Adding design file '/home/deniz/Projects/SneakySnake/SneakySnake/SneakySnake.c' to the project
INFO: [HLS 200-1465] Applying ini 'tb.file=/home/deniz/Projects/SneakySnake/Datasets/LongSequences_100K_PBSIM_10Pairs.txt' from /home/deniz/Projects/SneakySnake/HLSWorkSpace/SnakeOnHls/hls_config.cfg(10)
INFO: [HLS 200-10] Adding test bench file '/home/deniz/Projects/SneakySnake/Datasets/LongSequences_100K_PBSIM_10Pairs.txt' to the project
INFO: [HLS 200-1465] Applying ini 'tb.file=/home/deniz/Projects/SneakySnake/Snake-on-Chip/Snake-on-Chip_test.cpp' from /home/deniz/Projects/SneakySnake/HLSWorkSpace/SnakeOnHls/hls_config.cfg(11)
INFO: [HLS 200-10] Adding test bench file '/home/deniz/Projects/SneakySnake/Snake-on-Chip/Snake-on-Chip_test.cpp' to the project
INFO: [HLS 200-1465] Applying ini 'syn.top=SneakySnake' from /home/deniz/Projects/SneakySnake/HLSWorkSpace/SnakeOnHls/hls_config.cfg(9)
INFO: [HLS 200-1465] Applying ini 'flow_target=vitis' from /home/deniz/Projects/SneakySnake/HLSWorkSpace/SnakeOnHls/hls_config.cfg(4)
INFO: [HLS 200-1505] Using flow_target 'vitis'
Resolution: For help on HLS 200-1505 see docs.xilinx.com/access/sources/dita/topic?Doc_Version=2024.2%20English&url=ug1448-hls-guidance&resourceid=200-1505.html
INFO: [HLS 200-435] Setting 'open_solution -flow_target vitis' configuration: config_interface -m_axi_latency=64
INFO: [HLS 200-435] Setting 'open_solution -flow_target vitis' configuration: config_interface -m_axi_alignment_byte_size=64
INFO: [HLS 200-435] Setting 'open_solution -flow_target vitis' configuration: config_interface -m_axi_max_widen_bitwidth=512
INFO: [HLS 200-435] Setting 'open_solution -flow_target vitis' configuration: config_rtl -register_reset_num=3
INFO: [HLS 200-1465] Applying ini 'part=xcvu9p-flga2104-2-i' from /home/deniz/Projects/SneakySnake/HLSWorkSpace/SnakeOnHls/hls_config.cfg(1)
INFO: [HLS 200-1611] Setting target device to 'xcvu9p-flga2104-2-i'
INFO: [HLS 200-1465] Applying ini 'csim.code_analyzer=1' from /home/deniz/Projects/SneakySnake/HLSWorkSpace/SnakeOnHls/hls_config.cfg(7)
INFO: [HLS 200-1465] Applying ini 'package.output.format=xo' from /home/deniz/Projects/SneakySnake/HLSWorkSpace/SnakeOnHls/hls_config.cfg(5)
INFO: [SIM 211-200] Executing Code Analyzer instead of classic HLS C simulation
INFO: [HLS 211-200] Compiling source code /home/deniz/Projects/SneakySnake/SneakySnake/SneakySnake.c as hardware code with instrumentation
INFO: [HLS 211-200] Compiling source code /home/deniz/Projects/SneakySnake/Snake-on-Chip/Snake-on-Chip_test.cpp as test bench code with instrumentation
INFO: [HLS 211-200] Compiling source code /home/deniz/Projects/SneakySnake/SneakySnake/SneakySnake.c as test bench code with instrumentation
/home/deniz/Projects/SneakySnake/Snake-on-Chip/Snake-on-Chip_test.cpp:39:10: fatal error: 'riffa.h' file not found
#include <riffa.h>
         ^~~~~~~~~
1 error generated.
slxcmd:0:0: warning: Non-zero exit code: 1 returned by 'INFO: [HLS 211-200] Compiling source code /home/deniz/Projects/SneakySnake/Snake-on-Chip/Snake-on-Chip_test.cpp as test bench code with instrumentation'
ERROR: [SIM 211-200] Code Analyzer execution failed. Consider running the classic C simulation instead by disabling the hls.csim.code_analyzer option in the config file.
ERROR: Problem running csim: child process exited abnormally
INFO: [HLS 200-112] Total CPU user time: 19.18 seconds. Total CPU system time: 5.39 seconds. Total elapsed time: 25.5 seconds; peak allocated memory: 658.746 MB.
