Wed May  7 16:03:30 2025: Running xcd server. This server was built by gradle.
Wed May  7 16:03:30 2025: Server was asked to start on port: '36529'
Wed May  7 16:03:30 2025: Server is using token UUID: '3e006bb9-d35b-433e-95ee-d850adb745fe'
Wed May  7 16:03:30 2025: SESSION_MGR: creating session with session uuid: '6d04a3e9-ade5-4ab9-8d63-1f78fcd2ec76' and name 'default'
Wed May  7 16:03:30 2025: Attempting to start server on port '36529'
Wed May  7 16:03:30 2025: XCD main fifo: created main fifo '/tmp/xcdmain3e006bb9-d35b-433e-95ee-d850adb745fe', fd read = 13
Wed May  7 16:03:30 2025: Running Dispatch Server
Wed May  7 16:03:30 2025: Version 2.2.0
Wed May  7 16:03:30 2025: Dispatch Server: Accepted socket connection from client
Wed May  7 16:03:30 2025: Starting Socket connection
Wed May  7 16:03:30 2025: EXCHANGE_TOKEN received, server token: 3e006bb9-d35b-433e-95ee-d850adb745fe, passed token: 3e006bb9-d35b-433e-95ee-d850adb745fe
Wed May  7 16:03:31 2025: DISPATCH_HANDLER: Adding handler from function makeHandler in library libxv_system_diagram
Wed May  7 16:03:31 2025: SESSION_MGR: creating session with session uuid: 'f06f0a42-6615-4d42-abed-88f119789b12' and name 'vitis-run_compile_SnakeOnHls'
Wed May  7 16:03:31 2025: KERNEL_SVC: creating session with uuid: 'f06f0a42-6615-4d42-abed-88f119789b12' and name 'vitis-run_compile_SnakeOnHls'
Wed May  7 16:03:31 2025: GUIDANCE_SMGR: creating guidance session with uuid: 'f06f0a42-6615-4d42-abed-88f119789b12' and name 'vitis-run_compile_SnakeOnHls'
Wed May  7 16:03:31 2025: SYSTEM_DIAGRAM: creating session with uuid: 'f06f0a42-6615-4d42-abed-88f119789b12' and name 'vitis-run_compile_SnakeOnHls'
Wed May  7 16:03:50 2025: Dispatch Server: Accepted socket connection from client
Wed May  7 16:03:50 2025: Starting Socket connection
Wed May  7 16:03:58 2025: SESSION_MGR: closing session for UUID 'f06f0a42-6615-4d42-abed-88f119789b12' with name 'vitis-run_compile_SnakeOnHls'
Wed May  7 16:03:58 2025: KERNEL_SVC: closing session for UUID 'f06f0a42-6615-4d42-abed-88f119789b12' with name 'vitis-run_compile_SnakeOnHls'
Wed May  7 16:03:58 2025: GUIDANCE_SMGR: closing session for UUID 'f06f0a42-6615-4d42-abed-88f119789b12' with name 'vitis-run_compile_SnakeOnHls'
Wed May  7 16:03:58 2025: SYSTEM_DIAGRAM: closing session for UUID 'f06f0a42-6615-4d42-abed-88f119789b12' with name 'vitis-run_compile_SnakeOnHls'
Wed May  7 16:03:58 2025: STOP_SERVER received, server token: 3e006bb9-d35b-433e-95ee-d850adb745fe, passed token: 3e006bb9-d35b-433e-95ee-d850adb745fe
Wed May  7 16:03:58 2025: Socket received request to stop server.
Wed May  7 16:03:58 2025: Dispatch Server: do_await_stop
Wed May  7 16:03:58 2025: Dispatch Server: stopping mainFifo_
Wed May  7 16:03:58 2025: XCD main fifo: Stopping
Wed May  7 16:03:58 2025: XCD main fifo: do_read error code: Operation canceled
Wed May  7 16:03:58 2025: XCD main fifo: bytes_transferred: 0
Wed May  7 16:03:58 2025: SERVER: destructor for server bound to port 36529
Wed May  7 16:03:58 2025: XCD main fifo: Good unlink of /tmp/xcdmain3e006bb9-d35b-433e-95ee-d850adb745fe
Wed May  7 16:03:58 2025: Server exiting with status 0.
Wed May  7 16:03:58 2025: Closing log file.
Wed May  7 16:11:59 2025: Running xcd server. This server was built by gradle.
Wed May  7 16:11:59 2025: Server was asked to start on port: '45789'
Wed May  7 16:11:59 2025: Server is using token UUID: 'b12b808d-748d-4ddf-b10a-f188a324ed96'
Wed May  7 16:11:59 2025: SESSION_MGR: creating session with session uuid: '6d04a3e9-ade5-4ab9-8d63-1f78fcd2ec76' and name 'default'
Wed May  7 16:11:59 2025: Attempting to start server on port '45789'
Wed May  7 16:11:59 2025: XCD main fifo: created main fifo '/tmp/xcdmainb12b808d-748d-4ddf-b10a-f188a324ed96', fd read = 13
Wed May  7 16:11:59 2025: Running Dispatch Server
Wed May  7 16:11:59 2025: Version 2.2.0
Wed May  7 16:11:59 2025: Dispatch Server: Accepted socket connection from client
Wed May  7 16:11:59 2025: Starting Socket connection
Wed May  7 16:11:59 2025: EXCHANGE_TOKEN received, server token: b12b808d-748d-4ddf-b10a-f188a324ed96, passed token: b12b808d-748d-4ddf-b10a-f188a324ed96
Wed May  7 16:12:00 2025: DISPATCH_HANDLER: Adding handler from function makeHandler in library libxv_system_diagram
Wed May  7 16:12:00 2025: SESSION_MGR: creating session with session uuid: 'eaec98d8-23d9-45a7-9969-c7e873d28f63' and name 'vitis-run_compile_SnakeOnHls'
Wed May  7 16:12:00 2025: KERNEL_SVC: creating session with uuid: 'eaec98d8-23d9-45a7-9969-c7e873d28f63' and name 'vitis-run_compile_SnakeOnHls'
Wed May  7 16:12:00 2025: GUIDANCE_SMGR: creating guidance session with uuid: 'eaec98d8-23d9-45a7-9969-c7e873d28f63' and name 'vitis-run_compile_SnakeOnHls'
Wed May  7 16:12:00 2025: SYSTEM_DIAGRAM: creating session with uuid: 'eaec98d8-23d9-45a7-9969-c7e873d28f63' and name 'vitis-run_compile_SnakeOnHls'
Wed May  7 16:12:19 2025: Dispatch Server: Accepted socket connection from client
Wed May  7 16:12:19 2025: Starting Socket connection
Wed May  7 16:12:29 2025: SESSION_MGR: closing session for UUID 'eaec98d8-23d9-45a7-9969-c7e873d28f63' with name 'vitis-run_compile_SnakeOnHls'
Wed May  7 16:12:29 2025: KERNEL_SVC: closing session for UUID 'eaec98d8-23d9-45a7-9969-c7e873d28f63' with name 'vitis-run_compile_SnakeOnHls'
Wed May  7 16:12:29 2025: GUIDANCE_SMGR: closing session for UUID 'eaec98d8-23d9-45a7-9969-c7e873d28f63' with name 'vitis-run_compile_SnakeOnHls'
Wed May  7 16:12:29 2025: SYSTEM_DIAGRAM: closing session for UUID 'eaec98d8-23d9-45a7-9969-c7e873d28f63' with name 'vitis-run_compile_SnakeOnHls'
Wed May  7 16:12:29 2025: STOP_SERVER received, server token: b12b808d-748d-4ddf-b10a-f188a324ed96, passed token: b12b808d-748d-4ddf-b10a-f188a324ed96
Wed May  7 16:12:29 2025: Socket received request to stop server.
Wed May  7 16:12:29 2025: Dispatch Server: do_await_stop
Wed May  7 16:12:29 2025: Dispatch Server: stopping mainFifo_
Wed May  7 16:12:29 2025: XCD main fifo: Stopping
Wed May  7 16:12:29 2025: XCD main fifo: do_read error code: Operation canceled
Wed May  7 16:12:29 2025: XCD main fifo: bytes_transferred: 0
Wed May  7 16:12:29 2025: SERVER: destructor for server bound to port 45789
Wed May  7 16:12:29 2025: XCD main fifo: Good unlink of /tmp/xcdmainb12b808d-748d-4ddf-b10a-f188a324ed96
Wed May  7 16:12:29 2025: Server exiting with status 0.
Wed May  7 16:12:29 2025: Closing log file.
Wed May  7 16:49:08 2025: Running xcd server. This server was built by gradle.
Wed May  7 16:49:08 2025: Server was asked to start on port: '39163'
Wed May  7 16:49:08 2025: Server is using token UUID: '9078a888-7436-4744-a6fb-8d64174f28ad'
Wed May  7 16:49:08 2025: SESSION_MGR: creating session with session uuid: '6d04a3e9-ade5-4ab9-8d63-1f78fcd2ec76' and name 'default'
Wed May  7 16:49:08 2025: Attempting to start server on port '39163'
Wed May  7 16:49:08 2025: XCD main fifo: created main fifo '/tmp/xcdmain9078a888-7436-4744-a6fb-8d64174f28ad', fd read = 13
Wed May  7 16:49:08 2025: Running Dispatch Server
Wed May  7 16:49:08 2025: Version 2.2.0
Wed May  7 16:49:08 2025: Dispatch Server: Accepted socket connection from client
Wed May  7 16:49:08 2025: Starting Socket connection
Wed May  7 16:49:08 2025: EXCHANGE_TOKEN received, server token: 9078a888-7436-4744-a6fb-8d64174f28ad, passed token: 9078a888-7436-4744-a6fb-8d64174f28ad
Wed May  7 16:49:09 2025: DISPATCH_HANDLER: Adding handler from function makeHandler in library libxv_system_diagram
Wed May  7 16:49:09 2025: SESSION_MGR: creating session with session uuid: '65da6d89-f4e8-4046-9d7e-3436a48ccba7' and name 'vitis-run_compile_SnakeOnHls'
Wed May  7 16:49:09 2025: KERNEL_SVC: creating session with uuid: '65da6d89-f4e8-4046-9d7e-3436a48ccba7' and name 'vitis-run_compile_SnakeOnHls'
Wed May  7 16:49:09 2025: GUIDANCE_SMGR: creating guidance session with uuid: '65da6d89-f4e8-4046-9d7e-3436a48ccba7' and name 'vitis-run_compile_SnakeOnHls'
Wed May  7 16:49:09 2025: SYSTEM_DIAGRAM: creating session with uuid: '65da6d89-f4e8-4046-9d7e-3436a48ccba7' and name 'vitis-run_compile_SnakeOnHls'
Wed May  7 16:49:25 2025: Dispatch Server: Accepted socket connection from client
Wed May  7 16:49:25 2025: Starting Socket connection
Wed May  7 16:49:37 2025: SESSION_MGR: closing session for UUID '65da6d89-f4e8-4046-9d7e-3436a48ccba7' with name 'vitis-run_compile_SnakeOnHls'
Wed May  7 16:49:37 2025: KERNEL_SVC: closing session for UUID '65da6d89-f4e8-4046-9d7e-3436a48ccba7' with name 'vitis-run_compile_SnakeOnHls'
Wed May  7 16:49:37 2025: GUIDANCE_SMGR: closing session for UUID '65da6d89-f4e8-4046-9d7e-3436a48ccba7' with name 'vitis-run_compile_SnakeOnHls'
Wed May  7 16:49:37 2025: SYSTEM_DIAGRAM: closing session for UUID '65da6d89-f4e8-4046-9d7e-3436a48ccba7' with name 'vitis-run_compile_SnakeOnHls'
Wed May  7 16:49:37 2025: STOP_SERVER received, server token: 9078a888-7436-4744-a6fb-8d64174f28ad, passed token: 9078a888-7436-4744-a6fb-8d64174f28ad
Wed May  7 16:49:37 2025: Socket received request to stop server.
Wed May  7 16:49:37 2025: Dispatch Server: do_await_stop
Wed May  7 16:49:37 2025: Dispatch Server: stopping mainFifo_
Wed May  7 16:49:37 2025: XCD main fifo: Stopping
Wed May  7 16:49:37 2025: XCD main fifo: do_read error code: Operation canceled
Wed May  7 16:49:37 2025: XCD main fifo: bytes_transferred: 0
Wed May  7 16:49:37 2025: SERVER: destructor for server bound to port 39163
Wed May  7 16:49:37 2025: XCD main fifo: Good unlink of /tmp/xcdmain9078a888-7436-4744-a6fb-8d64174f28ad
Wed May  7 16:49:37 2025: Server exiting with status 0.
Wed May  7 16:49:37 2025: Closing log file.
Wed May  7 16:49:58 2025: Running xcd server. This server was built by gradle.
Wed May  7 16:49:58 2025: Server was asked to start on port: '46199'
Wed May  7 16:49:58 2025: Server is using token UUID: '085b44c4-966c-4f92-8b43-e69563d0ef6b'
Wed May  7 16:49:58 2025: SESSION_MGR: creating session with session uuid: '6d04a3e9-ade5-4ab9-8d63-1f78fcd2ec76' and name 'default'
Wed May  7 16:49:58 2025: Attempting to start server on port '46199'
Wed May  7 16:49:58 2025: XCD main fifo: created main fifo '/tmp/xcdmain085b44c4-966c-4f92-8b43-e69563d0ef6b', fd read = 13
Wed May  7 16:49:58 2025: Running Dispatch Server
Wed May  7 16:49:58 2025: Version 2.2.0
Wed May  7 16:49:58 2025: Dispatch Server: Accepted socket connection from client
Wed May  7 16:49:58 2025: Starting Socket connection
Wed May  7 16:49:58 2025: EXCHANGE_TOKEN received, server token: 085b44c4-966c-4f92-8b43-e69563d0ef6b, passed token: 085b44c4-966c-4f92-8b43-e69563d0ef6b
Wed May  7 16:49:59 2025: DISPATCH_HANDLER: Adding handler from function makeHandler in library libxv_system_diagram
Wed May  7 16:49:59 2025: SESSION_MGR: creating session with session uuid: '5ca808ec-0b39-4a32-ab93-4a414cd7ce17' and name 'vitis-run_compile_SnakeOnHls'
Wed May  7 16:49:59 2025: KERNEL_SVC: creating session with uuid: '5ca808ec-0b39-4a32-ab93-4a414cd7ce17' and name 'vitis-run_compile_SnakeOnHls'
Wed May  7 16:49:59 2025: GUIDANCE_SMGR: creating guidance session with uuid: '5ca808ec-0b39-4a32-ab93-4a414cd7ce17' and name 'vitis-run_compile_SnakeOnHls'
Wed May  7 16:49:59 2025: SYSTEM_DIAGRAM: creating session with uuid: '5ca808ec-0b39-4a32-ab93-4a414cd7ce17' and name 'vitis-run_compile_SnakeOnHls'
Wed May  7 16:50:15 2025: Dispatch Server: Accepted socket connection from client
Wed May  7 16:50:15 2025: Starting Socket connection
Wed May  7 16:50:27 2025: SESSION_MGR: closing session for UUID '5ca808ec-0b39-4a32-ab93-4a414cd7ce17' with name 'vitis-run_compile_SnakeOnHls'
Wed May  7 16:50:27 2025: KERNEL_SVC: closing session for UUID '5ca808ec-0b39-4a32-ab93-4a414cd7ce17' with name 'vitis-run_compile_SnakeOnHls'
Wed May  7 16:50:27 2025: GUIDANCE_SMGR: closing session for UUID '5ca808ec-0b39-4a32-ab93-4a414cd7ce17' with name 'vitis-run_compile_SnakeOnHls'
Wed May  7 16:50:27 2025: SYSTEM_DIAGRAM: closing session for UUID '5ca808ec-0b39-4a32-ab93-4a414cd7ce17' with name 'vitis-run_compile_SnakeOnHls'
Wed May  7 16:50:27 2025: STOP_SERVER received, server token: 085b44c4-966c-4f92-8b43-e69563d0ef6b, passed token: 085b44c4-966c-4f92-8b43-e69563d0ef6b
Wed May  7 16:50:27 2025: Socket received request to stop server.
Wed May  7 16:50:27 2025: Dispatch Server: do_await_stop
Wed May  7 16:50:27 2025: Dispatch Server: stopping mainFifo_
Wed May  7 16:50:27 2025: XCD main fifo: Stopping
Wed May  7 16:50:27 2025: XCD main fifo: do_read error code: Operation canceled
Wed May  7 16:50:27 2025: XCD main fifo: bytes_transferred: 0
Wed May  7 16:50:27 2025: SERVER: destructor for server bound to port 46199
Wed May  7 16:50:27 2025: XCD main fifo: Good unlink of /tmp/xcdmain085b44c4-966c-4f92-8b43-e69563d0ef6b
Wed May  7 16:50:27 2025: Server exiting with status 0.
Wed May  7 16:50:27 2025: Closing log file.
Wed May  7 16:52:01 2025: Running xcd server. This server was built by gradle.
Wed May  7 16:52:01 2025: Server was asked to start on port: '41669'
Wed May  7 16:52:01 2025: Server is using token UUID: '2f31179a-f214-414b-bbb2-162d8919097f'
Wed May  7 16:52:01 2025: SESSION_MGR: creating session with session uuid: '6d04a3e9-ade5-4ab9-8d63-1f78fcd2ec76' and name 'default'
Wed May  7 16:52:01 2025: Attempting to start server on port '41669'
Wed May  7 16:52:01 2025: XCD main fifo: created main fifo '/tmp/xcdmain2f31179a-f214-414b-bbb2-162d8919097f', fd read = 13
Wed May  7 16:52:01 2025: Running Dispatch Server
Wed May  7 16:52:01 2025: Version 2.2.0
Wed May  7 16:52:01 2025: Dispatch Server: Accepted socket connection from client
Wed May  7 16:52:01 2025: Starting Socket connection
Wed May  7 16:52:01 2025: EXCHANGE_TOKEN received, server token: 2f31179a-f214-414b-bbb2-162d8919097f, passed token: 2f31179a-f214-414b-bbb2-162d8919097f
Wed May  7 16:52:02 2025: DISPATCH_HANDLER: Adding handler from function makeHandler in library libxv_system_diagram
Wed May  7 16:52:02 2025: SESSION_MGR: creating session with session uuid: '202936ee-baff-4eeb-89b4-cd6ae2b48221' and name 'vitis-run_compile_SnakeOnHls'
Wed May  7 16:52:02 2025: KERNEL_SVC: creating session with uuid: '202936ee-baff-4eeb-89b4-cd6ae2b48221' and name 'vitis-run_compile_SnakeOnHls'
Wed May  7 16:52:02 2025: GUIDANCE_SMGR: creating guidance session with uuid: '202936ee-baff-4eeb-89b4-cd6ae2b48221' and name 'vitis-run_compile_SnakeOnHls'
Wed May  7 16:52:02 2025: SYSTEM_DIAGRAM: creating session with uuid: '202936ee-baff-4eeb-89b4-cd6ae2b48221' and name 'vitis-run_compile_SnakeOnHls'
Wed May  7 16:52:16 2025: Dispatch Server: Accepted socket connection from client
Wed May  7 16:52:16 2025: Starting Socket connection
Wed May  7 16:52:24 2025: SESSION_MGR: closing session for UUID '202936ee-baff-4eeb-89b4-cd6ae2b48221' with name 'vitis-run_compile_SnakeOnHls'
Wed May  7 16:52:24 2025: KERNEL_SVC: closing session for UUID '202936ee-baff-4eeb-89b4-cd6ae2b48221' with name 'vitis-run_compile_SnakeOnHls'
Wed May  7 16:52:24 2025: GUIDANCE_SMGR: closing session for UUID '202936ee-baff-4eeb-89b4-cd6ae2b48221' with name 'vitis-run_compile_SnakeOnHls'
Wed May  7 16:52:24 2025: SYSTEM_DIAGRAM: closing session for UUID '202936ee-baff-4eeb-89b4-cd6ae2b48221' with name 'vitis-run_compile_SnakeOnHls'
Wed May  7 16:52:24 2025: STOP_SERVER received, server token: 2f31179a-f214-414b-bbb2-162d8919097f, passed token: 2f31179a-f214-414b-bbb2-162d8919097f
Wed May  7 16:52:24 2025: Socket received request to stop server.
Wed May  7 16:52:24 2025: Dispatch Server: do_await_stop
Wed May  7 16:52:24 2025: Dispatch Server: stopping mainFifo_
Wed May  7 16:52:24 2025: XCD main fifo: Stopping
Wed May  7 16:52:24 2025: XCD main fifo: do_read error code: Operation canceled
Wed May  7 16:52:24 2025: XCD main fifo: bytes_transferred: 0
Wed May  7 16:52:24 2025: SERVER: destructor for server bound to port 41669
Wed May  7 16:52:24 2025: XCD main fifo: Good unlink of /tmp/xcdmain2f31179a-f214-414b-bbb2-162d8919097f
Wed May  7 16:52:24 2025: Server exiting with status 0.
Wed May  7 16:52:24 2025: Closing log file.
Wed May  7 16:53:32 2025: Running xcd server. This server was built by gradle.
Wed May  7 16:53:32 2025: Server was asked to start on port: '45181'
Wed May  7 16:53:32 2025: Server is using token UUID: '9f844511-28c5-4728-9877-116b753a10e9'
Wed May  7 16:53:32 2025: SESSION_MGR: creating session with session uuid: '6d04a3e9-ade5-4ab9-8d63-1f78fcd2ec76' and name 'default'
Wed May  7 16:53:32 2025: Attempting to start server on port '45181'
Wed May  7 16:53:32 2025: XCD main fifo: created main fifo '/tmp/xcdmain9f844511-28c5-4728-9877-116b753a10e9', fd read = 13
Wed May  7 16:53:32 2025: Running Dispatch Server
Wed May  7 16:53:32 2025: Version 2.2.0
Wed May  7 16:53:33 2025: Dispatch Server: Accepted socket connection from client
Wed May  7 16:53:33 2025: Starting Socket connection
Wed May  7 16:53:33 2025: EXCHANGE_TOKEN received, server token: 9f844511-28c5-4728-9877-116b753a10e9, passed token: 9f844511-28c5-4728-9877-116b753a10e9
Wed May  7 16:53:33 2025: DISPATCH_HANDLER: Adding handler from function makeHandler in library libxv_system_diagram
Wed May  7 16:53:33 2025: SESSION_MGR: creating session with session uuid: '1e7341c3-c39c-4d14-a0aa-e82a372b12e5' and name 'vitis-run_compile_SnakeOnHls'
Wed May  7 16:53:33 2025: KERNEL_SVC: creating session with uuid: '1e7341c3-c39c-4d14-a0aa-e82a372b12e5' and name 'vitis-run_compile_SnakeOnHls'
Wed May  7 16:53:33 2025: GUIDANCE_SMGR: creating guidance session with uuid: '1e7341c3-c39c-4d14-a0aa-e82a372b12e5' and name 'vitis-run_compile_SnakeOnHls'
Wed May  7 16:53:33 2025: SYSTEM_DIAGRAM: creating session with uuid: '1e7341c3-c39c-4d14-a0aa-e82a372b12e5' and name 'vitis-run_compile_SnakeOnHls'
Wed May  7 16:53:48 2025: Dispatch Server: Accepted socket connection from client
Wed May  7 16:53:48 2025: Starting Socket connection
Wed May  7 16:53:56 2025: SESSION_MGR: closing session for UUID '1e7341c3-c39c-4d14-a0aa-e82a372b12e5' with name 'vitis-run_compile_SnakeOnHls'
Wed May  7 16:53:56 2025: KERNEL_SVC: closing session for UUID '1e7341c3-c39c-4d14-a0aa-e82a372b12e5' with name 'vitis-run_compile_SnakeOnHls'
Wed May  7 16:53:56 2025: GUIDANCE_SMGR: closing session for UUID '1e7341c3-c39c-4d14-a0aa-e82a372b12e5' with name 'vitis-run_compile_SnakeOnHls'
Wed May  7 16:53:56 2025: SYSTEM_DIAGRAM: closing session for UUID '1e7341c3-c39c-4d14-a0aa-e82a372b12e5' with name 'vitis-run_compile_SnakeOnHls'
Wed May  7 16:53:56 2025: STOP_SERVER received, server token: 9f844511-28c5-4728-9877-116b753a10e9, passed token: 9f844511-28c5-4728-9877-116b753a10e9
Wed May  7 16:53:56 2025: Socket received request to stop server.
Wed May  7 16:53:56 2025: Dispatch Server: do_await_stop
Wed May  7 16:53:56 2025: Dispatch Server: stopping mainFifo_
Wed May  7 16:53:56 2025: XCD main fifo: Stopping
Wed May  7 16:53:56 2025: XCD main fifo: do_read error code: Operation canceled
Wed May  7 16:53:56 2025: XCD main fifo: bytes_transferred: 0
Wed May  7 16:53:56 2025: SERVER: destructor for server bound to port 45181
Wed May  7 16:53:56 2025: XCD main fifo: Good unlink of /tmp/xcdmain9f844511-28c5-4728-9877-116b753a10e9
Wed May  7 16:53:56 2025: Server exiting with status 0.
Wed May  7 16:53:56 2025: Closing log file.
Wed May  7 16:54:09 2025: Running xcd server. This server was built by gradle.
Wed May  7 16:54:09 2025: Server was asked to start on port: '38829'
Wed May  7 16:54:09 2025: Server is using token UUID: '03573dfe-6d6b-40b4-944b-697e6bca3599'
Wed May  7 16:54:09 2025: SESSION_MGR: creating session with session uuid: '6d04a3e9-ade5-4ab9-8d63-1f78fcd2ec76' and name 'default'
Wed May  7 16:54:09 2025: Attempting to start server on port '38829'
Wed May  7 16:54:09 2025: XCD main fifo: created main fifo '/tmp/xcdmain03573dfe-6d6b-40b4-944b-697e6bca3599', fd read = 13
Wed May  7 16:54:09 2025: Running Dispatch Server
Wed May  7 16:54:09 2025: Version 2.2.0
