

================================================================
== Vitis HLS Report for 'after_neighbohood'
================================================================
* Date:           Sat May 17 18:24:23 2025

* Version:        2024.2 (Build 5238294 on Nov  8 2024)
* Project:        SneakySnake_bit
* Solution:       hls (Vitis Kernel Flow Target)
* Product family: virtexuplus
* Target device:  xcvu9p-flga2104-2-i


================================================================
== Performance Estimates
================================================================
+ Timing: 
    * Summary: 
    +--------+----------+----------+------------+
    |  Clock |  Target  | Estimated| Uncertainty|
    +--------+----------+----------+------------+
    |ap_clk  |  11.00 ns|  9.511 ns|     1.32 ns|
    +--------+----------+----------+------------+

+ Latency: 
    * Summary: 
    +---------+---------+-----------+-----------+-----+-----+---------+
    |  Latency (cycles) |   Latency (absolute)  |  Interval | Pipeline|
    |   min   |   max   |    min    |    max    | min | max |   Type  |
    +---------+---------+-----------+-----------+-----+-----+---------+
    |        3|        3|  33.000 ns|  33.000 ns|    1|    1|      yes|
    +---------+---------+-----------+-----------+-----+-----+---------+

    + Detail: 
        * Instance: 
        N/A

        * Loop: 
        N/A

============================================================
+ Verbose Summary: Synthesis Manager
============================================================
InlineROM: 1
ExposeGlobal: 0
============================================================
+ Verbose Summary: CDFG Model
============================================================
IsTopModel: 0
ResetActiveHigh: 1
IsCombinational: 0
IsDatapathOnly: 0
HasWiredReturn: 1
HasMFsm: 2
HasVarLatency: 0
IsPipeline: 1
IsRtlPipelined: 1
IsInstanceOverlapped: 0
IsDontTouch: 0
HasImplIP: 0
IsGatedGlobalClock: 0

+ Individual pipeline summary: 
  * Pipeline-0: initiation interval (II) = 1, depth = 4


============================================================
+ Verbose Summary: Schedule
============================================================
* Number of FSM states : 4
* Pipeline : 1
  Pipeline-0 : II = 1, D = 4, States = { 1 2 3 4 }
* Dataflow Pipeline: 0

* FSM state transitions: 
1 --> 2 
2 --> 3 
3 --> 4 
4 --> 

* FSM state operations: 

State 1 <SV = 0> <Delay = 9.51>
ST_1 : Operation 5 [1/1] (0.00ns)   --->   "%DNA_shr_five_read = read i8 @_ssdm_op_Read.ap_auto.i8, i8 %DNA_shr_five" [/home/deniz/Projects/SneakySnake/SneakySnake-HLS-HBM/hw/pipeline.cpp:634]   --->   Operation 5 'read' 'DNA_shr_five_read' <Predicate = true> <Delay = 0.00>
ST_1 : Operation 6 [1/1] (0.00ns)   --->   "%DNA_shr_four_read = read i8 @_ssdm_op_Read.ap_auto.i8, i8 %DNA_shr_four" [/home/deniz/Projects/SneakySnake/SneakySnake-HLS-HBM/hw/pipeline.cpp:634]   --->   Operation 6 'read' 'DNA_shr_four_read' <Predicate = true> <Delay = 0.00>
ST_1 : Operation 7 [1/1] (0.00ns)   --->   "%DNA_shr_three_read = read i8 @_ssdm_op_Read.ap_auto.i8, i8 %DNA_shr_three" [/home/deniz/Projects/SneakySnake/SneakySnake-HLS-HBM/hw/pipeline.cpp:634]   --->   Operation 7 'read' 'DNA_shr_three_read' <Predicate = true> <Delay = 0.00>
ST_1 : Operation 8 [1/1] (0.00ns)   --->   "%DNA_shr_two_read = read i8 @_ssdm_op_Read.ap_auto.i8, i8 %DNA_shr_two" [/home/deniz/Projects/SneakySnake/SneakySnake-HLS-HBM/hw/pipeline.cpp:634]   --->   Operation 8 'read' 'DNA_shr_two_read' <Predicate = true> <Delay = 0.00>
ST_1 : Operation 9 [1/1] (0.00ns)   --->   "%DNA_shr_one_read = read i8 @_ssdm_op_Read.ap_auto.i8, i8 %DNA_shr_one" [/home/deniz/Projects/SneakySnake/SneakySnake-HLS-HBM/hw/pipeline.cpp:634]   --->   Operation 9 'read' 'DNA_shr_one_read' <Predicate = true> <Delay = 0.00>
ST_1 : Operation 10 [1/1] (0.00ns)   --->   "%DNA_shl_five_read = read i8 @_ssdm_op_Read.ap_auto.i8, i8 %DNA_shl_five" [/home/deniz/Projects/SneakySnake/SneakySnake-HLS-HBM/hw/pipeline.cpp:634]   --->   Operation 10 'read' 'DNA_shl_five_read' <Predicate = true> <Delay = 0.00>
ST_1 : Operation 11 [1/1] (0.00ns)   --->   "%DNA_shl_four_read = read i8 @_ssdm_op_Read.ap_auto.i8, i8 %DNA_shl_four" [/home/deniz/Projects/SneakySnake/SneakySnake-HLS-HBM/hw/pipeline.cpp:634]   --->   Operation 11 'read' 'DNA_shl_four_read' <Predicate = true> <Delay = 0.00>
ST_1 : Operation 12 [1/1] (0.00ns)   --->   "%DNA_shl_three_read = read i8 @_ssdm_op_Read.ap_auto.i8, i8 %DNA_shl_three" [/home/deniz/Projects/SneakySnake/SneakySnake-HLS-HBM/hw/pipeline.cpp:634]   --->   Operation 12 'read' 'DNA_shl_three_read' <Predicate = true> <Delay = 0.00>
ST_1 : Operation 13 [1/1] (0.00ns)   --->   "%DNA_shl_two_read = read i8 @_ssdm_op_Read.ap_auto.i8, i8 %DNA_shl_two" [/home/deniz/Projects/SneakySnake/SneakySnake-HLS-HBM/hw/pipeline.cpp:634]   --->   Operation 13 'read' 'DNA_shl_two_read' <Predicate = true> <Delay = 0.00>
ST_1 : Operation 14 [1/1] (0.00ns)   --->   "%DNA_shl_one_read = read i8 @_ssdm_op_Read.ap_auto.i8, i8 %DNA_shl_one" [/home/deniz/Projects/SneakySnake/SneakySnake-HLS-HBM/hw/pipeline.cpp:634]   --->   Operation 14 'read' 'DNA_shl_one_read' <Predicate = true> <Delay = 0.00>
ST_1 : Operation 15 [1/1] (0.00ns)   --->   "%DNA_nsh_read = read i8 @_ssdm_op_Read.ap_auto.i8, i8 %DNA_nsh" [/home/deniz/Projects/SneakySnake/SneakySnake-HLS-HBM/hw/pipeline.cpp:634]   --->   Operation 15 'read' 'DNA_nsh_read' <Predicate = true> <Delay = 0.00>
ST_1 : Operation 16 [1/1] (1.03ns)   --->   "%counter_A = call i4 @count_one_bit, i8 %DNA_nsh_read" [/home/deniz/Projects/SneakySnake/SneakySnake-HLS-HBM/hw/pipeline.cpp:646]   --->   Operation 16 'call' 'counter_A' <Predicate = true> <Delay = 1.03> <CoreType = "Generic">   --->   Generic Core
ST_1 : Operation 17 [1/1] (1.03ns)   --->   "%counter_A_1 = call i4 @count_one_bit, i8 %DNA_shl_one_read" [/home/deniz/Projects/SneakySnake/SneakySnake-HLS-HBM/hw/pipeline.cpp:647]   --->   Operation 17 'call' 'counter_A_1' <Predicate = true> <Delay = 1.03> <CoreType = "Generic">   --->   Generic Core
ST_1 : Operation 18 [1/1] (1.03ns)   --->   "%counter_A_30 = call i4 @count_one_bit, i8 %DNA_shl_two_read" [/home/deniz/Projects/SneakySnake/SneakySnake-HLS-HBM/hw/pipeline.cpp:648]   --->   Operation 18 'call' 'counter_A_30' <Predicate = true> <Delay = 1.03> <CoreType = "Generic">   --->   Generic Core
ST_1 : Operation 19 [1/1] (1.03ns)   --->   "%counter_A_3 = call i4 @count_one_bit, i8 %DNA_shl_three_read" [/home/deniz/Projects/SneakySnake/SneakySnake-HLS-HBM/hw/pipeline.cpp:649]   --->   Operation 19 'call' 'counter_A_3' <Predicate = true> <Delay = 1.03> <CoreType = "Generic">   --->   Generic Core
ST_1 : Operation 20 [1/1] (1.03ns)   --->   "%counter_A_31 = call i4 @count_one_bit, i8 %DNA_shl_four_read" [/home/deniz/Projects/SneakySnake/SneakySnake-HLS-HBM/hw/pipeline.cpp:650]   --->   Operation 20 'call' 'counter_A_31' <Predicate = true> <Delay = 1.03> <CoreType = "Generic">   --->   Generic Core
ST_1 : Operation 21 [1/1] (1.03ns)   --->   "%counter_A_5 = call i4 @count_one_bit, i8 %DNA_shl_five_read" [/home/deniz/Projects/SneakySnake/SneakySnake-HLS-HBM/hw/pipeline.cpp:651]   --->   Operation 21 'call' 'counter_A_5' <Predicate = true> <Delay = 1.03> <CoreType = "Generic">   --->   Generic Core
ST_1 : Operation 22 [1/1] (1.03ns)   --->   "%counter_A_32 = call i4 @count_one_bit, i8 %DNA_shr_one_read" [/home/deniz/Projects/SneakySnake/SneakySnake-HLS-HBM/hw/pipeline.cpp:652]   --->   Operation 22 'call' 'counter_A_32' <Predicate = true> <Delay = 1.03> <CoreType = "Generic">   --->   Generic Core
ST_1 : Operation 23 [1/1] (1.03ns)   --->   "%counter_A_7 = call i4 @count_one_bit, i8 %DNA_shr_two_read" [/home/deniz/Projects/SneakySnake/SneakySnake-HLS-HBM/hw/pipeline.cpp:653]   --->   Operation 23 'call' 'counter_A_7' <Predicate = true> <Delay = 1.03> <CoreType = "Generic">   --->   Generic Core
ST_1 : Operation 24 [1/1] (1.03ns)   --->   "%counter_A_33 = call i4 @count_one_bit, i8 %DNA_shr_three_read" [/home/deniz/Projects/SneakySnake/SneakySnake-HLS-HBM/hw/pipeline.cpp:654]   --->   Operation 24 'call' 'counter_A_33' <Predicate = true> <Delay = 1.03> <CoreType = "Generic">   --->   Generic Core
ST_1 : Operation 25 [1/1] (1.03ns)   --->   "%counter_A_9 = call i4 @count_one_bit, i8 %DNA_shr_four_read" [/home/deniz/Projects/SneakySnake/SneakySnake-HLS-HBM/hw/pipeline.cpp:655]   --->   Operation 25 'call' 'counter_A_9' <Predicate = true> <Delay = 1.03> <CoreType = "Generic">   --->   Generic Core
ST_1 : Operation 26 [1/1] (0.70ns)   --->   "%icmp_ln318 = icmp_ugt  i4 %counter_A_1, i4 %counter_A" [/home/deniz/Projects/SneakySnake/SneakySnake-HLS-HBM/hw/pipeline.cpp:318->/home/deniz/Projects/SneakySnake/SneakySnake-HLS-HBM/hw/pipeline.cpp:659]   --->   Operation 26 'icmp' 'icmp_ln318' <Predicate = true> <Delay = 0.70> <CoreInst = "Cmp">   --->   Core 9 'Cmp' <Latency = 0> <II = 1> <Delay = 0.70> <FuncUnit> <Opcode : 'seteq' 'setne' 'setle' 'setge' 'setlt' 'setgt'> <InPorts = 2> <OutPorts = 1>
ST_1 : Operation 27 [1/1] (0.35ns)   --->   "%max_1 = select i1 %icmp_ln318, i4 %counter_A_1, i4 %counter_A" [/home/deniz/Projects/SneakySnake/SneakySnake-HLS-HBM/hw/pipeline.cpp:318->/home/deniz/Projects/SneakySnake/SneakySnake-HLS-HBM/hw/pipeline.cpp:659]   --->   Operation 27 'select' 'max_1' <Predicate = true> <Delay = 0.35> <CoreInst = "Sel">   --->   Core 73 'Sel' <Latency = 0> <II = 1> <Delay = 0.35> <FuncUnit> <Opcode : 'select'> <InPorts = 3> <OutPorts = 1>
ST_1 : Operation 28 [1/1] (0.70ns)   --->   "%icmp_ln318_1 = icmp_ult  i4 %max_1, i4 %counter_A_30" [/home/deniz/Projects/SneakySnake/SneakySnake-HLS-HBM/hw/pipeline.cpp:318->/home/deniz/Projects/SneakySnake/SneakySnake-HLS-HBM/hw/pipeline.cpp:659]   --->   Operation 28 'icmp' 'icmp_ln318_1' <Predicate = true> <Delay = 0.70> <CoreInst = "Cmp">   --->   Core 9 'Cmp' <Latency = 0> <II = 1> <Delay = 0.70> <FuncUnit> <Opcode : 'seteq' 'setne' 'setle' 'setge' 'setlt' 'setgt'> <InPorts = 2> <OutPorts = 1>
ST_1 : Operation 29 [1/1] (0.35ns)   --->   "%max_3 = select i1 %icmp_ln318_1, i4 %counter_A_30, i4 %max_1" [/home/deniz/Projects/SneakySnake/SneakySnake-HLS-HBM/hw/pipeline.cpp:318->/home/deniz/Projects/SneakySnake/SneakySnake-HLS-HBM/hw/pipeline.cpp:659]   --->   Operation 29 'select' 'max_3' <Predicate = true> <Delay = 0.35> <CoreInst = "Sel">   --->   Core 73 'Sel' <Latency = 0> <II = 1> <Delay = 0.35> <FuncUnit> <Opcode : 'select'> <InPorts = 3> <OutPorts = 1>
ST_1 : Operation 30 [1/1] (0.70ns)   --->   "%icmp_ln318_2 = icmp_ult  i4 %max_3, i4 %counter_A_3" [/home/deniz/Projects/SneakySnake/SneakySnake-HLS-HBM/hw/pipeline.cpp:318->/home/deniz/Projects/SneakySnake/SneakySnake-HLS-HBM/hw/pipeline.cpp:659]   --->   Operation 30 'icmp' 'icmp_ln318_2' <Predicate = true> <Delay = 0.70> <CoreInst = "Cmp">   --->   Core 9 'Cmp' <Latency = 0> <II = 1> <Delay = 0.70> <FuncUnit> <Opcode : 'seteq' 'setne' 'setle' 'setge' 'setlt' 'setgt'> <InPorts = 2> <OutPorts = 1>
ST_1 : Operation 31 [1/1] (0.35ns)   --->   "%max_4 = select i1 %icmp_ln318_2, i4 %counter_A_3, i4 %max_3" [/home/deniz/Projects/SneakySnake/SneakySnake-HLS-HBM/hw/pipeline.cpp:318->/home/deniz/Projects/SneakySnake/SneakySnake-HLS-HBM/hw/pipeline.cpp:659]   --->   Operation 31 'select' 'max_4' <Predicate = true> <Delay = 0.35> <CoreInst = "Sel">   --->   Core 73 'Sel' <Latency = 0> <II = 1> <Delay = 0.35> <FuncUnit> <Opcode : 'select'> <InPorts = 3> <OutPorts = 1>
ST_1 : Operation 32 [1/1] (0.70ns)   --->   "%icmp_ln318_3 = icmp_ult  i4 %max_4, i4 %counter_A_31" [/home/deniz/Projects/SneakySnake/SneakySnake-HLS-HBM/hw/pipeline.cpp:318->/home/deniz/Projects/SneakySnake/SneakySnake-HLS-HBM/hw/pipeline.cpp:659]   --->   Operation 32 'icmp' 'icmp_ln318_3' <Predicate = true> <Delay = 0.70> <CoreInst = "Cmp">   --->   Core 9 'Cmp' <Latency = 0> <II = 1> <Delay = 0.70> <FuncUnit> <Opcode : 'seteq' 'setne' 'setle' 'setge' 'setlt' 'setgt'> <InPorts = 2> <OutPorts = 1>
ST_1 : Operation 33 [1/1] (0.35ns)   --->   "%max_6 = select i1 %icmp_ln318_3, i4 %counter_A_31, i4 %max_4" [/home/deniz/Projects/SneakySnake/SneakySnake-HLS-HBM/hw/pipeline.cpp:318->/home/deniz/Projects/SneakySnake/SneakySnake-HLS-HBM/hw/pipeline.cpp:659]   --->   Operation 33 'select' 'max_6' <Predicate = true> <Delay = 0.35> <CoreInst = "Sel">   --->   Core 73 'Sel' <Latency = 0> <II = 1> <Delay = 0.35> <FuncUnit> <Opcode : 'select'> <InPorts = 3> <OutPorts = 1>
ST_1 : Operation 34 [1/1] (0.70ns)   --->   "%icmp_ln318_4 = icmp_ult  i4 %max_6, i4 %counter_A_5" [/home/deniz/Projects/SneakySnake/SneakySnake-HLS-HBM/hw/pipeline.cpp:318->/home/deniz/Projects/SneakySnake/SneakySnake-HLS-HBM/hw/pipeline.cpp:659]   --->   Operation 34 'icmp' 'icmp_ln318_4' <Predicate = true> <Delay = 0.70> <CoreInst = "Cmp">   --->   Core 9 'Cmp' <Latency = 0> <II = 1> <Delay = 0.70> <FuncUnit> <Opcode : 'seteq' 'setne' 'setle' 'setge' 'setlt' 'setgt'> <InPorts = 2> <OutPorts = 1>
ST_1 : Operation 35 [1/1] (0.35ns)   --->   "%max_7 = select i1 %icmp_ln318_4, i4 %counter_A_5, i4 %max_6" [/home/deniz/Projects/SneakySnake/SneakySnake-HLS-HBM/hw/pipeline.cpp:318->/home/deniz/Projects/SneakySnake/SneakySnake-HLS-HBM/hw/pipeline.cpp:659]   --->   Operation 35 'select' 'max_7' <Predicate = true> <Delay = 0.35> <CoreInst = "Sel">   --->   Core 73 'Sel' <Latency = 0> <II = 1> <Delay = 0.35> <FuncUnit> <Opcode : 'select'> <InPorts = 3> <OutPorts = 1>
ST_1 : Operation 36 [1/1] (0.70ns)   --->   "%icmp_ln318_5 = icmp_ult  i4 %max_7, i4 %counter_A_32" [/home/deniz/Projects/SneakySnake/SneakySnake-HLS-HBM/hw/pipeline.cpp:318->/home/deniz/Projects/SneakySnake/SneakySnake-HLS-HBM/hw/pipeline.cpp:659]   --->   Operation 36 'icmp' 'icmp_ln318_5' <Predicate = true> <Delay = 0.70> <CoreInst = "Cmp">   --->   Core 9 'Cmp' <Latency = 0> <II = 1> <Delay = 0.70> <FuncUnit> <Opcode : 'seteq' 'setne' 'setle' 'setge' 'setlt' 'setgt'> <InPorts = 2> <OutPorts = 1>
ST_1 : Operation 37 [1/1] (0.35ns)   --->   "%max_9 = select i1 %icmp_ln318_5, i4 %counter_A_32, i4 %max_7" [/home/deniz/Projects/SneakySnake/SneakySnake-HLS-HBM/hw/pipeline.cpp:318->/home/deniz/Projects/SneakySnake/SneakySnake-HLS-HBM/hw/pipeline.cpp:659]   --->   Operation 37 'select' 'max_9' <Predicate = true> <Delay = 0.35> <CoreInst = "Sel">   --->   Core 73 'Sel' <Latency = 0> <II = 1> <Delay = 0.35> <FuncUnit> <Opcode : 'select'> <InPorts = 3> <OutPorts = 1>
ST_1 : Operation 38 [1/1] (0.70ns)   --->   "%icmp_ln318_6 = icmp_ult  i4 %max_9, i4 %counter_A_7" [/home/deniz/Projects/SneakySnake/SneakySnake-HLS-HBM/hw/pipeline.cpp:318->/home/deniz/Projects/SneakySnake/SneakySnake-HLS-HBM/hw/pipeline.cpp:659]   --->   Operation 38 'icmp' 'icmp_ln318_6' <Predicate = true> <Delay = 0.70> <CoreInst = "Cmp">   --->   Core 9 'Cmp' <Latency = 0> <II = 1> <Delay = 0.70> <FuncUnit> <Opcode : 'seteq' 'setne' 'setle' 'setge' 'setlt' 'setgt'> <InPorts = 2> <OutPorts = 1>
ST_1 : Operation 39 [1/1] (0.35ns)   --->   "%max_10 = select i1 %icmp_ln318_6, i4 %counter_A_7, i4 %max_9" [/home/deniz/Projects/SneakySnake/SneakySnake-HLS-HBM/hw/pipeline.cpp:318->/home/deniz/Projects/SneakySnake/SneakySnake-HLS-HBM/hw/pipeline.cpp:659]   --->   Operation 39 'select' 'max_10' <Predicate = true> <Delay = 0.35> <CoreInst = "Sel">   --->   Core 73 'Sel' <Latency = 0> <II = 1> <Delay = 0.35> <FuncUnit> <Opcode : 'select'> <InPorts = 3> <OutPorts = 1>
ST_1 : Operation 40 [1/1] (0.70ns)   --->   "%icmp_ln318_7 = icmp_ult  i4 %max_10, i4 %counter_A_33" [/home/deniz/Projects/SneakySnake/SneakySnake-HLS-HBM/hw/pipeline.cpp:318->/home/deniz/Projects/SneakySnake/SneakySnake-HLS-HBM/hw/pipeline.cpp:659]   --->   Operation 40 'icmp' 'icmp_ln318_7' <Predicate = true> <Delay = 0.70> <CoreInst = "Cmp">   --->   Core 9 'Cmp' <Latency = 0> <II = 1> <Delay = 0.70> <FuncUnit> <Opcode : 'seteq' 'setne' 'setle' 'setge' 'setlt' 'setgt'> <InPorts = 2> <OutPorts = 1>
ST_1 : Operation 41 [1/1] (0.35ns)   --->   "%max_12 = select i1 %icmp_ln318_7, i4 %counter_A_33, i4 %max_10" [/home/deniz/Projects/SneakySnake/SneakySnake-HLS-HBM/hw/pipeline.cpp:318->/home/deniz/Projects/SneakySnake/SneakySnake-HLS-HBM/hw/pipeline.cpp:659]   --->   Operation 41 'select' 'max_12' <Predicate = true> <Delay = 0.35> <CoreInst = "Sel">   --->   Core 73 'Sel' <Latency = 0> <II = 1> <Delay = 0.35> <FuncUnit> <Opcode : 'select'> <InPorts = 3> <OutPorts = 1>

State 2 <SV = 1> <Delay = 9.15>
ST_2 : Operation 42 [1/1] (1.03ns)   --->   "%counter_A_34 = call i4 @count_one_bit, i8 %DNA_shr_five_read" [/home/deniz/Projects/SneakySnake/SneakySnake-HLS-HBM/hw/pipeline.cpp:656]   --->   Operation 42 'call' 'counter_A_34' <Predicate = true> <Delay = 1.03> <CoreType = "Generic">   --->   Generic Core
ST_2 : Operation 43 [1/1] (0.70ns)   --->   "%icmp_ln318_8 = icmp_ult  i4 %max_12, i4 %counter_A_9" [/home/deniz/Projects/SneakySnake/SneakySnake-HLS-HBM/hw/pipeline.cpp:318->/home/deniz/Projects/SneakySnake/SneakySnake-HLS-HBM/hw/pipeline.cpp:659]   --->   Operation 43 'icmp' 'icmp_ln318_8' <Predicate = true> <Delay = 0.70> <CoreInst = "Cmp">   --->   Core 9 'Cmp' <Latency = 0> <II = 1> <Delay = 0.70> <FuncUnit> <Opcode : 'seteq' 'setne' 'setle' 'setge' 'setlt' 'setgt'> <InPorts = 2> <OutPorts = 1>
ST_2 : Operation 44 [1/1] (0.35ns)   --->   "%max_13 = select i1 %icmp_ln318_8, i4 %counter_A_9, i4 %max_12" [/home/deniz/Projects/SneakySnake/SneakySnake-HLS-HBM/hw/pipeline.cpp:318->/home/deniz/Projects/SneakySnake/SneakySnake-HLS-HBM/hw/pipeline.cpp:659]   --->   Operation 44 'select' 'max_13' <Predicate = true> <Delay = 0.35> <CoreInst = "Sel">   --->   Core 73 'Sel' <Latency = 0> <II = 1> <Delay = 0.35> <FuncUnit> <Opcode : 'select'> <InPorts = 3> <OutPorts = 1>
ST_2 : Operation 45 [1/1] (0.70ns)   --->   "%icmp_ln318_9 = icmp_ult  i4 %max_13, i4 %counter_A_34" [/home/deniz/Projects/SneakySnake/SneakySnake-HLS-HBM/hw/pipeline.cpp:318->/home/deniz/Projects/SneakySnake/SneakySnake-HLS-HBM/hw/pipeline.cpp:659]   --->   Operation 45 'icmp' 'icmp_ln318_9' <Predicate = true> <Delay = 0.70> <CoreInst = "Cmp">   --->   Core 9 'Cmp' <Latency = 0> <II = 1> <Delay = 0.70> <FuncUnit> <Opcode : 'seteq' 'setne' 'setle' 'setge' 'setlt' 'setgt'> <InPorts = 2> <OutPorts = 1>
ST_2 : Operation 46 [1/1] (0.35ns)   --->   "%large_count = select i1 %icmp_ln318_9, i4 %counter_A_34, i4 %max_13" [/home/deniz/Projects/SneakySnake/SneakySnake-HLS-HBM/hw/pipeline.cpp:318->/home/deniz/Projects/SneakySnake/SneakySnake-HLS-HBM/hw/pipeline.cpp:659]   --->   Operation 46 'select' 'large_count' <Predicate = true> <Delay = 0.35> <CoreInst = "Sel">   --->   Core 73 'Sel' <Latency = 0> <II = 1> <Delay = 0.35> <FuncUnit> <Opcode : 'select'> <InPorts = 3> <OutPorts = 1>
ST_2 : Operation 47 [1/1] (0.00ns)   --->   "%trunc_ln660 = trunc i4 %large_count" [/home/deniz/Projects/SneakySnake/SneakySnake-HLS-HBM/hw/pipeline.cpp:660]   --->   Operation 47 'trunc' 'trunc_ln660' <Predicate = true> <Delay = 0.00>
ST_2 : Operation 48 [1/1] (0.00ns)   --->   "%large_countcast = zext i4 %large_count" [/home/deniz/Projects/SneakySnake/SneakySnake-HLS-HBM/hw/pipeline.cpp:665]   --->   Operation 48 'zext' 'large_countcast' <Predicate = true> <Delay = 0.00>
ST_2 : Operation 49 [1/1] (0.70ns)   --->   "%shl_ln665 = shl i8 %DNA_nsh_read, i8 %large_countcast" [/home/deniz/Projects/SneakySnake/SneakySnake-HLS-HBM/hw/pipeline.cpp:665]   --->   Operation 49 'shl' 'shl_ln665' <Predicate = true> <Delay = 0.70> <CoreInst = "Shifter">   --->   Core 75 'Shifter' <Latency = 0> <II = 1> <Delay = 0.70> <FuncUnit> <Opcode : 'shl' 'lshr' 'ashr'> <InPorts = 2> <OutPorts = 1>
ST_2 : Operation 50 [1/1] (0.00ns)   --->   "%large_countcast43 = zext i4 %large_count" [/home/deniz/Projects/SneakySnake/SneakySnake-HLS-HBM/hw/pipeline.cpp:666]   --->   Operation 50 'zext' 'large_countcast43' <Predicate = true> <Delay = 0.00>
ST_2 : Operation 51 [1/1] (0.70ns)   --->   "%shl_ln666 = shl i8 %DNA_shl_one_read, i8 %large_countcast43" [/home/deniz/Projects/SneakySnake/SneakySnake-HLS-HBM/hw/pipeline.cpp:666]   --->   Operation 51 'shl' 'shl_ln666' <Predicate = true> <Delay = 0.70> <CoreInst = "Shifter">   --->   Core 75 'Shifter' <Latency = 0> <II = 1> <Delay = 0.70> <FuncUnit> <Opcode : 'shl' 'lshr' 'ashr'> <InPorts = 2> <OutPorts = 1>
ST_2 : Operation 52 [1/1] (0.00ns)   --->   "%large_countcast44 = zext i4 %large_count" [/home/deniz/Projects/SneakySnake/SneakySnake-HLS-HBM/hw/pipeline.cpp:667]   --->   Operation 52 'zext' 'large_countcast44' <Predicate = true> <Delay = 0.00>
ST_2 : Operation 53 [1/1] (0.70ns)   --->   "%shl_ln667 = shl i8 %DNA_shl_two_read, i8 %large_countcast44" [/home/deniz/Projects/SneakySnake/SneakySnake-HLS-HBM/hw/pipeline.cpp:667]   --->   Operation 53 'shl' 'shl_ln667' <Predicate = true> <Delay = 0.70> <CoreInst = "Shifter">   --->   Core 75 'Shifter' <Latency = 0> <II = 1> <Delay = 0.70> <FuncUnit> <Opcode : 'shl' 'lshr' 'ashr'> <InPorts = 2> <OutPorts = 1>
ST_2 : Operation 54 [1/1] (0.00ns)   --->   "%large_countcast45 = zext i4 %large_count" [/home/deniz/Projects/SneakySnake/SneakySnake-HLS-HBM/hw/pipeline.cpp:668]   --->   Operation 54 'zext' 'large_countcast45' <Predicate = true> <Delay = 0.00>
ST_2 : Operation 55 [1/1] (0.70ns)   --->   "%shl_ln668 = shl i8 %DNA_shl_three_read, i8 %large_countcast45" [/home/deniz/Projects/SneakySnake/SneakySnake-HLS-HBM/hw/pipeline.cpp:668]   --->   Operation 55 'shl' 'shl_ln668' <Predicate = true> <Delay = 0.70> <CoreInst = "Shifter">   --->   Core 75 'Shifter' <Latency = 0> <II = 1> <Delay = 0.70> <FuncUnit> <Opcode : 'shl' 'lshr' 'ashr'> <InPorts = 2> <OutPorts = 1>
ST_2 : Operation 56 [1/1] (0.00ns)   --->   "%large_countcast46 = zext i4 %large_count" [/home/deniz/Projects/SneakySnake/SneakySnake-HLS-HBM/hw/pipeline.cpp:669]   --->   Operation 56 'zext' 'large_countcast46' <Predicate = true> <Delay = 0.00>
ST_2 : Operation 57 [1/1] (0.70ns)   --->   "%shl_ln669 = shl i8 %DNA_shl_four_read, i8 %large_countcast46" [/home/deniz/Projects/SneakySnake/SneakySnake-HLS-HBM/hw/pipeline.cpp:669]   --->   Operation 57 'shl' 'shl_ln669' <Predicate = true> <Delay = 0.70> <CoreInst = "Shifter">   --->   Core 75 'Shifter' <Latency = 0> <II = 1> <Delay = 0.70> <FuncUnit> <Opcode : 'shl' 'lshr' 'ashr'> <InPorts = 2> <OutPorts = 1>
ST_2 : Operation 58 [1/1] (0.00ns)   --->   "%large_countcast47 = zext i4 %large_count" [/home/deniz/Projects/SneakySnake/SneakySnake-HLS-HBM/hw/pipeline.cpp:670]   --->   Operation 58 'zext' 'large_countcast47' <Predicate = true> <Delay = 0.00>
ST_2 : Operation 59 [1/1] (0.70ns)   --->   "%shl_ln670 = shl i8 %DNA_shl_five_read, i8 %large_countcast47" [/home/deniz/Projects/SneakySnake/SneakySnake-HLS-HBM/hw/pipeline.cpp:670]   --->   Operation 59 'shl' 'shl_ln670' <Predicate = true> <Delay = 0.70> <CoreInst = "Shifter">   --->   Core 75 'Shifter' <Latency = 0> <II = 1> <Delay = 0.70> <FuncUnit> <Opcode : 'shl' 'lshr' 'ashr'> <InPorts = 2> <OutPorts = 1>
ST_2 : Operation 60 [1/1] (0.00ns)   --->   "%large_countcast48 = zext i4 %large_count" [/home/deniz/Projects/SneakySnake/SneakySnake-HLS-HBM/hw/pipeline.cpp:671]   --->   Operation 60 'zext' 'large_countcast48' <Predicate = true> <Delay = 0.00>
ST_2 : Operation 61 [1/1] (0.70ns)   --->   "%shl_ln671 = shl i8 %DNA_shr_one_read, i8 %large_countcast48" [/home/deniz/Projects/SneakySnake/SneakySnake-HLS-HBM/hw/pipeline.cpp:671]   --->   Operation 61 'shl' 'shl_ln671' <Predicate = true> <Delay = 0.70> <CoreInst = "Shifter">   --->   Core 75 'Shifter' <Latency = 0> <II = 1> <Delay = 0.70> <FuncUnit> <Opcode : 'shl' 'lshr' 'ashr'> <InPorts = 2> <OutPorts = 1>
ST_2 : Operation 62 [1/1] (0.00ns)   --->   "%large_countcast49 = zext i4 %large_count" [/home/deniz/Projects/SneakySnake/SneakySnake-HLS-HBM/hw/pipeline.cpp:672]   --->   Operation 62 'zext' 'large_countcast49' <Predicate = true> <Delay = 0.00>
ST_2 : Operation 63 [1/1] (0.70ns)   --->   "%shl_ln672 = shl i8 %DNA_shr_two_read, i8 %large_countcast49" [/home/deniz/Projects/SneakySnake/SneakySnake-HLS-HBM/hw/pipeline.cpp:672]   --->   Operation 63 'shl' 'shl_ln672' <Predicate = true> <Delay = 0.70> <CoreInst = "Shifter">   --->   Core 75 'Shifter' <Latency = 0> <II = 1> <Delay = 0.70> <FuncUnit> <Opcode : 'shl' 'lshr' 'ashr'> <InPorts = 2> <OutPorts = 1>
ST_2 : Operation 64 [1/1] (0.00ns)   --->   "%large_countcast50 = zext i4 %large_count" [/home/deniz/Projects/SneakySnake/SneakySnake-HLS-HBM/hw/pipeline.cpp:673]   --->   Operation 64 'zext' 'large_countcast50' <Predicate = true> <Delay = 0.00>
ST_2 : Operation 65 [1/1] (0.70ns)   --->   "%shl_ln673 = shl i8 %DNA_shr_three_read, i8 %large_countcast50" [/home/deniz/Projects/SneakySnake/SneakySnake-HLS-HBM/hw/pipeline.cpp:673]   --->   Operation 65 'shl' 'shl_ln673' <Predicate = true> <Delay = 0.70> <CoreInst = "Shifter">   --->   Core 75 'Shifter' <Latency = 0> <II = 1> <Delay = 0.70> <FuncUnit> <Opcode : 'shl' 'lshr' 'ashr'> <InPorts = 2> <OutPorts = 1>
ST_2 : Operation 66 [1/1] (0.00ns)   --->   "%large_countcast51 = zext i4 %large_count" [/home/deniz/Projects/SneakySnake/SneakySnake-HLS-HBM/hw/pipeline.cpp:674]   --->   Operation 66 'zext' 'large_countcast51' <Predicate = true> <Delay = 0.00>
ST_2 : Operation 67 [1/1] (0.70ns)   --->   "%shl_ln674 = shl i8 %DNA_shr_four_read, i8 %large_countcast51" [/home/deniz/Projects/SneakySnake/SneakySnake-HLS-HBM/hw/pipeline.cpp:674]   --->   Operation 67 'shl' 'shl_ln674' <Predicate = true> <Delay = 0.70> <CoreInst = "Shifter">   --->   Core 75 'Shifter' <Latency = 0> <II = 1> <Delay = 0.70> <FuncUnit> <Opcode : 'shl' 'lshr' 'ashr'> <InPorts = 2> <OutPorts = 1>
ST_2 : Operation 68 [1/1] (0.00ns)   --->   "%large_countcast52 = zext i4 %large_count" [/home/deniz/Projects/SneakySnake/SneakySnake-HLS-HBM/hw/pipeline.cpp:675]   --->   Operation 68 'zext' 'large_countcast52' <Predicate = true> <Delay = 0.00>
ST_2 : Operation 69 [1/1] (0.70ns)   --->   "%shl_ln675 = shl i8 %DNA_shr_five_read, i8 %large_countcast52" [/home/deniz/Projects/SneakySnake/SneakySnake-HLS-HBM/hw/pipeline.cpp:675]   --->   Operation 69 'shl' 'shl_ln675' <Predicate = true> <Delay = 0.70> <CoreInst = "Shifter">   --->   Core 75 'Shifter' <Latency = 0> <II = 1> <Delay = 0.70> <FuncUnit> <Opcode : 'shl' 'lshr' 'ashr'> <InPorts = 2> <OutPorts = 1>
ST_2 : Operation 70 [1/1] (1.03ns)   --->   "%counter_A_35 = call i4 @count_one_bit, i8 %shl_ln665" [/home/deniz/Projects/SneakySnake/SneakySnake-HLS-HBM/hw/pipeline.cpp:646]   --->   Operation 70 'call' 'counter_A_35' <Predicate = true> <Delay = 1.03> <CoreType = "Generic">   --->   Generic Core
ST_2 : Operation 71 [1/1] (1.03ns)   --->   "%counter_A_2 = call i4 @count_one_bit, i8 %shl_ln666" [/home/deniz/Projects/SneakySnake/SneakySnake-HLS-HBM/hw/pipeline.cpp:647]   --->   Operation 71 'call' 'counter_A_2' <Predicate = true> <Delay = 1.03> <CoreType = "Generic">   --->   Generic Core
ST_2 : Operation 72 [1/1] (1.03ns)   --->   "%counter_A_36 = call i4 @count_one_bit, i8 %shl_ln667" [/home/deniz/Projects/SneakySnake/SneakySnake-HLS-HBM/hw/pipeline.cpp:648]   --->   Operation 72 'call' 'counter_A_36' <Predicate = true> <Delay = 1.03> <CoreType = "Generic">   --->   Generic Core
ST_2 : Operation 73 [1/1] (1.03ns)   --->   "%counter_A_6 = call i4 @count_one_bit, i8 %shl_ln668" [/home/deniz/Projects/SneakySnake/SneakySnake-HLS-HBM/hw/pipeline.cpp:649]   --->   Operation 73 'call' 'counter_A_6' <Predicate = true> <Delay = 1.03> <CoreType = "Generic">   --->   Generic Core
ST_2 : Operation 74 [1/1] (1.03ns)   --->   "%counter_A_37 = call i4 @count_one_bit, i8 %shl_ln669" [/home/deniz/Projects/SneakySnake/SneakySnake-HLS-HBM/hw/pipeline.cpp:650]   --->   Operation 74 'call' 'counter_A_37' <Predicate = true> <Delay = 1.03> <CoreType = "Generic">   --->   Generic Core
ST_2 : Operation 75 [1/1] (1.03ns)   --->   "%counter_A_10 = call i4 @count_one_bit, i8 %shl_ln670" [/home/deniz/Projects/SneakySnake/SneakySnake-HLS-HBM/hw/pipeline.cpp:651]   --->   Operation 75 'call' 'counter_A_10' <Predicate = true> <Delay = 1.03> <CoreType = "Generic">   --->   Generic Core
ST_2 : Operation 76 [1/1] (1.03ns)   --->   "%counter_A_38 = call i4 @count_one_bit, i8 %shl_ln671" [/home/deniz/Projects/SneakySnake/SneakySnake-HLS-HBM/hw/pipeline.cpp:652]   --->   Operation 76 'call' 'counter_A_38' <Predicate = true> <Delay = 1.03> <CoreType = "Generic">   --->   Generic Core
ST_2 : Operation 77 [1/1] (0.70ns)   --->   "%icmp_ln318_10 = icmp_ugt  i4 %counter_A_2, i4 %counter_A_35" [/home/deniz/Projects/SneakySnake/SneakySnake-HLS-HBM/hw/pipeline.cpp:318->/home/deniz/Projects/SneakySnake/SneakySnake-HLS-HBM/hw/pipeline.cpp:659]   --->   Operation 77 'icmp' 'icmp_ln318_10' <Predicate = true> <Delay = 0.70> <CoreInst = "Cmp">   --->   Core 9 'Cmp' <Latency = 0> <II = 1> <Delay = 0.70> <FuncUnit> <Opcode : 'seteq' 'setne' 'setle' 'setge' 'setlt' 'setgt'> <InPorts = 2> <OutPorts = 1>
ST_2 : Operation 78 [1/1] (0.35ns)   --->   "%max_17 = select i1 %icmp_ln318_10, i4 %counter_A_2, i4 %counter_A_35" [/home/deniz/Projects/SneakySnake/SneakySnake-HLS-HBM/hw/pipeline.cpp:318->/home/deniz/Projects/SneakySnake/SneakySnake-HLS-HBM/hw/pipeline.cpp:659]   --->   Operation 78 'select' 'max_17' <Predicate = true> <Delay = 0.35> <CoreInst = "Sel">   --->   Core 73 'Sel' <Latency = 0> <II = 1> <Delay = 0.35> <FuncUnit> <Opcode : 'select'> <InPorts = 3> <OutPorts = 1>
ST_2 : Operation 79 [1/1] (0.70ns)   --->   "%icmp_ln318_11 = icmp_ult  i4 %max_17, i4 %counter_A_36" [/home/deniz/Projects/SneakySnake/SneakySnake-HLS-HBM/hw/pipeline.cpp:318->/home/deniz/Projects/SneakySnake/SneakySnake-HLS-HBM/hw/pipeline.cpp:659]   --->   Operation 79 'icmp' 'icmp_ln318_11' <Predicate = true> <Delay = 0.70> <CoreInst = "Cmp">   --->   Core 9 'Cmp' <Latency = 0> <II = 1> <Delay = 0.70> <FuncUnit> <Opcode : 'seteq' 'setne' 'setle' 'setge' 'setlt' 'setgt'> <InPorts = 2> <OutPorts = 1>
ST_2 : Operation 80 [1/1] (0.35ns)   --->   "%max_19 = select i1 %icmp_ln318_11, i4 %counter_A_36, i4 %max_17" [/home/deniz/Projects/SneakySnake/SneakySnake-HLS-HBM/hw/pipeline.cpp:318->/home/deniz/Projects/SneakySnake/SneakySnake-HLS-HBM/hw/pipeline.cpp:659]   --->   Operation 80 'select' 'max_19' <Predicate = true> <Delay = 0.35> <CoreInst = "Sel">   --->   Core 73 'Sel' <Latency = 0> <II = 1> <Delay = 0.35> <FuncUnit> <Opcode : 'select'> <InPorts = 3> <OutPorts = 1>
ST_2 : Operation 81 [1/1] (0.70ns)   --->   "%icmp_ln318_12 = icmp_ult  i4 %max_19, i4 %counter_A_6" [/home/deniz/Projects/SneakySnake/SneakySnake-HLS-HBM/hw/pipeline.cpp:318->/home/deniz/Projects/SneakySnake/SneakySnake-HLS-HBM/hw/pipeline.cpp:659]   --->   Operation 81 'icmp' 'icmp_ln318_12' <Predicate = true> <Delay = 0.70> <CoreInst = "Cmp">   --->   Core 9 'Cmp' <Latency = 0> <II = 1> <Delay = 0.70> <FuncUnit> <Opcode : 'seteq' 'setne' 'setle' 'setge' 'setlt' 'setgt'> <InPorts = 2> <OutPorts = 1>
ST_2 : Operation 82 [1/1] (0.35ns)   --->   "%max_20 = select i1 %icmp_ln318_12, i4 %counter_A_6, i4 %max_19" [/home/deniz/Projects/SneakySnake/SneakySnake-HLS-HBM/hw/pipeline.cpp:318->/home/deniz/Projects/SneakySnake/SneakySnake-HLS-HBM/hw/pipeline.cpp:659]   --->   Operation 82 'select' 'max_20' <Predicate = true> <Delay = 0.35> <CoreInst = "Sel">   --->   Core 73 'Sel' <Latency = 0> <II = 1> <Delay = 0.35> <FuncUnit> <Opcode : 'select'> <InPorts = 3> <OutPorts = 1>
ST_2 : Operation 83 [1/1] (0.70ns)   --->   "%icmp_ln318_13 = icmp_ult  i4 %max_20, i4 %counter_A_37" [/home/deniz/Projects/SneakySnake/SneakySnake-HLS-HBM/hw/pipeline.cpp:318->/home/deniz/Projects/SneakySnake/SneakySnake-HLS-HBM/hw/pipeline.cpp:659]   --->   Operation 83 'icmp' 'icmp_ln318_13' <Predicate = true> <Delay = 0.70> <CoreInst = "Cmp">   --->   Core 9 'Cmp' <Latency = 0> <II = 1> <Delay = 0.70> <FuncUnit> <Opcode : 'seteq' 'setne' 'setle' 'setge' 'setlt' 'setgt'> <InPorts = 2> <OutPorts = 1>
ST_2 : Operation 84 [1/1] (0.35ns)   --->   "%max_22 = select i1 %icmp_ln318_13, i4 %counter_A_37, i4 %max_20" [/home/deniz/Projects/SneakySnake/SneakySnake-HLS-HBM/hw/pipeline.cpp:318->/home/deniz/Projects/SneakySnake/SneakySnake-HLS-HBM/hw/pipeline.cpp:659]   --->   Operation 84 'select' 'max_22' <Predicate = true> <Delay = 0.35> <CoreInst = "Sel">   --->   Core 73 'Sel' <Latency = 0> <II = 1> <Delay = 0.35> <FuncUnit> <Opcode : 'select'> <InPorts = 3> <OutPorts = 1>
ST_2 : Operation 85 [1/1] (0.70ns)   --->   "%icmp_ln318_14 = icmp_ult  i4 %max_22, i4 %counter_A_10" [/home/deniz/Projects/SneakySnake/SneakySnake-HLS-HBM/hw/pipeline.cpp:318->/home/deniz/Projects/SneakySnake/SneakySnake-HLS-HBM/hw/pipeline.cpp:659]   --->   Operation 85 'icmp' 'icmp_ln318_14' <Predicate = true> <Delay = 0.70> <CoreInst = "Cmp">   --->   Core 9 'Cmp' <Latency = 0> <II = 1> <Delay = 0.70> <FuncUnit> <Opcode : 'seteq' 'setne' 'setle' 'setge' 'setlt' 'setgt'> <InPorts = 2> <OutPorts = 1>
ST_2 : Operation 86 [1/1] (0.35ns)   --->   "%max_23 = select i1 %icmp_ln318_14, i4 %counter_A_10, i4 %max_22" [/home/deniz/Projects/SneakySnake/SneakySnake-HLS-HBM/hw/pipeline.cpp:318->/home/deniz/Projects/SneakySnake/SneakySnake-HLS-HBM/hw/pipeline.cpp:659]   --->   Operation 86 'select' 'max_23' <Predicate = true> <Delay = 0.35> <CoreInst = "Sel">   --->   Core 73 'Sel' <Latency = 0> <II = 1> <Delay = 0.35> <FuncUnit> <Opcode : 'select'> <InPorts = 3> <OutPorts = 1>

State 3 <SV = 2> <Delay = 9.15>
ST_3 : Operation 87 [1/1] (1.03ns)   --->   "%counter_A_12 = call i4 @count_one_bit, i8 %shl_ln672" [/home/deniz/Projects/SneakySnake/SneakySnake-HLS-HBM/hw/pipeline.cpp:653]   --->   Operation 87 'call' 'counter_A_12' <Predicate = true> <Delay = 1.03> <CoreType = "Generic">   --->   Generic Core
ST_3 : Operation 88 [1/1] (1.03ns)   --->   "%counter_A_39 = call i4 @count_one_bit, i8 %shl_ln673" [/home/deniz/Projects/SneakySnake/SneakySnake-HLS-HBM/hw/pipeline.cpp:654]   --->   Operation 88 'call' 'counter_A_39' <Predicate = true> <Delay = 1.03> <CoreType = "Generic">   --->   Generic Core
ST_3 : Operation 89 [1/1] (1.03ns)   --->   "%counter_A_14 = call i4 @count_one_bit, i8 %shl_ln674" [/home/deniz/Projects/SneakySnake/SneakySnake-HLS-HBM/hw/pipeline.cpp:655]   --->   Operation 89 'call' 'counter_A_14' <Predicate = true> <Delay = 1.03> <CoreType = "Generic">   --->   Generic Core
ST_3 : Operation 90 [1/1] (1.03ns)   --->   "%counter_A_40 = call i4 @count_one_bit, i8 %shl_ln675" [/home/deniz/Projects/SneakySnake/SneakySnake-HLS-HBM/hw/pipeline.cpp:656]   --->   Operation 90 'call' 'counter_A_40' <Predicate = true> <Delay = 1.03> <CoreType = "Generic">   --->   Generic Core
ST_3 : Operation 91 [1/1] (0.70ns)   --->   "%icmp_ln318_15 = icmp_ult  i4 %max_23, i4 %counter_A_38" [/home/deniz/Projects/SneakySnake/SneakySnake-HLS-HBM/hw/pipeline.cpp:318->/home/deniz/Projects/SneakySnake/SneakySnake-HLS-HBM/hw/pipeline.cpp:659]   --->   Operation 91 'icmp' 'icmp_ln318_15' <Predicate = true> <Delay = 0.70> <CoreInst = "Cmp">   --->   Core 9 'Cmp' <Latency = 0> <II = 1> <Delay = 0.70> <FuncUnit> <Opcode : 'seteq' 'setne' 'setle' 'setge' 'setlt' 'setgt'> <InPorts = 2> <OutPorts = 1>
ST_3 : Operation 92 [1/1] (0.35ns)   --->   "%max_25 = select i1 %icmp_ln318_15, i4 %counter_A_38, i4 %max_23" [/home/deniz/Projects/SneakySnake/SneakySnake-HLS-HBM/hw/pipeline.cpp:318->/home/deniz/Projects/SneakySnake/SneakySnake-HLS-HBM/hw/pipeline.cpp:659]   --->   Operation 92 'select' 'max_25' <Predicate = true> <Delay = 0.35> <CoreInst = "Sel">   --->   Core 73 'Sel' <Latency = 0> <II = 1> <Delay = 0.35> <FuncUnit> <Opcode : 'select'> <InPorts = 3> <OutPorts = 1>
ST_3 : Operation 93 [1/1] (0.70ns)   --->   "%icmp_ln318_16 = icmp_ult  i4 %max_25, i4 %counter_A_12" [/home/deniz/Projects/SneakySnake/SneakySnake-HLS-HBM/hw/pipeline.cpp:318->/home/deniz/Projects/SneakySnake/SneakySnake-HLS-HBM/hw/pipeline.cpp:659]   --->   Operation 93 'icmp' 'icmp_ln318_16' <Predicate = true> <Delay = 0.70> <CoreInst = "Cmp">   --->   Core 9 'Cmp' <Latency = 0> <II = 1> <Delay = 0.70> <FuncUnit> <Opcode : 'seteq' 'setne' 'setle' 'setge' 'setlt' 'setgt'> <InPorts = 2> <OutPorts = 1>
ST_3 : Operation 94 [1/1] (0.35ns)   --->   "%max_26 = select i1 %icmp_ln318_16, i4 %counter_A_12, i4 %max_25" [/home/deniz/Projects/SneakySnake/SneakySnake-HLS-HBM/hw/pipeline.cpp:318->/home/deniz/Projects/SneakySnake/SneakySnake-HLS-HBM/hw/pipeline.cpp:659]   --->   Operation 94 'select' 'max_26' <Predicate = true> <Delay = 0.35> <CoreInst = "Sel">   --->   Core 73 'Sel' <Latency = 0> <II = 1> <Delay = 0.35> <FuncUnit> <Opcode : 'select'> <InPorts = 3> <OutPorts = 1>
ST_3 : Operation 95 [1/1] (0.70ns)   --->   "%icmp_ln318_17 = icmp_ult  i4 %max_26, i4 %counter_A_39" [/home/deniz/Projects/SneakySnake/SneakySnake-HLS-HBM/hw/pipeline.cpp:318->/home/deniz/Projects/SneakySnake/SneakySnake-HLS-HBM/hw/pipeline.cpp:659]   --->   Operation 95 'icmp' 'icmp_ln318_17' <Predicate = true> <Delay = 0.70> <CoreInst = "Cmp">   --->   Core 9 'Cmp' <Latency = 0> <II = 1> <Delay = 0.70> <FuncUnit> <Opcode : 'seteq' 'setne' 'setle' 'setge' 'setlt' 'setgt'> <InPorts = 2> <OutPorts = 1>
ST_3 : Operation 96 [1/1] (0.35ns)   --->   "%max_28 = select i1 %icmp_ln318_17, i4 %counter_A_39, i4 %max_26" [/home/deniz/Projects/SneakySnake/SneakySnake-HLS-HBM/hw/pipeline.cpp:318->/home/deniz/Projects/SneakySnake/SneakySnake-HLS-HBM/hw/pipeline.cpp:659]   --->   Operation 96 'select' 'max_28' <Predicate = true> <Delay = 0.35> <CoreInst = "Sel">   --->   Core 73 'Sel' <Latency = 0> <II = 1> <Delay = 0.35> <FuncUnit> <Opcode : 'select'> <InPorts = 3> <OutPorts = 1>
ST_3 : Operation 97 [1/1] (0.70ns)   --->   "%icmp_ln318_18 = icmp_ult  i4 %max_28, i4 %counter_A_14" [/home/deniz/Projects/SneakySnake/SneakySnake-HLS-HBM/hw/pipeline.cpp:318->/home/deniz/Projects/SneakySnake/SneakySnake-HLS-HBM/hw/pipeline.cpp:659]   --->   Operation 97 'icmp' 'icmp_ln318_18' <Predicate = true> <Delay = 0.70> <CoreInst = "Cmp">   --->   Core 9 'Cmp' <Latency = 0> <II = 1> <Delay = 0.70> <FuncUnit> <Opcode : 'seteq' 'setne' 'setle' 'setge' 'setlt' 'setgt'> <InPorts = 2> <OutPorts = 1>
ST_3 : Operation 98 [1/1] (0.35ns)   --->   "%max_29 = select i1 %icmp_ln318_18, i4 %counter_A_14, i4 %max_28" [/home/deniz/Projects/SneakySnake/SneakySnake-HLS-HBM/hw/pipeline.cpp:318->/home/deniz/Projects/SneakySnake/SneakySnake-HLS-HBM/hw/pipeline.cpp:659]   --->   Operation 98 'select' 'max_29' <Predicate = true> <Delay = 0.35> <CoreInst = "Sel">   --->   Core 73 'Sel' <Latency = 0> <II = 1> <Delay = 0.35> <FuncUnit> <Opcode : 'select'> <InPorts = 3> <OutPorts = 1>
ST_3 : Operation 99 [1/1] (0.70ns)   --->   "%icmp_ln318_19 = icmp_ult  i4 %max_29, i4 %counter_A_40" [/home/deniz/Projects/SneakySnake/SneakySnake-HLS-HBM/hw/pipeline.cpp:318->/home/deniz/Projects/SneakySnake/SneakySnake-HLS-HBM/hw/pipeline.cpp:659]   --->   Operation 99 'icmp' 'icmp_ln318_19' <Predicate = true> <Delay = 0.70> <CoreInst = "Cmp">   --->   Core 9 'Cmp' <Latency = 0> <II = 1> <Delay = 0.70> <FuncUnit> <Opcode : 'seteq' 'setne' 'setle' 'setge' 'setlt' 'setgt'> <InPorts = 2> <OutPorts = 1>
ST_3 : Operation 100 [1/1] (0.35ns)   --->   "%large_count_2 = select i1 %icmp_ln318_19, i4 %counter_A_40, i4 %max_29" [/home/deniz/Projects/SneakySnake/SneakySnake-HLS-HBM/hw/pipeline.cpp:318->/home/deniz/Projects/SneakySnake/SneakySnake-HLS-HBM/hw/pipeline.cpp:659]   --->   Operation 100 'select' 'large_count_2' <Predicate = true> <Delay = 0.35> <CoreInst = "Sel">   --->   Core 73 'Sel' <Latency = 0> <II = 1> <Delay = 0.35> <FuncUnit> <Opcode : 'select'> <InPorts = 3> <OutPorts = 1>
ST_3 : Operation 101 [1/1] (0.00ns)   --->   "%trunc_ln660_1 = trunc i4 %large_count_2" [/home/deniz/Projects/SneakySnake/SneakySnake-HLS-HBM/hw/pipeline.cpp:660]   --->   Operation 101 'trunc' 'trunc_ln660_1' <Predicate = true> <Delay = 0.00>
ST_3 : Operation 102 [1/1] (0.43ns)   --->   "%add_ln660 = add i2 %trunc_ln660_1, i2 %trunc_ln660" [/home/deniz/Projects/SneakySnake/SneakySnake-HLS-HBM/hw/pipeline.cpp:660]   --->   Operation 102 'add' 'add_ln660' <Predicate = true> <Delay = 0.43> <CoreInst = "Adder">   --->   Core 1 'Adder' <Latency = 0> <II = 1> <Delay = 0.43> <FuncUnit> <Opcode : 'add' 'sub'> <InPorts = 2> <OutPorts = 1>
ST_3 : Operation 103 [1/1] (0.00ns)   --->   "%bit_sel = bitselect i1 @_ssdm_op_BitSelect.i1.i2.i2, i2 %add_ln660, i2 1" [/home/deniz/Projects/SneakySnake/SneakySnake-HLS-HBM/hw/pipeline.cpp:660]   --->   Operation 103 'bitselect' 'bit_sel' <Predicate = true> <Delay = 0.00>
ST_3 : Operation 104 [1/1] (0.00ns)   --->   "%trunc_ln660_2 = trunc i2 %add_ln660" [/home/deniz/Projects/SneakySnake/SneakySnake-HLS-HBM/hw/pipeline.cpp:660]   --->   Operation 104 'trunc' 'trunc_ln660_2' <Predicate = true> <Delay = 0.00>
ST_3 : Operation 105 [1/1] (0.00ns)   --->   "%large_count_2cast = zext i4 %large_count_2" [/home/deniz/Projects/SneakySnake/SneakySnake-HLS-HBM/hw/pipeline.cpp:665]   --->   Operation 105 'zext' 'large_count_2cast' <Predicate = true> <Delay = 0.00>
ST_3 : Operation 106 [1/1] (0.70ns)   --->   "%shl_ln665_1 = shl i8 %shl_ln665, i8 %large_count_2cast" [/home/deniz/Projects/SneakySnake/SneakySnake-HLS-HBM/hw/pipeline.cpp:665]   --->   Operation 106 'shl' 'shl_ln665_1' <Predicate = true> <Delay = 0.70> <CoreInst = "Shifter">   --->   Core 75 'Shifter' <Latency = 0> <II = 1> <Delay = 0.70> <FuncUnit> <Opcode : 'shl' 'lshr' 'ashr'> <InPorts = 2> <OutPorts = 1>
ST_3 : Operation 107 [1/1] (0.00ns)   --->   "%large_count_2cast53 = zext i4 %large_count_2" [/home/deniz/Projects/SneakySnake/SneakySnake-HLS-HBM/hw/pipeline.cpp:666]   --->   Operation 107 'zext' 'large_count_2cast53' <Predicate = true> <Delay = 0.00>
ST_3 : Operation 108 [1/1] (0.70ns)   --->   "%shl_ln666_1 = shl i8 %shl_ln666, i8 %large_count_2cast53" [/home/deniz/Projects/SneakySnake/SneakySnake-HLS-HBM/hw/pipeline.cpp:666]   --->   Operation 108 'shl' 'shl_ln666_1' <Predicate = true> <Delay = 0.70> <CoreInst = "Shifter">   --->   Core 75 'Shifter' <Latency = 0> <II = 1> <Delay = 0.70> <FuncUnit> <Opcode : 'shl' 'lshr' 'ashr'> <InPorts = 2> <OutPorts = 1>
ST_3 : Operation 109 [1/1] (0.00ns)   --->   "%large_count_2cast54 = zext i4 %large_count_2" [/home/deniz/Projects/SneakySnake/SneakySnake-HLS-HBM/hw/pipeline.cpp:667]   --->   Operation 109 'zext' 'large_count_2cast54' <Predicate = true> <Delay = 0.00>
ST_3 : Operation 110 [1/1] (0.70ns)   --->   "%shl_ln667_1 = shl i8 %shl_ln667, i8 %large_count_2cast54" [/home/deniz/Projects/SneakySnake/SneakySnake-HLS-HBM/hw/pipeline.cpp:667]   --->   Operation 110 'shl' 'shl_ln667_1' <Predicate = true> <Delay = 0.70> <CoreInst = "Shifter">   --->   Core 75 'Shifter' <Latency = 0> <II = 1> <Delay = 0.70> <FuncUnit> <Opcode : 'shl' 'lshr' 'ashr'> <InPorts = 2> <OutPorts = 1>
ST_3 : Operation 111 [1/1] (0.00ns)   --->   "%large_count_2cast55 = zext i4 %large_count_2" [/home/deniz/Projects/SneakySnake/SneakySnake-HLS-HBM/hw/pipeline.cpp:668]   --->   Operation 111 'zext' 'large_count_2cast55' <Predicate = true> <Delay = 0.00>
ST_3 : Operation 112 [1/1] (0.70ns)   --->   "%shl_ln668_1 = shl i8 %shl_ln668, i8 %large_count_2cast55" [/home/deniz/Projects/SneakySnake/SneakySnake-HLS-HBM/hw/pipeline.cpp:668]   --->   Operation 112 'shl' 'shl_ln668_1' <Predicate = true> <Delay = 0.70> <CoreInst = "Shifter">   --->   Core 75 'Shifter' <Latency = 0> <II = 1> <Delay = 0.70> <FuncUnit> <Opcode : 'shl' 'lshr' 'ashr'> <InPorts = 2> <OutPorts = 1>
ST_3 : Operation 113 [1/1] (0.00ns)   --->   "%large_count_2cast56 = zext i4 %large_count_2" [/home/deniz/Projects/SneakySnake/SneakySnake-HLS-HBM/hw/pipeline.cpp:669]   --->   Operation 113 'zext' 'large_count_2cast56' <Predicate = true> <Delay = 0.00>
ST_3 : Operation 114 [1/1] (0.70ns)   --->   "%shl_ln669_1 = shl i8 %shl_ln669, i8 %large_count_2cast56" [/home/deniz/Projects/SneakySnake/SneakySnake-HLS-HBM/hw/pipeline.cpp:669]   --->   Operation 114 'shl' 'shl_ln669_1' <Predicate = true> <Delay = 0.70> <CoreInst = "Shifter">   --->   Core 75 'Shifter' <Latency = 0> <II = 1> <Delay = 0.70> <FuncUnit> <Opcode : 'shl' 'lshr' 'ashr'> <InPorts = 2> <OutPorts = 1>
ST_3 : Operation 115 [1/1] (0.00ns)   --->   "%large_count_2cast57 = zext i4 %large_count_2" [/home/deniz/Projects/SneakySnake/SneakySnake-HLS-HBM/hw/pipeline.cpp:670]   --->   Operation 115 'zext' 'large_count_2cast57' <Predicate = true> <Delay = 0.00>
ST_3 : Operation 116 [1/1] (0.70ns)   --->   "%shl_ln670_1 = shl i8 %shl_ln670, i8 %large_count_2cast57" [/home/deniz/Projects/SneakySnake/SneakySnake-HLS-HBM/hw/pipeline.cpp:670]   --->   Operation 116 'shl' 'shl_ln670_1' <Predicate = true> <Delay = 0.70> <CoreInst = "Shifter">   --->   Core 75 'Shifter' <Latency = 0> <II = 1> <Delay = 0.70> <FuncUnit> <Opcode : 'shl' 'lshr' 'ashr'> <InPorts = 2> <OutPorts = 1>
ST_3 : Operation 117 [1/1] (0.00ns)   --->   "%large_count_2cast58 = zext i4 %large_count_2" [/home/deniz/Projects/SneakySnake/SneakySnake-HLS-HBM/hw/pipeline.cpp:671]   --->   Operation 117 'zext' 'large_count_2cast58' <Predicate = true> <Delay = 0.00>
ST_3 : Operation 118 [1/1] (0.70ns)   --->   "%shl_ln671_1 = shl i8 %shl_ln671, i8 %large_count_2cast58" [/home/deniz/Projects/SneakySnake/SneakySnake-HLS-HBM/hw/pipeline.cpp:671]   --->   Operation 118 'shl' 'shl_ln671_1' <Predicate = true> <Delay = 0.70> <CoreInst = "Shifter">   --->   Core 75 'Shifter' <Latency = 0> <II = 1> <Delay = 0.70> <FuncUnit> <Opcode : 'shl' 'lshr' 'ashr'> <InPorts = 2> <OutPorts = 1>
ST_3 : Operation 119 [1/1] (0.00ns)   --->   "%large_count_2cast59 = zext i4 %large_count_2" [/home/deniz/Projects/SneakySnake/SneakySnake-HLS-HBM/hw/pipeline.cpp:672]   --->   Operation 119 'zext' 'large_count_2cast59' <Predicate = true> <Delay = 0.00>
ST_3 : Operation 120 [1/1] (0.70ns)   --->   "%shl_ln672_1 = shl i8 %shl_ln672, i8 %large_count_2cast59" [/home/deniz/Projects/SneakySnake/SneakySnake-HLS-HBM/hw/pipeline.cpp:672]   --->   Operation 120 'shl' 'shl_ln672_1' <Predicate = true> <Delay = 0.70> <CoreInst = "Shifter">   --->   Core 75 'Shifter' <Latency = 0> <II = 1> <Delay = 0.70> <FuncUnit> <Opcode : 'shl' 'lshr' 'ashr'> <InPorts = 2> <OutPorts = 1>
ST_3 : Operation 121 [1/1] (0.00ns)   --->   "%large_count_2cast60 = zext i4 %large_count_2" [/home/deniz/Projects/SneakySnake/SneakySnake-HLS-HBM/hw/pipeline.cpp:673]   --->   Operation 121 'zext' 'large_count_2cast60' <Predicate = true> <Delay = 0.00>
ST_3 : Operation 122 [1/1] (0.70ns)   --->   "%shl_ln673_1 = shl i8 %shl_ln673, i8 %large_count_2cast60" [/home/deniz/Projects/SneakySnake/SneakySnake-HLS-HBM/hw/pipeline.cpp:673]   --->   Operation 122 'shl' 'shl_ln673_1' <Predicate = true> <Delay = 0.70> <CoreInst = "Shifter">   --->   Core 75 'Shifter' <Latency = 0> <II = 1> <Delay = 0.70> <FuncUnit> <Opcode : 'shl' 'lshr' 'ashr'> <InPorts = 2> <OutPorts = 1>
ST_3 : Operation 123 [1/1] (0.00ns)   --->   "%large_count_2cast61 = zext i4 %large_count_2" [/home/deniz/Projects/SneakySnake/SneakySnake-HLS-HBM/hw/pipeline.cpp:674]   --->   Operation 123 'zext' 'large_count_2cast61' <Predicate = true> <Delay = 0.00>
ST_3 : Operation 124 [1/1] (0.70ns)   --->   "%shl_ln674_1 = shl i8 %shl_ln674, i8 %large_count_2cast61" [/home/deniz/Projects/SneakySnake/SneakySnake-HLS-HBM/hw/pipeline.cpp:674]   --->   Operation 124 'shl' 'shl_ln674_1' <Predicate = true> <Delay = 0.70> <CoreInst = "Shifter">   --->   Core 75 'Shifter' <Latency = 0> <II = 1> <Delay = 0.70> <FuncUnit> <Opcode : 'shl' 'lshr' 'ashr'> <InPorts = 2> <OutPorts = 1>
ST_3 : Operation 125 [1/1] (0.00ns)   --->   "%large_count_2cast62 = zext i4 %large_count_2" [/home/deniz/Projects/SneakySnake/SneakySnake-HLS-HBM/hw/pipeline.cpp:675]   --->   Operation 125 'zext' 'large_count_2cast62' <Predicate = true> <Delay = 0.00>
ST_3 : Operation 126 [1/1] (0.70ns)   --->   "%shl_ln675_1 = shl i8 %shl_ln675, i8 %large_count_2cast62" [/home/deniz/Projects/SneakySnake/SneakySnake-HLS-HBM/hw/pipeline.cpp:675]   --->   Operation 126 'shl' 'shl_ln675_1' <Predicate = true> <Delay = 0.70> <CoreInst = "Shifter">   --->   Core 75 'Shifter' <Latency = 0> <II = 1> <Delay = 0.70> <FuncUnit> <Opcode : 'shl' 'lshr' 'ashr'> <InPorts = 2> <OutPorts = 1>
ST_3 : Operation 127 [1/1] (1.03ns)   --->   "%counter_A_41 = call i4 @count_one_bit, i8 %shl_ln665_1" [/home/deniz/Projects/SneakySnake/SneakySnake-HLS-HBM/hw/pipeline.cpp:646]   --->   Operation 127 'call' 'counter_A_41' <Predicate = true> <Delay = 1.03> <CoreType = "Generic">   --->   Generic Core
ST_3 : Operation 128 [1/1] (1.03ns)   --->   "%counter_A_16 = call i4 @count_one_bit, i8 %shl_ln666_1" [/home/deniz/Projects/SneakySnake/SneakySnake-HLS-HBM/hw/pipeline.cpp:647]   --->   Operation 128 'call' 'counter_A_16' <Predicate = true> <Delay = 1.03> <CoreType = "Generic">   --->   Generic Core
ST_3 : Operation 129 [1/1] (1.03ns)   --->   "%counter_A_42 = call i4 @count_one_bit, i8 %shl_ln667_1" [/home/deniz/Projects/SneakySnake/SneakySnake-HLS-HBM/hw/pipeline.cpp:648]   --->   Operation 129 'call' 'counter_A_42' <Predicate = true> <Delay = 1.03> <CoreType = "Generic">   --->   Generic Core
ST_3 : Operation 130 [1/1] (1.03ns)   --->   "%counter_A_18 = call i4 @count_one_bit, i8 %shl_ln668_1" [/home/deniz/Projects/SneakySnake/SneakySnake-HLS-HBM/hw/pipeline.cpp:649]   --->   Operation 130 'call' 'counter_A_18' <Predicate = true> <Delay = 1.03> <CoreType = "Generic">   --->   Generic Core
ST_3 : Operation 131 [1/1] (1.03ns)   --->   "%counter_A_43 = call i4 @count_one_bit, i8 %shl_ln669_1" [/home/deniz/Projects/SneakySnake/SneakySnake-HLS-HBM/hw/pipeline.cpp:650]   --->   Operation 131 'call' 'counter_A_43' <Predicate = true> <Delay = 1.03> <CoreType = "Generic">   --->   Generic Core
ST_3 : Operation 132 [1/1] (1.03ns)   --->   "%counter_A_20 = call i4 @count_one_bit, i8 %shl_ln670_1" [/home/deniz/Projects/SneakySnake/SneakySnake-HLS-HBM/hw/pipeline.cpp:651]   --->   Operation 132 'call' 'counter_A_20' <Predicate = true> <Delay = 1.03> <CoreType = "Generic">   --->   Generic Core
ST_3 : Operation 133 [1/1] (1.03ns)   --->   "%counter_A_44 = call i4 @count_one_bit, i8 %shl_ln671_1" [/home/deniz/Projects/SneakySnake/SneakySnake-HLS-HBM/hw/pipeline.cpp:652]   --->   Operation 133 'call' 'counter_A_44' <Predicate = true> <Delay = 1.03> <CoreType = "Generic">   --->   Generic Core
ST_3 : Operation 134 [1/1] (1.03ns)   --->   "%counter_A_22 = call i4 @count_one_bit, i8 %shl_ln672_1" [/home/deniz/Projects/SneakySnake/SneakySnake-HLS-HBM/hw/pipeline.cpp:653]   --->   Operation 134 'call' 'counter_A_22' <Predicate = true> <Delay = 1.03> <CoreType = "Generic">   --->   Generic Core
ST_3 : Operation 135 [1/1] (1.03ns)   --->   "%counter_A_45 = call i4 @count_one_bit, i8 %shl_ln673_1" [/home/deniz/Projects/SneakySnake/SneakySnake-HLS-HBM/hw/pipeline.cpp:654]   --->   Operation 135 'call' 'counter_A_45' <Predicate = true> <Delay = 1.03> <CoreType = "Generic">   --->   Generic Core
ST_3 : Operation 136 [1/1] (1.03ns)   --->   "%counter_A_24 = call i4 @count_one_bit, i8 %shl_ln674_1" [/home/deniz/Projects/SneakySnake/SneakySnake-HLS-HBM/hw/pipeline.cpp:655]   --->   Operation 136 'call' 'counter_A_24' <Predicate = true> <Delay = 1.03> <CoreType = "Generic">   --->   Generic Core
ST_3 : Operation 137 [1/1] (1.03ns)   --->   "%counter_A_46 = call i4 @count_one_bit, i8 %shl_ln675_1" [/home/deniz/Projects/SneakySnake/SneakySnake-HLS-HBM/hw/pipeline.cpp:656]   --->   Operation 137 'call' 'counter_A_46' <Predicate = true> <Delay = 1.03> <CoreType = "Generic">   --->   Generic Core
ST_3 : Operation 138 [1/1] (0.70ns)   --->   "%icmp_ln318_20 = icmp_ugt  i4 %counter_A_16, i4 %counter_A_41" [/home/deniz/Projects/SneakySnake/SneakySnake-HLS-HBM/hw/pipeline.cpp:318->/home/deniz/Projects/SneakySnake/SneakySnake-HLS-HBM/hw/pipeline.cpp:659]   --->   Operation 138 'icmp' 'icmp_ln318_20' <Predicate = true> <Delay = 0.70> <CoreInst = "Cmp">   --->   Core 9 'Cmp' <Latency = 0> <II = 1> <Delay = 0.70> <FuncUnit> <Opcode : 'seteq' 'setne' 'setle' 'setge' 'setlt' 'setgt'> <InPorts = 2> <OutPorts = 1>
ST_3 : Operation 139 [1/1] (0.35ns)   --->   "%max_33 = select i1 %icmp_ln318_20, i4 %counter_A_16, i4 %counter_A_41" [/home/deniz/Projects/SneakySnake/SneakySnake-HLS-HBM/hw/pipeline.cpp:318->/home/deniz/Projects/SneakySnake/SneakySnake-HLS-HBM/hw/pipeline.cpp:659]   --->   Operation 139 'select' 'max_33' <Predicate = true> <Delay = 0.35> <CoreInst = "Sel">   --->   Core 73 'Sel' <Latency = 0> <II = 1> <Delay = 0.35> <FuncUnit> <Opcode : 'select'> <InPorts = 3> <OutPorts = 1>
ST_3 : Operation 140 [1/1] (0.70ns)   --->   "%icmp_ln318_21 = icmp_ult  i4 %max_33, i4 %counter_A_42" [/home/deniz/Projects/SneakySnake/SneakySnake-HLS-HBM/hw/pipeline.cpp:318->/home/deniz/Projects/SneakySnake/SneakySnake-HLS-HBM/hw/pipeline.cpp:659]   --->   Operation 140 'icmp' 'icmp_ln318_21' <Predicate = true> <Delay = 0.70> <CoreInst = "Cmp">   --->   Core 9 'Cmp' <Latency = 0> <II = 1> <Delay = 0.70> <FuncUnit> <Opcode : 'seteq' 'setne' 'setle' 'setge' 'setlt' 'setgt'> <InPorts = 2> <OutPorts = 1>
ST_3 : Operation 141 [1/1] (0.35ns)   --->   "%max_35 = select i1 %icmp_ln318_21, i4 %counter_A_42, i4 %max_33" [/home/deniz/Projects/SneakySnake/SneakySnake-HLS-HBM/hw/pipeline.cpp:318->/home/deniz/Projects/SneakySnake/SneakySnake-HLS-HBM/hw/pipeline.cpp:659]   --->   Operation 141 'select' 'max_35' <Predicate = true> <Delay = 0.35> <CoreInst = "Sel">   --->   Core 73 'Sel' <Latency = 0> <II = 1> <Delay = 0.35> <FuncUnit> <Opcode : 'select'> <InPorts = 3> <OutPorts = 1>
ST_3 : Operation 142 [1/1] (0.00ns)   --->   "%trunc_ln318 = trunc i4 %counter_A_46" [/home/deniz/Projects/SneakySnake/SneakySnake-HLS-HBM/hw/pipeline.cpp:318->/home/deniz/Projects/SneakySnake/SneakySnake-HLS-HBM/hw/pipeline.cpp:659]   --->   Operation 142 'trunc' 'trunc_ln318' <Predicate = true> <Delay = 0.00>

State 4 <SV = 3> <Delay = 8.54>
ST_4 : Operation 143 [1/1] (0.00ns)   --->   "%specpipeline_ln636 = specpipeline void @_ssdm_op_SpecPipeline, i32 4294967295, i32 0, i32 0, i32 0, void @empty_0" [/home/deniz/Projects/SneakySnake/SneakySnake-HLS-HBM/hw/pipeline.cpp:636]   --->   Operation 143 'specpipeline' 'specpipeline_ln636' <Predicate = true> <Delay = 0.00>
ST_4 : Operation 144 [1/1] (0.12ns)   --->   "%xor_ln660 = xor i1 %bit_sel, i1 1" [/home/deniz/Projects/SneakySnake/SneakySnake-HLS-HBM/hw/pipeline.cpp:660]   --->   Operation 144 'xor' 'xor_ln660' <Predicate = true> <Delay = 0.12> <CoreInst = "LogicGate">   --->   Core 74 'LogicGate' <Latency = 0> <II = 1> <Delay = 0.12> <FuncUnit> <Opcode : 'and' 'or' 'xor'> <InPorts = 2> <OutPorts = 1>
ST_4 : Operation 145 [1/1] (0.00ns)   --->   "%global_count_1 = bitconcatenate i2 @_ssdm_op_BitConcatenate.i2.i1.i1, i1 %xor_ln660, i1 %trunc_ln660_2" [/home/deniz/Projects/SneakySnake/SneakySnake-HLS-HBM/hw/pipeline.cpp:660]   --->   Operation 145 'bitconcatenate' 'global_count_1' <Predicate = true> <Delay = 0.00>
ST_4 : Operation 146 [1/1] (0.70ns)   --->   "%icmp_ln318_22 = icmp_ult  i4 %max_35, i4 %counter_A_18" [/home/deniz/Projects/SneakySnake/SneakySnake-HLS-HBM/hw/pipeline.cpp:318->/home/deniz/Projects/SneakySnake/SneakySnake-HLS-HBM/hw/pipeline.cpp:659]   --->   Operation 146 'icmp' 'icmp_ln318_22' <Predicate = true> <Delay = 0.70> <CoreInst = "Cmp">   --->   Core 9 'Cmp' <Latency = 0> <II = 1> <Delay = 0.70> <FuncUnit> <Opcode : 'seteq' 'setne' 'setle' 'setge' 'setlt' 'setgt'> <InPorts = 2> <OutPorts = 1>
ST_4 : Operation 147 [1/1] (0.35ns)   --->   "%max_36 = select i1 %icmp_ln318_22, i4 %counter_A_18, i4 %max_35" [/home/deniz/Projects/SneakySnake/SneakySnake-HLS-HBM/hw/pipeline.cpp:318->/home/deniz/Projects/SneakySnake/SneakySnake-HLS-HBM/hw/pipeline.cpp:659]   --->   Operation 147 'select' 'max_36' <Predicate = true> <Delay = 0.35> <CoreInst = "Sel">   --->   Core 73 'Sel' <Latency = 0> <II = 1> <Delay = 0.35> <FuncUnit> <Opcode : 'select'> <InPorts = 3> <OutPorts = 1>
ST_4 : Operation 148 [1/1] (0.70ns)   --->   "%icmp_ln318_23 = icmp_ult  i4 %max_36, i4 %counter_A_43" [/home/deniz/Projects/SneakySnake/SneakySnake-HLS-HBM/hw/pipeline.cpp:318->/home/deniz/Projects/SneakySnake/SneakySnake-HLS-HBM/hw/pipeline.cpp:659]   --->   Operation 148 'icmp' 'icmp_ln318_23' <Predicate = true> <Delay = 0.70> <CoreInst = "Cmp">   --->   Core 9 'Cmp' <Latency = 0> <II = 1> <Delay = 0.70> <FuncUnit> <Opcode : 'seteq' 'setne' 'setle' 'setge' 'setlt' 'setgt'> <InPorts = 2> <OutPorts = 1>
ST_4 : Operation 149 [1/1] (0.35ns)   --->   "%max_38 = select i1 %icmp_ln318_23, i4 %counter_A_43, i4 %max_36" [/home/deniz/Projects/SneakySnake/SneakySnake-HLS-HBM/hw/pipeline.cpp:318->/home/deniz/Projects/SneakySnake/SneakySnake-HLS-HBM/hw/pipeline.cpp:659]   --->   Operation 149 'select' 'max_38' <Predicate = true> <Delay = 0.35> <CoreInst = "Sel">   --->   Core 73 'Sel' <Latency = 0> <II = 1> <Delay = 0.35> <FuncUnit> <Opcode : 'select'> <InPorts = 3> <OutPorts = 1>
ST_4 : Operation 150 [1/1] (0.70ns)   --->   "%icmp_ln318_24 = icmp_ult  i4 %max_38, i4 %counter_A_20" [/home/deniz/Projects/SneakySnake/SneakySnake-HLS-HBM/hw/pipeline.cpp:318->/home/deniz/Projects/SneakySnake/SneakySnake-HLS-HBM/hw/pipeline.cpp:659]   --->   Operation 150 'icmp' 'icmp_ln318_24' <Predicate = true> <Delay = 0.70> <CoreInst = "Cmp">   --->   Core 9 'Cmp' <Latency = 0> <II = 1> <Delay = 0.70> <FuncUnit> <Opcode : 'seteq' 'setne' 'setle' 'setge' 'setlt' 'setgt'> <InPorts = 2> <OutPorts = 1>
ST_4 : Operation 151 [1/1] (0.35ns)   --->   "%max_39 = select i1 %icmp_ln318_24, i4 %counter_A_20, i4 %max_38" [/home/deniz/Projects/SneakySnake/SneakySnake-HLS-HBM/hw/pipeline.cpp:318->/home/deniz/Projects/SneakySnake/SneakySnake-HLS-HBM/hw/pipeline.cpp:659]   --->   Operation 151 'select' 'max_39' <Predicate = true> <Delay = 0.35> <CoreInst = "Sel">   --->   Core 73 'Sel' <Latency = 0> <II = 1> <Delay = 0.35> <FuncUnit> <Opcode : 'select'> <InPorts = 3> <OutPorts = 1>
ST_4 : Operation 152 [1/1] (0.70ns)   --->   "%icmp_ln318_25 = icmp_ult  i4 %max_39, i4 %counter_A_44" [/home/deniz/Projects/SneakySnake/SneakySnake-HLS-HBM/hw/pipeline.cpp:318->/home/deniz/Projects/SneakySnake/SneakySnake-HLS-HBM/hw/pipeline.cpp:659]   --->   Operation 152 'icmp' 'icmp_ln318_25' <Predicate = true> <Delay = 0.70> <CoreInst = "Cmp">   --->   Core 9 'Cmp' <Latency = 0> <II = 1> <Delay = 0.70> <FuncUnit> <Opcode : 'seteq' 'setne' 'setle' 'setge' 'setlt' 'setgt'> <InPorts = 2> <OutPorts = 1>
ST_4 : Operation 153 [1/1] (0.35ns)   --->   "%max_41 = select i1 %icmp_ln318_25, i4 %counter_A_44, i4 %max_39" [/home/deniz/Projects/SneakySnake/SneakySnake-HLS-HBM/hw/pipeline.cpp:318->/home/deniz/Projects/SneakySnake/SneakySnake-HLS-HBM/hw/pipeline.cpp:659]   --->   Operation 153 'select' 'max_41' <Predicate = true> <Delay = 0.35> <CoreInst = "Sel">   --->   Core 73 'Sel' <Latency = 0> <II = 1> <Delay = 0.35> <FuncUnit> <Opcode : 'select'> <InPorts = 3> <OutPorts = 1>
ST_4 : Operation 154 [1/1] (0.70ns)   --->   "%icmp_ln318_26 = icmp_ult  i4 %max_41, i4 %counter_A_22" [/home/deniz/Projects/SneakySnake/SneakySnake-HLS-HBM/hw/pipeline.cpp:318->/home/deniz/Projects/SneakySnake/SneakySnake-HLS-HBM/hw/pipeline.cpp:659]   --->   Operation 154 'icmp' 'icmp_ln318_26' <Predicate = true> <Delay = 0.70> <CoreInst = "Cmp">   --->   Core 9 'Cmp' <Latency = 0> <II = 1> <Delay = 0.70> <FuncUnit> <Opcode : 'seteq' 'setne' 'setle' 'setge' 'setlt' 'setgt'> <InPorts = 2> <OutPorts = 1>
ST_4 : Operation 155 [1/1] (0.35ns)   --->   "%max_42 = select i1 %icmp_ln318_26, i4 %counter_A_22, i4 %max_41" [/home/deniz/Projects/SneakySnake/SneakySnake-HLS-HBM/hw/pipeline.cpp:318->/home/deniz/Projects/SneakySnake/SneakySnake-HLS-HBM/hw/pipeline.cpp:659]   --->   Operation 155 'select' 'max_42' <Predicate = true> <Delay = 0.35> <CoreInst = "Sel">   --->   Core 73 'Sel' <Latency = 0> <II = 1> <Delay = 0.35> <FuncUnit> <Opcode : 'select'> <InPorts = 3> <OutPorts = 1>
ST_4 : Operation 156 [1/1] (0.70ns)   --->   "%icmp_ln318_27 = icmp_ult  i4 %max_42, i4 %counter_A_45" [/home/deniz/Projects/SneakySnake/SneakySnake-HLS-HBM/hw/pipeline.cpp:318->/home/deniz/Projects/SneakySnake/SneakySnake-HLS-HBM/hw/pipeline.cpp:659]   --->   Operation 156 'icmp' 'icmp_ln318_27' <Predicate = true> <Delay = 0.70> <CoreInst = "Cmp">   --->   Core 9 'Cmp' <Latency = 0> <II = 1> <Delay = 0.70> <FuncUnit> <Opcode : 'seteq' 'setne' 'setle' 'setge' 'setlt' 'setgt'> <InPorts = 2> <OutPorts = 1>
ST_4 : Operation 157 [1/1] (0.35ns)   --->   "%max_44 = select i1 %icmp_ln318_27, i4 %counter_A_45, i4 %max_42" [/home/deniz/Projects/SneakySnake/SneakySnake-HLS-HBM/hw/pipeline.cpp:318->/home/deniz/Projects/SneakySnake/SneakySnake-HLS-HBM/hw/pipeline.cpp:659]   --->   Operation 157 'select' 'max_44' <Predicate = true> <Delay = 0.35> <CoreInst = "Sel">   --->   Core 73 'Sel' <Latency = 0> <II = 1> <Delay = 0.35> <FuncUnit> <Opcode : 'select'> <InPorts = 3> <OutPorts = 1>
ST_4 : Operation 158 [1/1] (0.70ns)   --->   "%icmp_ln318_28 = icmp_ult  i4 %max_44, i4 %counter_A_24" [/home/deniz/Projects/SneakySnake/SneakySnake-HLS-HBM/hw/pipeline.cpp:318->/home/deniz/Projects/SneakySnake/SneakySnake-HLS-HBM/hw/pipeline.cpp:659]   --->   Operation 158 'icmp' 'icmp_ln318_28' <Predicate = true> <Delay = 0.70> <CoreInst = "Cmp">   --->   Core 9 'Cmp' <Latency = 0> <II = 1> <Delay = 0.70> <FuncUnit> <Opcode : 'seteq' 'setne' 'setle' 'setge' 'setlt' 'setgt'> <InPorts = 2> <OutPorts = 1>
ST_4 : Operation 159 [1/1] (0.35ns)   --->   "%max_45 = select i1 %icmp_ln318_28, i4 %counter_A_24, i4 %max_44" [/home/deniz/Projects/SneakySnake/SneakySnake-HLS-HBM/hw/pipeline.cpp:318->/home/deniz/Projects/SneakySnake/SneakySnake-HLS-HBM/hw/pipeline.cpp:659]   --->   Operation 159 'select' 'max_45' <Predicate = true> <Delay = 0.35> <CoreInst = "Sel">   --->   Core 73 'Sel' <Latency = 0> <II = 1> <Delay = 0.35> <FuncUnit> <Opcode : 'select'> <InPorts = 3> <OutPorts = 1>
ST_4 : Operation 160 [1/1] (0.70ns)   --->   "%icmp_ln318_29 = icmp_ult  i4 %max_45, i4 %counter_A_46" [/home/deniz/Projects/SneakySnake/SneakySnake-HLS-HBM/hw/pipeline.cpp:318->/home/deniz/Projects/SneakySnake/SneakySnake-HLS-HBM/hw/pipeline.cpp:659]   --->   Operation 160 'icmp' 'icmp_ln318_29' <Predicate = true> <Delay = 0.70> <CoreInst = "Cmp">   --->   Core 9 'Cmp' <Latency = 0> <II = 1> <Delay = 0.70> <FuncUnit> <Opcode : 'seteq' 'setne' 'setle' 'setge' 'setlt' 'setgt'> <InPorts = 2> <OutPorts = 1>
ST_4 : Operation 161 [1/1] (0.00ns)   --->   "%trunc_ln318_1 = trunc i4 %max_45" [/home/deniz/Projects/SneakySnake/SneakySnake-HLS-HBM/hw/pipeline.cpp:318->/home/deniz/Projects/SneakySnake/SneakySnake-HLS-HBM/hw/pipeline.cpp:659]   --->   Operation 161 'trunc' 'trunc_ln318_1' <Predicate = true> <Delay = 0.00>
ST_4 : Operation 162 [1/1] (0.27ns)   --->   "%select_ln318 = select i1 %icmp_ln318_29, i2 %trunc_ln318, i2 %trunc_ln318_1" [/home/deniz/Projects/SneakySnake/SneakySnake-HLS-HBM/hw/pipeline.cpp:318->/home/deniz/Projects/SneakySnake/SneakySnake-HLS-HBM/hw/pipeline.cpp:659]   --->   Operation 162 'select' 'select_ln318' <Predicate = true> <Delay = 0.27> <CoreInst = "Sel">   --->   Core 73 'Sel' <Latency = 0> <II = 1> <Delay = 0.27> <FuncUnit> <Opcode : 'select'> <InPorts = 3> <OutPorts = 1>
ST_4 : Operation 163 [1/1] (0.00ns) (grouped into TernaryAdder)   --->   "%add_ln660_1 = add i2 %select_ln318, i2 1" [/home/deniz/Projects/SneakySnake/SneakySnake-HLS-HBM/hw/pipeline.cpp:660]   --->   Operation 163 'add' 'add_ln660_1' <Predicate = true> <Delay = 0.00> <CoreInst = "TAddSub">   --->   Core 10 'TAddSub' <Latency = 0> <II = 1> <Delay = 0.07> <IPBlock> <Opcode : '' 'add' 'sub'> <InPorts = 3> <OutPorts = 1> <Sync> <CReg>
ST_4 : Operation 164 [1/1] (0.14ns) (root node of TernaryAdder)   --->   "%global_count = add i2 %add_ln660_1, i2 %global_count_1" [/home/deniz/Projects/SneakySnake/SneakySnake-HLS-HBM/hw/pipeline.cpp:660]   --->   Operation 164 'add' 'global_count' <Predicate = true> <Delay = 0.14> <CoreInst = "TAddSub">   --->   Core 10 'TAddSub' <Latency = 0> <II = 1> <Delay = 0.07> <IPBlock> <Opcode : '' 'add' 'sub'> <InPorts = 3> <OutPorts = 1> <Sync> <CReg>
ST_4 : Operation 165 [1/1] (0.00ns)   --->   "%ret_ln678 = ret i2 %global_count" [/home/deniz/Projects/SneakySnake/SneakySnake-HLS-HBM/hw/pipeline.cpp:678]   --->   Operation 165 'ret' 'ret_ln678' <Predicate = true> <Delay = 0.00>


============================================================
+ Verbose Summary: Timing violations
============================================================
Target clock period: 11.000ns, clock uncertainty: 1.320ns.

 <State 1>: 9.511ns
The critical path consists of the following:
	wire read operation ('DNA_shl_one_read', /home/deniz/Projects/SneakySnake/SneakySnake-HLS-HBM/hw/pipeline.cpp:634) on port 'DNA_shl_one' (/home/deniz/Projects/SneakySnake/SneakySnake-HLS-HBM/hw/pipeline.cpp:634) [22]  (0.000 ns)
	'call' operation 4 bit ('counter_A', /home/deniz/Projects/SneakySnake/SneakySnake-HLS-HBM/hw/pipeline.cpp:647) to 'count_one_bit' [25]  (1.039 ns)
	'icmp' operation 1 bit ('icmp_ln318', /home/deniz/Projects/SneakySnake/SneakySnake-HLS-HBM/hw/pipeline.cpp:318->/home/deniz/Projects/SneakySnake/SneakySnake-HLS-HBM/hw/pipeline.cpp:659) [35]  (0.708 ns)
	'select' operation 4 bit ('max', /home/deniz/Projects/SneakySnake/SneakySnake-HLS-HBM/hw/pipeline.cpp:318->/home/deniz/Projects/SneakySnake/SneakySnake-HLS-HBM/hw/pipeline.cpp:659) [36]  (0.351 ns)
	'icmp' operation 1 bit ('icmp_ln318_1', /home/deniz/Projects/SneakySnake/SneakySnake-HLS-HBM/hw/pipeline.cpp:318->/home/deniz/Projects/SneakySnake/SneakySnake-HLS-HBM/hw/pipeline.cpp:659) [37]  (0.708 ns)
	'select' operation 4 bit ('max', /home/deniz/Projects/SneakySnake/SneakySnake-HLS-HBM/hw/pipeline.cpp:318->/home/deniz/Projects/SneakySnake/SneakySnake-HLS-HBM/hw/pipeline.cpp:659) [38]  (0.351 ns)
	'icmp' operation 1 bit ('icmp_ln318_2', /home/deniz/Projects/SneakySnake/SneakySnake-HLS-HBM/hw/pipeline.cpp:318->/home/deniz/Projects/SneakySnake/SneakySnake-HLS-HBM/hw/pipeline.cpp:659) [39]  (0.708 ns)
	'select' operation 4 bit ('max', /home/deniz/Projects/SneakySnake/SneakySnake-HLS-HBM/hw/pipeline.cpp:318->/home/deniz/Projects/SneakySnake/SneakySnake-HLS-HBM/hw/pipeline.cpp:659) [40]  (0.351 ns)
	'icmp' operation 1 bit ('icmp_ln318_3', /home/deniz/Projects/SneakySnake/SneakySnake-HLS-HBM/hw/pipeline.cpp:318->/home/deniz/Projects/SneakySnake/SneakySnake-HLS-HBM/hw/pipeline.cpp:659) [41]  (0.708 ns)
	'select' operation 4 bit ('max', /home/deniz/Projects/SneakySnake/SneakySnake-HLS-HBM/hw/pipeline.cpp:318->/home/deniz/Projects/SneakySnake/SneakySnake-HLS-HBM/hw/pipeline.cpp:659) [42]  (0.351 ns)
	'icmp' operation 1 bit ('icmp_ln318_4', /home/deniz/Projects/SneakySnake/SneakySnake-HLS-HBM/hw/pipeline.cpp:318->/home/deniz/Projects/SneakySnake/SneakySnake-HLS-HBM/hw/pipeline.cpp:659) [43]  (0.708 ns)
	'select' operation 4 bit ('max', /home/deniz/Projects/SneakySnake/SneakySnake-HLS-HBM/hw/pipeline.cpp:318->/home/deniz/Projects/SneakySnake/SneakySnake-HLS-HBM/hw/pipeline.cpp:659) [44]  (0.351 ns)
	'icmp' operation 1 bit ('icmp_ln318_5', /home/deniz/Projects/SneakySnake/SneakySnake-HLS-HBM/hw/pipeline.cpp:318->/home/deniz/Projects/SneakySnake/SneakySnake-HLS-HBM/hw/pipeline.cpp:659) [45]  (0.708 ns)
	'select' operation 4 bit ('max', /home/deniz/Projects/SneakySnake/SneakySnake-HLS-HBM/hw/pipeline.cpp:318->/home/deniz/Projects/SneakySnake/SneakySnake-HLS-HBM/hw/pipeline.cpp:659) [46]  (0.351 ns)
	'icmp' operation 1 bit ('icmp_ln318_6', /home/deniz/Projects/SneakySnake/SneakySnake-HLS-HBM/hw/pipeline.cpp:318->/home/deniz/Projects/SneakySnake/SneakySnake-HLS-HBM/hw/pipeline.cpp:659) [47]  (0.708 ns)
	'select' operation 4 bit ('max', /home/deniz/Projects/SneakySnake/SneakySnake-HLS-HBM/hw/pipeline.cpp:318->/home/deniz/Projects/SneakySnake/SneakySnake-HLS-HBM/hw/pipeline.cpp:659) [48]  (0.351 ns)
	'icmp' operation 1 bit ('icmp_ln318_7', /home/deniz/Projects/SneakySnake/SneakySnake-HLS-HBM/hw/pipeline.cpp:318->/home/deniz/Projects/SneakySnake/SneakySnake-HLS-HBM/hw/pipeline.cpp:659) [49]  (0.708 ns)
	'select' operation 4 bit ('max', /home/deniz/Projects/SneakySnake/SneakySnake-HLS-HBM/hw/pipeline.cpp:318->/home/deniz/Projects/SneakySnake/SneakySnake-HLS-HBM/hw/pipeline.cpp:659) [50]  (0.351 ns)

 <State 2>: 9.158ns
The critical path consists of the following:
	'icmp' operation 1 bit ('icmp_ln318_8', /home/deniz/Projects/SneakySnake/SneakySnake-HLS-HBM/hw/pipeline.cpp:318->/home/deniz/Projects/SneakySnake/SneakySnake-HLS-HBM/hw/pipeline.cpp:659) [51]  (0.708 ns)
	'select' operation 4 bit ('max', /home/deniz/Projects/SneakySnake/SneakySnake-HLS-HBM/hw/pipeline.cpp:318->/home/deniz/Projects/SneakySnake/SneakySnake-HLS-HBM/hw/pipeline.cpp:659) [52]  (0.351 ns)
	'icmp' operation 1 bit ('icmp_ln318_9', /home/deniz/Projects/SneakySnake/SneakySnake-HLS-HBM/hw/pipeline.cpp:318->/home/deniz/Projects/SneakySnake/SneakySnake-HLS-HBM/hw/pipeline.cpp:659) [53]  (0.708 ns)
	'select' operation 4 bit ('max', /home/deniz/Projects/SneakySnake/SneakySnake-HLS-HBM/hw/pipeline.cpp:318->/home/deniz/Projects/SneakySnake/SneakySnake-HLS-HBM/hw/pipeline.cpp:659) [54]  (0.351 ns)
	'shl' operation 8 bit ('shl_ln666', /home/deniz/Projects/SneakySnake/SneakySnake-HLS-HBM/hw/pipeline.cpp:666) [59]  (0.706 ns)
	'call' operation 4 bit ('counter_A', /home/deniz/Projects/SneakySnake/SneakySnake-HLS-HBM/hw/pipeline.cpp:647) to 'count_one_bit' [79]  (1.039 ns)
	'icmp' operation 1 bit ('icmp_ln318_10', /home/deniz/Projects/SneakySnake/SneakySnake-HLS-HBM/hw/pipeline.cpp:318->/home/deniz/Projects/SneakySnake/SneakySnake-HLS-HBM/hw/pipeline.cpp:659) [89]  (0.708 ns)
	'select' operation 4 bit ('max', /home/deniz/Projects/SneakySnake/SneakySnake-HLS-HBM/hw/pipeline.cpp:318->/home/deniz/Projects/SneakySnake/SneakySnake-HLS-HBM/hw/pipeline.cpp:659) [90]  (0.351 ns)
	'icmp' operation 1 bit ('icmp_ln318_11', /home/deniz/Projects/SneakySnake/SneakySnake-HLS-HBM/hw/pipeline.cpp:318->/home/deniz/Projects/SneakySnake/SneakySnake-HLS-HBM/hw/pipeline.cpp:659) [91]  (0.708 ns)
	'select' operation 4 bit ('max', /home/deniz/Projects/SneakySnake/SneakySnake-HLS-HBM/hw/pipeline.cpp:318->/home/deniz/Projects/SneakySnake/SneakySnake-HLS-HBM/hw/pipeline.cpp:659) [92]  (0.351 ns)
	'icmp' operation 1 bit ('icmp_ln318_12', /home/deniz/Projects/SneakySnake/SneakySnake-HLS-HBM/hw/pipeline.cpp:318->/home/deniz/Projects/SneakySnake/SneakySnake-HLS-HBM/hw/pipeline.cpp:659) [93]  (0.708 ns)
	'select' operation 4 bit ('max', /home/deniz/Projects/SneakySnake/SneakySnake-HLS-HBM/hw/pipeline.cpp:318->/home/deniz/Projects/SneakySnake/SneakySnake-HLS-HBM/hw/pipeline.cpp:659) [94]  (0.351 ns)
	'icmp' operation 1 bit ('icmp_ln318_13', /home/deniz/Projects/SneakySnake/SneakySnake-HLS-HBM/hw/pipeline.cpp:318->/home/deniz/Projects/SneakySnake/SneakySnake-HLS-HBM/hw/pipeline.cpp:659) [95]  (0.708 ns)
	'select' operation 4 bit ('max', /home/deniz/Projects/SneakySnake/SneakySnake-HLS-HBM/hw/pipeline.cpp:318->/home/deniz/Projects/SneakySnake/SneakySnake-HLS-HBM/hw/pipeline.cpp:659) [96]  (0.351 ns)
	'icmp' operation 1 bit ('icmp_ln318_14', /home/deniz/Projects/SneakySnake/SneakySnake-HLS-HBM/hw/pipeline.cpp:318->/home/deniz/Projects/SneakySnake/SneakySnake-HLS-HBM/hw/pipeline.cpp:659) [97]  (0.708 ns)
	'select' operation 4 bit ('max', /home/deniz/Projects/SneakySnake/SneakySnake-HLS-HBM/hw/pipeline.cpp:318->/home/deniz/Projects/SneakySnake/SneakySnake-HLS-HBM/hw/pipeline.cpp:659) [98]  (0.351 ns)

 <State 3>: 9.158ns
The critical path consists of the following:
	'icmp' operation 1 bit ('icmp_ln318_15', /home/deniz/Projects/SneakySnake/SneakySnake-HLS-HBM/hw/pipeline.cpp:318->/home/deniz/Projects/SneakySnake/SneakySnake-HLS-HBM/hw/pipeline.cpp:659) [99]  (0.708 ns)
	'select' operation 4 bit ('max', /home/deniz/Projects/SneakySnake/SneakySnake-HLS-HBM/hw/pipeline.cpp:318->/home/deniz/Projects/SneakySnake/SneakySnake-HLS-HBM/hw/pipeline.cpp:659) [100]  (0.351 ns)
	'icmp' operation 1 bit ('icmp_ln318_16', /home/deniz/Projects/SneakySnake/SneakySnake-HLS-HBM/hw/pipeline.cpp:318->/home/deniz/Projects/SneakySnake/SneakySnake-HLS-HBM/hw/pipeline.cpp:659) [101]  (0.708 ns)
	'select' operation 4 bit ('max', /home/deniz/Projects/SneakySnake/SneakySnake-HLS-HBM/hw/pipeline.cpp:318->/home/deniz/Projects/SneakySnake/SneakySnake-HLS-HBM/hw/pipeline.cpp:659) [102]  (0.351 ns)
	'icmp' operation 1 bit ('icmp_ln318_17', /home/deniz/Projects/SneakySnake/SneakySnake-HLS-HBM/hw/pipeline.cpp:318->/home/deniz/Projects/SneakySnake/SneakySnake-HLS-HBM/hw/pipeline.cpp:659) [103]  (0.708 ns)
	'select' operation 4 bit ('max', /home/deniz/Projects/SneakySnake/SneakySnake-HLS-HBM/hw/pipeline.cpp:318->/home/deniz/Projects/SneakySnake/SneakySnake-HLS-HBM/hw/pipeline.cpp:659) [104]  (0.351 ns)
	'icmp' operation 1 bit ('icmp_ln318_18', /home/deniz/Projects/SneakySnake/SneakySnake-HLS-HBM/hw/pipeline.cpp:318->/home/deniz/Projects/SneakySnake/SneakySnake-HLS-HBM/hw/pipeline.cpp:659) [105]  (0.708 ns)
	'select' operation 4 bit ('max', /home/deniz/Projects/SneakySnake/SneakySnake-HLS-HBM/hw/pipeline.cpp:318->/home/deniz/Projects/SneakySnake/SneakySnake-HLS-HBM/hw/pipeline.cpp:659) [106]  (0.351 ns)
	'icmp' operation 1 bit ('icmp_ln318_19', /home/deniz/Projects/SneakySnake/SneakySnake-HLS-HBM/hw/pipeline.cpp:318->/home/deniz/Projects/SneakySnake/SneakySnake-HLS-HBM/hw/pipeline.cpp:659) [107]  (0.708 ns)
	'select' operation 4 bit ('max', /home/deniz/Projects/SneakySnake/SneakySnake-HLS-HBM/hw/pipeline.cpp:318->/home/deniz/Projects/SneakySnake/SneakySnake-HLS-HBM/hw/pipeline.cpp:659) [108]  (0.351 ns)
	'shl' operation 8 bit ('shl_ln665_1', /home/deniz/Projects/SneakySnake/SneakySnake-HLS-HBM/hw/pipeline.cpp:665) [116]  (0.706 ns)
	'call' operation 4 bit ('counter_A', /home/deniz/Projects/SneakySnake/SneakySnake-HLS-HBM/hw/pipeline.cpp:646) to 'count_one_bit' [137]  (1.039 ns)
	'icmp' operation 1 bit ('icmp_ln318_20', /home/deniz/Projects/SneakySnake/SneakySnake-HLS-HBM/hw/pipeline.cpp:318->/home/deniz/Projects/SneakySnake/SneakySnake-HLS-HBM/hw/pipeline.cpp:659) [148]  (0.708 ns)
	'select' operation 4 bit ('max', /home/deniz/Projects/SneakySnake/SneakySnake-HLS-HBM/hw/pipeline.cpp:318->/home/deniz/Projects/SneakySnake/SneakySnake-HLS-HBM/hw/pipeline.cpp:659) [149]  (0.351 ns)
	'icmp' operation 1 bit ('icmp_ln318_21', /home/deniz/Projects/SneakySnake/SneakySnake-HLS-HBM/hw/pipeline.cpp:318->/home/deniz/Projects/SneakySnake/SneakySnake-HLS-HBM/hw/pipeline.cpp:659) [150]  (0.708 ns)
	'select' operation 4 bit ('max', /home/deniz/Projects/SneakySnake/SneakySnake-HLS-HBM/hw/pipeline.cpp:318->/home/deniz/Projects/SneakySnake/SneakySnake-HLS-HBM/hw/pipeline.cpp:659) [151]  (0.351 ns)

 <State 4>: 8.544ns
The critical path consists of the following:
	'icmp' operation 1 bit ('icmp_ln318_22', /home/deniz/Projects/SneakySnake/SneakySnake-HLS-HBM/hw/pipeline.cpp:318->/home/deniz/Projects/SneakySnake/SneakySnake-HLS-HBM/hw/pipeline.cpp:659) [152]  (0.708 ns)
	'select' operation 4 bit ('max', /home/deniz/Projects/SneakySnake/SneakySnake-HLS-HBM/hw/pipeline.cpp:318->/home/deniz/Projects/SneakySnake/SneakySnake-HLS-HBM/hw/pipeline.cpp:659) [153]  (0.351 ns)
	'icmp' operation 1 bit ('icmp_ln318_23', /home/deniz/Projects/SneakySnake/SneakySnake-HLS-HBM/hw/pipeline.cpp:318->/home/deniz/Projects/SneakySnake/SneakySnake-HLS-HBM/hw/pipeline.cpp:659) [154]  (0.708 ns)
	'select' operation 4 bit ('max', /home/deniz/Projects/SneakySnake/SneakySnake-HLS-HBM/hw/pipeline.cpp:318->/home/deniz/Projects/SneakySnake/SneakySnake-HLS-HBM/hw/pipeline.cpp:659) [155]  (0.351 ns)
	'icmp' operation 1 bit ('icmp_ln318_24', /home/deniz/Projects/SneakySnake/SneakySnake-HLS-HBM/hw/pipeline.cpp:318->/home/deniz/Projects/SneakySnake/SneakySnake-HLS-HBM/hw/pipeline.cpp:659) [156]  (0.708 ns)
	'select' operation 4 bit ('max', /home/deniz/Projects/SneakySnake/SneakySnake-HLS-HBM/hw/pipeline.cpp:318->/home/deniz/Projects/SneakySnake/SneakySnake-HLS-HBM/hw/pipeline.cpp:659) [157]  (0.351 ns)
	'icmp' operation 1 bit ('icmp_ln318_25', /home/deniz/Projects/SneakySnake/SneakySnake-HLS-HBM/hw/pipeline.cpp:318->/home/deniz/Projects/SneakySnake/SneakySnake-HLS-HBM/hw/pipeline.cpp:659) [158]  (0.708 ns)
	'select' operation 4 bit ('max', /home/deniz/Projects/SneakySnake/SneakySnake-HLS-HBM/hw/pipeline.cpp:318->/home/deniz/Projects/SneakySnake/SneakySnake-HLS-HBM/hw/pipeline.cpp:659) [159]  (0.351 ns)
	'icmp' operation 1 bit ('icmp_ln318_26', /home/deniz/Projects/SneakySnake/SneakySnake-HLS-HBM/hw/pipeline.cpp:318->/home/deniz/Projects/SneakySnake/SneakySnake-HLS-HBM/hw/pipeline.cpp:659) [160]  (0.708 ns)
	'select' operation 4 bit ('max', /home/deniz/Projects/SneakySnake/SneakySnake-HLS-HBM/hw/pipeline.cpp:318->/home/deniz/Projects/SneakySnake/SneakySnake-HLS-HBM/hw/pipeline.cpp:659) [161]  (0.351 ns)
	'icmp' operation 1 bit ('icmp_ln318_27', /home/deniz/Projects/SneakySnake/SneakySnake-HLS-HBM/hw/pipeline.cpp:318->/home/deniz/Projects/SneakySnake/SneakySnake-HLS-HBM/hw/pipeline.cpp:659) [162]  (0.708 ns)
	'select' operation 4 bit ('max', /home/deniz/Projects/SneakySnake/SneakySnake-HLS-HBM/hw/pipeline.cpp:318->/home/deniz/Projects/SneakySnake/SneakySnake-HLS-HBM/hw/pipeline.cpp:659) [163]  (0.351 ns)
	'icmp' operation 1 bit ('icmp_ln318_28', /home/deniz/Projects/SneakySnake/SneakySnake-HLS-HBM/hw/pipeline.cpp:318->/home/deniz/Projects/SneakySnake/SneakySnake-HLS-HBM/hw/pipeline.cpp:659) [164]  (0.708 ns)
	'select' operation 4 bit ('max', /home/deniz/Projects/SneakySnake/SneakySnake-HLS-HBM/hw/pipeline.cpp:318->/home/deniz/Projects/SneakySnake/SneakySnake-HLS-HBM/hw/pipeline.cpp:659) [165]  (0.351 ns)
	'icmp' operation 1 bit ('icmp_ln318_29', /home/deniz/Projects/SneakySnake/SneakySnake-HLS-HBM/hw/pipeline.cpp:318->/home/deniz/Projects/SneakySnake/SneakySnake-HLS-HBM/hw/pipeline.cpp:659) [166]  (0.708 ns)
	'select' operation 2 bit ('select_ln318', /home/deniz/Projects/SneakySnake/SneakySnake-HLS-HBM/hw/pipeline.cpp:318->/home/deniz/Projects/SneakySnake/SneakySnake-HLS-HBM/hw/pipeline.cpp:659) [169]  (0.278 ns)
	'add' operation 2 bit ('add_ln660_1', /home/deniz/Projects/SneakySnake/SneakySnake-HLS-HBM/hw/pipeline.cpp:660) [170]  (0.000 ns)
	'add' operation 2 bit ('global_count', /home/deniz/Projects/SneakySnake/SneakySnake-HLS-HBM/hw/pipeline.cpp:660) [171]  (0.145 ns)


============================================================
+ Verbose Summary: Binding
============================================================
N/A
* FSMD analyzer results:
  - Output states:
 - Input state : 
  - Chain level:
	State 1
	State 2
	State 3
	State 4


============================================================
+ Verbose Summary: Datapath Resource usage 
============================================================
N/A
