

================================================================
== Vitis HLS Report for 'count_one_bit'
================================================================
* Date:           Sat May 17 16:08:26 2025

* Version:        2024.2 (Build 5238294 on Nov  8 2024)
* Project:        SneakySnake_bit
* Solution:       hls (Vitis Kernel Flow Target)
* Product family: virtexuplus
* Target device:  xcvu9p-flga2104-2-i


================================================================
== Performance Estimates
================================================================
+ Timing: 
    * Summary: 
    +--------+----------+----------+------------+
    |  Clock |  Target  | Estimated| Uncertainty|
    +--------+----------+----------+------------+
    |ap_clk  |  11.00 ns|  1.006 ns|     1.32 ns|
    +--------+----------+----------+------------+

+ Latency: 
    * Summary: 
    +---------+---------+----------+----------+-----+-----+---------+
    |  Latency (cycles) |  Latency (absolute) |  Interval | Pipeline|
    |   min   |   max   |    min   |    max   | min | max |   Type  |
    +---------+---------+----------+----------+-----+-----+---------+
    |        0|        0|      0 ns|      0 ns|    1|    1|      yes|
    +---------+---------+----------+----------+-----+-----+---------+

    + Detail: 
        * Instance: 
        N/A

        * Loop: 
        N/A

============================================================
+ Verbose Summary: Synthesis Manager
============================================================
InlineROM: 1
ExposeGlobal: 0
============================================================
+ Verbose Summary: CDFG Model
============================================================
IsTopModel: 0
ResetActiveHigh: 1
IsCombinational: 0
IsDatapathOnly: 0
HasWiredReturn: 1
HasMFsm: 2
HasVarLatency: 0
IsPipeline: 1
IsRtlPipelined: 0
IsInstanceOverlapped: 0
IsDontTouch: 0
HasImplIP: 0
IsGatedGlobalClock: 0

+ Individual pipeline summary: 
  * Pipeline-0: initiation interval (II) = 1, depth = 1


============================================================
+ Verbose Summary: Schedule
============================================================
* Number of FSM states : 1
* Pipeline : 1
  Pipeline-0 : II = 1, D = 1, States = { 1 }
* Dataflow Pipeline: 0

* FSM state transitions: 
1 --> 

* FSM state operations: 

State 1 <SV = 0> <Delay = 1.00>
ST_1 : Operation 2 [1/1] (0.00ns)   --->   "%input_seq_val_read = read i8 @_ssdm_op_Read.ap_auto.i8, i8 %input_seq_val" [/home/deniz/Projects/SneakySnake/SneakySnake-HLS-HBM/hw/pipeline.cpp:333]   --->   Operation 2 'read' 'input_seq_val_read' <Predicate = true> <Delay = 0.00>
ST_1 : Operation 3 [1/1] (0.00ns)   --->   "%trunc_ln333 = trunc i8 %input_seq_val_read" [/home/deniz/Projects/SneakySnake/SneakySnake-HLS-HBM/hw/pipeline.cpp:333]   --->   Operation 3 'trunc' 'trunc_ln333' <Predicate = true> <Delay = 0.00>
ST_1 : Operation 4 [1/1] (0.00ns)   --->   "%tmp = bitselect i1 @_ssdm_op_BitSelect.i1.i8.i32, i8 %input_seq_val_read, i32 1" [/home/deniz/Projects/SneakySnake/SneakySnake-HLS-HBM/hw/pipeline.cpp:333]   --->   Operation 4 'bitselect' 'tmp' <Predicate = true> <Delay = 0.00>
ST_1 : Operation 5 [1/1] (0.00ns)   --->   "%tmp_1 = bitselect i1 @_ssdm_op_BitSelect.i1.i8.i32, i8 %input_seq_val_read, i32 2" [/home/deniz/Projects/SneakySnake/SneakySnake-HLS-HBM/hw/pipeline.cpp:333]   --->   Operation 5 'bitselect' 'tmp_1' <Predicate = true> <Delay = 0.00>
ST_1 : Operation 6 [1/1] (0.00ns)   --->   "%tmp_2 = bitselect i1 @_ssdm_op_BitSelect.i1.i8.i32, i8 %input_seq_val_read, i32 3" [/home/deniz/Projects/SneakySnake/SneakySnake-HLS-HBM/hw/pipeline.cpp:333]   --->   Operation 6 'bitselect' 'tmp_2' <Predicate = true> <Delay = 0.00>
ST_1 : Operation 7 [1/1] (0.00ns)   --->   "%tmp_3 = bitselect i1 @_ssdm_op_BitSelect.i1.i8.i32, i8 %input_seq_val_read, i32 4" [/home/deniz/Projects/SneakySnake/SneakySnake-HLS-HBM/hw/pipeline.cpp:333]   --->   Operation 7 'bitselect' 'tmp_3' <Predicate = true> <Delay = 0.00>
ST_1 : Operation 8 [1/1] (0.00ns)   --->   "%tmp_4 = bitselect i1 @_ssdm_op_BitSelect.i1.i8.i32, i8 %input_seq_val_read, i32 5" [/home/deniz/Projects/SneakySnake/SneakySnake-HLS-HBM/hw/pipeline.cpp:333]   --->   Operation 8 'bitselect' 'tmp_4' <Predicate = true> <Delay = 0.00>
ST_1 : Operation 9 [1/1] (0.00ns) (grouped into LUT with out node UnifiedRetVal)   --->   "%tmp_5 = bitselect i1 @_ssdm_op_BitSelect.i1.i8.i32, i8 %input_seq_val_read, i32 6" [/home/deniz/Projects/SneakySnake/SneakySnake-HLS-HBM/hw/pipeline.cpp:333]   --->   Operation 9 'bitselect' 'tmp_5' <Predicate = true> <Delay = 0.00>
ST_1 : Operation 10 [1/1] (0.00ns) (grouped into LUT with out node UnifiedRetVal)   --->   "%xor_ln333 = xor i1 %trunc_ln333, i1 1" [/home/deniz/Projects/SneakySnake/SneakySnake-HLS-HBM/hw/pipeline.cpp:333]   --->   Operation 10 'xor' 'xor_ln333' <Predicate = (or_ln333_5)> <Delay = 0.00> <CoreInst = "LogicGate">   --->   Core 74 'LogicGate' <Latency = 0> <II = 1> <Delay = 0.12> <FuncUnit> <Opcode : 'and' 'or' 'xor'> <InPorts = 2> <OutPorts = 1>
ST_1 : Operation 11 [1/1] (0.00ns) (grouped into LUT with out node UnifiedRetVal)   --->   "%and_ln333 = and i1 %tmp, i1 %xor_ln333" [/home/deniz/Projects/SneakySnake/SneakySnake-HLS-HBM/hw/pipeline.cpp:333]   --->   Operation 11 'and' 'and_ln333' <Predicate = (or_ln333_5)> <Delay = 0.00> <CoreInst = "LogicGate">   --->   Core 74 'LogicGate' <Latency = 0> <II = 1> <Delay = 0.12> <FuncUnit> <Opcode : 'and' 'or' 'xor'> <InPorts = 2> <OutPorts = 1>
ST_1 : Operation 12 [1/1] (0.12ns)   --->   "%or_ln333 = or i1 %trunc_ln333, i1 %tmp" [/home/deniz/Projects/SneakySnake/SneakySnake-HLS-HBM/hw/pipeline.cpp:333]   --->   Operation 12 'or' 'or_ln333' <Predicate = true> <Delay = 0.12> <CoreInst = "LogicGate">   --->   Core 74 'LogicGate' <Latency = 0> <II = 1> <Delay = 0.12> <FuncUnit> <Opcode : 'and' 'or' 'xor'> <InPorts = 2> <OutPorts = 1>
ST_1 : Operation 13 [1/1] (0.00ns) (grouped into LUT with out node UnifiedRetVal)   --->   "%xor_ln333_1 = xor i1 %or_ln333, i1 1" [/home/deniz/Projects/SneakySnake/SneakySnake-HLS-HBM/hw/pipeline.cpp:333]   --->   Operation 13 'xor' 'xor_ln333_1' <Predicate = (or_ln333_5)> <Delay = 0.00> <CoreInst = "LogicGate">   --->   Core 74 'LogicGate' <Latency = 0> <II = 1> <Delay = 0.12> <FuncUnit> <Opcode : 'and' 'or' 'xor'> <InPorts = 2> <OutPorts = 1>
ST_1 : Operation 14 [1/1] (0.00ns) (grouped into LUT with out node UnifiedRetVal)   --->   "%and_ln333_1 = and i1 %tmp_1, i1 %xor_ln333_1" [/home/deniz/Projects/SneakySnake/SneakySnake-HLS-HBM/hw/pipeline.cpp:333]   --->   Operation 14 'and' 'and_ln333_1' <Predicate = (or_ln333_5)> <Delay = 0.00> <CoreInst = "LogicGate">   --->   Core 74 'LogicGate' <Latency = 0> <II = 1> <Delay = 0.12> <FuncUnit> <Opcode : 'and' 'or' 'xor'> <InPorts = 2> <OutPorts = 1>
ST_1 : Operation 15 [1/1] (0.12ns)   --->   "%or_ln333_1 = or i1 %or_ln333, i1 %tmp_1" [/home/deniz/Projects/SneakySnake/SneakySnake-HLS-HBM/hw/pipeline.cpp:333]   --->   Operation 15 'or' 'or_ln333_1' <Predicate = true> <Delay = 0.12> <CoreInst = "LogicGate">   --->   Core 74 'LogicGate' <Latency = 0> <II = 1> <Delay = 0.12> <FuncUnit> <Opcode : 'and' 'or' 'xor'> <InPorts = 2> <OutPorts = 1>
ST_1 : Operation 16 [1/1] (0.00ns) (grouped into LUT with out node UnifiedRetVal)   --->   "%xor_ln333_2 = xor i1 %or_ln333_1, i1 1" [/home/deniz/Projects/SneakySnake/SneakySnake-HLS-HBM/hw/pipeline.cpp:333]   --->   Operation 16 'xor' 'xor_ln333_2' <Predicate = (or_ln333_5)> <Delay = 0.00> <CoreInst = "LogicGate">   --->   Core 74 'LogicGate' <Latency = 0> <II = 1> <Delay = 0.12> <FuncUnit> <Opcode : 'and' 'or' 'xor'> <InPorts = 2> <OutPorts = 1>
ST_1 : Operation 17 [1/1] (0.00ns) (grouped into LUT with out node UnifiedRetVal)   --->   "%and_ln333_2 = and i1 %tmp_2, i1 %xor_ln333_2" [/home/deniz/Projects/SneakySnake/SneakySnake-HLS-HBM/hw/pipeline.cpp:333]   --->   Operation 17 'and' 'and_ln333_2' <Predicate = (or_ln333_5)> <Delay = 0.00> <CoreInst = "LogicGate">   --->   Core 74 'LogicGate' <Latency = 0> <II = 1> <Delay = 0.12> <FuncUnit> <Opcode : 'and' 'or' 'xor'> <InPorts = 2> <OutPorts = 1>
ST_1 : Operation 18 [1/1] (0.12ns)   --->   "%or_ln333_2 = or i1 %or_ln333_1, i1 %tmp_2" [/home/deniz/Projects/SneakySnake/SneakySnake-HLS-HBM/hw/pipeline.cpp:333]   --->   Operation 18 'or' 'or_ln333_2' <Predicate = true> <Delay = 0.12> <CoreInst = "LogicGate">   --->   Core 74 'LogicGate' <Latency = 0> <II = 1> <Delay = 0.12> <FuncUnit> <Opcode : 'and' 'or' 'xor'> <InPorts = 2> <OutPorts = 1>
ST_1 : Operation 19 [1/1] (0.00ns) (grouped into LUT with out node UnifiedRetVal)   --->   "%xor_ln333_3 = xor i1 %or_ln333_2, i1 1" [/home/deniz/Projects/SneakySnake/SneakySnake-HLS-HBM/hw/pipeline.cpp:333]   --->   Operation 19 'xor' 'xor_ln333_3' <Predicate = (or_ln333_5)> <Delay = 0.00> <CoreInst = "LogicGate">   --->   Core 74 'LogicGate' <Latency = 0> <II = 1> <Delay = 0.12> <FuncUnit> <Opcode : 'and' 'or' 'xor'> <InPorts = 2> <OutPorts = 1>
ST_1 : Operation 20 [1/1] (0.00ns) (grouped into LUT with out node UnifiedRetVal)   --->   "%and_ln333_3 = and i1 %tmp_3, i1 %xor_ln333_3" [/home/deniz/Projects/SneakySnake/SneakySnake-HLS-HBM/hw/pipeline.cpp:333]   --->   Operation 20 'and' 'and_ln333_3' <Predicate = (or_ln333_5)> <Delay = 0.00> <CoreInst = "LogicGate">   --->   Core 74 'LogicGate' <Latency = 0> <II = 1> <Delay = 0.12> <FuncUnit> <Opcode : 'and' 'or' 'xor'> <InPorts = 2> <OutPorts = 1>
ST_1 : Operation 21 [1/1] (0.12ns)   --->   "%or_ln333_3 = or i1 %or_ln333_2, i1 %tmp_3" [/home/deniz/Projects/SneakySnake/SneakySnake-HLS-HBM/hw/pipeline.cpp:333]   --->   Operation 21 'or' 'or_ln333_3' <Predicate = true> <Delay = 0.12> <CoreInst = "LogicGate">   --->   Core 74 'LogicGate' <Latency = 0> <II = 1> <Delay = 0.12> <FuncUnit> <Opcode : 'and' 'or' 'xor'> <InPorts = 2> <OutPorts = 1>
ST_1 : Operation 22 [1/1] (0.00ns) (grouped into LUT with out node UnifiedRetVal)   --->   "%xor_ln333_4 = xor i1 %or_ln333_3, i1 1" [/home/deniz/Projects/SneakySnake/SneakySnake-HLS-HBM/hw/pipeline.cpp:333]   --->   Operation 22 'xor' 'xor_ln333_4' <Predicate = (or_ln333_5)> <Delay = 0.00> <CoreInst = "LogicGate">   --->   Core 74 'LogicGate' <Latency = 0> <II = 1> <Delay = 0.12> <FuncUnit> <Opcode : 'and' 'or' 'xor'> <InPorts = 2> <OutPorts = 1>
ST_1 : Operation 23 [1/1] (0.00ns) (grouped into LUT with out node UnifiedRetVal)   --->   "%and_ln333_4 = and i1 %tmp_4, i1 %xor_ln333_4" [/home/deniz/Projects/SneakySnake/SneakySnake-HLS-HBM/hw/pipeline.cpp:333]   --->   Operation 23 'and' 'and_ln333_4' <Predicate = (or_ln333_5)> <Delay = 0.00> <CoreInst = "LogicGate">   --->   Core 74 'LogicGate' <Latency = 0> <II = 1> <Delay = 0.12> <FuncUnit> <Opcode : 'and' 'or' 'xor'> <InPorts = 2> <OutPorts = 1>
ST_1 : Operation 24 [1/1] (0.00ns) (grouped into LUT with out node UnifiedRetVal)   --->   "%sel_tmp = bitconcatenate i6 @_ssdm_op_BitConcatenate.i6.i1.i1.i1.i1.i1.i1, i1 %trunc_ln333, i1 %and_ln333, i1 %and_ln333_1, i1 %and_ln333_2, i1 %and_ln333_3, i1 %and_ln333_4" [/home/deniz/Projects/SneakySnake/SneakySnake-HLS-HBM/hw/pipeline.cpp:333]   --->   Operation 24 'bitconcatenate' 'sel_tmp' <Predicate = (or_ln333_5)> <Delay = 0.00>
ST_1 : Operation 25 [1/1] (0.00ns) (grouped into LUT with out node UnifiedRetVal)   --->   "%zext_ln333_cast = sparsemux i3 @_ssdm_op_SparseMux.ap_auto.7i3.i3.i6, i6 32, i3 0, i6 16, i3 1, i6 8, i3 2, i6 4, i3 3, i6 2, i3 4, i6 1, i3 5, i6 0, i3 6, i3 0, i6 %sel_tmp" [/home/deniz/Projects/SneakySnake/SneakySnake-HLS-HBM/hw/pipeline.cpp:333]   --->   Operation 25 'sparsemux' 'zext_ln333_cast' <Predicate = (or_ln333_5)> <Delay = 0.00> <CoreInst = "OneHotSparseMux_HasDef">   --->   Core 162 'OneHotSparseMux_HasDef' <Latency = 0> <II = 1> <Delay = 0.51> <FuncUnit> <Opcode : 'sparsemux'> <InPorts = 2> <OutPorts = 1>
ST_1 : Operation 26 [1/1] (0.00ns) (grouped into LUT with out node UnifiedRetVal)   --->   "%zext_ln333 = zext i3 %zext_ln333_cast" [/home/deniz/Projects/SneakySnake/SneakySnake-HLS-HBM/hw/pipeline.cpp:333]   --->   Operation 26 'zext' 'zext_ln333' <Predicate = (or_ln333_5)> <Delay = 0.00>
ST_1 : Operation 27 [1/1] (0.00ns) (grouped into LUT with out node UnifiedRetVal)   --->   "%tmp_6 = bitselect i1 @_ssdm_op_BitSelect.i1.i8.i32, i8 %input_seq_val_read, i32 7" [/home/deniz/Projects/SneakySnake/SneakySnake-HLS-HBM/hw/pipeline.cpp:333]   --->   Operation 27 'bitselect' 'tmp_6' <Predicate = (!or_ln333_5)> <Delay = 0.00>
ST_1 : Operation 28 [1/1] (0.00ns) (grouped into LUT with out node UnifiedRetVal)   --->   "%select_ln333 = select i1 %tmp_6, i4 7, i4 8" [/home/deniz/Projects/SneakySnake/SneakySnake-HLS-HBM/hw/pipeline.cpp:333]   --->   Operation 28 'select' 'select_ln333' <Predicate = (!or_ln333_5)> <Delay = 0.00> <CoreInst = "Sel">   --->   Core 73 'Sel' <Latency = 0> <II = 1> <Delay = 0.35> <FuncUnit> <Opcode : 'select'> <InPorts = 3> <OutPorts = 1>
ST_1 : Operation 29 [1/1] (0.00ns) (grouped into LUT with out node UnifiedRetVal)   --->   "%or_ln333_4 = or i1 %tmp_4, i1 %tmp_5" [/home/deniz/Projects/SneakySnake/SneakySnake-HLS-HBM/hw/pipeline.cpp:333]   --->   Operation 29 'or' 'or_ln333_4' <Predicate = true> <Delay = 0.00> <CoreInst = "LogicGate">   --->   Core 74 'LogicGate' <Latency = 0> <II = 1> <Delay = 0.12> <FuncUnit> <Opcode : 'and' 'or' 'xor'> <InPorts = 2> <OutPorts = 1>
ST_1 : Operation 30 [1/1] (0.00ns) (grouped into LUT with out node UnifiedRetVal)   --->   "%or_ln333_5 = or i1 %or_ln333_4, i1 %or_ln333_3" [/home/deniz/Projects/SneakySnake/SneakySnake-HLS-HBM/hw/pipeline.cpp:333]   --->   Operation 30 'or' 'or_ln333_5' <Predicate = true> <Delay = 0.00> <CoreInst = "LogicGate">   --->   Core 74 'LogicGate' <Latency = 0> <II = 1> <Delay = 0.12> <FuncUnit> <Opcode : 'and' 'or' 'xor'> <InPorts = 2> <OutPorts = 1>
ST_1 : Operation 31 [1/1] (0.51ns) (out node of the LUT)   --->   "%UnifiedRetVal = select i1 %or_ln333_5, i4 %zext_ln333, i4 %select_ln333" [/home/deniz/Projects/SneakySnake/SneakySnake-HLS-HBM/hw/pipeline.cpp:333]   --->   Operation 31 'select' 'UnifiedRetVal' <Predicate = true> <Delay = 0.51> <CoreInst = "Sel">   --->   Core 73 'Sel' <Latency = 0> <II = 1> <Delay = 0.35> <FuncUnit> <Opcode : 'select'> <InPorts = 3> <OutPorts = 1>
ST_1 : Operation 32 [1/1] (0.00ns)   --->   "%ret_ln333 = ret i4 %UnifiedRetVal" [/home/deniz/Projects/SneakySnake/SneakySnake-HLS-HBM/hw/pipeline.cpp:333]   --->   Operation 32 'ret' 'ret_ln333' <Predicate = true> <Delay = 0.00>


============================================================
+ Verbose Summary: Timing violations
============================================================
Target clock period: 11.000ns, clock uncertainty: 1.320ns.

 <State 1>: 1.006ns
The critical path consists of the following:
	wire read operation ('input_seq_val_read', /home/deniz/Projects/SneakySnake/SneakySnake-HLS-HBM/hw/pipeline.cpp:333) on port 'input_seq_val' (/home/deniz/Projects/SneakySnake/SneakySnake-HLS-HBM/hw/pipeline.cpp:333) [2]  (0.000 ns)
	'or' operation 1 bit ('or_ln333', /home/deniz/Projects/SneakySnake/SneakySnake-HLS-HBM/hw/pipeline.cpp:333) [12]  (0.122 ns)
	'or' operation 1 bit ('or_ln333_1', /home/deniz/Projects/SneakySnake/SneakySnake-HLS-HBM/hw/pipeline.cpp:333) [15]  (0.122 ns)
	'or' operation 1 bit ('or_ln333_2', /home/deniz/Projects/SneakySnake/SneakySnake-HLS-HBM/hw/pipeline.cpp:333) [18]  (0.122 ns)
	'or' operation 1 bit ('or_ln333_3', /home/deniz/Projects/SneakySnake/SneakySnake-HLS-HBM/hw/pipeline.cpp:333) [21]  (0.122 ns)
	'or' operation 1 bit ('or_ln333_5', /home/deniz/Projects/SneakySnake/SneakySnake-HLS-HBM/hw/pipeline.cpp:333) [30]  (0.000 ns)
	'select' operation 4 bit ('UnifiedRetVal', /home/deniz/Projects/SneakySnake/SneakySnake-HLS-HBM/hw/pipeline.cpp:333) [31]  (0.518 ns)


============================================================
+ Verbose Summary: Binding
============================================================
N/A
* FSMD analyzer results:
  - Output states:
 - Input state : 
  - Chain level:
	State 1


============================================================
+ Verbose Summary: Datapath Resource usage 
============================================================
N/A
