  **** HLS Build v2024.2 5238294
INFO: [HLS 200-2005] Using work_dir /home/deniz/Projects/SneakySnake/HlsWorkSpace/Hls-hbm/SneakySnake_bit 
INFO: [HLS 200-1505] Using default flow_target 'vivado'
Resolution: For help on HLS 200-1505 see docs.xilinx.com/access/sources/dita/topic?Doc_Version=2024.2%20English&url=ug1448-hls-guidance&resourceid=200-1505.html
WARNING: [HLS 200-1998] cannot find relative file path '-I/home/deniz/Projects/SneakySnake/SneakySnake-HLS-HBM/include' in directory(s): /home/deniz/Projects/SneakySnake/HlsWorkSpace/Hls-hbm
WARNING: [HLS 200-1998] cannot find relative file path '-I/home/deniz/oc-accel/software/include/osnap_types.h' in directory(s): /home/deniz/Projects/SneakySnake/HlsWorkSpace/Hls-hbm
INFO: [HLS 200-1465] Applying ini 'syn.file=/home/deniz/Projects/SneakySnake/SneakySnake-HLS-HBM/hw/pipeline.cpp' from /home/deniz/Projects/SneakySnake/HlsWorkSpace/Hls-hbm/hls_config.cfg(11)
INFO: [HLS 200-10] Adding design file '/home/deniz/Projects/SneakySnake/SneakySnake-HLS-HBM/hw/pipeline.cpp' to the project
INFO: [HLS 200-1465] Applying ini 'syn.file=/home/deniz/Projects/SneakySnake/SneakySnake-HLS-HBM/hw/fetch_mem.cpp' from /home/deniz/Projects/SneakySnake/HlsWorkSpace/Hls-hbm/hls_config.cfg(12)
INFO: [HLS 200-10] Adding design file '/home/deniz/Projects/SneakySnake/SneakySnake-HLS-HBM/hw/fetch_mem.cpp' to the project
INFO: [HLS 200-1465] Applying ini 'syn.file=/home/deniz/Projects/SneakySnake/SneakySnake-HLS-HBM/hw/hw_action_hbm.cpp' from /home/deniz/Projects/SneakySnake/HlsWorkSpace/Hls-hbm/hls_config.cfg(13)
INFO: [HLS 200-10] Adding design file '/home/deniz/Projects/SneakySnake/SneakySnake-HLS-HBM/hw/hw_action_hbm.cpp' to the project
INFO: [HLS 200-1465] Applying ini 'syn.file=/home/deniz/Projects/SneakySnake/SneakySnake-HLS-HBM/hw/fetch_mem.h' from /home/deniz/Projects/SneakySnake/HlsWorkSpace/Hls-hbm/hls_config.cfg(14)
INFO: [HLS 200-10] Adding design file '/home/deniz/Projects/SneakySnake/SneakySnake-HLS-HBM/hw/fetch_mem.h' to the project
INFO: [HLS 200-1465] Applying ini 'syn.file=/home/deniz/Projects/SneakySnake/SneakySnake-HLS-HBM/hw/hw_action_hbm.H' from /home/deniz/Projects/SneakySnake/HlsWorkSpace/Hls-hbm/hls_config.cfg(15)
INFO: [HLS 200-10] Adding design file '/home/deniz/Projects/SneakySnake/SneakySnake-HLS-HBM/hw/hw_action_hbm.H' to the project
INFO: [HLS 200-1465] Applying ini 'syn.file=/home/deniz/Projects/SneakySnake/SneakySnake-HLS-HBM/hw/pipeline.h' from /home/deniz/Projects/SneakySnake/HlsWorkSpace/Hls-hbm/hls_config.cfg(16)
INFO: [HLS 200-10] Adding design file '/home/deniz/Projects/SneakySnake/SneakySnake-HLS-HBM/hw/pipeline.h' to the project
INFO: [HLS 200-1465] Applying ini 'syn.file=/home/deniz/Projects/SneakySnake/SneakySnake-HLS-HBM/include/action_memcopy.h' from /home/deniz/Projects/SneakySnake/HlsWorkSpace/Hls-hbm/hls_config.cfg(17)
INFO: [HLS 200-10] Adding design file '/home/deniz/Projects/SneakySnake/SneakySnake-HLS-HBM/include/action_memcopy.h' to the project
INFO: [HLS 200-1465] Applying ini 'syn.cflags=-I/home/deniz/Projects/SneakySnake/SneakySnake-HLS-HBM/include -I/home/deniz/oc-accel/actions/include -I/home/deniz/Projects/SneakySnake/SneakySnake-HLS-HBM/include/action_memcopy.h -I-I/home/deniz/Projects/SneakySnake/SneakySnake-HLS-HBM/include -I/home/deniz/oc-accel/actions/include -I/home/deniz/Projects/SneakySnake/SneakySnake-HLS-HBM/include/action_memcopy.h  -I/home/deniz/oc-accel/software/include/osnap_types.h' from /home/deniz/Projects/SneakySnake/HlsWorkSpace/Hls-hbm/hls_config.cfg(8)
INFO: [HLS 200-1465] Applying ini 'syn.csimflags=-I/home/deniz/Projects/SneakySnake/SneakySnake-HLS-HBM/include -I/home/deniz/oc-accel/actions/include -I/home/deniz/Projects/SneakySnake/SneakySnake-HLS-HBM/include/action_memcopy.h -I/home/deniz/Projects/SneakySnake/SneakySnake-HLS-HBM/include -I/home/deniz/oc-accel/actions/include -I/home/deniz/Projects/SneakySnake/SneakySnake-HLS-HBM/include/action_memcopy.h -I-I/home/deniz/oc-accel/software/include/osnap_types.h' from /home/deniz/Projects/SneakySnake/HlsWorkSpace/Hls-hbm/hls_config.cfg(10)
INFO: [HLS 200-1465] Applying ini 'tb.file=/home/deniz/Projects/SneakySnake/Datasets' from /home/deniz/Projects/SneakySnake/HlsWorkSpace/Hls-hbm/hls_config.cfg(18)
INFO: [HLS 200-10] Adding test bench file '/home/deniz/Projects/SneakySnake/Datasets' to the project
INFO: [HLS 200-1465] Applying ini 'tb.file=/home/deniz/Projects/SneakySnake/SneakySnake-HLS-HBM/wrapper.cpp' from /home/deniz/Projects/SneakySnake/HlsWorkSpace/Hls-hbm/hls_config.cfg(19)
INFO: [HLS 200-10] Adding test bench file '/home/deniz/Projects/SneakySnake/SneakySnake-HLS-HBM/wrapper.cpp' to the project
INFO: [HLS 200-1465] Applying ini 'tb.cflags=-I/home/deniz/Projects/SneakySnake/SneakySnake-HLS-HBM/include -I/home/deniz/oc-accel/actions/include -I/home/deniz/Projects/SneakySnake/SneakySnake-HLS-HBM/include/action_memcopy.h -I/home/deniz/Projects/SneakySnake/SneakySnake-HLS-HBM/include -I/home/deniz/oc-accel/actions/include -I/home/deniz/Projects/SneakySnake/SneakySnake-HLS-HBM/include/action_memcopy.h -I/home/deniz/oc-accel/software/include/osnap_types.h' from /home/deniz/Projects/SneakySnake/HlsWorkSpace/Hls-hbm/hls_config.cfg(9)
INFO: [HLS 200-1465] Applying ini 'syn.top=SneakySnake_bit' from /home/deniz/Projects/SneakySnake/HlsWorkSpace/Hls-hbm/hls_config.cfg(7)
INFO: [HLS 200-1465] Applying ini 'flow_target=vitis' from /home/deniz/Projects/SneakySnake/HlsWorkSpace/Hls-hbm/hls_config.cfg(4)
INFO: [HLS 200-1505] Using flow_target 'vitis'
Resolution: For help on HLS 200-1505 see docs.xilinx.com/access/sources/dita/topic?Doc_Version=2024.2%20English&url=ug1448-hls-guidance&resourceid=200-1505.html
INFO: [HLS 200-435] Setting 'open_solution -flow_target vitis' configuration: config_interface -m_axi_latency=64
INFO: [HLS 200-435] Setting 'open_solution -flow_target vitis' configuration: config_interface -m_axi_alignment_byte_size=64
INFO: [HLS 200-435] Setting 'open_solution -flow_target vitis' configuration: config_interface -m_axi_max_widen_bitwidth=512
INFO: [HLS 200-435] Setting 'open_solution -flow_target vitis' configuration: config_rtl -register_reset_num=3
INFO: [HLS 200-1465] Applying ini 'part=xcvu9p-flga2104-2-i' from /home/deniz/Projects/SneakySnake/HlsWorkSpace/Hls-hbm/hls_config.cfg(1)
INFO: [HLS 200-1611] Setting target device to 'xcvu9p-flga2104-2-i'
INFO: [HLS 200-1465] Applying ini 'package.output.format=xo' from /home/deniz/Projects/SneakySnake/HlsWorkSpace/Hls-hbm/hls_config.cfg(5)
INFO: [SIM 211-2] *************** CSIM start ***************
INFO: [SIM 211-4] CSIM will launch CLANG as the compiler.
INFO: [HLS 200-2036] Building debug C Simulation binaries
   Compiling ../../../../../../SneakySnake-HLS-HBM/wrapper.cpp in debug mode
In file included from ../../../../../../SneakySnake-HLS-HBM/wrapper.cpp:1:
In file included from ../../../../../../SneakySnake-HLS-HBM/hw/pipeline.h:8:
/home/deniz/Projects/SneakySnake/SneakySnake-HLS-HBM/include/action_memcopy.h:35:10: fatal error: 'osnap_types.h' file not found
#include <osnap_types.h>
         ^~~~~~~~~~~~~~~
1 error generated.
make: *** [csim.mk:88: obj/wrapper.o] Error 1
ERROR: [SIM 211-100] 'csim_design' failed: compilation error(s).
INFO: [SIM 211-3] *************** CSIM finish ***************
ERROR: 4
INFO: [HLS 200-112] Total CPU user time: 12.41 seconds. Total CPU system time: 3.9 seconds. Total elapsed time: 16.8 seconds; peak allocated memory: 659.258 MB.
