  **** HLS Build v2024.2 5238294
INFO: [HLS 200-2005] Using work_dir /home/deniz/Projects/SneakySnake/HlsWorkSpace/Hls-hbm/SneakySnake_bit 
INFO: [HLS 200-1505] Using default flow_target 'vivado'
Resolution: For help on HLS 200-1505 see docs.xilinx.com/access/sources/dita/topic?Doc_Version=2024.2%20English&url=ug1448-hls-guidance&resourceid=200-1505.html
INFO: [HLS 200-1465] Applying ini 'syn.file=/home/deniz/Projects/SneakySnake/SneakySnake-HLS-HBM/hw/pipeline.cpp' from /home/deniz/Projects/SneakySnake/HlsWorkSpace/Hls-hbm/hls_config.cfg(9)
INFO: [HLS 200-10] Adding design file '/home/deniz/Projects/SneakySnake/SneakySnake-HLS-HBM/hw/pipeline.cpp' to the project
INFO: [HLS 200-1465] Applying ini 'syn.file=/home/deniz/Projects/SneakySnake/SneakySnake-HLS-HBM/hw/fetch_mem.cpp' from /home/deniz/Projects/SneakySnake/HlsWorkSpace/Hls-hbm/hls_config.cfg(10)
INFO: [HLS 200-10] Adding design file '/home/deniz/Projects/SneakySnake/SneakySnake-HLS-HBM/hw/fetch_mem.cpp' to the project
INFO: [HLS 200-1465] Applying ini 'syn.file=/home/deniz/Projects/SneakySnake/SneakySnake-HLS-HBM/hw/hw_action_hbm.cpp' from /home/deniz/Projects/SneakySnake/HlsWorkSpace/Hls-hbm/hls_config.cfg(11)
INFO: [HLS 200-10] Adding design file '/home/deniz/Projects/SneakySnake/SneakySnake-HLS-HBM/hw/hw_action_hbm.cpp' to the project
INFO: [HLS 200-1465] Applying ini 'syn.file=/home/deniz/Projects/SneakySnake/SneakySnake-HLS-HBM/hw/fetch_mem.h' from /home/deniz/Projects/SneakySnake/HlsWorkSpace/Hls-hbm/hls_config.cfg(12)
INFO: [HLS 200-10] Adding design file '/home/deniz/Projects/SneakySnake/SneakySnake-HLS-HBM/hw/fetch_mem.h' to the project
INFO: [HLS 200-1465] Applying ini 'syn.file=/home/deniz/Projects/SneakySnake/SneakySnake-HLS-HBM/hw/hw_action_hbm.H' from /home/deniz/Projects/SneakySnake/HlsWorkSpace/Hls-hbm/hls_config.cfg(13)
INFO: [HLS 200-10] Adding design file '/home/deniz/Projects/SneakySnake/SneakySnake-HLS-HBM/hw/hw_action_hbm.H' to the project
INFO: [HLS 200-1465] Applying ini 'syn.file=/home/deniz/Projects/SneakySnake/SneakySnake-HLS-HBM/hw/pipeline.h' from /home/deniz/Projects/SneakySnake/HlsWorkSpace/Hls-hbm/hls_config.cfg(14)
INFO: [HLS 200-10] Adding design file '/home/deniz/Projects/SneakySnake/SneakySnake-HLS-HBM/hw/pipeline.h' to the project
INFO: [HLS 200-1465] Applying ini 'syn.file=/home/deniz/Projects/SneakySnake/SneakySnake-HLS-HBM/include/action_memcopy.h' from /home/deniz/Projects/SneakySnake/HlsWorkSpace/Hls-hbm/hls_config.cfg(15)
INFO: [HLS 200-10] Adding design file '/home/deniz/Projects/SneakySnake/SneakySnake-HLS-HBM/include/action_memcopy.h' to the project
INFO: [HLS 200-1465] Applying ini 'syn.file=/home/deniz/oc-accel/software/include/libosnap.h' from /home/deniz/Projects/SneakySnake/HlsWorkSpace/Hls-hbm/hls_config.cfg(16)
INFO: [HLS 200-10] Adding design file '/home/deniz/oc-accel/software/include/libosnap.h' to the project
INFO: [HLS 200-1465] Applying ini 'syn.file=/home/deniz/oc-accel/software/include/osnap_global_regs.h' from /home/deniz/Projects/SneakySnake/HlsWorkSpace/Hls-hbm/hls_config.cfg(17)
INFO: [HLS 200-10] Adding design file '/home/deniz/oc-accel/software/include/osnap_global_regs.h' to the project
INFO: [HLS 200-1465] Applying ini 'syn.file=/home/deniz/oc-accel/software/include/osnap_hls_if.h' from /home/deniz/Projects/SneakySnake/HlsWorkSpace/Hls-hbm/hls_config.cfg(18)
INFO: [HLS 200-10] Adding design file '/home/deniz/oc-accel/software/include/osnap_hls_if.h' to the project
INFO: [HLS 200-1465] Applying ini 'syn.file=/home/deniz/oc-accel/software/include/osnap_internal.h' from /home/deniz/Projects/SneakySnake/HlsWorkSpace/Hls-hbm/hls_config.cfg(19)
INFO: [HLS 200-10] Adding design file '/home/deniz/oc-accel/software/include/osnap_internal.h' to the project
INFO: [HLS 200-1465] Applying ini 'syn.file=/home/deniz/oc-accel/software/include/osnap_queue.h' from /home/deniz/Projects/SneakySnake/HlsWorkSpace/Hls-hbm/hls_config.cfg(20)
INFO: [HLS 200-10] Adding design file '/home/deniz/oc-accel/software/include/osnap_queue.h' to the project
INFO: [HLS 200-1465] Applying ini 'syn.file=/home/deniz/oc-accel/software/include/osnap_tools.h' from /home/deniz/Projects/SneakySnake/HlsWorkSpace/Hls-hbm/hls_config.cfg(21)
INFO: [HLS 200-10] Adding design file '/home/deniz/oc-accel/software/include/osnap_tools.h' to the project
INFO: [HLS 200-1465] Applying ini 'syn.file=/home/deniz/oc-accel/software/include/osnap_types.h' from /home/deniz/Projects/SneakySnake/HlsWorkSpace/Hls-hbm/hls_config.cfg(22)
INFO: [HLS 200-10] Adding design file '/home/deniz/oc-accel/software/include/osnap_types.h' to the project
INFO: [HLS 200-1465] Applying ini 'syn.file=/home/deniz/oc-accel/actions/hls_hbm_memcopy_1024/hw/hw_action_hbm_memcopy_1024.cpp' from /home/deniz/Projects/SneakySnake/HlsWorkSpace/Hls-hbm/hls_config.cfg(23)
INFO: [HLS 200-10] Adding design file '/home/deniz/oc-accel/actions/hls_hbm_memcopy_1024/hw/hw_action_hbm_memcopy_1024.cpp' to the project
INFO: [HLS 200-1465] Applying ini 'syn.file=/home/deniz/oc-accel/actions/hls_hbm_memcopy_1024/hw/hw_action_hbm_memcopy_1024.H' from /home/deniz/Projects/SneakySnake/HlsWorkSpace/Hls-hbm/hls_config.cfg(24)
INFO: [HLS 200-10] Adding design file '/home/deniz/oc-accel/actions/hls_hbm_memcopy_1024/hw/hw_action_hbm_memcopy_1024.H' to the project
INFO: [HLS 200-1465] Applying ini 'syn.csimflags=-I/home/deniz/Projects/SneakySnake/SneakySnake-HLS-HBM/include -I/home/deniz/oc-accel/actions/include -I/home/deniz/Projects/SneakySnake/SneakySnake-HLS-HBM/include/action_memcopy.h  -I/home/deniz/Projects/SneakySnake/SneakySnake-HLS-HBM/include  -I/home/deniz/oc-accel/actions/include  -I/home/deniz/oc-accel/actions/hls_hbm_memcopy_1024/hw' from /home/deniz/Projects/SneakySnake/HlsWorkSpace/Hls-hbm/hls_config.cfg(8)
INFO: [HLS 200-1465] Applying ini 'tb.file=/home/deniz/Projects/SneakySnake/Datasets' from /home/deniz/Projects/SneakySnake/HlsWorkSpace/Hls-hbm/hls_config.cfg(25)
INFO: [HLS 200-10] Adding test bench file '/home/deniz/Projects/SneakySnake/Datasets' to the project
INFO: [HLS 200-1465] Applying ini 'tb.file=/home/deniz/Projects/SneakySnake/SneakySnake-HLS-HBM/wrapper.cpp' from /home/deniz/Projects/SneakySnake/HlsWorkSpace/Hls-hbm/hls_config.cfg(26)
INFO: [HLS 200-10] Adding test bench file '/home/deniz/Projects/SneakySnake/SneakySnake-HLS-HBM/wrapper.cpp' to the project
INFO: [HLS 200-1465] Applying ini 'syn.top=SneakySnake_bit' from /home/deniz/Projects/SneakySnake/HlsWorkSpace/Hls-hbm/hls_config.cfg(7)
INFO: [HLS 200-1465] Applying ini 'flow_target=vitis' from /home/deniz/Projects/SneakySnake/HlsWorkSpace/Hls-hbm/hls_config.cfg(4)
INFO: [HLS 200-1505] Using flow_target 'vitis'
Resolution: For help on HLS 200-1505 see docs.xilinx.com/access/sources/dita/topic?Doc_Version=2024.2%20English&url=ug1448-hls-guidance&resourceid=200-1505.html
INFO: [HLS 200-435] Setting 'open_solution -flow_target vitis' configuration: config_interface -m_axi_latency=64
INFO: [HLS 200-435] Setting 'open_solution -flow_target vitis' configuration: config_interface -m_axi_alignment_byte_size=64
INFO: [HLS 200-435] Setting 'open_solution -flow_target vitis' configuration: config_interface -m_axi_max_widen_bitwidth=512
INFO: [HLS 200-435] Setting 'open_solution -flow_target vitis' configuration: config_rtl -register_reset_num=3
INFO: [HLS 200-1465] Applying ini 'part=xcvu9p-flga2104-2-i' from /home/deniz/Projects/SneakySnake/HlsWorkSpace/Hls-hbm/hls_config.cfg(1)
INFO: [HLS 200-1611] Setting target device to 'xcvu9p-flga2104-2-i'
INFO: [HLS 200-1465] Applying ini 'csim.code_analyzer=1' from /home/deniz/Projects/SneakySnake/HlsWorkSpace/Hls-hbm/hls_config.cfg(27)
INFO: [HLS 200-1465] Applying ini 'package.output.format=xo' from /home/deniz/Projects/SneakySnake/HlsWorkSpace/Hls-hbm/hls_config.cfg(5)
INFO: [SIM 211-200] Executing Code Analyzer instead of classic HLS C simulation
INFO: [HLS 211-200] Compiling source code /home/deniz/Projects/SneakySnake/SneakySnake-HLS-HBM/hw/pipeline.cpp as hardware code with instrumentation
INFO: [HLS 211-200] Compiling source code /home/deniz/Projects/SneakySnake/SneakySnake-HLS-HBM/hw/fetch_mem.cpp as hardware code with instrumentation
INFO: [HLS 211-200] Compiling source code /home/deniz/Projects/SneakySnake/SneakySnake-HLS-HBM/hw/hw_action_hbm.cpp as hardware code with instrumentation
INFO: [HLS 211-200] Compiling source code /home/deniz/oc-accel/actions/hls_hbm_memcopy_1024/hw/hw_action_hbm_memcopy_1024.cpp as hardware code with instrumentation
INFO: [HLS 211-200] Compiling source code /home/deniz/Projects/SneakySnake/SneakySnake-HLS-HBM/wrapper.cpp as test bench code with instrumentation
INFO: [HLS 211-200] Compiling source code /home/deniz/Projects/SneakySnake/SneakySnake-HLS-HBM/hw/fetch_mem.cpp as test bench code with instrumentation
INFO: [HLS 211-200] Compiling source code /home/deniz/Projects/SneakySnake/SneakySnake-HLS-HBM/hw/hw_action_hbm.cpp as test bench code with instrumentation
INFO: [HLS 211-200] Compiling source code /home/deniz/Projects/SneakySnake/SneakySnake-HLS-HBM/hw/pipeline.cpp as test bench code with instrumentation
INFO: [HLS 211-200] Compiling source code /home/deniz/oc-accel/actions/hls_hbm_memcopy_1024/hw/hw_action_hbm_memcopy_1024.cpp as test bench code with instrumentation
In file included from /home/deniz/Projects/SneakySnake/SneakySnake-HLS-HBM/hw/pipeline.cpp:2:
/home/deniz/Projects/SneakySnake/SneakySnake-HLS-HBM/hw/pipeline.h:7:10: fatal error: 'hls_snap_1024.H' file not found
#include "hls_snap_1024.H"
         ^~~~~~~~~~~~~~~~~
1 error generated.
slxcmd:0:0: warning: Non-zero exit code: 1 returned by 'INFO: [HLS 211-200] Compiling source code /home/deniz/Projects/SneakySnake/SneakySnake-HLS-HBM/hw/pipeline.cpp as hardware code with instrumentation'
ERROR: [SIM 211-200] Code Analyzer execution failed. Consider running the classic C simulation instead by disabling the hls.csim.code_analyzer option in the config file.
ERROR: Problem running csim: child process exited abnormally
INFO: [HLS 200-112] Total CPU user time: 16.45 seconds. Total CPU system time: 4.08 seconds. Total elapsed time: 21.33 seconds; peak allocated memory: 658.918 MB.
