Thu May  8 16:40:16 2025: Running xcd server. This server was built by gradle.
Thu May  8 16:40:16 2025: Server was asked to start on port: '42015'
Thu May  8 16:40:16 2025: Server is using token UUID: '30b5d8bd-4945-4c4a-9f3a-017b46dd32a1'
Thu May  8 16:40:16 2025: SESSION_MGR: creating session with session uuid: '6d04a3e9-ade5-4ab9-8d63-1f78fcd2ec76' and name 'default'
Thu May  8 16:40:16 2025: Attempting to start server on port '42015'
Thu May  8 16:40:16 2025: XCD main fifo: created main fifo '/tmp/xcdmain30b5d8bd-4945-4c4a-9f3a-017b46dd32a1', fd read = 13
Thu May  8 16:40:16 2025: Running Dispatch Server
Thu May  8 16:40:16 2025: Version 2.2.0
Thu May  8 16:40:17 2025: Dispatch Server: Accepted socket connection from client
Thu May  8 16:40:17 2025: Starting Socket connection
Thu May  8 16:40:17 2025: EXCHANGE_TOKEN received, server token: 30b5d8bd-4945-4c4a-9f3a-017b46dd32a1, passed token: 30b5d8bd-4945-4c4a-9f3a-017b46dd32a1
Thu May  8 16:40:18 2025: DISPATCH_HANDLER: Adding handler from function makeHandler in library libxv_system_diagram
Thu May  8 16:40:18 2025: SESSION_MGR: creating session with session uuid: 'b4dba736-7bc0-4947-aad2-1979a3adc3ec' and name 'vitis-run_compile_SneakySnake_bit'
Thu May  8 16:40:18 2025: KERNEL_SVC: creating session with uuid: 'b4dba736-7bc0-4947-aad2-1979a3adc3ec' and name 'vitis-run_compile_SneakySnake_bit'
Thu May  8 16:40:18 2025: GUIDANCE_SMGR: creating guidance session with uuid: 'b4dba736-7bc0-4947-aad2-1979a3adc3ec' and name 'vitis-run_compile_SneakySnake_bit'
Thu May  8 16:40:18 2025: SYSTEM_DIAGRAM: creating session with uuid: 'b4dba736-7bc0-4947-aad2-1979a3adc3ec' and name 'vitis-run_compile_SneakySnake_bit'
Thu May  8 16:40:29 2025: Dispatch Server: Accepted socket connection from client
Thu May  8 16:40:29 2025: Starting Socket connection
Thu May  8 16:40:34 2025: SESSION_MGR: closing session for UUID 'b4dba736-7bc0-4947-aad2-1979a3adc3ec' with name 'vitis-run_compile_SneakySnake_bit'
Thu May  8 16:40:34 2025: KERNEL_SVC: closing session for UUID 'b4dba736-7bc0-4947-aad2-1979a3adc3ec' with name 'vitis-run_compile_SneakySnake_bit'
Thu May  8 16:40:34 2025: GUIDANCE_SMGR: closing session for UUID 'b4dba736-7bc0-4947-aad2-1979a3adc3ec' with name 'vitis-run_compile_SneakySnake_bit'
Thu May  8 16:40:34 2025: SYSTEM_DIAGRAM: closing session for UUID 'b4dba736-7bc0-4947-aad2-1979a3adc3ec' with name 'vitis-run_compile_SneakySnake_bit'
Thu May  8 16:40:34 2025: STOP_SERVER received, server token: 30b5d8bd-4945-4c4a-9f3a-017b46dd32a1, passed token: 30b5d8bd-4945-4c4a-9f3a-017b46dd32a1
Thu May  8 16:40:34 2025: Socket received request to stop server.
Thu May  8 16:40:34 2025: Dispatch Server: do_await_stop
Thu May  8 16:40:34 2025: Dispatch Server: stopping mainFifo_
Thu May  8 16:40:34 2025: XCD main fifo: Stopping
Thu May  8 16:40:34 2025: XCD main fifo: do_read error code: Operation canceled
Thu May  8 16:40:34 2025: XCD main fifo: bytes_transferred: 0
Thu May  8 16:40:34 2025: SERVER: destructor for server bound to port 42015
Thu May  8 16:40:34 2025: XCD main fifo: Good unlink of /tmp/xcdmain30b5d8bd-4945-4c4a-9f3a-017b46dd32a1
Thu May  8 16:40:34 2025: Server exiting with status 0.
Thu May  8 16:40:34 2025: Closing log file.
Thu May  8 16:41:34 2025: Running xcd server. This server was built by gradle.
Thu May  8 16:41:34 2025: Server was asked to start on port: '44401'
Thu May  8 16:41:34 2025: Server is using token UUID: 'a33be0e4-e434-4cb7-a5d5-07fb1a9f74fd'
Thu May  8 16:41:34 2025: SESSION_MGR: creating session with session uuid: '6d04a3e9-ade5-4ab9-8d63-1f78fcd2ec76' and name 'default'
Thu May  8 16:41:34 2025: Attempting to start server on port '44401'
Thu May  8 16:41:34 2025: XCD main fifo: created main fifo '/tmp/xcdmaina33be0e4-e434-4cb7-a5d5-07fb1a9f74fd', fd read = 13
Thu May  8 16:41:34 2025: Running Dispatch Server
Thu May  8 16:41:34 2025: Version 2.2.0
Thu May  8 16:41:35 2025: Dispatch Server: Accepted socket connection from client
Thu May  8 16:41:35 2025: Starting Socket connection
Thu May  8 16:41:35 2025: EXCHANGE_TOKEN received, server token: a33be0e4-e434-4cb7-a5d5-07fb1a9f74fd, passed token: a33be0e4-e434-4cb7-a5d5-07fb1a9f74fd
Thu May  8 16:41:36 2025: DISPATCH_HANDLER: Adding handler from function makeHandler in library libxv_system_diagram
Thu May  8 16:41:36 2025: SESSION_MGR: creating session with session uuid: '2601ec85-c3fd-4fe2-9ec1-35bfd9d8f846' and name 'vitis-run_compile_SneakySnake_bit'
Thu May  8 16:41:36 2025: KERNEL_SVC: creating session with uuid: '2601ec85-c3fd-4fe2-9ec1-35bfd9d8f846' and name 'vitis-run_compile_SneakySnake_bit'
Thu May  8 16:41:36 2025: GUIDANCE_SMGR: creating guidance session with uuid: '2601ec85-c3fd-4fe2-9ec1-35bfd9d8f846' and name 'vitis-run_compile_SneakySnake_bit'
Thu May  8 16:41:36 2025: SYSTEM_DIAGRAM: creating session with uuid: '2601ec85-c3fd-4fe2-9ec1-35bfd9d8f846' and name 'vitis-run_compile_SneakySnake_bit'
Thu May  8 16:41:44 2025: Dispatch Server: Accepted socket connection from client
Thu May  8 16:41:44 2025: Starting Socket connection
Thu May  8 16:41:48 2025: SESSION_MGR: closing session for UUID '2601ec85-c3fd-4fe2-9ec1-35bfd9d8f846' with name 'vitis-run_compile_SneakySnake_bit'
Thu May  8 16:41:48 2025: KERNEL_SVC: closing session for UUID '2601ec85-c3fd-4fe2-9ec1-35bfd9d8f846' with name 'vitis-run_compile_SneakySnake_bit'
Thu May  8 16:41:48 2025: GUIDANCE_SMGR: closing session for UUID '2601ec85-c3fd-4fe2-9ec1-35bfd9d8f846' with name 'vitis-run_compile_SneakySnake_bit'
Thu May  8 16:41:48 2025: SYSTEM_DIAGRAM: closing session for UUID '2601ec85-c3fd-4fe2-9ec1-35bfd9d8f846' with name 'vitis-run_compile_SneakySnake_bit'
Thu May  8 16:41:48 2025: STOP_SERVER received, server token: a33be0e4-e434-4cb7-a5d5-07fb1a9f74fd, passed token: a33be0e4-e434-4cb7-a5d5-07fb1a9f74fd
Thu May  8 16:41:48 2025: Socket received request to stop server.
Thu May  8 16:41:48 2025: Dispatch Server: do_await_stop
Thu May  8 16:41:48 2025: Dispatch Server: stopping mainFifo_
Thu May  8 16:41:48 2025: XCD main fifo: Stopping
Thu May  8 16:41:48 2025: XCD main fifo: do_read error code: Operation canceled
Thu May  8 16:41:48 2025: XCD main fifo: bytes_transferred: 0
Thu May  8 16:41:48 2025: SERVER: destructor for server bound to port 44401
Thu May  8 16:41:48 2025: XCD main fifo: Good unlink of /tmp/xcdmaina33be0e4-e434-4cb7-a5d5-07fb1a9f74fd
Thu May  8 16:41:48 2025: Server exiting with status 0.
Thu May  8 16:41:48 2025: Closing log file.
Thu May  8 16:42:56 2025: Running xcd server. This server was built by gradle.
Thu May  8 16:42:56 2025: Server was asked to start on port: '45863'
Thu May  8 16:42:56 2025: Server is using token UUID: '7bc1218d-2e6a-40f3-a2ef-ce22d865da5a'
Thu May  8 16:42:56 2025: SESSION_MGR: creating session with session uuid: '6d04a3e9-ade5-4ab9-8d63-1f78fcd2ec76' and name 'default'
Thu May  8 16:42:56 2025: Attempting to start server on port '45863'
Thu May  8 16:42:56 2025: XCD main fifo: created main fifo '/tmp/xcdmain7bc1218d-2e6a-40f3-a2ef-ce22d865da5a', fd read = 13
Thu May  8 16:42:56 2025: Running Dispatch Server
Thu May  8 16:42:56 2025: Version 2.2.0
Thu May  8 16:42:57 2025: Dispatch Server: Accepted socket connection from client
Thu May  8 16:42:57 2025: Starting Socket connection
Thu May  8 16:42:57 2025: EXCHANGE_TOKEN received, server token: 7bc1218d-2e6a-40f3-a2ef-ce22d865da5a, passed token: 7bc1218d-2e6a-40f3-a2ef-ce22d865da5a
Thu May  8 16:42:58 2025: DISPATCH_HANDLER: Adding handler from function makeHandler in library libxv_system_diagram
Thu May  8 16:42:58 2025: SESSION_MGR: creating session with session uuid: '65dfb931-7848-4ce2-a8d2-02d1acc19bec' and name 'vitis-run_compile_SneakySnake_bit'
Thu May  8 16:42:58 2025: KERNEL_SVC: creating session with uuid: '65dfb931-7848-4ce2-a8d2-02d1acc19bec' and name 'vitis-run_compile_SneakySnake_bit'
Thu May  8 16:42:58 2025: GUIDANCE_SMGR: creating guidance session with uuid: '65dfb931-7848-4ce2-a8d2-02d1acc19bec' and name 'vitis-run_compile_SneakySnake_bit'
Thu May  8 16:42:58 2025: SYSTEM_DIAGRAM: creating session with uuid: '65dfb931-7848-4ce2-a8d2-02d1acc19bec' and name 'vitis-run_compile_SneakySnake_bit'
Thu May  8 16:43:07 2025: Dispatch Server: Accepted socket connection from client
Thu May  8 16:43:07 2025: Starting Socket connection
Thu May  8 16:43:13 2025: SESSION_MGR: closing session for UUID '65dfb931-7848-4ce2-a8d2-02d1acc19bec' with name 'vitis-run_compile_SneakySnake_bit'
Thu May  8 16:43:13 2025: KERNEL_SVC: closing session for UUID '65dfb931-7848-4ce2-a8d2-02d1acc19bec' with name 'vitis-run_compile_SneakySnake_bit'
Thu May  8 16:43:13 2025: GUIDANCE_SMGR: closing session for UUID '65dfb931-7848-4ce2-a8d2-02d1acc19bec' with name 'vitis-run_compile_SneakySnake_bit'
Thu May  8 16:43:13 2025: SYSTEM_DIAGRAM: closing session for UUID '65dfb931-7848-4ce2-a8d2-02d1acc19bec' with name 'vitis-run_compile_SneakySnake_bit'
Thu May  8 16:43:13 2025: STOP_SERVER received, server token: 7bc1218d-2e6a-40f3-a2ef-ce22d865da5a, passed token: 7bc1218d-2e6a-40f3-a2ef-ce22d865da5a
Thu May  8 16:43:13 2025: Socket received request to stop server.
Thu May  8 16:43:13 2025: Dispatch Server: do_await_stop
Thu May  8 16:43:13 2025: Dispatch Server: stopping mainFifo_
Thu May  8 16:43:13 2025: XCD main fifo: Stopping
Thu May  8 16:43:13 2025: XCD main fifo: do_read error code: Operation canceled
Thu May  8 16:43:13 2025: XCD main fifo: bytes_transferred: 0
Thu May  8 16:43:13 2025: SERVER: destructor for server bound to port 45863
Thu May  8 16:43:13 2025: XCD main fifo: Good unlink of /tmp/xcdmain7bc1218d-2e6a-40f3-a2ef-ce22d865da5a
Thu May  8 16:43:13 2025: Server exiting with status 0.
Thu May  8 16:43:13 2025: Closing log file.
Thu May  8 16:45:21 2025: Running xcd server. This server was built by gradle.
Thu May  8 16:45:21 2025: Server was asked to start on port: '33953'
Thu May  8 16:45:21 2025: Server is using token UUID: '2bc40c33-168f-4acb-a690-99bad1ab4b67'
Thu May  8 16:45:21 2025: SESSION_MGR: creating session with session uuid: '6d04a3e9-ade5-4ab9-8d63-1f78fcd2ec76' and name 'default'
Thu May  8 16:45:21 2025: Attempting to start server on port '33953'
Thu May  8 16:45:21 2025: XCD main fifo: created main fifo '/tmp/xcdmain2bc40c33-168f-4acb-a690-99bad1ab4b67', fd read = 13
Thu May  8 16:45:21 2025: Running Dispatch Server
Thu May  8 16:45:21 2025: Version 2.2.0
Thu May  8 16:45:22 2025: Dispatch Server: Accepted socket connection from client
Thu May  8 16:45:22 2025: Starting Socket connection
Thu May  8 16:45:22 2025: EXCHANGE_TOKEN received, server token: 2bc40c33-168f-4acb-a690-99bad1ab4b67, passed token: 2bc40c33-168f-4acb-a690-99bad1ab4b67
Thu May  8 16:45:22 2025: DISPATCH_HANDLER: Adding handler from function makeHandler in library libxv_system_diagram
Thu May  8 16:45:22 2025: SESSION_MGR: creating session with session uuid: '14be99d3-87ef-42c0-ae2f-bb8b17fc0c22' and name 'vitis-run_compile_SneakySnake_bit'
Thu May  8 16:45:22 2025: KERNEL_SVC: creating session with uuid: '14be99d3-87ef-42c0-ae2f-bb8b17fc0c22' and name 'vitis-run_compile_SneakySnake_bit'
Thu May  8 16:45:22 2025: GUIDANCE_SMGR: creating guidance session with uuid: '14be99d3-87ef-42c0-ae2f-bb8b17fc0c22' and name 'vitis-run_compile_SneakySnake_bit'
Thu May  8 16:45:22 2025: SYSTEM_DIAGRAM: creating session with uuid: '14be99d3-87ef-42c0-ae2f-bb8b17fc0c22' and name 'vitis-run_compile_SneakySnake_bit'
Thu May  8 16:45:30 2025: Dispatch Server: Accepted socket connection from client
Thu May  8 16:45:30 2025: Starting Socket connection
Thu May  8 16:45:36 2025: SESSION_MGR: closing session for UUID '14be99d3-87ef-42c0-ae2f-bb8b17fc0c22' with name 'vitis-run_compile_SneakySnake_bit'
Thu May  8 16:45:36 2025: KERNEL_SVC: closing session for UUID '14be99d3-87ef-42c0-ae2f-bb8b17fc0c22' with name 'vitis-run_compile_SneakySnake_bit'
Thu May  8 16:45:36 2025: GUIDANCE_SMGR: closing session for UUID '14be99d3-87ef-42c0-ae2f-bb8b17fc0c22' with name 'vitis-run_compile_SneakySnake_bit'
Thu May  8 16:45:36 2025: SYSTEM_DIAGRAM: closing session for UUID '14be99d3-87ef-42c0-ae2f-bb8b17fc0c22' with name 'vitis-run_compile_SneakySnake_bit'
Thu May  8 16:45:36 2025: STOP_SERVER received, server token: 2bc40c33-168f-4acb-a690-99bad1ab4b67, passed token: 2bc40c33-168f-4acb-a690-99bad1ab4b67
Thu May  8 16:45:36 2025: Socket received request to stop server.
Thu May  8 16:45:36 2025: Dispatch Server: do_await_stop
Thu May  8 16:45:36 2025: Dispatch Server: stopping mainFifo_
Thu May  8 16:45:36 2025: XCD main fifo: Stopping
Thu May  8 16:45:36 2025: XCD main fifo: do_read error code: Operation canceled
Thu May  8 16:45:36 2025: XCD main fifo: bytes_transferred: 0
Thu May  8 16:45:36 2025: SERVER: destructor for server bound to port 33953
Thu May  8 16:45:36 2025: XCD main fifo: Good unlink of /tmp/xcdmain2bc40c33-168f-4acb-a690-99bad1ab4b67
Thu May  8 16:45:36 2025: Server exiting with status 0.
Thu May  8 16:45:36 2025: Closing log file.
Thu May  8 16:45:51 2025: Running xcd server. This server was built by gradle.
Thu May  8 16:45:51 2025: Server was asked to start on port: '39985'
Thu May  8 16:45:51 2025: Server is using token UUID: '452fb14e-883f-4a62-9609-9c50e1c0c005'
Thu May  8 16:45:51 2025: SESSION_MGR: creating session with session uuid: '6d04a3e9-ade5-4ab9-8d63-1f78fcd2ec76' and name 'default'
Thu May  8 16:45:51 2025: Attempting to start server on port '39985'
Thu May  8 16:45:51 2025: XCD main fifo: created main fifo '/tmp/xcdmain452fb14e-883f-4a62-9609-9c50e1c0c005', fd read = 13
Thu May  8 16:45:51 2025: Running Dispatch Server
Thu May  8 16:45:51 2025: Version 2.2.0
Thu May  8 16:45:52 2025: Dispatch Server: Accepted socket connection from client
Thu May  8 16:45:52 2025: Starting Socket connection
Thu May  8 16:45:52 2025: EXCHANGE_TOKEN received, server token: 452fb14e-883f-4a62-9609-9c50e1c0c005, passed token: 452fb14e-883f-4a62-9609-9c50e1c0c005
Thu May  8 16:45:53 2025: DISPATCH_HANDLER: Adding handler from function makeHandler in library libxv_system_diagram
Thu May  8 16:45:53 2025: SESSION_MGR: creating session with session uuid: '0e9330da-cbee-40db-8311-c4a05ab2a2ff' and name 'vitis-run_compile_SneakySnake_bit'
Thu May  8 16:45:53 2025: KERNEL_SVC: creating session with uuid: '0e9330da-cbee-40db-8311-c4a05ab2a2ff' and name 'vitis-run_compile_SneakySnake_bit'
Thu May  8 16:45:53 2025: GUIDANCE_SMGR: creating guidance session with uuid: '0e9330da-cbee-40db-8311-c4a05ab2a2ff' and name 'vitis-run_compile_SneakySnake_bit'
Thu May  8 16:45:53 2025: SYSTEM_DIAGRAM: creating session with uuid: '0e9330da-cbee-40db-8311-c4a05ab2a2ff' and name 'vitis-run_compile_SneakySnake_bit'
Thu May  8 16:46:01 2025: Dispatch Server: Accepted socket connection from client
Thu May  8 16:46:01 2025: Starting Socket connection
Thu May  8 16:46:08 2025: SESSION_MGR: closing session for UUID '0e9330da-cbee-40db-8311-c4a05ab2a2ff' with name 'vitis-run_compile_SneakySnake_bit'
Thu May  8 16:46:08 2025: KERNEL_SVC: closing session for UUID '0e9330da-cbee-40db-8311-c4a05ab2a2ff' with name 'vitis-run_compile_SneakySnake_bit'
Thu May  8 16:46:08 2025: GUIDANCE_SMGR: closing session for UUID '0e9330da-cbee-40db-8311-c4a05ab2a2ff' with name 'vitis-run_compile_SneakySnake_bit'
Thu May  8 16:46:08 2025: SYSTEM_DIAGRAM: closing session for UUID '0e9330da-cbee-40db-8311-c4a05ab2a2ff' with name 'vitis-run_compile_SneakySnake_bit'
Thu May  8 16:46:08 2025: STOP_SERVER received, server token: 452fb14e-883f-4a62-9609-9c50e1c0c005, passed token: 452fb14e-883f-4a62-9609-9c50e1c0c005
Thu May  8 16:46:08 2025: Socket received request to stop server.
Thu May  8 16:46:08 2025: Dispatch Server: do_await_stop
Thu May  8 16:46:08 2025: Dispatch Server: stopping mainFifo_
Thu May  8 16:46:08 2025: XCD main fifo: Stopping
Thu May  8 16:46:08 2025: XCD main fifo: do_read error code: Operation canceled
Thu May  8 16:46:08 2025: XCD main fifo: bytes_transferred: 0
Thu May  8 16:46:08 2025: SERVER: destructor for server bound to port 39985
Thu May  8 16:46:08 2025: XCD main fifo: Good unlink of /tmp/xcdmain452fb14e-883f-4a62-9609-9c50e1c0c005
Thu May  8 16:46:08 2025: Server exiting with status 0.
Thu May  8 16:46:08 2025: Closing log file.
Thu May  8 16:48:35 2025: Running xcd server. This server was built by gradle.
Thu May  8 16:48:35 2025: Server was asked to start on port: '41247'
Thu May  8 16:48:35 2025: Server is using token UUID: 'ed5c5875-66c6-48c0-93d9-4bc6e157edf7'
Thu May  8 16:48:35 2025: SESSION_MGR: creating session with session uuid: '6d04a3e9-ade5-4ab9-8d63-1f78fcd2ec76' and name 'default'
Thu May  8 16:48:35 2025: Attempting to start server on port '41247'
Thu May  8 16:48:35 2025: XCD main fifo: created main fifo '/tmp/xcdmained5c5875-66c6-48c0-93d9-4bc6e157edf7', fd read = 13
Thu May  8 16:48:35 2025: Running Dispatch Server
Thu May  8 16:48:35 2025: Version 2.2.0
Thu May  8 16:48:36 2025: Dispatch Server: Accepted socket connection from client
Thu May  8 16:48:36 2025: Starting Socket connection
Thu May  8 16:48:36 2025: EXCHANGE_TOKEN received, server token: ed5c5875-66c6-48c0-93d9-4bc6e157edf7, passed token: ed5c5875-66c6-48c0-93d9-4bc6e157edf7
Thu May  8 16:48:36 2025: DISPATCH_HANDLER: Adding handler from function makeHandler in library libxv_system_diagram
Thu May  8 16:48:36 2025: SESSION_MGR: creating session with session uuid: '80d3ef35-7c23-4c64-a953-3424103792b2' and name 'vitis-run_compile_SneakySnake_bit'
Thu May  8 16:48:36 2025: KERNEL_SVC: creating session with uuid: '80d3ef35-7c23-4c64-a953-3424103792b2' and name 'vitis-run_compile_SneakySnake_bit'
Thu May  8 16:48:36 2025: GUIDANCE_SMGR: creating guidance session with uuid: '80d3ef35-7c23-4c64-a953-3424103792b2' and name 'vitis-run_compile_SneakySnake_bit'
Thu May  8 16:48:36 2025: SYSTEM_DIAGRAM: creating session with uuid: '80d3ef35-7c23-4c64-a953-3424103792b2' and name 'vitis-run_compile_SneakySnake_bit'
Thu May  8 16:48:45 2025: Dispatch Server: Accepted socket connection from client
Thu May  8 16:48:45 2025: Starting Socket connection
Thu May  8 16:48:50 2025: SESSION_MGR: closing session for UUID '80d3ef35-7c23-4c64-a953-3424103792b2' with name 'vitis-run_compile_SneakySnake_bit'
Thu May  8 16:48:50 2025: KERNEL_SVC: closing session for UUID '80d3ef35-7c23-4c64-a953-3424103792b2' with name 'vitis-run_compile_SneakySnake_bit'
Thu May  8 16:48:50 2025: GUIDANCE_SMGR: closing session for UUID '80d3ef35-7c23-4c64-a953-3424103792b2' with name 'vitis-run_compile_SneakySnake_bit'
Thu May  8 16:48:50 2025: SYSTEM_DIAGRAM: closing session for UUID '80d3ef35-7c23-4c64-a953-3424103792b2' with name 'vitis-run_compile_SneakySnake_bit'
Thu May  8 16:48:50 2025: STOP_SERVER received, server token: ed5c5875-66c6-48c0-93d9-4bc6e157edf7, passed token: ed5c5875-66c6-48c0-93d9-4bc6e157edf7
Thu May  8 16:48:50 2025: Socket received request to stop server.
Thu May  8 16:48:50 2025: Dispatch Server: do_await_stop
Thu May  8 16:48:50 2025: Dispatch Server: stopping mainFifo_
Thu May  8 16:48:50 2025: XCD main fifo: Stopping
Thu May  8 16:48:50 2025: XCD main fifo: do_read error code: Operation canceled
Thu May  8 16:48:50 2025: XCD main fifo: bytes_transferred: 0
Thu May  8 16:48:50 2025: SERVER: destructor for server bound to port 41247
Thu May  8 16:48:50 2025: XCD main fifo: Good unlink of /tmp/xcdmained5c5875-66c6-48c0-93d9-4bc6e157edf7
Thu May  8 16:48:50 2025: Server exiting with status 0.
Thu May  8 16:48:50 2025: Closing log file.
Thu May  8 16:51:18 2025: Running xcd server. This server was built by gradle.
Thu May  8 16:51:18 2025: Server was asked to start on port: '41815'
Thu May  8 16:51:18 2025: Server is using token UUID: 'd7a1fb07-3cd6-41cc-86ec-cd1b5a807c25'
Thu May  8 16:51:18 2025: SESSION_MGR: creating session with session uuid: '6d04a3e9-ade5-4ab9-8d63-1f78fcd2ec76' and name 'default'
Thu May  8 16:51:18 2025: Attempting to start server on port '41815'
Thu May  8 16:51:18 2025: XCD main fifo: created main fifo '/tmp/xcdmaind7a1fb07-3cd6-41cc-86ec-cd1b5a807c25', fd read = 13
Thu May  8 16:51:18 2025: Running Dispatch Server
Thu May  8 16:51:18 2025: Version 2.2.0
Thu May  8 16:51:19 2025: Dispatch Server: Accepted socket connection from client
Thu May  8 16:51:19 2025: Starting Socket connection
Thu May  8 16:51:19 2025: EXCHANGE_TOKEN received, server token: d7a1fb07-3cd6-41cc-86ec-cd1b5a807c25, passed token: d7a1fb07-3cd6-41cc-86ec-cd1b5a807c25
Thu May  8 16:51:20 2025: DISPATCH_HANDLER: Adding handler from function makeHandler in library libxv_system_diagram
Thu May  8 16:51:20 2025: SESSION_MGR: creating session with session uuid: '1d44c884-0fcb-45c5-99d1-29da0dd2d869' and name 'vitis-run_compile_SneakySnake_bit'
Thu May  8 16:51:20 2025: KERNEL_SVC: creating session with uuid: '1d44c884-0fcb-45c5-99d1-29da0dd2d869' and name 'vitis-run_compile_SneakySnake_bit'
Thu May  8 16:51:20 2025: GUIDANCE_SMGR: creating guidance session with uuid: '1d44c884-0fcb-45c5-99d1-29da0dd2d869' and name 'vitis-run_compile_SneakySnake_bit'
Thu May  8 16:51:20 2025: SYSTEM_DIAGRAM: creating session with uuid: '1d44c884-0fcb-45c5-99d1-29da0dd2d869' and name 'vitis-run_compile_SneakySnake_bit'
Thu May  8 16:51:29 2025: Dispatch Server: Accepted socket connection from client
Thu May  8 16:51:29 2025: Starting Socket connection
Thu May  8 16:51:33 2025: SESSION_MGR: closing session for UUID '1d44c884-0fcb-45c5-99d1-29da0dd2d869' with name 'vitis-run_compile_SneakySnake_bit'
Thu May  8 16:51:33 2025: KERNEL_SVC: closing session for UUID '1d44c884-0fcb-45c5-99d1-29da0dd2d869' with name 'vitis-run_compile_SneakySnake_bit'
Thu May  8 16:51:33 2025: GUIDANCE_SMGR: closing session for UUID '1d44c884-0fcb-45c5-99d1-29da0dd2d869' with name 'vitis-run_compile_SneakySnake_bit'
Thu May  8 16:51:33 2025: SYSTEM_DIAGRAM: closing session for UUID '1d44c884-0fcb-45c5-99d1-29da0dd2d869' with name 'vitis-run_compile_SneakySnake_bit'
Thu May  8 16:51:33 2025: STOP_SERVER received, server token: d7a1fb07-3cd6-41cc-86ec-cd1b5a807c25, passed token: d7a1fb07-3cd6-41cc-86ec-cd1b5a807c25
Thu May  8 16:51:33 2025: Socket received request to stop server.
Thu May  8 16:51:33 2025: Dispatch Server: do_await_stop
Thu May  8 16:51:33 2025: Dispatch Server: stopping mainFifo_
Thu May  8 16:51:33 2025: XCD main fifo: Stopping
Thu May  8 16:51:33 2025: XCD main fifo: do_read error code: Operation canceled
Thu May  8 16:51:33 2025: XCD main fifo: bytes_transferred: 0
Thu May  8 16:51:33 2025: SERVER: destructor for server bound to port 41815
Thu May  8 16:51:33 2025: XCD main fifo: Good unlink of /tmp/xcdmaind7a1fb07-3cd6-41cc-86ec-cd1b5a807c25
Thu May  8 16:51:33 2025: Server exiting with status 0.
Thu May  8 16:51:33 2025: Closing log file.
Thu May  8 16:55:12 2025: Running xcd server. This server was built by gradle.
Thu May  8 16:55:12 2025: Server was asked to start on port: '44165'
Thu May  8 16:55:12 2025: Server is using token UUID: '2ce10af6-e667-4694-85c1-24400df81fcd'
Thu May  8 16:55:12 2025: SESSION_MGR: creating session with session uuid: '6d04a3e9-ade5-4ab9-8d63-1f78fcd2ec76' and name 'default'
Thu May  8 16:55:12 2025: Attempting to start server on port '44165'
Thu May  8 16:55:12 2025: XCD main fifo: created main fifo '/tmp/xcdmain2ce10af6-e667-4694-85c1-24400df81fcd', fd read = 13
Thu May  8 16:55:12 2025: Running Dispatch Server
Thu May  8 16:55:12 2025: Version 2.2.0
Thu May  8 16:55:13 2025: Dispatch Server: Accepted socket connection from client
Thu May  8 16:55:13 2025: Starting Socket connection
Thu May  8 16:55:13 2025: EXCHANGE_TOKEN received, server token: 2ce10af6-e667-4694-85c1-24400df81fcd, passed token: 2ce10af6-e667-4694-85c1-24400df81fcd
Thu May  8 16:55:14 2025: DISPATCH_HANDLER: Adding handler from function makeHandler in library libxv_system_diagram
Thu May  8 16:55:14 2025: SESSION_MGR: creating session with session uuid: 'd262574b-344a-4d06-bb7d-348e4600c015' and name 'vitis-run_compile_SneakySnake_bit'
Thu May  8 16:55:14 2025: KERNEL_SVC: creating session with uuid: 'd262574b-344a-4d06-bb7d-348e4600c015' and name 'vitis-run_compile_SneakySnake_bit'
Thu May  8 16:55:14 2025: GUIDANCE_SMGR: creating guidance session with uuid: 'd262574b-344a-4d06-bb7d-348e4600c015' and name 'vitis-run_compile_SneakySnake_bit'
Thu May  8 16:55:14 2025: SYSTEM_DIAGRAM: creating session with uuid: 'd262574b-344a-4d06-bb7d-348e4600c015' and name 'vitis-run_compile_SneakySnake_bit'
Thu May  8 16:55:22 2025: Dispatch Server: Accepted socket connection from client
Thu May  8 16:55:22 2025: Starting Socket connection
Thu May  8 16:55:26 2025: SESSION_MGR: closing session for UUID 'd262574b-344a-4d06-bb7d-348e4600c015' with name 'vitis-run_compile_SneakySnake_bit'
Thu May  8 16:55:26 2025: KERNEL_SVC: closing session for UUID 'd262574b-344a-4d06-bb7d-348e4600c015' with name 'vitis-run_compile_SneakySnake_bit'
Thu May  8 16:55:26 2025: GUIDANCE_SMGR: closing session for UUID 'd262574b-344a-4d06-bb7d-348e4600c015' with name 'vitis-run_compile_SneakySnake_bit'
Thu May  8 16:55:26 2025: SYSTEM_DIAGRAM: closing session for UUID 'd262574b-344a-4d06-bb7d-348e4600c015' with name 'vitis-run_compile_SneakySnake_bit'
Thu May  8 16:55:26 2025: STOP_SERVER received, server token: 2ce10af6-e667-4694-85c1-24400df81fcd, passed token: 2ce10af6-e667-4694-85c1-24400df81fcd
Thu May  8 16:55:26 2025: Socket received request to stop server.
Thu May  8 16:55:26 2025: Dispatch Server: do_await_stop
Thu May  8 16:55:26 2025: Dispatch Server: stopping mainFifo_
Thu May  8 16:55:26 2025: XCD main fifo: Stopping
Thu May  8 16:55:26 2025: XCD main fifo: do_read error code: Operation canceled
Thu May  8 16:55:26 2025: XCD main fifo: bytes_transferred: 0
Thu May  8 16:55:26 2025: SERVER: destructor for server bound to port 44165
Thu May  8 16:55:26 2025: XCD main fifo: Good unlink of /tmp/xcdmain2ce10af6-e667-4694-85c1-24400df81fcd
Thu May  8 16:55:26 2025: Server exiting with status 0.
Thu May  8 16:55:26 2025: Closing log file.
Thu May  8 16:58:50 2025: Running xcd server. This server was built by gradle.
Thu May  8 16:58:50 2025: Server was asked to start on port: '36217'
Thu May  8 16:58:50 2025: Server is using token UUID: 'b4c15be0-de91-4b2c-9759-7787ba857b35'
Thu May  8 16:58:50 2025: SESSION_MGR: creating session with session uuid: '6d04a3e9-ade5-4ab9-8d63-1f78fcd2ec76' and name 'default'
Thu May  8 16:58:50 2025: Attempting to start server on port '36217'
Thu May  8 16:58:50 2025: XCD main fifo: created main fifo '/tmp/xcdmainb4c15be0-de91-4b2c-9759-7787ba857b35', fd read = 13
Thu May  8 16:58:50 2025: Running Dispatch Server
Thu May  8 16:58:50 2025: Version 2.2.0
Thu May  8 16:58:52 2025: Dispatch Server: Accepted socket connection from client
Thu May  8 16:58:52 2025: Starting Socket connection
Thu May  8 16:58:52 2025: EXCHANGE_TOKEN received, server token: b4c15be0-de91-4b2c-9759-7787ba857b35, passed token: b4c15be0-de91-4b2c-9759-7787ba857b35
Thu May  8 16:58:52 2025: DISPATCH_HANDLER: Adding handler from function makeHandler in library libxv_system_diagram
Thu May  8 16:58:52 2025: SESSION_MGR: creating session with session uuid: '36e92c82-5cb4-411d-934b-f04d05b4b11f' and name 'vitis-run_compile_SneakySnake_bit'
Thu May  8 16:58:52 2025: KERNEL_SVC: creating session with uuid: '36e92c82-5cb4-411d-934b-f04d05b4b11f' and name 'vitis-run_compile_SneakySnake_bit'
Thu May  8 16:58:52 2025: GUIDANCE_SMGR: creating guidance session with uuid: '36e92c82-5cb4-411d-934b-f04d05b4b11f' and name 'vitis-run_compile_SneakySnake_bit'
Thu May  8 16:58:52 2025: SYSTEM_DIAGRAM: creating session with uuid: '36e92c82-5cb4-411d-934b-f04d05b4b11f' and name 'vitis-run_compile_SneakySnake_bit'
Thu May  8 16:59:01 2025: Dispatch Server: Accepted socket connection from client
Thu May  8 16:59:01 2025: Starting Socket connection
Thu May  8 16:59:02 2025: SESSION_MGR: closing session for UUID '36e92c82-5cb4-411d-934b-f04d05b4b11f' with name 'vitis-run_compile_SneakySnake_bit'
Thu May  8 16:59:02 2025: KERNEL_SVC: closing session for UUID '36e92c82-5cb4-411d-934b-f04d05b4b11f' with name 'vitis-run_compile_SneakySnake_bit'
Thu May  8 16:59:02 2025: GUIDANCE_SMGR: closing session for UUID '36e92c82-5cb4-411d-934b-f04d05b4b11f' with name 'vitis-run_compile_SneakySnake_bit'
Thu May  8 16:59:02 2025: SYSTEM_DIAGRAM: closing session for UUID '36e92c82-5cb4-411d-934b-f04d05b4b11f' with name 'vitis-run_compile_SneakySnake_bit'
Thu May  8 16:59:02 2025: STOP_SERVER received, server token: b4c15be0-de91-4b2c-9759-7787ba857b35, passed token: b4c15be0-de91-4b2c-9759-7787ba857b35
Thu May  8 16:59:02 2025: Socket received request to stop server.
Thu May  8 16:59:02 2025: Dispatch Server: do_await_stop
Thu May  8 16:59:02 2025: Dispatch Server: stopping mainFifo_
Thu May  8 16:59:02 2025: XCD main fifo: Stopping
Thu May  8 16:59:02 2025: XCD main fifo: do_read error code: Operation canceled
Thu May  8 16:59:02 2025: XCD main fifo: bytes_transferred: 0
Thu May  8 16:59:02 2025: SERVER: destructor for server bound to port 36217
Thu May  8 16:59:02 2025: XCD main fifo: Good unlink of /tmp/xcdmainb4c15be0-de91-4b2c-9759-7787ba857b35
Thu May  8 16:59:02 2025: Server exiting with status 0.
Thu May  8 16:59:02 2025: Closing log file.
Thu May  8 17:02:50 2025: Running xcd server. This server was built by gradle.
Thu May  8 17:02:50 2025: Server was asked to start on port: '40411'
Thu May  8 17:02:50 2025: Server is using token UUID: '2b7f115a-b403-4abb-bf2a-11d71e6f619f'
Thu May  8 17:02:50 2025: SESSION_MGR: creating session with session uuid: '6d04a3e9-ade5-4ab9-8d63-1f78fcd2ec76' and name 'default'
Thu May  8 17:02:50 2025: Attempting to start server on port '40411'
Thu May  8 17:02:50 2025: XCD main fifo: created main fifo '/tmp/xcdmain2b7f115a-b403-4abb-bf2a-11d71e6f619f', fd read = 13
Thu May  8 17:02:50 2025: Running Dispatch Server
Thu May  8 17:02:50 2025: Version 2.2.0
Thu May  8 17:02:51 2025: Dispatch Server: Accepted socket connection from client
Thu May  8 17:02:51 2025: Starting Socket connection
Thu May  8 17:02:51 2025: EXCHANGE_TOKEN received, server token: 2b7f115a-b403-4abb-bf2a-11d71e6f619f, passed token: 2b7f115a-b403-4abb-bf2a-11d71e6f619f
Thu May  8 17:02:52 2025: DISPATCH_HANDLER: Adding handler from function makeHandler in library libxv_system_diagram
Thu May  8 17:02:52 2025: SESSION_MGR: creating session with session uuid: 'b15642a3-afca-476b-be7c-b929a1051bea' and name 'vitis-run_compile_SneakySnake_bit'
Thu May  8 17:02:52 2025: KERNEL_SVC: creating session with uuid: 'b15642a3-afca-476b-be7c-b929a1051bea' and name 'vitis-run_compile_SneakySnake_bit'
Thu May  8 17:02:52 2025: GUIDANCE_SMGR: creating guidance session with uuid: 'b15642a3-afca-476b-be7c-b929a1051bea' and name 'vitis-run_compile_SneakySnake_bit'
Thu May  8 17:02:52 2025: SYSTEM_DIAGRAM: creating session with uuid: 'b15642a3-afca-476b-be7c-b929a1051bea' and name 'vitis-run_compile_SneakySnake_bit'
Thu May  8 17:03:00 2025: Dispatch Server: Accepted socket connection from client
Thu May  8 17:03:00 2025: Starting Socket connection
Thu May  8 17:03:06 2025: SESSION_MGR: closing session for UUID 'b15642a3-afca-476b-be7c-b929a1051bea' with name 'vitis-run_compile_SneakySnake_bit'
Thu May  8 17:03:06 2025: KERNEL_SVC: closing session for UUID 'b15642a3-afca-476b-be7c-b929a1051bea' with name 'vitis-run_compile_SneakySnake_bit'
Thu May  8 17:03:06 2025: GUIDANCE_SMGR: closing session for UUID 'b15642a3-afca-476b-be7c-b929a1051bea' with name 'vitis-run_compile_SneakySnake_bit'
Thu May  8 17:03:06 2025: SYSTEM_DIAGRAM: closing session for UUID 'b15642a3-afca-476b-be7c-b929a1051bea' with name 'vitis-run_compile_SneakySnake_bit'
Thu May  8 17:03:06 2025: STOP_SERVER received, server token: 2b7f115a-b403-4abb-bf2a-11d71e6f619f, passed token: 2b7f115a-b403-4abb-bf2a-11d71e6f619f
Thu May  8 17:03:06 2025: Socket received request to stop server.
Thu May  8 17:03:06 2025: Dispatch Server: do_await_stop
Thu May  8 17:03:06 2025: Dispatch Server: stopping mainFifo_
Thu May  8 17:03:06 2025: XCD main fifo: Stopping
Thu May  8 17:03:06 2025: XCD main fifo: do_read error code: Operation canceled
Thu May  8 17:03:06 2025: XCD main fifo: bytes_transferred: 0
Thu May  8 17:03:06 2025: SERVER: destructor for server bound to port 40411
Thu May  8 17:03:06 2025: XCD main fifo: Good unlink of /tmp/xcdmain2b7f115a-b403-4abb-bf2a-11d71e6f619f
Thu May  8 17:03:06 2025: Server exiting with status 0.
Thu May  8 17:03:06 2025: Closing log file.
Thu May  8 17:04:33 2025: Running xcd server. This server was built by gradle.
Thu May  8 17:04:33 2025: Server was asked to start on port: '33839'
Thu May  8 17:04:33 2025: Server is using token UUID: 'b069ab31-f759-4423-9779-354863a9be83'
Thu May  8 17:04:33 2025: SESSION_MGR: creating session with session uuid: '6d04a3e9-ade5-4ab9-8d63-1f78fcd2ec76' and name 'default'
Thu May  8 17:04:33 2025: Attempting to start server on port '33839'
Thu May  8 17:04:33 2025: XCD main fifo: created main fifo '/tmp/xcdmainb069ab31-f759-4423-9779-354863a9be83', fd read = 13
Thu May  8 17:04:33 2025: Running Dispatch Server
Thu May  8 17:04:33 2025: Version 2.2.0
Thu May  8 17:04:35 2025: Dispatch Server: Accepted socket connection from client
Thu May  8 17:04:35 2025: Starting Socket connection
Thu May  8 17:04:35 2025: EXCHANGE_TOKEN received, server token: b069ab31-f759-4423-9779-354863a9be83, passed token: b069ab31-f759-4423-9779-354863a9be83
Thu May  8 17:04:36 2025: DISPATCH_HANDLER: Adding handler from function makeHandler in library libxv_system_diagram
Thu May  8 17:04:36 2025: SESSION_MGR: creating session with session uuid: 'f96219c3-bb25-4bbc-a468-c1b6ffeb7794' and name 'vitis-run_compile_SneakySnake_bit'
Thu May  8 17:04:36 2025: KERNEL_SVC: creating session with uuid: 'f96219c3-bb25-4bbc-a468-c1b6ffeb7794' and name 'vitis-run_compile_SneakySnake_bit'
Thu May  8 17:04:36 2025: GUIDANCE_SMGR: creating guidance session with uuid: 'f96219c3-bb25-4bbc-a468-c1b6ffeb7794' and name 'vitis-run_compile_SneakySnake_bit'
Thu May  8 17:04:36 2025: SYSTEM_DIAGRAM: creating session with uuid: 'f96219c3-bb25-4bbc-a468-c1b6ffeb7794' and name 'vitis-run_compile_SneakySnake_bit'
Thu May  8 17:04:44 2025: Dispatch Server: Accepted socket connection from client
Thu May  8 17:04:44 2025: Starting Socket connection
Thu May  8 17:04:48 2025: SESSION_MGR: closing session for UUID 'f96219c3-bb25-4bbc-a468-c1b6ffeb7794' with name 'vitis-run_compile_SneakySnake_bit'
Thu May  8 17:04:48 2025: KERNEL_SVC: closing session for UUID 'f96219c3-bb25-4bbc-a468-c1b6ffeb7794' with name 'vitis-run_compile_SneakySnake_bit'
Thu May  8 17:04:48 2025: GUIDANCE_SMGR: closing session for UUID 'f96219c3-bb25-4bbc-a468-c1b6ffeb7794' with name 'vitis-run_compile_SneakySnake_bit'
Thu May  8 17:04:48 2025: SYSTEM_DIAGRAM: closing session for UUID 'f96219c3-bb25-4bbc-a468-c1b6ffeb7794' with name 'vitis-run_compile_SneakySnake_bit'
Thu May  8 17:04:48 2025: STOP_SERVER received, server token: b069ab31-f759-4423-9779-354863a9be83, passed token: b069ab31-f759-4423-9779-354863a9be83
Thu May  8 17:04:48 2025: Socket received request to stop server.
Thu May  8 17:04:48 2025: Dispatch Server: do_await_stop
Thu May  8 17:04:48 2025: Dispatch Server: stopping mainFifo_
Thu May  8 17:04:48 2025: XCD main fifo: Stopping
Thu May  8 17:04:48 2025: XCD main fifo: do_read error code: Operation canceled
Thu May  8 17:04:48 2025: XCD main fifo: bytes_transferred: 0
Thu May  8 17:04:48 2025: SERVER: destructor for server bound to port 33839
Thu May  8 17:04:48 2025: XCD main fifo: Good unlink of /tmp/xcdmainb069ab31-f759-4423-9779-354863a9be83
Thu May  8 17:04:48 2025: Server exiting with status 0.
Thu May  8 17:04:48 2025: Closing log file.
Thu May  8 17:05:30 2025: Running xcd server. This server was built by gradle.
Thu May  8 17:05:30 2025: Server was asked to start on port: '42493'
Thu May  8 17:05:30 2025: Server is using token UUID: '2836d61a-f9b0-409e-8548-b3e6f56f27bf'
Thu May  8 17:05:30 2025: SESSION_MGR: creating session with session uuid: '6d04a3e9-ade5-4ab9-8d63-1f78fcd2ec76' and name 'default'
Thu May  8 17:05:30 2025: Attempting to start server on port '42493'
Thu May  8 17:05:30 2025: XCD main fifo: created main fifo '/tmp/xcdmain2836d61a-f9b0-409e-8548-b3e6f56f27bf', fd read = 13
Thu May  8 17:05:30 2025: Running Dispatch Server
Thu May  8 17:05:30 2025: Version 2.2.0
Thu May  8 17:05:32 2025: Dispatch Server: Accepted socket connection from client
Thu May  8 17:05:32 2025: Starting Socket connection
Thu May  8 17:05:32 2025: EXCHANGE_TOKEN received, server token: 2836d61a-f9b0-409e-8548-b3e6f56f27bf, passed token: 2836d61a-f9b0-409e-8548-b3e6f56f27bf
Thu May  8 17:05:32 2025: DISPATCH_HANDLER: Adding handler from function makeHandler in library libxv_system_diagram
Thu May  8 17:05:32 2025: SESSION_MGR: creating session with session uuid: '6c8c4150-a0e0-4c6f-833a-d33bbf7fafba' and name 'vitis-run_compile_SneakySnake_bit'
Thu May  8 17:05:32 2025: KERNEL_SVC: creating session with uuid: '6c8c4150-a0e0-4c6f-833a-d33bbf7fafba' and name 'vitis-run_compile_SneakySnake_bit'
Thu May  8 17:05:32 2025: GUIDANCE_SMGR: creating guidance session with uuid: '6c8c4150-a0e0-4c6f-833a-d33bbf7fafba' and name 'vitis-run_compile_SneakySnake_bit'
Thu May  8 17:05:32 2025: SYSTEM_DIAGRAM: creating session with uuid: '6c8c4150-a0e0-4c6f-833a-d33bbf7fafba' and name 'vitis-run_compile_SneakySnake_bit'
Thu May  8 17:05:40 2025: Dispatch Server: Accepted socket connection from client
Thu May  8 17:05:40 2025: Starting Socket connection
Thu May  8 17:05:44 2025: SESSION_MGR: closing session for UUID '6c8c4150-a0e0-4c6f-833a-d33bbf7fafba' with name 'vitis-run_compile_SneakySnake_bit'
Thu May  8 17:05:44 2025: KERNEL_SVC: closing session for UUID '6c8c4150-a0e0-4c6f-833a-d33bbf7fafba' with name 'vitis-run_compile_SneakySnake_bit'
Thu May  8 17:05:44 2025: GUIDANCE_SMGR: closing session for UUID '6c8c4150-a0e0-4c6f-833a-d33bbf7fafba' with name 'vitis-run_compile_SneakySnake_bit'
Thu May  8 17:05:44 2025: SYSTEM_DIAGRAM: closing session for UUID '6c8c4150-a0e0-4c6f-833a-d33bbf7fafba' with name 'vitis-run_compile_SneakySnake_bit'
Thu May  8 17:05:44 2025: STOP_SERVER received, server token: 2836d61a-f9b0-409e-8548-b3e6f56f27bf, passed token: 2836d61a-f9b0-409e-8548-b3e6f56f27bf
Thu May  8 17:05:44 2025: Socket received request to stop server.
Thu May  8 17:05:44 2025: Dispatch Server: do_await_stop
Thu May  8 17:05:44 2025: Dispatch Server: stopping mainFifo_
Thu May  8 17:05:44 2025: XCD main fifo: Stopping
Thu May  8 17:05:44 2025: XCD main fifo: do_read error code: Operation canceled
Thu May  8 17:05:44 2025: XCD main fifo: bytes_transferred: 0
Thu May  8 17:05:44 2025: SERVER: destructor for server bound to port 42493
Thu May  8 17:05:44 2025: XCD main fifo: Good unlink of /tmp/xcdmain2836d61a-f9b0-409e-8548-b3e6f56f27bf
Thu May  8 17:05:44 2025: Server exiting with status 0.
Thu May  8 17:05:44 2025: Closing log file.
Thu May  8 17:05:55 2025: Running xcd server. This server was built by gradle.
Thu May  8 17:05:55 2025: Server was asked to start on port: '40719'
Thu May  8 17:05:55 2025: Server is using token UUID: '11a968db-238b-4170-9474-29e013c59db0'
Thu May  8 17:05:55 2025: SESSION_MGR: creating session with session uuid: '6d04a3e9-ade5-4ab9-8d63-1f78fcd2ec76' and name 'default'
Thu May  8 17:05:55 2025: Attempting to start server on port '40719'
Thu May  8 17:05:55 2025: XCD main fifo: created main fifo '/tmp/xcdmain11a968db-238b-4170-9474-29e013c59db0', fd read = 13
Thu May  8 17:05:55 2025: Running Dispatch Server
Thu May  8 17:05:55 2025: Version 2.2.0
Thu May  8 17:05:57 2025: Dispatch Server: Accepted socket connection from client
Thu May  8 17:05:57 2025: Starting Socket connection
Thu May  8 17:05:57 2025: EXCHANGE_TOKEN received, server token: 11a968db-238b-4170-9474-29e013c59db0, passed token: 11a968db-238b-4170-9474-29e013c59db0
Thu May  8 17:05:57 2025: DISPATCH_HANDLER: Adding handler from function makeHandler in library libxv_system_diagram
Thu May  8 17:05:57 2025: SESSION_MGR: creating session with session uuid: 'c9b5d201-1bb7-4aea-93ec-1cf0925ab6d7' and name 'vitis-run_compile_SneakySnake_bit'
Thu May  8 17:05:57 2025: KERNEL_SVC: creating session with uuid: 'c9b5d201-1bb7-4aea-93ec-1cf0925ab6d7' and name 'vitis-run_compile_SneakySnake_bit'
Thu May  8 17:05:57 2025: GUIDANCE_SMGR: creating guidance session with uuid: 'c9b5d201-1bb7-4aea-93ec-1cf0925ab6d7' and name 'vitis-run_compile_SneakySnake_bit'
Thu May  8 17:05:57 2025: SYSTEM_DIAGRAM: creating session with uuid: 'c9b5d201-1bb7-4aea-93ec-1cf0925ab6d7' and name 'vitis-run_compile_SneakySnake_bit'
Thu May  8 17:06:06 2025: Dispatch Server: Accepted socket connection from client
Thu May  8 17:06:06 2025: Starting Socket connection
Thu May  8 17:06:11 2025: SESSION_MGR: closing session for UUID 'c9b5d201-1bb7-4aea-93ec-1cf0925ab6d7' with name 'vitis-run_compile_SneakySnake_bit'
Thu May  8 17:06:11 2025: KERNEL_SVC: closing session for UUID 'c9b5d201-1bb7-4aea-93ec-1cf0925ab6d7' with name 'vitis-run_compile_SneakySnake_bit'
Thu May  8 17:06:11 2025: GUIDANCE_SMGR: closing session for UUID 'c9b5d201-1bb7-4aea-93ec-1cf0925ab6d7' with name 'vitis-run_compile_SneakySnake_bit'
Thu May  8 17:06:11 2025: SYSTEM_DIAGRAM: closing session for UUID 'c9b5d201-1bb7-4aea-93ec-1cf0925ab6d7' with name 'vitis-run_compile_SneakySnake_bit'
Thu May  8 17:06:11 2025: STOP_SERVER received, server token: 11a968db-238b-4170-9474-29e013c59db0, passed token: 11a968db-238b-4170-9474-29e013c59db0
Thu May  8 17:06:11 2025: Socket received request to stop server.
Thu May  8 17:06:11 2025: Dispatch Server: do_await_stop
Thu May  8 17:06:11 2025: Dispatch Server: stopping mainFifo_
Thu May  8 17:06:11 2025: XCD main fifo: Stopping
Thu May  8 17:06:11 2025: XCD main fifo: do_read error code: Operation canceled
Thu May  8 17:06:11 2025: XCD main fifo: bytes_transferred: 0
Thu May  8 17:06:11 2025: SERVER: destructor for server bound to port 40719
Thu May  8 17:06:11 2025: XCD main fifo: Good unlink of /tmp/xcdmain11a968db-238b-4170-9474-29e013c59db0
Thu May  8 17:06:11 2025: Server exiting with status 0.
Thu May  8 17:06:11 2025: Closing log file.
Thu May  8 17:10:12 2025: Running xcd server. This server was built by gradle.
Thu May  8 17:10:12 2025: Server was asked to start on port: '42691'
Thu May  8 17:10:12 2025: Server is using token UUID: '6efe4aa3-b86d-47cf-aa98-34bfdfb388e6'
Thu May  8 17:10:12 2025: SESSION_MGR: creating session with session uuid: '6d04a3e9-ade5-4ab9-8d63-1f78fcd2ec76' and name 'default'
Thu May  8 17:10:12 2025: Attempting to start server on port '42691'
Thu May  8 17:10:12 2025: XCD main fifo: created main fifo '/tmp/xcdmain6efe4aa3-b86d-47cf-aa98-34bfdfb388e6', fd read = 13
Thu May  8 17:10:12 2025: Running Dispatch Server
Thu May  8 17:10:12 2025: Version 2.2.0
Thu May  8 17:10:13 2025: Dispatch Server: Accepted socket connection from client
Thu May  8 17:10:13 2025: Starting Socket connection
Thu May  8 17:10:13 2025: EXCHANGE_TOKEN received, server token: 6efe4aa3-b86d-47cf-aa98-34bfdfb388e6, passed token: 6efe4aa3-b86d-47cf-aa98-34bfdfb388e6
Thu May  8 17:10:13 2025: DISPATCH_HANDLER: Adding handler from function makeHandler in library libxv_system_diagram
Thu May  8 17:10:13 2025: SESSION_MGR: creating session with session uuid: '6d21db73-cb55-4e54-8ef8-1fba4262f0d3' and name 'vitis-run_compile_SneakySnake_bit'
Thu May  8 17:10:13 2025: KERNEL_SVC: creating session with uuid: '6d21db73-cb55-4e54-8ef8-1fba4262f0d3' and name 'vitis-run_compile_SneakySnake_bit'
Thu May  8 17:10:13 2025: GUIDANCE_SMGR: creating guidance session with uuid: '6d21db73-cb55-4e54-8ef8-1fba4262f0d3' and name 'vitis-run_compile_SneakySnake_bit'
Thu May  8 17:10:13 2025: SYSTEM_DIAGRAM: creating session with uuid: '6d21db73-cb55-4e54-8ef8-1fba4262f0d3' and name 'vitis-run_compile_SneakySnake_bit'
Thu May  8 17:10:22 2025: Dispatch Server: Accepted socket connection from client
Thu May  8 17:10:22 2025: Starting Socket connection
Thu May  8 17:10:27 2025: SESSION_MGR: closing session for UUID '6d21db73-cb55-4e54-8ef8-1fba4262f0d3' with name 'vitis-run_compile_SneakySnake_bit'
Thu May  8 17:10:27 2025: KERNEL_SVC: closing session for UUID '6d21db73-cb55-4e54-8ef8-1fba4262f0d3' with name 'vitis-run_compile_SneakySnake_bit'
Thu May  8 17:10:27 2025: GUIDANCE_SMGR: closing session for UUID '6d21db73-cb55-4e54-8ef8-1fba4262f0d3' with name 'vitis-run_compile_SneakySnake_bit'
Thu May  8 17:10:27 2025: SYSTEM_DIAGRAM: closing session for UUID '6d21db73-cb55-4e54-8ef8-1fba4262f0d3' with name 'vitis-run_compile_SneakySnake_bit'
Thu May  8 17:10:27 2025: STOP_SERVER received, server token: 6efe4aa3-b86d-47cf-aa98-34bfdfb388e6, passed token: 6efe4aa3-b86d-47cf-aa98-34bfdfb388e6
Thu May  8 17:10:27 2025: Socket received request to stop server.
Thu May  8 17:10:27 2025: Dispatch Server: do_await_stop
Thu May  8 17:10:27 2025: Dispatch Server: stopping mainFifo_
Thu May  8 17:10:27 2025: XCD main fifo: Stopping
Thu May  8 17:10:27 2025: XCD main fifo: do_read error code: Operation canceled
Thu May  8 17:10:27 2025: XCD main fifo: bytes_transferred: 0
Thu May  8 17:10:27 2025: SERVER: destructor for server bound to port 42691
Thu May  8 17:10:27 2025: XCD main fifo: Good unlink of /tmp/xcdmain6efe4aa3-b86d-47cf-aa98-34bfdfb388e6
Thu May  8 17:10:27 2025: Server exiting with status 0.
Thu May  8 17:10:27 2025: Closing log file.
Thu May  8 17:12:38 2025: Running xcd server. This server was built by gradle.
Thu May  8 17:12:38 2025: Server was asked to start on port: '43213'
Thu May  8 17:12:38 2025: Server is using token UUID: '628961e2-3e13-47da-aab3-6974ff6ccbbe'
Thu May  8 17:12:38 2025: SESSION_MGR: creating session with session uuid: '6d04a3e9-ade5-4ab9-8d63-1f78fcd2ec76' and name 'default'
Thu May  8 17:12:38 2025: Attempting to start server on port '43213'
Thu May  8 17:12:38 2025: XCD main fifo: created main fifo '/tmp/xcdmain628961e2-3e13-47da-aab3-6974ff6ccbbe', fd read = 13
Thu May  8 17:12:38 2025: Running Dispatch Server
Thu May  8 17:12:38 2025: Version 2.2.0
Thu May  8 17:12:39 2025: Dispatch Server: Accepted socket connection from client
Thu May  8 17:12:39 2025: Starting Socket connection
Thu May  8 17:12:39 2025: EXCHANGE_TOKEN received, server token: 628961e2-3e13-47da-aab3-6974ff6ccbbe, passed token: 628961e2-3e13-47da-aab3-6974ff6ccbbe
Thu May  8 17:12:40 2025: DISPATCH_HANDLER: Adding handler from function makeHandler in library libxv_system_diagram
Thu May  8 17:12:40 2025: SESSION_MGR: creating session with session uuid: '18aa7ec3-5e25-4cdc-93a1-0dd63614aec9' and name 'vitis-run_compile_SneakySnake_bit'
Thu May  8 17:12:40 2025: KERNEL_SVC: creating session with uuid: '18aa7ec3-5e25-4cdc-93a1-0dd63614aec9' and name 'vitis-run_compile_SneakySnake_bit'
Thu May  8 17:12:40 2025: GUIDANCE_SMGR: creating guidance session with uuid: '18aa7ec3-5e25-4cdc-93a1-0dd63614aec9' and name 'vitis-run_compile_SneakySnake_bit'
Thu May  8 17:12:40 2025: SYSTEM_DIAGRAM: creating session with uuid: '18aa7ec3-5e25-4cdc-93a1-0dd63614aec9' and name 'vitis-run_compile_SneakySnake_bit'
Thu May  8 17:12:48 2025: Dispatch Server: Accepted socket connection from client
Thu May  8 17:12:48 2025: Starting Socket connection
Thu May  8 17:12:54 2025: SESSION_MGR: closing session for UUID '18aa7ec3-5e25-4cdc-93a1-0dd63614aec9' with name 'vitis-run_compile_SneakySnake_bit'
Thu May  8 17:12:54 2025: KERNEL_SVC: closing session for UUID '18aa7ec3-5e25-4cdc-93a1-0dd63614aec9' with name 'vitis-run_compile_SneakySnake_bit'
Thu May  8 17:12:54 2025: GUIDANCE_SMGR: closing session for UUID '18aa7ec3-5e25-4cdc-93a1-0dd63614aec9' with name 'vitis-run_compile_SneakySnake_bit'
Thu May  8 17:12:54 2025: SYSTEM_DIAGRAM: closing session for UUID '18aa7ec3-5e25-4cdc-93a1-0dd63614aec9' with name 'vitis-run_compile_SneakySnake_bit'
Thu May  8 17:12:54 2025: STOP_SERVER received, server token: 628961e2-3e13-47da-aab3-6974ff6ccbbe, passed token: 628961e2-3e13-47da-aab3-6974ff6ccbbe
Thu May  8 17:12:54 2025: Socket received request to stop server.
Thu May  8 17:12:54 2025: Dispatch Server: do_await_stop
Thu May  8 17:12:54 2025: Dispatch Server: stopping mainFifo_
Thu May  8 17:12:54 2025: XCD main fifo: Stopping
Thu May  8 17:12:54 2025: XCD main fifo: do_read error code: Operation canceled
Thu May  8 17:12:54 2025: XCD main fifo: bytes_transferred: 0
Thu May  8 17:12:54 2025: SERVER: destructor for server bound to port 43213
Thu May  8 17:12:54 2025: XCD main fifo: Good unlink of /tmp/xcdmain628961e2-3e13-47da-aab3-6974ff6ccbbe
Thu May  8 17:12:54 2025: Server exiting with status 0.
Thu May  8 17:12:54 2025: Closing log file.
Thu May  8 17:14:02 2025: Running xcd server. This server was built by gradle.
Thu May  8 17:14:02 2025: Server was asked to start on port: '37523'
Thu May  8 17:14:02 2025: Server is using token UUID: '4b278cac-1e9e-41f5-ac6e-cabff4588498'
Thu May  8 17:14:02 2025: SESSION_MGR: creating session with session uuid: '6d04a3e9-ade5-4ab9-8d63-1f78fcd2ec76' and name 'default'
Thu May  8 17:14:02 2025: Attempting to start server on port '37523'
Thu May  8 17:14:02 2025: XCD main fifo: created main fifo '/tmp/xcdmain4b278cac-1e9e-41f5-ac6e-cabff4588498', fd read = 13
Thu May  8 17:14:02 2025: Running Dispatch Server
Thu May  8 17:14:02 2025: Version 2.2.0
Thu May  8 17:14:03 2025: Dispatch Server: Accepted socket connection from client
Thu May  8 17:14:03 2025: Starting Socket connection
Thu May  8 17:14:03 2025: EXCHANGE_TOKEN received, server token: 4b278cac-1e9e-41f5-ac6e-cabff4588498, passed token: 4b278cac-1e9e-41f5-ac6e-cabff4588498
Thu May  8 17:14:04 2025: DISPATCH_HANDLER: Adding handler from function makeHandler in library libxv_system_diagram
Thu May  8 17:14:04 2025: SESSION_MGR: creating session with session uuid: 'b5a5634d-95e8-4642-bfdc-08c1de26ff4f' and name 'vitis-run_compile_SneakySnake_bit'
Thu May  8 17:14:04 2025: KERNEL_SVC: creating session with uuid: 'b5a5634d-95e8-4642-bfdc-08c1de26ff4f' and name 'vitis-run_compile_SneakySnake_bit'
Thu May  8 17:14:04 2025: GUIDANCE_SMGR: creating guidance session with uuid: 'b5a5634d-95e8-4642-bfdc-08c1de26ff4f' and name 'vitis-run_compile_SneakySnake_bit'
Thu May  8 17:14:04 2025: SYSTEM_DIAGRAM: creating session with uuid: 'b5a5634d-95e8-4642-bfdc-08c1de26ff4f' and name 'vitis-run_compile_SneakySnake_bit'
Thu May  8 17:14:13 2025: Dispatch Server: Accepted socket connection from client
Thu May  8 17:14:13 2025: Starting Socket connection
Thu May  8 17:14:18 2025: SESSION_MGR: closing session for UUID 'b5a5634d-95e8-4642-bfdc-08c1de26ff4f' with name 'vitis-run_compile_SneakySnake_bit'
Thu May  8 17:14:18 2025: KERNEL_SVC: closing session for UUID 'b5a5634d-95e8-4642-bfdc-08c1de26ff4f' with name 'vitis-run_compile_SneakySnake_bit'
Thu May  8 17:14:18 2025: GUIDANCE_SMGR: closing session for UUID 'b5a5634d-95e8-4642-bfdc-08c1de26ff4f' with name 'vitis-run_compile_SneakySnake_bit'
Thu May  8 17:14:18 2025: SYSTEM_DIAGRAM: closing session for UUID 'b5a5634d-95e8-4642-bfdc-08c1de26ff4f' with name 'vitis-run_compile_SneakySnake_bit'
Thu May  8 17:14:18 2025: STOP_SERVER received, server token: 4b278cac-1e9e-41f5-ac6e-cabff4588498, passed token: 4b278cac-1e9e-41f5-ac6e-cabff4588498
Thu May  8 17:14:18 2025: Socket received request to stop server.
Thu May  8 17:14:18 2025: Dispatch Server: do_await_stop
Thu May  8 17:14:18 2025: Dispatch Server: stopping mainFifo_
Thu May  8 17:14:18 2025: XCD main fifo: Stopping
Thu May  8 17:14:18 2025: XCD main fifo: do_read error code: Operation canceled
Thu May  8 17:14:18 2025: XCD main fifo: bytes_transferred: 0
Thu May  8 17:14:18 2025: SERVER: destructor for server bound to port 37523
Thu May  8 17:14:18 2025: XCD main fifo: Good unlink of /tmp/xcdmain4b278cac-1e9e-41f5-ac6e-cabff4588498
Thu May  8 17:14:18 2025: Server exiting with status 0.
Thu May  8 17:14:18 2025: Closing log file.
Thu May  8 17:18:42 2025: Running xcd server. This server was built by gradle.
Thu May  8 17:18:42 2025: Server was asked to start on port: '45263'
Thu May  8 17:18:42 2025: Server is using token UUID: 'e3a79145-0bf7-4a77-80e0-0b2cd2166d50'
Thu May  8 17:18:42 2025: SESSION_MGR: creating session with session uuid: '6d04a3e9-ade5-4ab9-8d63-1f78fcd2ec76' and name 'default'
Thu May  8 17:18:42 2025: Attempting to start server on port '45263'
Thu May  8 17:18:42 2025: XCD main fifo: created main fifo '/tmp/xcdmaine3a79145-0bf7-4a77-80e0-0b2cd2166d50', fd read = 13
Thu May  8 17:18:42 2025: Running Dispatch Server
Thu May  8 17:18:42 2025: Version 2.2.0
Thu May  8 17:18:43 2025: Dispatch Server: Accepted socket connection from client
Thu May  8 17:18:43 2025: Starting Socket connection
Thu May  8 17:18:43 2025: EXCHANGE_TOKEN received, server token: e3a79145-0bf7-4a77-80e0-0b2cd2166d50, passed token: e3a79145-0bf7-4a77-80e0-0b2cd2166d50
Thu May  8 17:18:44 2025: DISPATCH_HANDLER: Adding handler from function makeHandler in library libxv_system_diagram
Thu May  8 17:18:44 2025: SESSION_MGR: creating session with session uuid: 'dff163a8-c5d0-4c32-b00d-e4f50e565821' and name 'vitis-run_compile_SneakySnake_bit'
Thu May  8 17:18:44 2025: KERNEL_SVC: creating session with uuid: 'dff163a8-c5d0-4c32-b00d-e4f50e565821' and name 'vitis-run_compile_SneakySnake_bit'
Thu May  8 17:18:44 2025: GUIDANCE_SMGR: creating guidance session with uuid: 'dff163a8-c5d0-4c32-b00d-e4f50e565821' and name 'vitis-run_compile_SneakySnake_bit'
Thu May  8 17:18:44 2025: SYSTEM_DIAGRAM: creating session with uuid: 'dff163a8-c5d0-4c32-b00d-e4f50e565821' and name 'vitis-run_compile_SneakySnake_bit'
Thu May  8 17:18:53 2025: Dispatch Server: Accepted socket connection from client
Thu May  8 17:18:53 2025: Starting Socket connection
Thu May  8 17:18:58 2025: SESSION_MGR: closing session for UUID 'dff163a8-c5d0-4c32-b00d-e4f50e565821' with name 'vitis-run_compile_SneakySnake_bit'
Thu May  8 17:18:58 2025: KERNEL_SVC: closing session for UUID 'dff163a8-c5d0-4c32-b00d-e4f50e565821' with name 'vitis-run_compile_SneakySnake_bit'
Thu May  8 17:18:58 2025: GUIDANCE_SMGR: closing session for UUID 'dff163a8-c5d0-4c32-b00d-e4f50e565821' with name 'vitis-run_compile_SneakySnake_bit'
Thu May  8 17:18:58 2025: SYSTEM_DIAGRAM: closing session for UUID 'dff163a8-c5d0-4c32-b00d-e4f50e565821' with name 'vitis-run_compile_SneakySnake_bit'
Thu May  8 17:18:58 2025: STOP_SERVER received, server token: e3a79145-0bf7-4a77-80e0-0b2cd2166d50, passed token: e3a79145-0bf7-4a77-80e0-0b2cd2166d50
Thu May  8 17:18:58 2025: Socket received request to stop server.
Thu May  8 17:18:58 2025: Dispatch Server: do_await_stop
Thu May  8 17:18:58 2025: Dispatch Server: stopping mainFifo_
Thu May  8 17:18:58 2025: XCD main fifo: Stopping
Thu May  8 17:18:58 2025: XCD main fifo: do_read error code: Operation canceled
Thu May  8 17:18:58 2025: XCD main fifo: bytes_transferred: 0
Thu May  8 17:18:58 2025: SERVER: destructor for server bound to port 45263
Thu May  8 17:18:58 2025: XCD main fifo: Good unlink of /tmp/xcdmaine3a79145-0bf7-4a77-80e0-0b2cd2166d50
Thu May  8 17:18:58 2025: Server exiting with status 0.
Thu May  8 17:18:58 2025: Closing log file.
Thu May  8 18:10:49 2025: Running xcd server. This server was built by gradle.
Thu May  8 18:10:49 2025: Server was asked to start on port: '33475'
Thu May  8 18:10:49 2025: Server is using token UUID: 'a1ee3744-cf2e-4888-8ebb-c57249f05d56'
Thu May  8 18:10:49 2025: SESSION_MGR: creating session with session uuid: '6d04a3e9-ade5-4ab9-8d63-1f78fcd2ec76' and name 'default'
Thu May  8 18:10:49 2025: Attempting to start server on port '33475'
Thu May  8 18:10:49 2025: XCD main fifo: created main fifo '/tmp/xcdmaina1ee3744-cf2e-4888-8ebb-c57249f05d56', fd read = 13
Thu May  8 18:10:49 2025: Running Dispatch Server
Thu May  8 18:10:49 2025: Version 2.2.0
Thu May  8 18:10:50 2025: Dispatch Server: Accepted socket connection from client
Thu May  8 18:10:50 2025: Starting Socket connection
Thu May  8 18:10:50 2025: EXCHANGE_TOKEN received, server token: a1ee3744-cf2e-4888-8ebb-c57249f05d56, passed token: a1ee3744-cf2e-4888-8ebb-c57249f05d56
Thu May  8 18:10:51 2025: DISPATCH_HANDLER: Adding handler from function makeHandler in library libxv_system_diagram
Thu May  8 18:10:51 2025: SESSION_MGR: creating session with session uuid: '7a7d746e-d55e-4c9d-acd1-3aa80675cbb1' and name 'vitis-run_compile_SneakySnake_bit'
Thu May  8 18:10:51 2025: KERNEL_SVC: creating session with uuid: '7a7d746e-d55e-4c9d-acd1-3aa80675cbb1' and name 'vitis-run_compile_SneakySnake_bit'
Thu May  8 18:10:51 2025: GUIDANCE_SMGR: creating guidance session with uuid: '7a7d746e-d55e-4c9d-acd1-3aa80675cbb1' and name 'vitis-run_compile_SneakySnake_bit'
Thu May  8 18:10:51 2025: SYSTEM_DIAGRAM: creating session with uuid: '7a7d746e-d55e-4c9d-acd1-3aa80675cbb1' and name 'vitis-run_compile_SneakySnake_bit'
Thu May  8 18:11:01 2025: Dispatch Server: Accepted socket connection from client
Thu May  8 18:11:01 2025: Starting Socket connection
Thu May  8 18:11:03 2025: SESSION_MGR: closing session for UUID '7a7d746e-d55e-4c9d-acd1-3aa80675cbb1' with name 'vitis-run_compile_SneakySnake_bit'
Thu May  8 18:11:03 2025: KERNEL_SVC: closing session for UUID '7a7d746e-d55e-4c9d-acd1-3aa80675cbb1' with name 'vitis-run_compile_SneakySnake_bit'
Thu May  8 18:11:03 2025: GUIDANCE_SMGR: closing session for UUID '7a7d746e-d55e-4c9d-acd1-3aa80675cbb1' with name 'vitis-run_compile_SneakySnake_bit'
Thu May  8 18:11:03 2025: SYSTEM_DIAGRAM: closing session for UUID '7a7d746e-d55e-4c9d-acd1-3aa80675cbb1' with name 'vitis-run_compile_SneakySnake_bit'
Thu May  8 18:11:03 2025: STOP_SERVER received, server token: a1ee3744-cf2e-4888-8ebb-c57249f05d56, passed token: a1ee3744-cf2e-4888-8ebb-c57249f05d56
Thu May  8 18:11:03 2025: Socket received request to stop server.
Thu May  8 18:11:03 2025: Dispatch Server: do_await_stop
Thu May  8 18:11:03 2025: Dispatch Server: stopping mainFifo_
Thu May  8 18:11:03 2025: XCD main fifo: Stopping
Thu May  8 18:11:03 2025: XCD main fifo: do_read error code: Operation canceled
Thu May  8 18:11:03 2025: XCD main fifo: bytes_transferred: 0
Thu May  8 18:11:03 2025: SERVER: destructor for server bound to port 33475
Thu May  8 18:11:03 2025: XCD main fifo: Good unlink of /tmp/xcdmaina1ee3744-cf2e-4888-8ebb-c57249f05d56
Thu May  8 18:11:03 2025: Server exiting with status 0.
Thu May  8 18:11:03 2025: Closing log file.
Thu May  8 18:11:25 2025: Running xcd server. This server was built by gradle.
Thu May  8 18:11:25 2025: Server was asked to start on port: '40623'
Thu May  8 18:11:25 2025: Server is using token UUID: '0dcf7bbe-b91d-4aef-bdc0-98c158e01a96'
Thu May  8 18:11:25 2025: SESSION_MGR: creating session with session uuid: '6d04a3e9-ade5-4ab9-8d63-1f78fcd2ec76' and name 'default'
Thu May  8 18:11:25 2025: Attempting to start server on port '40623'
Thu May  8 18:11:25 2025: XCD main fifo: created main fifo '/tmp/xcdmain0dcf7bbe-b91d-4aef-bdc0-98c158e01a96', fd read = 13
Thu May  8 18:11:25 2025: Running Dispatch Server
Thu May  8 18:11:25 2025: Version 2.2.0
Thu May  8 18:11:26 2025: Dispatch Server: Accepted socket connection from client
Thu May  8 18:11:26 2025: Starting Socket connection
Thu May  8 18:11:26 2025: EXCHANGE_TOKEN received, server token: 0dcf7bbe-b91d-4aef-bdc0-98c158e01a96, passed token: 0dcf7bbe-b91d-4aef-bdc0-98c158e01a96
Thu May  8 18:11:27 2025: DISPATCH_HANDLER: Adding handler from function makeHandler in library libxv_system_diagram
Thu May  8 18:11:27 2025: SESSION_MGR: creating session with session uuid: '67458ce1-b063-4c0e-b7dc-f73dd04bfd86' and name 'vitis-run_compile_SneakySnake_bit'
Thu May  8 18:11:27 2025: KERNEL_SVC: creating session with uuid: '67458ce1-b063-4c0e-b7dc-f73dd04bfd86' and name 'vitis-run_compile_SneakySnake_bit'
Thu May  8 18:11:27 2025: GUIDANCE_SMGR: creating guidance session with uuid: '67458ce1-b063-4c0e-b7dc-f73dd04bfd86' and name 'vitis-run_compile_SneakySnake_bit'
Thu May  8 18:11:27 2025: SYSTEM_DIAGRAM: creating session with uuid: '67458ce1-b063-4c0e-b7dc-f73dd04bfd86' and name 'vitis-run_compile_SneakySnake_bit'
Thu May  8 18:11:35 2025: Dispatch Server: Accepted socket connection from client
Thu May  8 18:11:35 2025: Starting Socket connection
Thu May  8 18:11:37 2025: SESSION_MGR: closing session for UUID '67458ce1-b063-4c0e-b7dc-f73dd04bfd86' with name 'vitis-run_compile_SneakySnake_bit'
Thu May  8 18:11:37 2025: KERNEL_SVC: closing session for UUID '67458ce1-b063-4c0e-b7dc-f73dd04bfd86' with name 'vitis-run_compile_SneakySnake_bit'
Thu May  8 18:11:37 2025: GUIDANCE_SMGR: closing session for UUID '67458ce1-b063-4c0e-b7dc-f73dd04bfd86' with name 'vitis-run_compile_SneakySnake_bit'
Thu May  8 18:11:37 2025: SYSTEM_DIAGRAM: closing session for UUID '67458ce1-b063-4c0e-b7dc-f73dd04bfd86' with name 'vitis-run_compile_SneakySnake_bit'
Thu May  8 18:11:37 2025: STOP_SERVER received, server token: 0dcf7bbe-b91d-4aef-bdc0-98c158e01a96, passed token: 0dcf7bbe-b91d-4aef-bdc0-98c158e01a96
Thu May  8 18:11:37 2025: Socket received request to stop server.
Thu May  8 18:11:37 2025: Dispatch Server: do_await_stop
Thu May  8 18:11:37 2025: Dispatch Server: stopping mainFifo_
Thu May  8 18:11:37 2025: XCD main fifo: Stopping
Thu May  8 18:11:37 2025: XCD main fifo: do_read error code: Operation canceled
Thu May  8 18:11:37 2025: XCD main fifo: bytes_transferred: 0
Thu May  8 18:11:37 2025: SERVER: destructor for server bound to port 40623
Thu May  8 18:11:37 2025: XCD main fifo: Good unlink of /tmp/xcdmain0dcf7bbe-b91d-4aef-bdc0-98c158e01a96
Thu May  8 18:11:37 2025: Server exiting with status 0.
Thu May  8 18:11:37 2025: Closing log file.
Thu May  8 18:14:58 2025: Running xcd server. This server was built by gradle.
Thu May  8 18:14:58 2025: Server was asked to start on port: '33855'
Thu May  8 18:14:58 2025: Server is using token UUID: 'b4d60ac9-d211-4050-b6f9-39258ae1e182'
Thu May  8 18:14:58 2025: SESSION_MGR: creating session with session uuid: '6d04a3e9-ade5-4ab9-8d63-1f78fcd2ec76' and name 'default'
Thu May  8 18:14:58 2025: Attempting to start server on port '33855'
Thu May  8 18:14:58 2025: XCD main fifo: created main fifo '/tmp/xcdmainb4d60ac9-d211-4050-b6f9-39258ae1e182', fd read = 13
Thu May  8 18:14:58 2025: Running Dispatch Server
Thu May  8 18:14:58 2025: Version 2.2.0
Thu May  8 18:14:59 2025: Dispatch Server: Accepted socket connection from client
Thu May  8 18:14:59 2025: Starting Socket connection
Thu May  8 18:14:59 2025: EXCHANGE_TOKEN received, server token: b4d60ac9-d211-4050-b6f9-39258ae1e182, passed token: b4d60ac9-d211-4050-b6f9-39258ae1e182
Thu May  8 18:15:00 2025: DISPATCH_HANDLER: Adding handler from function makeHandler in library libxv_system_diagram
Thu May  8 18:15:00 2025: SESSION_MGR: creating session with session uuid: '5abf357b-fb25-4ebb-8d43-8ef60fb6d02b' and name 'vitis-run_compile_SneakySnake_bit'
Thu May  8 18:15:00 2025: KERNEL_SVC: creating session with uuid: '5abf357b-fb25-4ebb-8d43-8ef60fb6d02b' and name 'vitis-run_compile_SneakySnake_bit'
Thu May  8 18:15:00 2025: GUIDANCE_SMGR: creating guidance session with uuid: '5abf357b-fb25-4ebb-8d43-8ef60fb6d02b' and name 'vitis-run_compile_SneakySnake_bit'
Thu May  8 18:15:00 2025: SYSTEM_DIAGRAM: creating session with uuid: '5abf357b-fb25-4ebb-8d43-8ef60fb6d02b' and name 'vitis-run_compile_SneakySnake_bit'
Thu May  8 18:15:08 2025: Dispatch Server: Accepted socket connection from client
Thu May  8 18:15:08 2025: Starting Socket connection
Thu May  8 18:15:14 2025: SESSION_MGR: closing session for UUID '5abf357b-fb25-4ebb-8d43-8ef60fb6d02b' with name 'vitis-run_compile_SneakySnake_bit'
Thu May  8 18:15:14 2025: KERNEL_SVC: closing session for UUID '5abf357b-fb25-4ebb-8d43-8ef60fb6d02b' with name 'vitis-run_compile_SneakySnake_bit'
Thu May  8 18:15:14 2025: GUIDANCE_SMGR: closing session for UUID '5abf357b-fb25-4ebb-8d43-8ef60fb6d02b' with name 'vitis-run_compile_SneakySnake_bit'
Thu May  8 18:15:14 2025: SYSTEM_DIAGRAM: closing session for UUID '5abf357b-fb25-4ebb-8d43-8ef60fb6d02b' with name 'vitis-run_compile_SneakySnake_bit'
Thu May  8 18:15:14 2025: STOP_SERVER received, server token: b4d60ac9-d211-4050-b6f9-39258ae1e182, passed token: b4d60ac9-d211-4050-b6f9-39258ae1e182
Thu May  8 18:15:14 2025: Socket received request to stop server.
Thu May  8 18:15:14 2025: Dispatch Server: do_await_stop
Thu May  8 18:15:14 2025: Dispatch Server: stopping mainFifo_
Thu May  8 18:15:14 2025: XCD main fifo: Stopping
Thu May  8 18:15:14 2025: XCD main fifo: do_read error code: Operation canceled
Thu May  8 18:15:14 2025: XCD main fifo: bytes_transferred: 0
Thu May  8 18:15:14 2025: SERVER: destructor for server bound to port 33855
Thu May  8 18:15:14 2025: XCD main fifo: Good unlink of /tmp/xcdmainb4d60ac9-d211-4050-b6f9-39258ae1e182
Thu May  8 18:15:14 2025: Server exiting with status 0.
Thu May  8 18:15:14 2025: Closing log file.
Thu May  8 18:16:26 2025: Running xcd server. This server was built by gradle.
Thu May  8 18:16:26 2025: Server was asked to start on port: '42081'
Thu May  8 18:16:26 2025: Server is using token UUID: '7054c682-5dc0-4898-b135-4d1a3f1fd924'
Thu May  8 18:16:26 2025: SESSION_MGR: creating session with session uuid: '6d04a3e9-ade5-4ab9-8d63-1f78fcd2ec76' and name 'default'
Thu May  8 18:16:26 2025: Attempting to start server on port '42081'
Thu May  8 18:16:26 2025: XCD main fifo: created main fifo '/tmp/xcdmain7054c682-5dc0-4898-b135-4d1a3f1fd924', fd read = 13
Thu May  8 18:16:26 2025: Running Dispatch Server
Thu May  8 18:16:26 2025: Version 2.2.0
Thu May  8 18:16:28 2025: Dispatch Server: Accepted socket connection from client
Thu May  8 18:16:28 2025: Starting Socket connection
Thu May  8 18:16:28 2025: EXCHANGE_TOKEN received, server token: 7054c682-5dc0-4898-b135-4d1a3f1fd924, passed token: 7054c682-5dc0-4898-b135-4d1a3f1fd924
Thu May  8 18:16:28 2025: DISPATCH_HANDLER: Adding handler from function makeHandler in library libxv_system_diagram
Thu May  8 18:16:28 2025: SESSION_MGR: creating session with session uuid: 'b8dd0e89-4701-4d69-abc4-56bf884f36f3' and name 'vitis-run_compile_SneakySnake_bit'
Thu May  8 18:16:28 2025: KERNEL_SVC: creating session with uuid: 'b8dd0e89-4701-4d69-abc4-56bf884f36f3' and name 'vitis-run_compile_SneakySnake_bit'
Thu May  8 18:16:28 2025: GUIDANCE_SMGR: creating guidance session with uuid: 'b8dd0e89-4701-4d69-abc4-56bf884f36f3' and name 'vitis-run_compile_SneakySnake_bit'
Thu May  8 18:16:28 2025: SYSTEM_DIAGRAM: creating session with uuid: 'b8dd0e89-4701-4d69-abc4-56bf884f36f3' and name 'vitis-run_compile_SneakySnake_bit'
Thu May  8 18:16:37 2025: Dispatch Server: Accepted socket connection from client
Thu May  8 18:16:37 2025: Starting Socket connection
Thu May  8 18:16:42 2025: SESSION_MGR: closing session for UUID 'b8dd0e89-4701-4d69-abc4-56bf884f36f3' with name 'vitis-run_compile_SneakySnake_bit'
Thu May  8 18:16:42 2025: KERNEL_SVC: closing session for UUID 'b8dd0e89-4701-4d69-abc4-56bf884f36f3' with name 'vitis-run_compile_SneakySnake_bit'
Thu May  8 18:16:42 2025: GUIDANCE_SMGR: closing session for UUID 'b8dd0e89-4701-4d69-abc4-56bf884f36f3' with name 'vitis-run_compile_SneakySnake_bit'
Thu May  8 18:16:42 2025: SYSTEM_DIAGRAM: closing session for UUID 'b8dd0e89-4701-4d69-abc4-56bf884f36f3' with name 'vitis-run_compile_SneakySnake_bit'
Thu May  8 18:16:42 2025: STOP_SERVER received, server token: 7054c682-5dc0-4898-b135-4d1a3f1fd924, passed token: 7054c682-5dc0-4898-b135-4d1a3f1fd924
Thu May  8 18:16:42 2025: Socket received request to stop server.
Thu May  8 18:16:42 2025: Dispatch Server: do_await_stop
Thu May  8 18:16:42 2025: Dispatch Server: stopping mainFifo_
Thu May  8 18:16:42 2025: XCD main fifo: Stopping
Thu May  8 18:16:42 2025: XCD main fifo: do_read error code: Operation canceled
Thu May  8 18:16:42 2025: XCD main fifo: bytes_transferred: 0
Thu May  8 18:16:42 2025: SERVER: destructor for server bound to port 42081
Thu May  8 18:16:42 2025: XCD main fifo: Good unlink of /tmp/xcdmain7054c682-5dc0-4898-b135-4d1a3f1fd924
Thu May  8 18:16:42 2025: Server exiting with status 0.
Thu May  8 18:16:42 2025: Closing log file.
Thu May  8 18:23:19 2025: Running xcd server. This server was built by gradle.
Thu May  8 18:23:19 2025: Server was asked to start on port: '42389'
Thu May  8 18:23:19 2025: Server is using token UUID: '878ae06c-8e55-4cc8-9d2b-cc015a25ecff'
Thu May  8 18:23:19 2025: SESSION_MGR: creating session with session uuid: '6d04a3e9-ade5-4ab9-8d63-1f78fcd2ec76' and name 'default'
Thu May  8 18:23:19 2025: Attempting to start server on port '42389'
Thu May  8 18:23:19 2025: XCD main fifo: created main fifo '/tmp/xcdmain878ae06c-8e55-4cc8-9d2b-cc015a25ecff', fd read = 13
Thu May  8 18:23:19 2025: Running Dispatch Server
Thu May  8 18:23:19 2025: Version 2.2.0
Thu May  8 18:23:20 2025: Dispatch Server: Accepted socket connection from client
Thu May  8 18:23:20 2025: Starting Socket connection
Thu May  8 18:23:20 2025: EXCHANGE_TOKEN received, server token: 878ae06c-8e55-4cc8-9d2b-cc015a25ecff, passed token: 878ae06c-8e55-4cc8-9d2b-cc015a25ecff
Thu May  8 18:23:21 2025: DISPATCH_HANDLER: Adding handler from function makeHandler in library libxv_system_diagram
Thu May  8 18:23:21 2025: SESSION_MGR: creating session with session uuid: '0931a11a-cf43-43d0-b295-ba4b3c9d2287' and name 'vitis-run_compile_SneakySnake_bit'
Thu May  8 18:23:21 2025: KERNEL_SVC: creating session with uuid: '0931a11a-cf43-43d0-b295-ba4b3c9d2287' and name 'vitis-run_compile_SneakySnake_bit'
Thu May  8 18:23:21 2025: GUIDANCE_SMGR: creating guidance session with uuid: '0931a11a-cf43-43d0-b295-ba4b3c9d2287' and name 'vitis-run_compile_SneakySnake_bit'
Thu May  8 18:23:21 2025: SYSTEM_DIAGRAM: creating session with uuid: '0931a11a-cf43-43d0-b295-ba4b3c9d2287' and name 'vitis-run_compile_SneakySnake_bit'
Thu May  8 18:23:30 2025: Dispatch Server: Accepted socket connection from client
Thu May  8 18:23:30 2025: Starting Socket connection
Thu May  8 18:23:34 2025: SESSION_MGR: closing session for UUID '0931a11a-cf43-43d0-b295-ba4b3c9d2287' with name 'vitis-run_compile_SneakySnake_bit'
Thu May  8 18:23:34 2025: KERNEL_SVC: closing session for UUID '0931a11a-cf43-43d0-b295-ba4b3c9d2287' with name 'vitis-run_compile_SneakySnake_bit'
Thu May  8 18:23:34 2025: GUIDANCE_SMGR: closing session for UUID '0931a11a-cf43-43d0-b295-ba4b3c9d2287' with name 'vitis-run_compile_SneakySnake_bit'
Thu May  8 18:23:34 2025: SYSTEM_DIAGRAM: closing session for UUID '0931a11a-cf43-43d0-b295-ba4b3c9d2287' with name 'vitis-run_compile_SneakySnake_bit'
Thu May  8 18:23:34 2025: STOP_SERVER received, server token: 878ae06c-8e55-4cc8-9d2b-cc015a25ecff, passed token: 878ae06c-8e55-4cc8-9d2b-cc015a25ecff
Thu May  8 18:23:34 2025: Socket received request to stop server.
Thu May  8 18:23:34 2025: Dispatch Server: do_await_stop
Thu May  8 18:23:34 2025: Dispatch Server: stopping mainFifo_
Thu May  8 18:23:34 2025: XCD main fifo: Stopping
Thu May  8 18:23:34 2025: XCD main fifo: do_read error code: Operation canceled
Thu May  8 18:23:34 2025: XCD main fifo: bytes_transferred: 0
Thu May  8 18:23:34 2025: SERVER: destructor for server bound to port 42389
Thu May  8 18:23:34 2025: XCD main fifo: Good unlink of /tmp/xcdmain878ae06c-8e55-4cc8-9d2b-cc015a25ecff
Thu May  8 18:23:34 2025: Server exiting with status 0.
Thu May  8 18:23:34 2025: Closing log file.
Thu May  8 18:25:14 2025: Running xcd server. This server was built by gradle.
Thu May  8 18:25:14 2025: Server was asked to start on port: '41169'
Thu May  8 18:25:14 2025: Server is using token UUID: 'eb4be08f-6b80-4c64-a2d1-072146c26c1e'
Thu May  8 18:25:14 2025: SESSION_MGR: creating session with session uuid: '6d04a3e9-ade5-4ab9-8d63-1f78fcd2ec76' and name 'default'
Thu May  8 18:25:14 2025: Attempting to start server on port '41169'
Thu May  8 18:25:14 2025: XCD main fifo: created main fifo '/tmp/xcdmaineb4be08f-6b80-4c64-a2d1-072146c26c1e', fd read = 13
Thu May  8 18:25:14 2025: Running Dispatch Server
Thu May  8 18:25:14 2025: Version 2.2.0
Thu May  8 18:25:15 2025: Dispatch Server: Accepted socket connection from client
Thu May  8 18:25:15 2025: Starting Socket connection
Thu May  8 18:25:15 2025: EXCHANGE_TOKEN received, server token: eb4be08f-6b80-4c64-a2d1-072146c26c1e, passed token: eb4be08f-6b80-4c64-a2d1-072146c26c1e
Thu May  8 18:25:16 2025: DISPATCH_HANDLER: Adding handler from function makeHandler in library libxv_system_diagram
Thu May  8 18:25:16 2025: SESSION_MGR: creating session with session uuid: '8e47c960-fc52-4285-b059-1698983f3d33' and name 'vitis-run_compile_SneakySnake_bit'
Thu May  8 18:25:16 2025: KERNEL_SVC: creating session with uuid: '8e47c960-fc52-4285-b059-1698983f3d33' and name 'vitis-run_compile_SneakySnake_bit'
Thu May  8 18:25:16 2025: GUIDANCE_SMGR: creating guidance session with uuid: '8e47c960-fc52-4285-b059-1698983f3d33' and name 'vitis-run_compile_SneakySnake_bit'
Thu May  8 18:25:16 2025: SYSTEM_DIAGRAM: creating session with uuid: '8e47c960-fc52-4285-b059-1698983f3d33' and name 'vitis-run_compile_SneakySnake_bit'
Thu May  8 18:25:24 2025: Dispatch Server: Accepted socket connection from client
Thu May  8 18:25:24 2025: Starting Socket connection
Thu May  8 18:25:28 2025: SESSION_MGR: closing session for UUID '8e47c960-fc52-4285-b059-1698983f3d33' with name 'vitis-run_compile_SneakySnake_bit'
Thu May  8 18:25:28 2025: KERNEL_SVC: closing session for UUID '8e47c960-fc52-4285-b059-1698983f3d33' with name 'vitis-run_compile_SneakySnake_bit'
Thu May  8 18:25:28 2025: GUIDANCE_SMGR: closing session for UUID '8e47c960-fc52-4285-b059-1698983f3d33' with name 'vitis-run_compile_SneakySnake_bit'
Thu May  8 18:25:28 2025: SYSTEM_DIAGRAM: closing session for UUID '8e47c960-fc52-4285-b059-1698983f3d33' with name 'vitis-run_compile_SneakySnake_bit'
Thu May  8 18:25:28 2025: STOP_SERVER received, server token: eb4be08f-6b80-4c64-a2d1-072146c26c1e, passed token: eb4be08f-6b80-4c64-a2d1-072146c26c1e
Thu May  8 18:25:28 2025: Socket received request to stop server.
Thu May  8 18:25:28 2025: Dispatch Server: do_await_stop
Thu May  8 18:25:28 2025: Dispatch Server: stopping mainFifo_
Thu May  8 18:25:28 2025: XCD main fifo: Stopping
Thu May  8 18:25:28 2025: XCD main fifo: do_read error code: Operation canceled
Thu May  8 18:25:28 2025: XCD main fifo: bytes_transferred: 0
Thu May  8 18:25:28 2025: SERVER: destructor for server bound to port 41169
Thu May  8 18:25:28 2025: XCD main fifo: Good unlink of /tmp/xcdmaineb4be08f-6b80-4c64-a2d1-072146c26c1e
Thu May  8 18:25:28 2025: Server exiting with status 0.
Thu May  8 18:25:28 2025: Closing log file.
Thu May  8 18:30:48 2025: Running xcd server. This server was built by gradle.
Thu May  8 18:30:48 2025: Server was asked to start on port: '38833'
Thu May  8 18:30:48 2025: Server is using token UUID: '6a9e4b6f-a34c-4a8a-ad29-aa247a24b448'
Thu May  8 18:30:48 2025: SESSION_MGR: creating session with session uuid: '6d04a3e9-ade5-4ab9-8d63-1f78fcd2ec76' and name 'default'
Thu May  8 18:30:48 2025: Attempting to start server on port '38833'
Thu May  8 18:30:48 2025: XCD main fifo: created main fifo '/tmp/xcdmain6a9e4b6f-a34c-4a8a-ad29-aa247a24b448', fd read = 13
Thu May  8 18:30:48 2025: Running Dispatch Server
Thu May  8 18:30:48 2025: Version 2.2.0
Thu May  8 18:30:49 2025: Dispatch Server: Accepted socket connection from client
Thu May  8 18:30:49 2025: Starting Socket connection
Thu May  8 18:30:49 2025: EXCHANGE_TOKEN received, server token: 6a9e4b6f-a34c-4a8a-ad29-aa247a24b448, passed token: 6a9e4b6f-a34c-4a8a-ad29-aa247a24b448
Thu May  8 18:30:50 2025: DISPATCH_HANDLER: Adding handler from function makeHandler in library libxv_system_diagram
Thu May  8 18:30:50 2025: SESSION_MGR: creating session with session uuid: '9ce0e021-2b9d-46a8-a8fa-86f4fb1e3d42' and name 'vitis-run_compile_SneakySnake_bit'
Thu May  8 18:30:50 2025: KERNEL_SVC: creating session with uuid: '9ce0e021-2b9d-46a8-a8fa-86f4fb1e3d42' and name 'vitis-run_compile_SneakySnake_bit'
Thu May  8 18:30:50 2025: GUIDANCE_SMGR: creating guidance session with uuid: '9ce0e021-2b9d-46a8-a8fa-86f4fb1e3d42' and name 'vitis-run_compile_SneakySnake_bit'
Thu May  8 18:30:50 2025: SYSTEM_DIAGRAM: creating session with uuid: '9ce0e021-2b9d-46a8-a8fa-86f4fb1e3d42' and name 'vitis-run_compile_SneakySnake_bit'
Thu May  8 18:30:58 2025: Dispatch Server: Accepted socket connection from client
Thu May  8 18:30:58 2025: Starting Socket connection
Thu May  8 18:31:04 2025: SESSION_MGR: closing session for UUID '9ce0e021-2b9d-46a8-a8fa-86f4fb1e3d42' with name 'vitis-run_compile_SneakySnake_bit'
Thu May  8 18:31:04 2025: KERNEL_SVC: closing session for UUID '9ce0e021-2b9d-46a8-a8fa-86f4fb1e3d42' with name 'vitis-run_compile_SneakySnake_bit'
Thu May  8 18:31:04 2025: GUIDANCE_SMGR: closing session for UUID '9ce0e021-2b9d-46a8-a8fa-86f4fb1e3d42' with name 'vitis-run_compile_SneakySnake_bit'
Thu May  8 18:31:04 2025: SYSTEM_DIAGRAM: closing session for UUID '9ce0e021-2b9d-46a8-a8fa-86f4fb1e3d42' with name 'vitis-run_compile_SneakySnake_bit'
Thu May  8 18:31:04 2025: STOP_SERVER received, server token: 6a9e4b6f-a34c-4a8a-ad29-aa247a24b448, passed token: 6a9e4b6f-a34c-4a8a-ad29-aa247a24b448
Thu May  8 18:31:04 2025: Socket received request to stop server.
Thu May  8 18:31:04 2025: Dispatch Server: do_await_stop
Thu May  8 18:31:04 2025: Dispatch Server: stopping mainFifo_
Thu May  8 18:31:04 2025: XCD main fifo: Stopping
Thu May  8 18:31:04 2025: XCD main fifo: do_read error code: Operation canceled
Thu May  8 18:31:04 2025: XCD main fifo: bytes_transferred: 0
Thu May  8 18:31:04 2025: SERVER: destructor for server bound to port 38833
Thu May  8 18:31:04 2025: XCD main fifo: Good unlink of /tmp/xcdmain6a9e4b6f-a34c-4a8a-ad29-aa247a24b448
Thu May  8 18:31:04 2025: Server exiting with status 0.
Thu May  8 18:31:04 2025: Closing log file.
