Execute     source -notrace -encoding utf-8 /tools/Xilinx/Vitis/2024.2/tps/tcl/tcl8.6/clock.tcl 
Execute       source -encoding utf-8 /tools/Xilinx/Vitis/2024.2/tps/tcl/tcl8/8.5/msgcat-1.6.1.tm 
INFO-FLOW: Workspace /home/deniz/Projects/SneakySnake/HLSWorkSpace/SnakeOnHls/SnakeOnHls/hls opened at Wed May 07 16:03:40 CEST 2025
Execute     send_msg_by_id INFO @200-1505@%s%s default  vivado 
INFO: [HLS 200-1505] Using default flow_target 'vivado'
Execute   apply_ini /home/deniz/Projects/SneakySnake/HLSWorkSpace/SnakeOnHls/hls_config.cfg 
Execute     send_msg_by_id INFO @200-1465@%s 'syn.file=/home/deniz/Projects/SneakySnake/SneakySnake-HLS-HBM/hw/fetch_mem.cpp' from /home/deniz/Projects/SneakySnake/HLSWorkSpace/SnakeOnHls/hls_config.cfg(7) 
INFO: [HLS 200-1465] Applying ini 'syn.file=/home/deniz/Projects/SneakySnake/SneakySnake-HLS-HBM/hw/fetch_mem.cpp' from /home/deniz/Projects/SneakySnake/HLSWorkSpace/SnakeOnHls/hls_config.cfg(7)
Execute     add_files /home/deniz/Projects/SneakySnake/SneakySnake-HLS-HBM/hw/fetch_mem.cpp 
INFO: [HLS 200-10] Adding design file '/home/deniz/Projects/SneakySnake/SneakySnake-HLS-HBM/hw/fetch_mem.cpp' to the project
Execute     send_msg_by_id INFO @200-1465@%s 'syn.file=/home/deniz/Projects/SneakySnake/SneakySnake-HLS-HBM/hw/fetch_mem.h' from /home/deniz/Projects/SneakySnake/HLSWorkSpace/SnakeOnHls/hls_config.cfg(8) 
INFO: [HLS 200-1465] Applying ini 'syn.file=/home/deniz/Projects/SneakySnake/SneakySnake-HLS-HBM/hw/fetch_mem.h' from /home/deniz/Projects/SneakySnake/HLSWorkSpace/SnakeOnHls/hls_config.cfg(8)
Execute     add_files /home/deniz/Projects/SneakySnake/SneakySnake-HLS-HBM/hw/fetch_mem.h 
INFO: [HLS 200-10] Adding design file '/home/deniz/Projects/SneakySnake/SneakySnake-HLS-HBM/hw/fetch_mem.h' to the project
Execute     send_msg_by_id INFO @200-1465@%s 'syn.file=/home/deniz/Projects/SneakySnake/SneakySnake-HLS-HBM/hw/hw_action_hbm.cpp' from /home/deniz/Projects/SneakySnake/HLSWorkSpace/SnakeOnHls/hls_config.cfg(9) 
INFO: [HLS 200-1465] Applying ini 'syn.file=/home/deniz/Projects/SneakySnake/SneakySnake-HLS-HBM/hw/hw_action_hbm.cpp' from /home/deniz/Projects/SneakySnake/HLSWorkSpace/SnakeOnHls/hls_config.cfg(9)
Execute     add_files /home/deniz/Projects/SneakySnake/SneakySnake-HLS-HBM/hw/hw_action_hbm.cpp 
INFO: [HLS 200-10] Adding design file '/home/deniz/Projects/SneakySnake/SneakySnake-HLS-HBM/hw/hw_action_hbm.cpp' to the project
Execute     send_msg_by_id INFO @200-1465@%s 'syn.file=/home/deniz/Projects/SneakySnake/SneakySnake-HLS-HBM/hw/hw_action_hbm.H' from /home/deniz/Projects/SneakySnake/HLSWorkSpace/SnakeOnHls/hls_config.cfg(10) 
INFO: [HLS 200-1465] Applying ini 'syn.file=/home/deniz/Projects/SneakySnake/SneakySnake-HLS-HBM/hw/hw_action_hbm.H' from /home/deniz/Projects/SneakySnake/HLSWorkSpace/SnakeOnHls/hls_config.cfg(10)
Execute     add_files /home/deniz/Projects/SneakySnake/SneakySnake-HLS-HBM/hw/hw_action_hbm.H 
INFO: [HLS 200-10] Adding design file '/home/deniz/Projects/SneakySnake/SneakySnake-HLS-HBM/hw/hw_action_hbm.H' to the project
Execute     send_msg_by_id INFO @200-1465@%s 'syn.file=/home/deniz/Projects/SneakySnake/SneakySnake-HLS-HBM/hw/pipeline.cpp' from /home/deniz/Projects/SneakySnake/HLSWorkSpace/SnakeOnHls/hls_config.cfg(11) 
INFO: [HLS 200-1465] Applying ini 'syn.file=/home/deniz/Projects/SneakySnake/SneakySnake-HLS-HBM/hw/pipeline.cpp' from /home/deniz/Projects/SneakySnake/HLSWorkSpace/SnakeOnHls/hls_config.cfg(11)
Execute     add_files /home/deniz/Projects/SneakySnake/SneakySnake-HLS-HBM/hw/pipeline.cpp 
INFO: [HLS 200-10] Adding design file '/home/deniz/Projects/SneakySnake/SneakySnake-HLS-HBM/hw/pipeline.cpp' to the project
Execute     send_msg_by_id INFO @200-1465@%s 'syn.file=/home/deniz/Projects/SneakySnake/SneakySnake-HLS-HBM/hw/pipeline.h' from /home/deniz/Projects/SneakySnake/HLSWorkSpace/SnakeOnHls/hls_config.cfg(12) 
INFO: [HLS 200-1465] Applying ini 'syn.file=/home/deniz/Projects/SneakySnake/SneakySnake-HLS-HBM/hw/pipeline.h' from /home/deniz/Projects/SneakySnake/HLSWorkSpace/SnakeOnHls/hls_config.cfg(12)
Execute     add_files /home/deniz/Projects/SneakySnake/SneakySnake-HLS-HBM/hw/pipeline.h 
INFO: [HLS 200-10] Adding design file '/home/deniz/Projects/SneakySnake/SneakySnake-HLS-HBM/hw/pipeline.h' to the project
Execute     send_msg_by_id INFO @200-1465@%s 'syn.file=/home/deniz/Projects/SneakySnake/SneakySnake-HLS-HBM/include/action_memcopy.h' from /home/deniz/Projects/SneakySnake/HLSWorkSpace/SnakeOnHls/hls_config.cfg(13) 
INFO: [HLS 200-1465] Applying ini 'syn.file=/home/deniz/Projects/SneakySnake/SneakySnake-HLS-HBM/include/action_memcopy.h' from /home/deniz/Projects/SneakySnake/HLSWorkSpace/SnakeOnHls/hls_config.cfg(13)
Execute     add_files /home/deniz/Projects/SneakySnake/SneakySnake-HLS-HBM/include/action_memcopy.h 
INFO: [HLS 200-10] Adding design file '/home/deniz/Projects/SneakySnake/SneakySnake-HLS-HBM/include/action_memcopy.h' to the project
Execute     send_msg_by_id INFO @200-1465@%s 'tb.file=/home/deniz/Projects/SneakySnake/SneakySnake-HLS-HBM/include/action_memcopy.h' from /home/deniz/Projects/SneakySnake/HLSWorkSpace/SnakeOnHls/hls_config.cfg(15) 
INFO: [HLS 200-1465] Applying ini 'tb.file=/home/deniz/Projects/SneakySnake/SneakySnake-HLS-HBM/include/action_memcopy.h' from /home/deniz/Projects/SneakySnake/HLSWorkSpace/SnakeOnHls/hls_config.cfg(15)
Execute     add_files -tb /home/deniz/Projects/SneakySnake/SneakySnake-HLS-HBM/include/action_memcopy.h 
INFO: [HLS 200-10] Adding test bench file '/home/deniz/Projects/SneakySnake/SneakySnake-HLS-HBM/include/action_memcopy.h' to the project
Execute     send_msg_by_id INFO @200-1465@%s 'flow_target=vitis' from /home/deniz/Projects/SneakySnake/HLSWorkSpace/SnakeOnHls/hls_config.cfg(4) 
INFO: [HLS 200-1465] Applying ini 'flow_target=vitis' from /home/deniz/Projects/SneakySnake/HLSWorkSpace/SnakeOnHls/hls_config.cfg(4)
Execute     send_msg_by_id INFO @200-1505@%s%s  vitis 
INFO: [HLS 200-1505] Using flow_target 'vitis'
Execute     send_msg_by_id INFO @200-435@%s%s 'open_solution -flow_target vitis' config_interface -m_axi_latency=64 
INFO: [HLS 200-435] Setting 'open_solution -flow_target vitis' configuration: config_interface -m_axi_latency=64
Execute     config_interface -m_axi_latency=64 
Execute     send_msg_by_id INFO @200-435@%s%s 'open_solution -flow_target vitis' config_interface -m_axi_alignment_byte_size=64 
INFO: [HLS 200-435] Setting 'open_solution -flow_target vitis' configuration: config_interface -m_axi_alignment_byte_size=64
Execute     config_interface -m_axi_alignment_byte_size=64 
Execute     send_msg_by_id INFO @200-435@%s%s 'open_solution -flow_target vitis' config_interface -m_axi_max_widen_bitwidth=512 
INFO: [HLS 200-435] Setting 'open_solution -flow_target vitis' configuration: config_interface -m_axi_max_widen_bitwidth=512
Execute     config_interface -m_axi_max_widen_bitwidth=512 
INFO-FLOW: Setting macro_cmd open_solution -flow_target vitis configuration: config_interface -default_interface=kernel
Execute     config_interface -default_interface=kernel 
Execute     send_msg_by_id INFO @200-435@%s%s 'open_solution -flow_target vitis' config_rtl -register_reset_num=3 
INFO: [HLS 200-435] Setting 'open_solution -flow_target vitis' configuration: config_rtl -register_reset_num=3
Execute     config_rtl -register_reset_num=3 
Execute     send_msg_by_id INFO @200-1465@%s 'part=xcvu9p-flga2104-2-i' from /home/deniz/Projects/SneakySnake/HLSWorkSpace/SnakeOnHls/hls_config.cfg(1) 
INFO: [HLS 200-1465] Applying ini 'part=xcvu9p-flga2104-2-i' from /home/deniz/Projects/SneakySnake/HLSWorkSpace/SnakeOnHls/hls_config.cfg(1)
Execute     set_part xcvu9p-flga2104-2-i 
Execute       create_platform xcvu9p-flga2104-2-i -board  
DBG:HLSDevice: Trying to load device library: /tools/Xilinx/Vitis/2024.2/lib/lnx64.o/libxv_hlsvwrap.so
DBG:HLSDevice: first parts/arch.xml in RDI_DATADIR: /tools/Xilinx/Vivado/2024.2/data/parts/arch.xml
DBG:HLSDevice: init success
INFO: [HLS 200-1611] Setting target device to 'xcvu9p-flga2104-2-i'
Command       create_platform done; 8.99 sec.
Execute       source /tools/Xilinx/Vitis/2024.2/common/technology/xilinx/common/xilinx.gen 
Execute         source /tools/Xilinx/Vitis/2024.2/common/technology/xilinx/interface/plb46.gen 
Execute         source /tools/Xilinx/Vitis/2024.2/common/technology/xilinx/interface/axi4.gen 
Execute         source /tools/Xilinx/Vitis/2024.2/common/technology/xilinx/interface/nativeAXI4.gen 
Execute           source /tools/Xilinx/Vitis/2024.2/common/technology/xilinx/interface/saxilite.gen 
Execute         source /tools/Xilinx/Vitis/2024.2/common/technology/xilinx/scripts/xilinxcoregen.gen 
Execute         source /tools/Xilinx/Vitis/2024.2/common/technology/xilinx/interface/XilEDKCoreGen.gen 
Execute         source /tools/Xilinx/Vitis/2024.2/common/technology/xilinx/ip/xfft.gen 
Command         ap_source done; 0.2 sec.
Execute         source /tools/Xilinx/Vitis/2024.2/common/technology/xilinx/ip/util.gen 
Execute         source /tools/Xilinx/Vitis/2024.2/common/technology/xilinx/ip/xfir.gen 
Execute         source /tools/Xilinx/Vitis/2024.2/common/technology/xilinx/ip/dds_compiler.gen 
Execute         source /tools/Xilinx/Vitis/2024.2/common/technology/xilinx/DSP48/dsp48.gen 
Command       ap_source done; 0.34 sec.
Execute       ap_part_info -name xcvu9p-flga2104-2-i -data info 
Command       ap_part_info done; 0.19 sec.
Execute       config_compile -quiet -complex-mul-dsp=0 
Command     set_part done; 9.6 sec.
Execute     send_msg_by_id INFO @200-1465@%s 'csim.code_analyzer=1' from /home/deniz/Projects/SneakySnake/HLSWorkSpace/SnakeOnHls/hls_config.cfg(14) 
INFO: [HLS 200-1465] Applying ini 'csim.code_analyzer=1' from /home/deniz/Projects/SneakySnake/HLSWorkSpace/SnakeOnHls/hls_config.cfg(14)
Execute     config_csim -code_analyzer=1 
Execute     send_msg_by_id INFO @200-1465@%s 'package.output.format=xo' from /home/deniz/Projects/SneakySnake/HLSWorkSpace/SnakeOnHls/hls_config.cfg(5) 
INFO: [HLS 200-1465] Applying ini 'package.output.format=xo' from /home/deniz/Projects/SneakySnake/HLSWorkSpace/SnakeOnHls/hls_config.cfg(5)
Execute     config_export -format=xo 
Command   apply_ini done; 9.8 sec.
Execute   apply_ini /home/deniz/Projects/SneakySnake/HLSWorkSpace/SnakeOnHls/SnakeOnHls/hls/config.cmdline 
Execute   ::AP::init_summary_file csim 
Execute     AP::app_get_file_relativeroot [AP::app_get_root] {}
Execute   csim_design 
INFO-FLOW: Running SLX 'csim' proc: ::SLX::run_csim
INFO-FLOW: ::SLX::run_csim failed: child process exited abnormally
INFO-FLOW: Caught error in csim_design: Problem running csim: child process exited abnormally
    while executing
"error "Problem running $stage: $result""
    (procedure "::AP::hls_slx_hook" line 55)
    invoked from within
"::AP::hls_slx_hook csim $config_value_dict replace_flow"
    (procedure "ap_internal_csim_design" line 100)
    invoked from within
"ap_internal_csim_design "
Command   csim_design done; error code: 2; 6.66 sec.
Execute   close_project 
Execute     close_solution 
Execute       cleanup_all 
Execute       cleanup_all 
Execute     source -notrace -encoding utf-8 /tools/Xilinx/Vitis/2024.2/tps/tcl/tcl8.6/clock.tcl 
Execute       source -encoding utf-8 /tools/Xilinx/Vitis/2024.2/tps/tcl/tcl8/8.5/msgcat-1.6.1.tm 
INFO-FLOW: Workspace /home/deniz/Projects/SneakySnake/HLSWorkSpace/SnakeOnHls/SnakeOnHls/hls opened at Wed May 07 16:12:09 CEST 2025
Execute     send_msg_by_id INFO @200-1505@%s%s default  vivado 
INFO: [HLS 200-1505] Using default flow_target 'vivado'
Execute   apply_ini /home/deniz/Projects/SneakySnake/HLSWorkSpace/SnakeOnHls/hls_config.cfg 
Execute     send_msg_by_id INFO @200-1465@%s 'syn.file=/home/deniz/Projects/SneakySnake/SneakySnake/SneakySnake.c' from /home/deniz/Projects/SneakySnake/HLSWorkSpace/SnakeOnHls/hls_config.cfg(8) 
INFO: [HLS 200-1465] Applying ini 'syn.file=/home/deniz/Projects/SneakySnake/SneakySnake/SneakySnake.c' from /home/deniz/Projects/SneakySnake/HLSWorkSpace/SnakeOnHls/hls_config.cfg(8)
Execute     add_files /home/deniz/Projects/SneakySnake/SneakySnake/SneakySnake.c 
INFO: [HLS 200-10] Adding design file '/home/deniz/Projects/SneakySnake/SneakySnake/SneakySnake.c' to the project
Execute     send_msg_by_id INFO @200-1465@%s 'tb.file=/home/deniz/Projects/SneakySnake/Datasets/LongSequences_100K_PBSIM_10Pairs.txt' from /home/deniz/Projects/SneakySnake/HLSWorkSpace/SnakeOnHls/hls_config.cfg(10) 
INFO: [HLS 200-1465] Applying ini 'tb.file=/home/deniz/Projects/SneakySnake/Datasets/LongSequences_100K_PBSIM_10Pairs.txt' from /home/deniz/Projects/SneakySnake/HLSWorkSpace/SnakeOnHls/hls_config.cfg(10)
Execute     add_files -tb /home/deniz/Projects/SneakySnake/Datasets/LongSequences_100K_PBSIM_10Pairs.txt 
INFO: [HLS 200-10] Adding test bench file '/home/deniz/Projects/SneakySnake/Datasets/LongSequences_100K_PBSIM_10Pairs.txt' to the project
Execute     send_msg_by_id INFO @200-1465@%s 'tb.file=/home/deniz/Projects/SneakySnake/Snake-on-Chip/Snake-on-Chip_test.cpp' from /home/deniz/Projects/SneakySnake/HLSWorkSpace/SnakeOnHls/hls_config.cfg(11) 
INFO: [HLS 200-1465] Applying ini 'tb.file=/home/deniz/Projects/SneakySnake/Snake-on-Chip/Snake-on-Chip_test.cpp' from /home/deniz/Projects/SneakySnake/HLSWorkSpace/SnakeOnHls/hls_config.cfg(11)
Execute     add_files -tb /home/deniz/Projects/SneakySnake/Snake-on-Chip/Snake-on-Chip_test.cpp 
INFO: [HLS 200-10] Adding test bench file '/home/deniz/Projects/SneakySnake/Snake-on-Chip/Snake-on-Chip_test.cpp' to the project
Execute     send_msg_by_id INFO @200-1465@%s 'syn.top=SneakySnake' from /home/deniz/Projects/SneakySnake/HLSWorkSpace/SnakeOnHls/hls_config.cfg(9) 
INFO: [HLS 200-1465] Applying ini 'syn.top=SneakySnake' from /home/deniz/Projects/SneakySnake/HLSWorkSpace/SnakeOnHls/hls_config.cfg(9)
Execute     set_top SneakySnake 
Execute     send_msg_by_id INFO @200-1465@%s 'flow_target=vitis' from /home/deniz/Projects/SneakySnake/HLSWorkSpace/SnakeOnHls/hls_config.cfg(4) 
INFO: [HLS 200-1465] Applying ini 'flow_target=vitis' from /home/deniz/Projects/SneakySnake/HLSWorkSpace/SnakeOnHls/hls_config.cfg(4)
Execute     send_msg_by_id INFO @200-1505@%s%s  vitis 
INFO: [HLS 200-1505] Using flow_target 'vitis'
Execute     send_msg_by_id INFO @200-435@%s%s 'open_solution -flow_target vitis' config_interface -m_axi_latency=64 
INFO: [HLS 200-435] Setting 'open_solution -flow_target vitis' configuration: config_interface -m_axi_latency=64
Execute     config_interface -m_axi_latency=64 
Execute     send_msg_by_id INFO @200-435@%s%s 'open_solution -flow_target vitis' config_interface -m_axi_alignment_byte_size=64 
INFO: [HLS 200-435] Setting 'open_solution -flow_target vitis' configuration: config_interface -m_axi_alignment_byte_size=64
Execute     config_interface -m_axi_alignment_byte_size=64 
Execute     send_msg_by_id INFO @200-435@%s%s 'open_solution -flow_target vitis' config_interface -m_axi_max_widen_bitwidth=512 
INFO: [HLS 200-435] Setting 'open_solution -flow_target vitis' configuration: config_interface -m_axi_max_widen_bitwidth=512
Execute     config_interface -m_axi_max_widen_bitwidth=512 
INFO-FLOW: Setting macro_cmd open_solution -flow_target vitis configuration: config_interface -default_interface=kernel
Execute     config_interface -default_interface=kernel 
Execute     send_msg_by_id INFO @200-435@%s%s 'open_solution -flow_target vitis' config_rtl -register_reset_num=3 
INFO: [HLS 200-435] Setting 'open_solution -flow_target vitis' configuration: config_rtl -register_reset_num=3
Execute     config_rtl -register_reset_num=3 
Execute     send_msg_by_id INFO @200-1465@%s 'part=xcvu9p-flga2104-2-i' from /home/deniz/Projects/SneakySnake/HLSWorkSpace/SnakeOnHls/hls_config.cfg(1) 
INFO: [HLS 200-1465] Applying ini 'part=xcvu9p-flga2104-2-i' from /home/deniz/Projects/SneakySnake/HLSWorkSpace/SnakeOnHls/hls_config.cfg(1)
Execute     set_part xcvu9p-flga2104-2-i 
Execute       create_platform xcvu9p-flga2104-2-i -board  
DBG:HLSDevice: Trying to load device library: /tools/Xilinx/Vitis/2024.2/lib/lnx64.o/libxv_hlsvwrap.so
DBG:HLSDevice: first parts/arch.xml in RDI_DATADIR: /tools/Xilinx/Vivado/2024.2/data/parts/arch.xml
DBG:HLSDevice: init success
INFO: [HLS 200-1611] Setting target device to 'xcvu9p-flga2104-2-i'
Command       create_platform done; 9.35 sec.
Execute       source /tools/Xilinx/Vitis/2024.2/common/technology/xilinx/common/xilinx.gen 
Execute         source /tools/Xilinx/Vitis/2024.2/common/technology/xilinx/interface/plb46.gen 
Execute         source /tools/Xilinx/Vitis/2024.2/common/technology/xilinx/interface/axi4.gen 
Execute         source /tools/Xilinx/Vitis/2024.2/common/technology/xilinx/interface/nativeAXI4.gen 
Execute           source /tools/Xilinx/Vitis/2024.2/common/technology/xilinx/interface/saxilite.gen 
Execute         source /tools/Xilinx/Vitis/2024.2/common/technology/xilinx/scripts/xilinxcoregen.gen 
Execute         source /tools/Xilinx/Vitis/2024.2/common/technology/xilinx/interface/XilEDKCoreGen.gen 
Execute         source /tools/Xilinx/Vitis/2024.2/common/technology/xilinx/ip/xfft.gen 
Command         ap_source done; 0.34 sec.
Execute         source /tools/Xilinx/Vitis/2024.2/common/technology/xilinx/ip/util.gen 
Execute         source /tools/Xilinx/Vitis/2024.2/common/technology/xilinx/ip/xfir.gen 
Execute         source /tools/Xilinx/Vitis/2024.2/common/technology/xilinx/ip/dds_compiler.gen 
Execute         source /tools/Xilinx/Vitis/2024.2/common/technology/xilinx/DSP48/dsp48.gen 
Command       ap_source done; 0.45 sec.
Execute       ap_part_info -name xcvu9p-flga2104-2-i -data info 
Command       ap_part_info done; 0.3 sec.
Execute       config_compile -quiet -complex-mul-dsp=0 
Command     set_part done; 10.13 sec.
Execute     send_msg_by_id INFO @200-1465@%s 'csim.code_analyzer=1' from /home/deniz/Projects/SneakySnake/HLSWorkSpace/SnakeOnHls/hls_config.cfg(7) 
INFO: [HLS 200-1465] Applying ini 'csim.code_analyzer=1' from /home/deniz/Projects/SneakySnake/HLSWorkSpace/SnakeOnHls/hls_config.cfg(7)
Execute     config_csim -code_analyzer=1 
Execute     send_msg_by_id INFO @200-1465@%s 'package.output.format=xo' from /home/deniz/Projects/SneakySnake/HLSWorkSpace/SnakeOnHls/hls_config.cfg(5) 
INFO: [HLS 200-1465] Applying ini 'package.output.format=xo' from /home/deniz/Projects/SneakySnake/HLSWorkSpace/SnakeOnHls/hls_config.cfg(5)
Execute     config_export -format=xo 
Command   apply_ini done; 10.3 sec.
Execute   apply_ini /home/deniz/Projects/SneakySnake/HLSWorkSpace/SnakeOnHls/SnakeOnHls/hls/config.cmdline 
Execute   ::AP::init_summary_file csim 
Execute     AP::app_get_file_relativeroot [AP::app_get_root] {}
Execute   csim_design 
INFO-FLOW: Running SLX 'csim' proc: ::SLX::run_csim
INFO-FLOW: ::SLX::run_csim failed: child process exited abnormally
INFO-FLOW: Caught error in csim_design: Problem running csim: child process exited abnormally
    while executing
"error "Problem running $stage: $result""
    (procedure "::AP::hls_slx_hook" line 55)
    invoked from within
"::AP::hls_slx_hook csim $config_value_dict replace_flow"
    (procedure "ap_internal_csim_design" line 100)
    invoked from within
"ap_internal_csim_design "
Command   csim_design done; error code: 2; 9.11 sec.
Execute   close_project 
Execute     close_solution 
Execute       cleanup_all 
Execute       cleanup_all 
Execute     source -notrace -encoding utf-8 /tools/Xilinx/Vitis/2024.2/tps/tcl/tcl8.6/clock.tcl 
Execute       source -encoding utf-8 /tools/Xilinx/Vitis/2024.2/tps/tcl/tcl8/8.5/msgcat-1.6.1.tm 
INFO-FLOW: Workspace /home/deniz/Projects/SneakySnake/HLSWorkSpace/SnakeOnHls/SnakeOnHls/hls opened at Wed May 07 16:49:18 CEST 2025
Execute     send_msg_by_id INFO @200-1505@%s%s default  vivado 
INFO: [HLS 200-1505] Using default flow_target 'vivado'
Execute   apply_ini /home/deniz/Projects/SneakySnake/HLSWorkSpace/SnakeOnHls/hls_config.cfg 
Execute     send_msg_by_id INFO @200-1465@%s 'syn.file=/home/deniz/Projects/SneakySnake/SneakySnake-HLS-HBM/hw/fetch_mem.cpp' from /home/deniz/Projects/SneakySnake/HLSWorkSpace/SnakeOnHls/hls_config.cfg(9) 
INFO: [HLS 200-1465] Applying ini 'syn.file=/home/deniz/Projects/SneakySnake/SneakySnake-HLS-HBM/hw/fetch_mem.cpp' from /home/deniz/Projects/SneakySnake/HLSWorkSpace/SnakeOnHls/hls_config.cfg(9)
Execute     add_files /home/deniz/Projects/SneakySnake/SneakySnake-HLS-HBM/hw/fetch_mem.cpp 
INFO: [HLS 200-10] Adding design file '/home/deniz/Projects/SneakySnake/SneakySnake-HLS-HBM/hw/fetch_mem.cpp' to the project
Execute     send_msg_by_id INFO @200-1465@%s 'syn.file=/home/deniz/Projects/SneakySnake/SneakySnake-HLS-HBM/hw/fetch_mem.h' from /home/deniz/Projects/SneakySnake/HLSWorkSpace/SnakeOnHls/hls_config.cfg(10) 
INFO: [HLS 200-1465] Applying ini 'syn.file=/home/deniz/Projects/SneakySnake/SneakySnake-HLS-HBM/hw/fetch_mem.h' from /home/deniz/Projects/SneakySnake/HLSWorkSpace/SnakeOnHls/hls_config.cfg(10)
Execute     add_files /home/deniz/Projects/SneakySnake/SneakySnake-HLS-HBM/hw/fetch_mem.h 
INFO: [HLS 200-10] Adding design file '/home/deniz/Projects/SneakySnake/SneakySnake-HLS-HBM/hw/fetch_mem.h' to the project
Execute     send_msg_by_id INFO @200-1465@%s 'syn.file=/home/deniz/Projects/SneakySnake/SneakySnake-HLS-HBM/hw/hw_action_hbm.cpp' from /home/deniz/Projects/SneakySnake/HLSWorkSpace/SnakeOnHls/hls_config.cfg(11) 
INFO: [HLS 200-1465] Applying ini 'syn.file=/home/deniz/Projects/SneakySnake/SneakySnake-HLS-HBM/hw/hw_action_hbm.cpp' from /home/deniz/Projects/SneakySnake/HLSWorkSpace/SnakeOnHls/hls_config.cfg(11)
Execute     add_files /home/deniz/Projects/SneakySnake/SneakySnake-HLS-HBM/hw/hw_action_hbm.cpp 
INFO: [HLS 200-10] Adding design file '/home/deniz/Projects/SneakySnake/SneakySnake-HLS-HBM/hw/hw_action_hbm.cpp' to the project
Execute     send_msg_by_id INFO @200-1465@%s 'syn.file=/home/deniz/Projects/SneakySnake/SneakySnake-HLS-HBM/hw/hw_action_hbm.H' from /home/deniz/Projects/SneakySnake/HLSWorkSpace/SnakeOnHls/hls_config.cfg(12) 
INFO: [HLS 200-1465] Applying ini 'syn.file=/home/deniz/Projects/SneakySnake/SneakySnake-HLS-HBM/hw/hw_action_hbm.H' from /home/deniz/Projects/SneakySnake/HLSWorkSpace/SnakeOnHls/hls_config.cfg(12)
Execute     add_files /home/deniz/Projects/SneakySnake/SneakySnake-HLS-HBM/hw/hw_action_hbm.H 
INFO: [HLS 200-10] Adding design file '/home/deniz/Projects/SneakySnake/SneakySnake-HLS-HBM/hw/hw_action_hbm.H' to the project
Execute     send_msg_by_id INFO @200-1465@%s 'syn.file=/home/deniz/Projects/SneakySnake/SneakySnake-HLS-HBM/hw/pipeline.cpp' from /home/deniz/Projects/SneakySnake/HLSWorkSpace/SnakeOnHls/hls_config.cfg(13) 
INFO: [HLS 200-1465] Applying ini 'syn.file=/home/deniz/Projects/SneakySnake/SneakySnake-HLS-HBM/hw/pipeline.cpp' from /home/deniz/Projects/SneakySnake/HLSWorkSpace/SnakeOnHls/hls_config.cfg(13)
Execute     add_files /home/deniz/Projects/SneakySnake/SneakySnake-HLS-HBM/hw/pipeline.cpp 
INFO: [HLS 200-10] Adding design file '/home/deniz/Projects/SneakySnake/SneakySnake-HLS-HBM/hw/pipeline.cpp' to the project
Execute     send_msg_by_id INFO @200-1465@%s 'syn.file=/home/deniz/Projects/SneakySnake/SneakySnake-HLS-HBM/hw/pipeline.h' from /home/deniz/Projects/SneakySnake/HLSWorkSpace/SnakeOnHls/hls_config.cfg(14) 
INFO: [HLS 200-1465] Applying ini 'syn.file=/home/deniz/Projects/SneakySnake/SneakySnake-HLS-HBM/hw/pipeline.h' from /home/deniz/Projects/SneakySnake/HLSWorkSpace/SnakeOnHls/hls_config.cfg(14)
Execute     add_files /home/deniz/Projects/SneakySnake/SneakySnake-HLS-HBM/hw/pipeline.h 
INFO: [HLS 200-10] Adding design file '/home/deniz/Projects/SneakySnake/SneakySnake-HLS-HBM/hw/pipeline.h' to the project
Execute     send_msg_by_id INFO @200-1465@%s 'syn.file=/home/deniz/Projects/SneakySnake/SneakySnake-HLS-HBM/include/action_memcopy.h' from /home/deniz/Projects/SneakySnake/HLSWorkSpace/SnakeOnHls/hls_config.cfg(15) 
INFO: [HLS 200-1465] Applying ini 'syn.file=/home/deniz/Projects/SneakySnake/SneakySnake-HLS-HBM/include/action_memcopy.h' from /home/deniz/Projects/SneakySnake/HLSWorkSpace/SnakeOnHls/hls_config.cfg(15)
Execute     add_files /home/deniz/Projects/SneakySnake/SneakySnake-HLS-HBM/include/action_memcopy.h 
INFO: [HLS 200-10] Adding design file '/home/deniz/Projects/SneakySnake/SneakySnake-HLS-HBM/include/action_memcopy.h' to the project
Execute     send_msg_by_id INFO @200-1465@%s 'tb.file=/home/deniz/Projects/SneakySnake/SneakySnake/SneakySnake.c' from /home/deniz/Projects/SneakySnake/HLSWorkSpace/SnakeOnHls/hls_config.cfg(16) 
INFO: [HLS 200-1465] Applying ini 'tb.file=/home/deniz/Projects/SneakySnake/SneakySnake/SneakySnake.c' from /home/deniz/Projects/SneakySnake/HLSWorkSpace/SnakeOnHls/hls_config.cfg(16)
Execute     add_files -tb /home/deniz/Projects/SneakySnake/SneakySnake/SneakySnake.c 
INFO: [HLS 200-10] Adding test bench file '/home/deniz/Projects/SneakySnake/SneakySnake/SneakySnake.c' to the project
Execute     send_msg_by_id INFO @200-1465@%s 'syn.top=SneakySnake_bit' from /home/deniz/Projects/SneakySnake/HLSWorkSpace/SnakeOnHls/hls_config.cfg(8) 
INFO: [HLS 200-1465] Applying ini 'syn.top=SneakySnake_bit' from /home/deniz/Projects/SneakySnake/HLSWorkSpace/SnakeOnHls/hls_config.cfg(8)
Execute     set_top SneakySnake_bit 
Execute     send_msg_by_id INFO @200-1465@%s 'flow_target=vitis' from /home/deniz/Projects/SneakySnake/HLSWorkSpace/SnakeOnHls/hls_config.cfg(4) 
INFO: [HLS 200-1465] Applying ini 'flow_target=vitis' from /home/deniz/Projects/SneakySnake/HLSWorkSpace/SnakeOnHls/hls_config.cfg(4)
Execute     send_msg_by_id INFO @200-1505@%s%s  vitis 
INFO: [HLS 200-1505] Using flow_target 'vitis'
Execute     send_msg_by_id INFO @200-435@%s%s 'open_solution -flow_target vitis' config_interface -m_axi_latency=64 
INFO: [HLS 200-435] Setting 'open_solution -flow_target vitis' configuration: config_interface -m_axi_latency=64
Execute     config_interface -m_axi_latency=64 
Execute     send_msg_by_id INFO @200-435@%s%s 'open_solution -flow_target vitis' config_interface -m_axi_alignment_byte_size=64 
INFO: [HLS 200-435] Setting 'open_solution -flow_target vitis' configuration: config_interface -m_axi_alignment_byte_size=64
Execute     config_interface -m_axi_alignment_byte_size=64 
Execute     send_msg_by_id INFO @200-435@%s%s 'open_solution -flow_target vitis' config_interface -m_axi_max_widen_bitwidth=512 
INFO: [HLS 200-435] Setting 'open_solution -flow_target vitis' configuration: config_interface -m_axi_max_widen_bitwidth=512
Execute     config_interface -m_axi_max_widen_bitwidth=512 
INFO-FLOW: Setting macro_cmd open_solution -flow_target vitis configuration: config_interface -default_interface=kernel
Execute     config_interface -default_interface=kernel 
Execute     send_msg_by_id INFO @200-435@%s%s 'open_solution -flow_target vitis' config_rtl -register_reset_num=3 
INFO: [HLS 200-435] Setting 'open_solution -flow_target vitis' configuration: config_rtl -register_reset_num=3
Execute     config_rtl -register_reset_num=3 
Execute     send_msg_by_id INFO @200-1465@%s 'part=xcvu9p-flga2104-2-i' from /home/deniz/Projects/SneakySnake/HLSWorkSpace/SnakeOnHls/hls_config.cfg(1) 
INFO: [HLS 200-1465] Applying ini 'part=xcvu9p-flga2104-2-i' from /home/deniz/Projects/SneakySnake/HLSWorkSpace/SnakeOnHls/hls_config.cfg(1)
Execute     set_part xcvu9p-flga2104-2-i 
Execute       create_platform xcvu9p-flga2104-2-i -board  
DBG:HLSDevice: Trying to load device library: /tools/Xilinx/Vitis/2024.2/lib/lnx64.o/libxv_hlsvwrap.so
DBG:HLSDevice: first parts/arch.xml in RDI_DATADIR: /tools/Xilinx/Vivado/2024.2/data/parts/arch.xml
DBG:HLSDevice: init success
INFO: [HLS 200-1611] Setting target device to 'xcvu9p-flga2104-2-i'
Command       create_platform done; 6.9 sec.
Execute       source /tools/Xilinx/Vitis/2024.2/common/technology/xilinx/common/xilinx.gen 
Execute         source /tools/Xilinx/Vitis/2024.2/common/technology/xilinx/interface/plb46.gen 
Execute         source /tools/Xilinx/Vitis/2024.2/common/technology/xilinx/interface/axi4.gen 
Execute         source /tools/Xilinx/Vitis/2024.2/common/technology/xilinx/interface/nativeAXI4.gen 
Execute           source /tools/Xilinx/Vitis/2024.2/common/technology/xilinx/interface/saxilite.gen 
Execute         source /tools/Xilinx/Vitis/2024.2/common/technology/xilinx/scripts/xilinxcoregen.gen 
Execute         source /tools/Xilinx/Vitis/2024.2/common/technology/xilinx/interface/XilEDKCoreGen.gen 
Execute         source /tools/Xilinx/Vitis/2024.2/common/technology/xilinx/ip/xfft.gen 
Command         ap_source done; 0.28 sec.
Execute         source /tools/Xilinx/Vitis/2024.2/common/technology/xilinx/ip/util.gen 
Execute         source /tools/Xilinx/Vitis/2024.2/common/technology/xilinx/ip/xfir.gen 
Execute         source /tools/Xilinx/Vitis/2024.2/common/technology/xilinx/ip/dds_compiler.gen 
Execute         source /tools/Xilinx/Vitis/2024.2/common/technology/xilinx/DSP48/dsp48.gen 
Command       ap_source done; 0.35 sec.
Execute       ap_part_info -name xcvu9p-flga2104-2-i -data info 
Execute       config_compile -quiet -complex-mul-dsp=0 
Command     set_part done; 7.38 sec.
Execute     send_msg_by_id INFO @200-1465@%s 'csim.code_analyzer=1' from /home/deniz/Projects/SneakySnake/HLSWorkSpace/SnakeOnHls/hls_config.cfg(7) 
INFO: [HLS 200-1465] Applying ini 'csim.code_analyzer=1' from /home/deniz/Projects/SneakySnake/HLSWorkSpace/SnakeOnHls/hls_config.cfg(7)
Execute     config_csim -code_analyzer=1 
Execute     send_msg_by_id INFO @200-1465@%s 'package.output.format=xo' from /home/deniz/Projects/SneakySnake/HLSWorkSpace/SnakeOnHls/hls_config.cfg(5) 
INFO: [HLS 200-1465] Applying ini 'package.output.format=xo' from /home/deniz/Projects/SneakySnake/HLSWorkSpace/SnakeOnHls/hls_config.cfg(5)
Execute     config_export -format=xo 
Command   apply_ini done; 7.49 sec.
Execute   apply_ini /home/deniz/Projects/SneakySnake/HLSWorkSpace/SnakeOnHls/SnakeOnHls/hls/config.cmdline 
Execute   ::AP::init_summary_file csim 
Execute     AP::app_get_file_relativeroot [AP::app_get_root] {}
Execute   csim_design 
INFO-FLOW: Running SLX 'csim' proc: ::SLX::run_csim
INFO-FLOW: ::SLX::run_csim failed: child process exited abnormally
INFO-FLOW: Caught error in csim_design: Problem running csim: child process exited abnormally
    while executing
"error "Problem running $stage: $result""
    (procedure "::AP::hls_slx_hook" line 55)
    invoked from within
"::AP::hls_slx_hook csim $config_value_dict replace_flow"
    (procedure "ap_internal_csim_design" line 100)
    invoked from within
"ap_internal_csim_design "
Command   csim_design done; error code: 2; 11.12 sec.
Execute   close_project 
Execute     close_solution 
Execute       cleanup_all 
Execute       cleanup_all 
Execute     source -notrace -encoding utf-8 /tools/Xilinx/Vitis/2024.2/tps/tcl/tcl8.6/clock.tcl 
Execute       source -encoding utf-8 /tools/Xilinx/Vitis/2024.2/tps/tcl/tcl8/8.5/msgcat-1.6.1.tm 
INFO-FLOW: Workspace /home/deniz/Projects/SneakySnake/HLSWorkSpace/SnakeOnHls/SnakeOnHls/hls opened at Wed May 07 16:50:08 CEST 2025
Execute     send_msg_by_id INFO @200-1505@%s%s default  vivado 
INFO: [HLS 200-1505] Using default flow_target 'vivado'
Execute   apply_ini /home/deniz/Projects/SneakySnake/HLSWorkSpace/SnakeOnHls/hls_config.cfg 
Execute     send_msg_by_id INFO @200-1465@%s 'syn.file=/home/deniz/Projects/SneakySnake/SneakySnake-HLS-HBM/hw/fetch_mem.cpp' from /home/deniz/Projects/SneakySnake/HLSWorkSpace/SnakeOnHls/hls_config.cfg(9) 
INFO: [HLS 200-1465] Applying ini 'syn.file=/home/deniz/Projects/SneakySnake/SneakySnake-HLS-HBM/hw/fetch_mem.cpp' from /home/deniz/Projects/SneakySnake/HLSWorkSpace/SnakeOnHls/hls_config.cfg(9)
Execute     add_files /home/deniz/Projects/SneakySnake/SneakySnake-HLS-HBM/hw/fetch_mem.cpp 
INFO: [HLS 200-10] Adding design file '/home/deniz/Projects/SneakySnake/SneakySnake-HLS-HBM/hw/fetch_mem.cpp' to the project
Execute     send_msg_by_id INFO @200-1465@%s 'syn.file=/home/deniz/Projects/SneakySnake/SneakySnake-HLS-HBM/hw/fetch_mem.h' from /home/deniz/Projects/SneakySnake/HLSWorkSpace/SnakeOnHls/hls_config.cfg(10) 
INFO: [HLS 200-1465] Applying ini 'syn.file=/home/deniz/Projects/SneakySnake/SneakySnake-HLS-HBM/hw/fetch_mem.h' from /home/deniz/Projects/SneakySnake/HLSWorkSpace/SnakeOnHls/hls_config.cfg(10)
Execute     add_files /home/deniz/Projects/SneakySnake/SneakySnake-HLS-HBM/hw/fetch_mem.h 
INFO: [HLS 200-10] Adding design file '/home/deniz/Projects/SneakySnake/SneakySnake-HLS-HBM/hw/fetch_mem.h' to the project
Execute     send_msg_by_id INFO @200-1465@%s 'syn.file=/home/deniz/Projects/SneakySnake/SneakySnake-HLS-HBM/hw/hw_action_hbm.cpp' from /home/deniz/Projects/SneakySnake/HLSWorkSpace/SnakeOnHls/hls_config.cfg(11) 
INFO: [HLS 200-1465] Applying ini 'syn.file=/home/deniz/Projects/SneakySnake/SneakySnake-HLS-HBM/hw/hw_action_hbm.cpp' from /home/deniz/Projects/SneakySnake/HLSWorkSpace/SnakeOnHls/hls_config.cfg(11)
Execute     add_files /home/deniz/Projects/SneakySnake/SneakySnake-HLS-HBM/hw/hw_action_hbm.cpp 
INFO: [HLS 200-10] Adding design file '/home/deniz/Projects/SneakySnake/SneakySnake-HLS-HBM/hw/hw_action_hbm.cpp' to the project
Execute     send_msg_by_id INFO @200-1465@%s 'syn.file=/home/deniz/Projects/SneakySnake/SneakySnake-HLS-HBM/hw/hw_action_hbm.H' from /home/deniz/Projects/SneakySnake/HLSWorkSpace/SnakeOnHls/hls_config.cfg(12) 
INFO: [HLS 200-1465] Applying ini 'syn.file=/home/deniz/Projects/SneakySnake/SneakySnake-HLS-HBM/hw/hw_action_hbm.H' from /home/deniz/Projects/SneakySnake/HLSWorkSpace/SnakeOnHls/hls_config.cfg(12)
Execute     add_files /home/deniz/Projects/SneakySnake/SneakySnake-HLS-HBM/hw/hw_action_hbm.H 
INFO: [HLS 200-10] Adding design file '/home/deniz/Projects/SneakySnake/SneakySnake-HLS-HBM/hw/hw_action_hbm.H' to the project
Execute     send_msg_by_id INFO @200-1465@%s 'syn.file=/home/deniz/Projects/SneakySnake/SneakySnake-HLS-HBM/hw/pipeline.cpp' from /home/deniz/Projects/SneakySnake/HLSWorkSpace/SnakeOnHls/hls_config.cfg(13) 
INFO: [HLS 200-1465] Applying ini 'syn.file=/home/deniz/Projects/SneakySnake/SneakySnake-HLS-HBM/hw/pipeline.cpp' from /home/deniz/Projects/SneakySnake/HLSWorkSpace/SnakeOnHls/hls_config.cfg(13)
Execute     add_files /home/deniz/Projects/SneakySnake/SneakySnake-HLS-HBM/hw/pipeline.cpp 
INFO: [HLS 200-10] Adding design file '/home/deniz/Projects/SneakySnake/SneakySnake-HLS-HBM/hw/pipeline.cpp' to the project
Execute     send_msg_by_id INFO @200-1465@%s 'syn.file=/home/deniz/Projects/SneakySnake/SneakySnake-HLS-HBM/hw/pipeline.h' from /home/deniz/Projects/SneakySnake/HLSWorkSpace/SnakeOnHls/hls_config.cfg(14) 
INFO: [HLS 200-1465] Applying ini 'syn.file=/home/deniz/Projects/SneakySnake/SneakySnake-HLS-HBM/hw/pipeline.h' from /home/deniz/Projects/SneakySnake/HLSWorkSpace/SnakeOnHls/hls_config.cfg(14)
Execute     add_files /home/deniz/Projects/SneakySnake/SneakySnake-HLS-HBM/hw/pipeline.h 
INFO: [HLS 200-10] Adding design file '/home/deniz/Projects/SneakySnake/SneakySnake-HLS-HBM/hw/pipeline.h' to the project
Execute     send_msg_by_id INFO @200-1465@%s 'syn.file=/home/deniz/Projects/SneakySnake/SneakySnake-HLS-HBM/include/action_memcopy.h' from /home/deniz/Projects/SneakySnake/HLSWorkSpace/SnakeOnHls/hls_config.cfg(15) 
INFO: [HLS 200-1465] Applying ini 'syn.file=/home/deniz/Projects/SneakySnake/SneakySnake-HLS-HBM/include/action_memcopy.h' from /home/deniz/Projects/SneakySnake/HLSWorkSpace/SnakeOnHls/hls_config.cfg(15)
Execute     add_files /home/deniz/Projects/SneakySnake/SneakySnake-HLS-HBM/include/action_memcopy.h 
INFO: [HLS 200-10] Adding design file '/home/deniz/Projects/SneakySnake/SneakySnake-HLS-HBM/include/action_memcopy.h' to the project
Execute     send_msg_by_id INFO @200-1465@%s 'tb.file=/home/deniz/Projects/SneakySnake/SneakySnake/SneakySnake.c' from /home/deniz/Projects/SneakySnake/HLSWorkSpace/SnakeOnHls/hls_config.cfg(16) 
INFO: [HLS 200-1465] Applying ini 'tb.file=/home/deniz/Projects/SneakySnake/SneakySnake/SneakySnake.c' from /home/deniz/Projects/SneakySnake/HLSWorkSpace/SnakeOnHls/hls_config.cfg(16)
Execute     add_files -tb /home/deniz/Projects/SneakySnake/SneakySnake/SneakySnake.c 
INFO: [HLS 200-10] Adding test bench file '/home/deniz/Projects/SneakySnake/SneakySnake/SneakySnake.c' to the project
Execute     send_msg_by_id INFO @200-1465@%s 'syn.top=SneakySnake_bit' from /home/deniz/Projects/SneakySnake/HLSWorkSpace/SnakeOnHls/hls_config.cfg(8) 
INFO: [HLS 200-1465] Applying ini 'syn.top=SneakySnake_bit' from /home/deniz/Projects/SneakySnake/HLSWorkSpace/SnakeOnHls/hls_config.cfg(8)
Execute     set_top SneakySnake_bit 
Execute     send_msg_by_id INFO @200-1465@%s 'flow_target=vitis' from /home/deniz/Projects/SneakySnake/HLSWorkSpace/SnakeOnHls/hls_config.cfg(4) 
INFO: [HLS 200-1465] Applying ini 'flow_target=vitis' from /home/deniz/Projects/SneakySnake/HLSWorkSpace/SnakeOnHls/hls_config.cfg(4)
Execute     send_msg_by_id INFO @200-1505@%s%s  vitis 
INFO: [HLS 200-1505] Using flow_target 'vitis'
Execute     send_msg_by_id INFO @200-435@%s%s 'open_solution -flow_target vitis' config_interface -m_axi_latency=64 
INFO: [HLS 200-435] Setting 'open_solution -flow_target vitis' configuration: config_interface -m_axi_latency=64
Execute     config_interface -m_axi_latency=64 
Execute     send_msg_by_id INFO @200-435@%s%s 'open_solution -flow_target vitis' config_interface -m_axi_alignment_byte_size=64 
INFO: [HLS 200-435] Setting 'open_solution -flow_target vitis' configuration: config_interface -m_axi_alignment_byte_size=64
Execute     config_interface -m_axi_alignment_byte_size=64 
Execute     send_msg_by_id INFO @200-435@%s%s 'open_solution -flow_target vitis' config_interface -m_axi_max_widen_bitwidth=512 
INFO: [HLS 200-435] Setting 'open_solution -flow_target vitis' configuration: config_interface -m_axi_max_widen_bitwidth=512
Execute     config_interface -m_axi_max_widen_bitwidth=512 
INFO-FLOW: Setting macro_cmd open_solution -flow_target vitis configuration: config_interface -default_interface=kernel
Execute     config_interface -default_interface=kernel 
Execute     send_msg_by_id INFO @200-435@%s%s 'open_solution -flow_target vitis' config_rtl -register_reset_num=3 
INFO: [HLS 200-435] Setting 'open_solution -flow_target vitis' configuration: config_rtl -register_reset_num=3
Execute     config_rtl -register_reset_num=3 
Execute     send_msg_by_id INFO @200-1465@%s 'part=xcvu9p-flga2104-2-i' from /home/deniz/Projects/SneakySnake/HLSWorkSpace/SnakeOnHls/hls_config.cfg(1) 
INFO: [HLS 200-1465] Applying ini 'part=xcvu9p-flga2104-2-i' from /home/deniz/Projects/SneakySnake/HLSWorkSpace/SnakeOnHls/hls_config.cfg(1)
Execute     set_part xcvu9p-flga2104-2-i 
Execute       create_platform xcvu9p-flga2104-2-i -board  
DBG:HLSDevice: Trying to load device library: /tools/Xilinx/Vitis/2024.2/lib/lnx64.o/libxv_hlsvwrap.so
DBG:HLSDevice: first parts/arch.xml in RDI_DATADIR: /tools/Xilinx/Vivado/2024.2/data/parts/arch.xml
DBG:HLSDevice: init success
INFO: [HLS 200-1611] Setting target device to 'xcvu9p-flga2104-2-i'
Command       create_platform done; 6.84 sec.
Execute       source /tools/Xilinx/Vitis/2024.2/common/technology/xilinx/common/xilinx.gen 
Execute         source /tools/Xilinx/Vitis/2024.2/common/technology/xilinx/interface/plb46.gen 
Execute         source /tools/Xilinx/Vitis/2024.2/common/technology/xilinx/interface/axi4.gen 
Execute         source /tools/Xilinx/Vitis/2024.2/common/technology/xilinx/interface/nativeAXI4.gen 
Execute           source /tools/Xilinx/Vitis/2024.2/common/technology/xilinx/interface/saxilite.gen 
Execute         source /tools/Xilinx/Vitis/2024.2/common/technology/xilinx/scripts/xilinxcoregen.gen 
Execute         source /tools/Xilinx/Vitis/2024.2/common/technology/xilinx/interface/XilEDKCoreGen.gen 
Execute         source /tools/Xilinx/Vitis/2024.2/common/technology/xilinx/ip/xfft.gen 
Command         ap_source done; 0.16 sec.
Execute         source /tools/Xilinx/Vitis/2024.2/common/technology/xilinx/ip/util.gen 
Execute         source /tools/Xilinx/Vitis/2024.2/common/technology/xilinx/ip/xfir.gen 
Execute         source /tools/Xilinx/Vitis/2024.2/common/technology/xilinx/ip/dds_compiler.gen 
Execute         source /tools/Xilinx/Vitis/2024.2/common/technology/xilinx/DSP48/dsp48.gen 
Command       ap_source done; 0.21 sec.
Execute       ap_part_info -name xcvu9p-flga2104-2-i -data info 
Command       ap_part_info done; 0.22 sec.
Execute       config_compile -quiet -complex-mul-dsp=0 
Command     set_part done; 7.27 sec.
Execute     send_msg_by_id INFO @200-1465@%s 'csim.code_analyzer=1' from /home/deniz/Projects/SneakySnake/HLSWorkSpace/SnakeOnHls/hls_config.cfg(7) 
INFO: [HLS 200-1465] Applying ini 'csim.code_analyzer=1' from /home/deniz/Projects/SneakySnake/HLSWorkSpace/SnakeOnHls/hls_config.cfg(7)
Execute     config_csim -code_analyzer=1 
Execute     send_msg_by_id INFO @200-1465@%s 'package.output.format=xo' from /home/deniz/Projects/SneakySnake/HLSWorkSpace/SnakeOnHls/hls_config.cfg(5) 
INFO: [HLS 200-1465] Applying ini 'package.output.format=xo' from /home/deniz/Projects/SneakySnake/HLSWorkSpace/SnakeOnHls/hls_config.cfg(5)
Execute     config_export -format=xo 
Command   apply_ini done; 7.43 sec.
Execute   apply_ini /home/deniz/Projects/SneakySnake/HLSWorkSpace/SnakeOnHls/SnakeOnHls/hls/config.cmdline 
Execute   ::AP::init_summary_file csim 
Execute     AP::app_get_file_relativeroot [AP::app_get_root] {}
Execute   csim_design 
INFO-FLOW: Running SLX 'csim' proc: ::SLX::run_csim
INFO-FLOW: ::SLX::run_csim failed: child process exited abnormally
INFO-FLOW: Caught error in csim_design: Problem running csim: child process exited abnormally
    while executing
"error "Problem running $stage: $result""
    (procedure "::AP::hls_slx_hook" line 55)
    invoked from within
"::AP::hls_slx_hook csim $config_value_dict replace_flow"
    (procedure "ap_internal_csim_design" line 100)
    invoked from within
"ap_internal_csim_design "
Command   csim_design done; error code: 2; 10.78 sec.
Execute   close_project 
Execute     close_solution 
Execute       cleanup_all 
Execute       cleanup_all 
Execute     source -notrace -encoding utf-8 /tools/Xilinx/Vitis/2024.2/tps/tcl/tcl8.6/clock.tcl 
Execute       source -encoding utf-8 /tools/Xilinx/Vitis/2024.2/tps/tcl/tcl8/8.5/msgcat-1.6.1.tm 
INFO-FLOW: Workspace /home/deniz/Projects/SneakySnake/HLSWorkSpace/SnakeOnHls/SnakeOnHls/hls opened at Wed May 07 16:52:09 CEST 2025
Execute     send_msg_by_id INFO @200-1505@%s%s default  vivado 
INFO: [HLS 200-1505] Using default flow_target 'vivado'
Command   open_solution done; 0.14 sec.
Execute   apply_ini /home/deniz/Projects/SneakySnake/HLSWorkSpace/SnakeOnHls/hls_config.cfg 
Execute     send_msg_by_id INFO @200-1465@%s 'syn.file=/home/deniz/Projects/SneakySnake/SneakySnake-HLS-HBM/hw/fetch_mem.cpp' from /home/deniz/Projects/SneakySnake/HLSWorkSpace/SnakeOnHls/hls_config.cfg(9) 
INFO: [HLS 200-1465] Applying ini 'syn.file=/home/deniz/Projects/SneakySnake/SneakySnake-HLS-HBM/hw/fetch_mem.cpp' from /home/deniz/Projects/SneakySnake/HLSWorkSpace/SnakeOnHls/hls_config.cfg(9)
Execute     add_files /home/deniz/Projects/SneakySnake/SneakySnake-HLS-HBM/hw/fetch_mem.cpp 
INFO: [HLS 200-10] Adding design file '/home/deniz/Projects/SneakySnake/SneakySnake-HLS-HBM/hw/fetch_mem.cpp' to the project
Execute     send_msg_by_id INFO @200-1465@%s 'syn.file=/home/deniz/Projects/SneakySnake/SneakySnake-HLS-HBM/hw/fetch_mem.h' from /home/deniz/Projects/SneakySnake/HLSWorkSpace/SnakeOnHls/hls_config.cfg(10) 
INFO: [HLS 200-1465] Applying ini 'syn.file=/home/deniz/Projects/SneakySnake/SneakySnake-HLS-HBM/hw/fetch_mem.h' from /home/deniz/Projects/SneakySnake/HLSWorkSpace/SnakeOnHls/hls_config.cfg(10)
Execute     add_files /home/deniz/Projects/SneakySnake/SneakySnake-HLS-HBM/hw/fetch_mem.h 
INFO: [HLS 200-10] Adding design file '/home/deniz/Projects/SneakySnake/SneakySnake-HLS-HBM/hw/fetch_mem.h' to the project
Execute     send_msg_by_id INFO @200-1465@%s 'syn.file=/home/deniz/Projects/SneakySnake/SneakySnake-HLS-HBM/hw/hw_action_hbm.cpp' from /home/deniz/Projects/SneakySnake/HLSWorkSpace/SnakeOnHls/hls_config.cfg(11) 
INFO: [HLS 200-1465] Applying ini 'syn.file=/home/deniz/Projects/SneakySnake/SneakySnake-HLS-HBM/hw/hw_action_hbm.cpp' from /home/deniz/Projects/SneakySnake/HLSWorkSpace/SnakeOnHls/hls_config.cfg(11)
Execute     add_files /home/deniz/Projects/SneakySnake/SneakySnake-HLS-HBM/hw/hw_action_hbm.cpp 
INFO: [HLS 200-10] Adding design file '/home/deniz/Projects/SneakySnake/SneakySnake-HLS-HBM/hw/hw_action_hbm.cpp' to the project
Execute     send_msg_by_id INFO @200-1465@%s 'syn.file=/home/deniz/Projects/SneakySnake/SneakySnake-HLS-HBM/hw/hw_action_hbm.H' from /home/deniz/Projects/SneakySnake/HLSWorkSpace/SnakeOnHls/hls_config.cfg(12) 
INFO: [HLS 200-1465] Applying ini 'syn.file=/home/deniz/Projects/SneakySnake/SneakySnake-HLS-HBM/hw/hw_action_hbm.H' from /home/deniz/Projects/SneakySnake/HLSWorkSpace/SnakeOnHls/hls_config.cfg(12)
Execute     add_files /home/deniz/Projects/SneakySnake/SneakySnake-HLS-HBM/hw/hw_action_hbm.H 
INFO: [HLS 200-10] Adding design file '/home/deniz/Projects/SneakySnake/SneakySnake-HLS-HBM/hw/hw_action_hbm.H' to the project
Execute     send_msg_by_id INFO @200-1465@%s 'syn.file=/home/deniz/Projects/SneakySnake/SneakySnake-HLS-HBM/hw/pipeline.cpp' from /home/deniz/Projects/SneakySnake/HLSWorkSpace/SnakeOnHls/hls_config.cfg(13) 
INFO: [HLS 200-1465] Applying ini 'syn.file=/home/deniz/Projects/SneakySnake/SneakySnake-HLS-HBM/hw/pipeline.cpp' from /home/deniz/Projects/SneakySnake/HLSWorkSpace/SnakeOnHls/hls_config.cfg(13)
Execute     add_files /home/deniz/Projects/SneakySnake/SneakySnake-HLS-HBM/hw/pipeline.cpp 
INFO: [HLS 200-10] Adding design file '/home/deniz/Projects/SneakySnake/SneakySnake-HLS-HBM/hw/pipeline.cpp' to the project
Execute     send_msg_by_id INFO @200-1465@%s 'syn.file=/home/deniz/Projects/SneakySnake/SneakySnake-HLS-HBM/hw/pipeline.h' from /home/deniz/Projects/SneakySnake/HLSWorkSpace/SnakeOnHls/hls_config.cfg(14) 
INFO: [HLS 200-1465] Applying ini 'syn.file=/home/deniz/Projects/SneakySnake/SneakySnake-HLS-HBM/hw/pipeline.h' from /home/deniz/Projects/SneakySnake/HLSWorkSpace/SnakeOnHls/hls_config.cfg(14)
Execute     add_files /home/deniz/Projects/SneakySnake/SneakySnake-HLS-HBM/hw/pipeline.h 
INFO: [HLS 200-10] Adding design file '/home/deniz/Projects/SneakySnake/SneakySnake-HLS-HBM/hw/pipeline.h' to the project
Execute     send_msg_by_id INFO @200-1465@%s 'syn.file=/home/deniz/Projects/SneakySnake/SneakySnake-HLS-HBM/include/action_memcopy.h' from /home/deniz/Projects/SneakySnake/HLSWorkSpace/SnakeOnHls/hls_config.cfg(15) 
INFO: [HLS 200-1465] Applying ini 'syn.file=/home/deniz/Projects/SneakySnake/SneakySnake-HLS-HBM/include/action_memcopy.h' from /home/deniz/Projects/SneakySnake/HLSWorkSpace/SnakeOnHls/hls_config.cfg(15)
Execute     add_files /home/deniz/Projects/SneakySnake/SneakySnake-HLS-HBM/include/action_memcopy.h 
INFO: [HLS 200-10] Adding design file '/home/deniz/Projects/SneakySnake/SneakySnake-HLS-HBM/include/action_memcopy.h' to the project
Execute     send_msg_by_id INFO @200-1465@%s 'syn.file=/home/deniz/Projects/SneakySnake/SneakySnake-HLS-HBM/sw/snap_hbm_memcopy.c' from /home/deniz/Projects/SneakySnake/HLSWorkSpace/SnakeOnHls/hls_config.cfg(16) 
INFO: [HLS 200-1465] Applying ini 'syn.file=/home/deniz/Projects/SneakySnake/SneakySnake-HLS-HBM/sw/snap_hbm_memcopy.c' from /home/deniz/Projects/SneakySnake/HLSWorkSpace/SnakeOnHls/hls_config.cfg(16)
Execute     add_files /home/deniz/Projects/SneakySnake/SneakySnake-HLS-HBM/sw/snap_hbm_memcopy.c 
INFO: [HLS 200-10] Adding design file '/home/deniz/Projects/SneakySnake/SneakySnake-HLS-HBM/sw/snap_hbm_memcopy.c' to the project
Execute     send_msg_by_id INFO @200-1465@%s 'tb.file=/home/deniz/Projects/SneakySnake/SneakySnake/SneakySnake.c' from /home/deniz/Projects/SneakySnake/HLSWorkSpace/SnakeOnHls/hls_config.cfg(17) 
INFO: [HLS 200-1465] Applying ini 'tb.file=/home/deniz/Projects/SneakySnake/SneakySnake/SneakySnake.c' from /home/deniz/Projects/SneakySnake/HLSWorkSpace/SnakeOnHls/hls_config.cfg(17)
Execute     add_files -tb /home/deniz/Projects/SneakySnake/SneakySnake/SneakySnake.c 
INFO: [HLS 200-10] Adding test bench file '/home/deniz/Projects/SneakySnake/SneakySnake/SneakySnake.c' to the project
Execute     send_msg_by_id INFO @200-1465@%s 'syn.top=main' from /home/deniz/Projects/SneakySnake/HLSWorkSpace/SnakeOnHls/hls_config.cfg(8) 
INFO: [HLS 200-1465] Applying ini 'syn.top=main' from /home/deniz/Projects/SneakySnake/HLSWorkSpace/SnakeOnHls/hls_config.cfg(8)
Execute     set_top main 
Execute     send_msg_by_id INFO @200-1465@%s 'flow_target=vitis' from /home/deniz/Projects/SneakySnake/HLSWorkSpace/SnakeOnHls/hls_config.cfg(4) 
INFO: [HLS 200-1465] Applying ini 'flow_target=vitis' from /home/deniz/Projects/SneakySnake/HLSWorkSpace/SnakeOnHls/hls_config.cfg(4)
Execute     send_msg_by_id INFO @200-1505@%s%s  vitis 
INFO: [HLS 200-1505] Using flow_target 'vitis'
Execute     send_msg_by_id INFO @200-435@%s%s 'open_solution -flow_target vitis' config_interface -m_axi_latency=64 
INFO: [HLS 200-435] Setting 'open_solution -flow_target vitis' configuration: config_interface -m_axi_latency=64
Execute     config_interface -m_axi_latency=64 
Execute     send_msg_by_id INFO @200-435@%s%s 'open_solution -flow_target vitis' config_interface -m_axi_alignment_byte_size=64 
INFO: [HLS 200-435] Setting 'open_solution -flow_target vitis' configuration: config_interface -m_axi_alignment_byte_size=64
Execute     config_interface -m_axi_alignment_byte_size=64 
Execute     send_msg_by_id INFO @200-435@%s%s 'open_solution -flow_target vitis' config_interface -m_axi_max_widen_bitwidth=512 
INFO: [HLS 200-435] Setting 'open_solution -flow_target vitis' configuration: config_interface -m_axi_max_widen_bitwidth=512
Execute     config_interface -m_axi_max_widen_bitwidth=512 
INFO-FLOW: Setting macro_cmd open_solution -flow_target vitis configuration: config_interface -default_interface=kernel
Execute     config_interface -default_interface=kernel 
Execute     send_msg_by_id INFO @200-435@%s%s 'open_solution -flow_target vitis' config_rtl -register_reset_num=3 
INFO: [HLS 200-435] Setting 'open_solution -flow_target vitis' configuration: config_rtl -register_reset_num=3
Execute     config_rtl -register_reset_num=3 
Execute     send_msg_by_id INFO @200-1465@%s 'part=xcvu9p-flga2104-2-i' from /home/deniz/Projects/SneakySnake/HLSWorkSpace/SnakeOnHls/hls_config.cfg(1) 
INFO: [HLS 200-1465] Applying ini 'part=xcvu9p-flga2104-2-i' from /home/deniz/Projects/SneakySnake/HLSWorkSpace/SnakeOnHls/hls_config.cfg(1)
Execute     set_part xcvu9p-flga2104-2-i 
Execute       create_platform xcvu9p-flga2104-2-i -board  
DBG:HLSDevice: Trying to load device library: /tools/Xilinx/Vitis/2024.2/lib/lnx64.o/libxv_hlsvwrap.so
DBG:HLSDevice: first parts/arch.xml in RDI_DATADIR: /tools/Xilinx/Vivado/2024.2/data/parts/arch.xml
DBG:HLSDevice: init success
INFO: [HLS 200-1611] Setting target device to 'xcvu9p-flga2104-2-i'
Command       create_platform done; 6.25 sec.
Execute       source /tools/Xilinx/Vitis/2024.2/common/technology/xilinx/common/xilinx.gen 
Execute         source /tools/Xilinx/Vitis/2024.2/common/technology/xilinx/interface/plb46.gen 
Execute         source /tools/Xilinx/Vitis/2024.2/common/technology/xilinx/interface/axi4.gen 
Execute         source /tools/Xilinx/Vitis/2024.2/common/technology/xilinx/interface/nativeAXI4.gen 
Execute           source /tools/Xilinx/Vitis/2024.2/common/technology/xilinx/interface/saxilite.gen 
Execute         source /tools/Xilinx/Vitis/2024.2/common/technology/xilinx/scripts/xilinxcoregen.gen 
Execute         source /tools/Xilinx/Vitis/2024.2/common/technology/xilinx/interface/XilEDKCoreGen.gen 
Execute         source /tools/Xilinx/Vitis/2024.2/common/technology/xilinx/ip/xfft.gen 
Command         ap_source done; 0.17 sec.
Execute         source /tools/Xilinx/Vitis/2024.2/common/technology/xilinx/ip/util.gen 
Execute         source /tools/Xilinx/Vitis/2024.2/common/technology/xilinx/ip/xfir.gen 
Execute         source /tools/Xilinx/Vitis/2024.2/common/technology/xilinx/ip/dds_compiler.gen 
Execute         source /tools/Xilinx/Vitis/2024.2/common/technology/xilinx/DSP48/dsp48.gen 
Command       ap_source done; 0.22 sec.
Execute       ap_part_info -name xcvu9p-flga2104-2-i -data info 
Command       ap_part_info done; 0.19 sec.
Execute       config_compile -quiet -complex-mul-dsp=0 
Command     set_part done; 6.69 sec.
Execute     send_msg_by_id INFO @200-1465@%s 'csim.code_analyzer=1' from /home/deniz/Projects/SneakySnake/HLSWorkSpace/SnakeOnHls/hls_config.cfg(7) 
INFO: [HLS 200-1465] Applying ini 'csim.code_analyzer=1' from /home/deniz/Projects/SneakySnake/HLSWorkSpace/SnakeOnHls/hls_config.cfg(7)
Execute     config_csim -code_analyzer=1 
Execute     send_msg_by_id INFO @200-1465@%s 'package.output.format=xo' from /home/deniz/Projects/SneakySnake/HLSWorkSpace/SnakeOnHls/hls_config.cfg(5) 
INFO: [HLS 200-1465] Applying ini 'package.output.format=xo' from /home/deniz/Projects/SneakySnake/HLSWorkSpace/SnakeOnHls/hls_config.cfg(5)
Execute     config_export -format=xo 
Command   apply_ini done; 6.88 sec.
Execute   apply_ini /home/deniz/Projects/SneakySnake/HLSWorkSpace/SnakeOnHls/SnakeOnHls/hls/config.cmdline 
Execute   ::AP::init_summary_file csim 
Execute     AP::app_get_file_relativeroot [AP::app_get_root] {}
Execute   csim_design 
INFO-FLOW: Running SLX 'csim' proc: ::SLX::run_csim
INFO-FLOW: ::SLX::run_csim failed: child process exited abnormally
INFO-FLOW: Caught error in csim_design: Problem running csim: child process exited abnormally
    while executing
"error "Problem running $stage: $result""
    (procedure "::AP::hls_slx_hook" line 55)
    invoked from within
"::AP::hls_slx_hook csim $config_value_dict replace_flow"
    (procedure "ap_internal_csim_design" line 100)
    invoked from within
"ap_internal_csim_design "
Command   csim_design done; error code: 2; 6.98 sec.
Execute   close_project 
Execute     close_solution 
Execute       cleanup_all 
Execute       cleanup_all 
Execute     source -notrace -encoding utf-8 /tools/Xilinx/Vitis/2024.2/tps/tcl/tcl8.6/clock.tcl 
Execute       source -encoding utf-8 /tools/Xilinx/Vitis/2024.2/tps/tcl/tcl8/8.5/msgcat-1.6.1.tm 
INFO-FLOW: Workspace /home/deniz/Projects/SneakySnake/HLSWorkSpace/SnakeOnHls/SnakeOnHls/hls opened at Wed May 07 16:53:41 CEST 2025
Execute     send_msg_by_id INFO @200-1505@%s%s default  vivado 
INFO: [HLS 200-1505] Using default flow_target 'vivado'
Execute   apply_ini /home/deniz/Projects/SneakySnake/HLSWorkSpace/SnakeOnHls/hls_config.cfg 
Execute     send_msg_by_id INFO @200-1465@%s 'syn.file=/home/deniz/Projects/SneakySnake/SneakySnake-HLS-HBM/hw/fetch_mem.cpp' from /home/deniz/Projects/SneakySnake/HLSWorkSpace/SnakeOnHls/hls_config.cfg(9) 
INFO: [HLS 200-1465] Applying ini 'syn.file=/home/deniz/Projects/SneakySnake/SneakySnake-HLS-HBM/hw/fetch_mem.cpp' from /home/deniz/Projects/SneakySnake/HLSWorkSpace/SnakeOnHls/hls_config.cfg(9)
Execute     add_files /home/deniz/Projects/SneakySnake/SneakySnake-HLS-HBM/hw/fetch_mem.cpp 
INFO: [HLS 200-10] Adding design file '/home/deniz/Projects/SneakySnake/SneakySnake-HLS-HBM/hw/fetch_mem.cpp' to the project
Execute     send_msg_by_id INFO @200-1465@%s 'syn.file=/home/deniz/Projects/SneakySnake/SneakySnake-HLS-HBM/hw/fetch_mem.h' from /home/deniz/Projects/SneakySnake/HLSWorkSpace/SnakeOnHls/hls_config.cfg(10) 
INFO: [HLS 200-1465] Applying ini 'syn.file=/home/deniz/Projects/SneakySnake/SneakySnake-HLS-HBM/hw/fetch_mem.h' from /home/deniz/Projects/SneakySnake/HLSWorkSpace/SnakeOnHls/hls_config.cfg(10)
Execute     add_files /home/deniz/Projects/SneakySnake/SneakySnake-HLS-HBM/hw/fetch_mem.h 
INFO: [HLS 200-10] Adding design file '/home/deniz/Projects/SneakySnake/SneakySnake-HLS-HBM/hw/fetch_mem.h' to the project
Execute     send_msg_by_id INFO @200-1465@%s 'syn.file=/home/deniz/Projects/SneakySnake/SneakySnake-HLS-HBM/hw/hw_action_hbm.cpp' from /home/deniz/Projects/SneakySnake/HLSWorkSpace/SnakeOnHls/hls_config.cfg(11) 
INFO: [HLS 200-1465] Applying ini 'syn.file=/home/deniz/Projects/SneakySnake/SneakySnake-HLS-HBM/hw/hw_action_hbm.cpp' from /home/deniz/Projects/SneakySnake/HLSWorkSpace/SnakeOnHls/hls_config.cfg(11)
Execute     add_files /home/deniz/Projects/SneakySnake/SneakySnake-HLS-HBM/hw/hw_action_hbm.cpp 
INFO: [HLS 200-10] Adding design file '/home/deniz/Projects/SneakySnake/SneakySnake-HLS-HBM/hw/hw_action_hbm.cpp' to the project
Execute     send_msg_by_id INFO @200-1465@%s 'syn.file=/home/deniz/Projects/SneakySnake/SneakySnake-HLS-HBM/hw/hw_action_hbm.H' from /home/deniz/Projects/SneakySnake/HLSWorkSpace/SnakeOnHls/hls_config.cfg(12) 
INFO: [HLS 200-1465] Applying ini 'syn.file=/home/deniz/Projects/SneakySnake/SneakySnake-HLS-HBM/hw/hw_action_hbm.H' from /home/deniz/Projects/SneakySnake/HLSWorkSpace/SnakeOnHls/hls_config.cfg(12)
Execute     add_files /home/deniz/Projects/SneakySnake/SneakySnake-HLS-HBM/hw/hw_action_hbm.H 
INFO: [HLS 200-10] Adding design file '/home/deniz/Projects/SneakySnake/SneakySnake-HLS-HBM/hw/hw_action_hbm.H' to the project
Execute     send_msg_by_id INFO @200-1465@%s 'syn.file=/home/deniz/Projects/SneakySnake/SneakySnake-HLS-HBM/hw/pipeline.cpp' from /home/deniz/Projects/SneakySnake/HLSWorkSpace/SnakeOnHls/hls_config.cfg(13) 
INFO: [HLS 200-1465] Applying ini 'syn.file=/home/deniz/Projects/SneakySnake/SneakySnake-HLS-HBM/hw/pipeline.cpp' from /home/deniz/Projects/SneakySnake/HLSWorkSpace/SnakeOnHls/hls_config.cfg(13)
Execute     add_files /home/deniz/Projects/SneakySnake/SneakySnake-HLS-HBM/hw/pipeline.cpp 
INFO: [HLS 200-10] Adding design file '/home/deniz/Projects/SneakySnake/SneakySnake-HLS-HBM/hw/pipeline.cpp' to the project
Execute     send_msg_by_id INFO @200-1465@%s 'syn.file=/home/deniz/Projects/SneakySnake/SneakySnake-HLS-HBM/hw/pipeline.h' from /home/deniz/Projects/SneakySnake/HLSWorkSpace/SnakeOnHls/hls_config.cfg(14) 
INFO: [HLS 200-1465] Applying ini 'syn.file=/home/deniz/Projects/SneakySnake/SneakySnake-HLS-HBM/hw/pipeline.h' from /home/deniz/Projects/SneakySnake/HLSWorkSpace/SnakeOnHls/hls_config.cfg(14)
Execute     add_files /home/deniz/Projects/SneakySnake/SneakySnake-HLS-HBM/hw/pipeline.h 
INFO: [HLS 200-10] Adding design file '/home/deniz/Projects/SneakySnake/SneakySnake-HLS-HBM/hw/pipeline.h' to the project
Execute     send_msg_by_id INFO @200-1465@%s 'syn.file=/home/deniz/Projects/SneakySnake/SneakySnake-HLS-HBM/include/action_memcopy.h' from /home/deniz/Projects/SneakySnake/HLSWorkSpace/SnakeOnHls/hls_config.cfg(15) 
INFO: [HLS 200-1465] Applying ini 'syn.file=/home/deniz/Projects/SneakySnake/SneakySnake-HLS-HBM/include/action_memcopy.h' from /home/deniz/Projects/SneakySnake/HLSWorkSpace/SnakeOnHls/hls_config.cfg(15)
Execute     add_files /home/deniz/Projects/SneakySnake/SneakySnake-HLS-HBM/include/action_memcopy.h 
INFO: [HLS 200-10] Adding design file '/home/deniz/Projects/SneakySnake/SneakySnake-HLS-HBM/include/action_memcopy.h' to the project
Execute     send_msg_by_id INFO @200-1465@%s 'tb.file=/home/deniz/Projects/SneakySnake/SneakySnake/SneakySnake.c' from /home/deniz/Projects/SneakySnake/HLSWorkSpace/SnakeOnHls/hls_config.cfg(16) 
INFO: [HLS 200-1465] Applying ini 'tb.file=/home/deniz/Projects/SneakySnake/SneakySnake/SneakySnake.c' from /home/deniz/Projects/SneakySnake/HLSWorkSpace/SnakeOnHls/hls_config.cfg(16)
Execute     add_files -tb /home/deniz/Projects/SneakySnake/SneakySnake/SneakySnake.c 
INFO: [HLS 200-10] Adding test bench file '/home/deniz/Projects/SneakySnake/SneakySnake/SneakySnake.c' to the project
Execute     send_msg_by_id INFO @200-1465@%s 'syn.top=SneakySnake_bit' from /home/deniz/Projects/SneakySnake/HLSWorkSpace/SnakeOnHls/hls_config.cfg(8) 
INFO: [HLS 200-1465] Applying ini 'syn.top=SneakySnake_bit' from /home/deniz/Projects/SneakySnake/HLSWorkSpace/SnakeOnHls/hls_config.cfg(8)
Execute     set_top SneakySnake_bit 
Execute     send_msg_by_id INFO @200-1465@%s 'flow_target=vitis' from /home/deniz/Projects/SneakySnake/HLSWorkSpace/SnakeOnHls/hls_config.cfg(4) 
INFO: [HLS 200-1465] Applying ini 'flow_target=vitis' from /home/deniz/Projects/SneakySnake/HLSWorkSpace/SnakeOnHls/hls_config.cfg(4)
Execute     send_msg_by_id INFO @200-1505@%s%s  vitis 
INFO: [HLS 200-1505] Using flow_target 'vitis'
Execute     send_msg_by_id INFO @200-435@%s%s 'open_solution -flow_target vitis' config_interface -m_axi_latency=64 
INFO: [HLS 200-435] Setting 'open_solution -flow_target vitis' configuration: config_interface -m_axi_latency=64
Execute     config_interface -m_axi_latency=64 
Execute     send_msg_by_id INFO @200-435@%s%s 'open_solution -flow_target vitis' config_interface -m_axi_alignment_byte_size=64 
INFO: [HLS 200-435] Setting 'open_solution -flow_target vitis' configuration: config_interface -m_axi_alignment_byte_size=64
Execute     config_interface -m_axi_alignment_byte_size=64 
Execute     send_msg_by_id INFO @200-435@%s%s 'open_solution -flow_target vitis' config_interface -m_axi_max_widen_bitwidth=512 
INFO: [HLS 200-435] Setting 'open_solution -flow_target vitis' configuration: config_interface -m_axi_max_widen_bitwidth=512
Execute     config_interface -m_axi_max_widen_bitwidth=512 
INFO-FLOW: Setting macro_cmd open_solution -flow_target vitis configuration: config_interface -default_interface=kernel
Execute     config_interface -default_interface=kernel 
Execute     send_msg_by_id INFO @200-435@%s%s 'open_solution -flow_target vitis' config_rtl -register_reset_num=3 
INFO: [HLS 200-435] Setting 'open_solution -flow_target vitis' configuration: config_rtl -register_reset_num=3
Execute     config_rtl -register_reset_num=3 
Execute     send_msg_by_id INFO @200-1465@%s 'part=xcvu9p-flga2104-2-i' from /home/deniz/Projects/SneakySnake/HLSWorkSpace/SnakeOnHls/hls_config.cfg(1) 
INFO: [HLS 200-1465] Applying ini 'part=xcvu9p-flga2104-2-i' from /home/deniz/Projects/SneakySnake/HLSWorkSpace/SnakeOnHls/hls_config.cfg(1)
Execute     set_part xcvu9p-flga2104-2-i 
Execute       create_platform xcvu9p-flga2104-2-i -board  
DBG:HLSDevice: Trying to load device library: /tools/Xilinx/Vitis/2024.2/lib/lnx64.o/libxv_hlsvwrap.so
DBG:HLSDevice: first parts/arch.xml in RDI_DATADIR: /tools/Xilinx/Vivado/2024.2/data/parts/arch.xml
DBG:HLSDevice: init success
INFO: [HLS 200-1611] Setting target device to 'xcvu9p-flga2104-2-i'
Command       create_platform done; 6.19 sec.
Execute       source /tools/Xilinx/Vitis/2024.2/common/technology/xilinx/common/xilinx.gen 
Execute         source /tools/Xilinx/Vitis/2024.2/common/technology/xilinx/interface/plb46.gen 
Execute         source /tools/Xilinx/Vitis/2024.2/common/technology/xilinx/interface/axi4.gen 
Execute         source /tools/Xilinx/Vitis/2024.2/common/technology/xilinx/interface/nativeAXI4.gen 
Execute           source /tools/Xilinx/Vitis/2024.2/common/technology/xilinx/interface/saxilite.gen 
Execute         source /tools/Xilinx/Vitis/2024.2/common/technology/xilinx/scripts/xilinxcoregen.gen 
Execute         source /tools/Xilinx/Vitis/2024.2/common/technology/xilinx/interface/XilEDKCoreGen.gen 
Execute         source /tools/Xilinx/Vitis/2024.2/common/technology/xilinx/ip/xfft.gen 
Execute         source /tools/Xilinx/Vitis/2024.2/common/technology/xilinx/ip/util.gen 
Execute         source /tools/Xilinx/Vitis/2024.2/common/technology/xilinx/ip/xfir.gen 
Execute         source /tools/Xilinx/Vitis/2024.2/common/technology/xilinx/ip/dds_compiler.gen 
Execute         source /tools/Xilinx/Vitis/2024.2/common/technology/xilinx/DSP48/dsp48.gen 
Command       ap_source done; 0.2 sec.
Execute       ap_part_info -name xcvu9p-flga2104-2-i -data info 
Execute       config_compile -quiet -complex-mul-dsp=0 
Command     set_part done; 6.56 sec.
Execute     send_msg_by_id INFO @200-1465@%s 'csim.code_analyzer=1' from /home/deniz/Projects/SneakySnake/HLSWorkSpace/SnakeOnHls/hls_config.cfg(7) 
INFO: [HLS 200-1465] Applying ini 'csim.code_analyzer=1' from /home/deniz/Projects/SneakySnake/HLSWorkSpace/SnakeOnHls/hls_config.cfg(7)
Execute     config_csim -code_analyzer=1 
Execute     send_msg_by_id INFO @200-1465@%s 'package.output.format=xo' from /home/deniz/Projects/SneakySnake/HLSWorkSpace/SnakeOnHls/hls_config.cfg(5) 
INFO: [HLS 200-1465] Applying ini 'package.output.format=xo' from /home/deniz/Projects/SneakySnake/HLSWorkSpace/SnakeOnHls/hls_config.cfg(5)
Execute     config_export -format=xo 
Command   apply_ini done; 6.76 sec.
Execute   apply_ini /home/deniz/Projects/SneakySnake/HLSWorkSpace/SnakeOnHls/SnakeOnHls/hls/config.cmdline 
Execute   ::AP::init_summary_file csim 
Execute     AP::app_get_file_relativeroot [AP::app_get_root] {}
Execute   csim_design 
INFO-FLOW: Running SLX 'csim' proc: ::SLX::run_csim
INFO-FLOW: ::SLX::run_csim failed: child process exited abnormally
INFO-FLOW: Caught error in csim_design: Problem running csim: child process exited abnormally
    while executing
"error "Problem running $stage: $result""
    (procedure "::AP::hls_slx_hook" line 55)
    invoked from within
"::AP::hls_slx_hook csim $config_value_dict replace_flow"
    (procedure "ap_internal_csim_design" line 100)
    invoked from within
"ap_internal_csim_design "
Command   csim_design done; error code: 2; 7.58 sec.
Execute   close_project 
Execute     close_solution 
Execute       cleanup_all 
Execute       cleanup_all 
