

================================================================
== Vitis HLS Report for 'count_one_bit'
================================================================
* Date:           Sat May 17 18:24:40 2025

* Version:        2024.2 (Build 5238294 on Nov  8 2024)
* Project:        SneakySnake_bit
* Solution:       hls (Vitis Kernel Flow Target)
* Product family: virtexuplus
* Target device:  xcvu9p-flga2104-2-i


================================================================
== Performance Estimates
================================================================
+ Timing: 
    * Summary: 
    +--------+----------+----------+------------+
    |  Clock |  Target  | Estimated| Uncertainty|
    +--------+----------+----------+------------+
    |ap_clk  |  11.00 ns|  1.039 ns|     1.32 ns|
    +--------+----------+----------+------------+

+ Latency: 
    * Summary: 
    +---------+---------+----------+----------+-----+-----+---------+
    |  Latency (cycles) |  Latency (absolute) |  Interval | Pipeline|
    |   min   |   max   |    min   |    max   | min | max |   Type  |
    +---------+---------+----------+----------+-----+-----+---------+
    |        0|        0|      0 ns|      0 ns|    1|    1|      yes|
    +---------+---------+----------+----------+-----+-----+---------+

    + Detail: 
        * Instance: 
        N/A

        * Loop: 
        N/A



================================================================
== Utilization Estimates
================================================================
* Summary: 
+---------------------+---------+------+---------+---------+-----+
|         Name        | BRAM_18K|  DSP |    FF   |   LUT   | URAM|
+---------------------+---------+------+---------+---------+-----+
|DSP                  |        -|     -|        -|        -|    -|
|Expression           |        -|     -|        0|       39|    -|
|FIFO                 |        -|     -|        -|        -|    -|
|Instance             |        -|     -|        0|       37|    -|
|Memory               |        -|     -|        -|        -|    -|
|Multiplexer          |        -|     -|        -|        -|    -|
|Register             |        -|     -|        -|        -|    -|
+---------------------+---------+------+---------+---------+-----+
|Total                |        0|     0|        0|       76|    0|
+---------------------+---------+------+---------+---------+-----+
|Available SLR        |     1440|  2280|   788160|   394080|  320|
+---------------------+---------+------+---------+---------+-----+
|Utilization SLR (%)  |        0|     0|        0|       ~0|    0|
+---------------------+---------+------+---------+---------+-----+
|Available            |     4320|  6840|  2364480|  1182240|  960|
+---------------------+---------+------+---------+---------+-----+
|Utilization (%)      |        0|     0|        0|       ~0|    0|
+---------------------+---------+------+---------+---------+-----+

+ Detail: 
    * Instance: 
    +-------------------------+----------------------+---------+----+---+----+-----+
    |         Instance        |        Module        | BRAM_18K| DSP| FF| LUT| URAM|
    +-------------------------+----------------------+---------+----+---+----+-----+
    |sparsemux_17_7_4_1_1_U3  |sparsemux_17_7_4_1_1  |        0|   0|  0|  37|    0|
    +-------------------------+----------------------+---------+----+---+----+-----+
    |Total                    |                      |        0|   0|  0|  37|    0|
    +-------------------------+----------------------+---------+----+---+----+-----+

    * DSP: 
    N/A

    * Memory: 
    N/A

    * FIFO: 
    N/A

    * Expression: 
    +--------------------------+----------+----+---+----+------------+------------+
    |       Variable Name      | Operation| DSP| FF| LUT| Bitwidth P0| Bitwidth P1|
    +--------------------------+----------+----+---+----+------------+------------+
    |and_ln333_1_fu_160_p2     |       and|   0|  0|   2|           1|           1|
    |and_ln333_2_fu_178_p2     |       and|   0|  0|   2|           1|           1|
    |and_ln333_3_fu_196_p2     |       and|   0|  0|   2|           1|           1|
    |and_ln333_4_fu_214_p2     |       and|   0|  0|   2|           1|           1|
    |and_ln333_5_fu_232_p2     |       and|   0|  0|   2|           1|           1|
    |and_ln333_fu_142_p2       |       and|   0|  0|   2|           1|           1|
    |or_ln333_1_fu_166_p2      |        or|   0|  0|   2|           1|           1|
    |or_ln333_2_fu_184_p2      |        or|   0|  0|   2|           1|           1|
    |or_ln333_3_fu_202_p2      |        or|   0|  0|   2|           1|           1|
    |or_ln333_4_fu_220_p2      |        or|   0|  0|   2|           1|           1|
    |or_ln333_fu_148_p2        |        or|   0|  0|   2|           1|           1|
    |UnifiedRetVal_fu_256_p16  |    select|   0|  0|   5|           1|           3|
    |xor_ln333_1_fu_154_p2     |       xor|   0|  0|   2|           1|           2|
    |xor_ln333_2_fu_172_p2     |       xor|   0|  0|   2|           1|           2|
    |xor_ln333_3_fu_190_p2     |       xor|   0|  0|   2|           1|           2|
    |xor_ln333_4_fu_208_p2     |       xor|   0|  0|   2|           1|           2|
    |xor_ln333_5_fu_226_p2     |       xor|   0|  0|   2|           1|           2|
    |xor_ln333_fu_136_p2       |       xor|   0|  0|   2|           1|           2|
    +--------------------------+----------+----+---+----+------------+------------+
    |Total                     |          |   0|  0|  39|          18|          26|
    +--------------------------+----------+----+---+----+------------+------------+

    * Multiplexer: 
    N/A

    * Register: 
    N/A



================================================================
== Interface
================================================================
* Summary: 
+---------------+-----+-----+------------+---------------+--------------+
|   RTL Ports   | Dir | Bits|  Protocol  | Source Object |    C Type    |
+---------------+-----+-----+------------+---------------+--------------+
|ap_ready       |  out|    1|  ap_ctrl_hs|  count_one_bit|  return value|
|ap_return      |  out|    4|  ap_ctrl_hs|  count_one_bit|  return value|
|ap_rst         |   in|    1|  ap_ctrl_hs|  count_one_bit|  return value|
|input_seq_val  |   in|    8|     ap_none|  input_seq_val|        scalar|
+---------------+-----+-----+------------+---------------+--------------+

