================================================================
== Design Size Report
================================================================

* Total Instructions per Compilation Phase
+---------------+-----------------------------+--------------+----------------------------------------------------------------------------------------+
| Phase         | Step                        | Instructions | Description                                                                            |
+---------------+-----------------------------+--------------+----------------------------------------------------------------------------------------+
| Compile/Link  |                             |  7,209       | After all functions are compiled and linked into a single design                       |
|               |                             |              |                                                                                        |
| Unroll/Inline |                             |              | After user unroll and inline pragmas are applied                                       |
|               | (1) unroll                  | 16,972       | user unroll pragmas are applied                                                        |
|               | (2) simplification          | 16,531       | simplification of applied user unroll pragmas                                          |
|               | (3) inline                  | 16,544       | user inline pragmas are applied                                                        |
|               | (4) simplification          | 16,544       | simplification of applied user inline pragmas                                          |
|               |                             |              |                                                                                        |
| Array/Struct  |                             |              | After user array partition and struct aggregate/disaggregate pragmas are applied       |
|               | (1) array partition         | 16,537       | user array partition pragmas are applied                                               |
|               | (2) simplification          | 16,537       | simplification of applied user array partition & struct aggregate/disaggregate pragmas |
|               | (3) aggregate/disaggregate  | 16,537       | user struct aggregate/disaggregate pragmas are applied                                 |
|               | (4) array reshape           | 16,537       | apply array reshape pragmas                                                            |
|               | (5) access patterns         | 16,538       | array access pattern optmizations                                                      |
|               |                             |              |                                                                                        |
| Performance   |                             |              | After transformations are applied to meet performance pragma targets                   |
|               | (1) loop simplification     | 16,461       | loop and instruction simplification                                                    |
|               | (2) parallelization         | 16,460       | loops are unrolled or pipelined to meet performance targets                            |
|               | (3) array partition         | 16,426       | arrays are partitioned to meet performance targets                                     |
|               | (4) simplification          | 16,426       | simplification of design after performance transformations                             |
|               |                             |              |                                                                                        |
| HW Transforms |                             |              | After hardware transfomations                                                          |
|               | (1) lowering                | 16,430       | initial conversion to HW specific instructions                                         |
|               | (2) optimizations           | 16,445       | high level synthesis optimizations                                                     |
+---------------+-----------------------------+--------------+----------------------------------------------------------------------------------------+

* Instructions per Function for each Compilation Phase
+------------------------+------------------+-----------------+------------------+------------------+------------------+---------------+
| Function               | Location         | Compile/Link    | Unroll/Inline    | Array/Struct     | Performance      | HW Transforms |
+------------------------+------------------+-----------------+------------------+------------------+------------------+---------------+
| + SneakySnake_bit      | pipeline.cpp:681 | 7,209           | 16,544           | 16,538           | 16,426           | 16,445        |
|    NeighborhoodMap_bit | pipeline.cpp:359 | 4,936           | 15,453           | 15,443           | 15,441           | 15,442        |
|  + after_neighbohood   | pipeline.cpp:632 | 1,562           | 1,020            | 1,023            |   912            |               |
|     count_one_bit      | pipeline.cpp:326 |  946 (11 calls) |   693 (33 calls) |   693 (33 calls) |   660 (33 calls) |               |
|     largest            | pipeline.cpp:307 |   22            |   126 (3 calls)  |   129 (3 calls)  |    96 (3 calls)  |               |
+------------------------+------------------+-----------------+------------------+------------------+------------------+---------------+

* Design Size Message Settings
+---------------------------------------------+--------+------------------------------------------------------------------+
| Message Setting                             | Value  | Description                                                      |
+---------------------------------------------+--------+------------------------------------------------------------------+
| config_compile -design_size_maximum_warning | 100000 | Show a warning when total design instructions exceeds this value |
+---------------------------------------------+--------+------------------------------------------------------------------+


