Wed May  7 16:03:56 2025: Running xcd server. This server was built by gradle.
Wed May  7 16:03:56 2025: Server was asked to start on port: '47801'
Wed May  7 16:03:56 2025: Server is using token UUID: '1c0d1c10-2b4c-11f0-b5f2-0800277e37a3'
Wed May  7 16:03:56 2025: SESSION_MGR: creating session with session uuid: '6d04a3e9-ade5-4ab9-8d63-1f78fcd2ec76' and name 'default'
Wed May  7 16:03:56 2025: Attempting to start server on port '47801'
Wed May  7 16:03:56 2025: XCD main fifo: created main fifo '/tmp/xcdmain1c0d1c10-2b4c-11f0-b5f2-0800277e37a3', fd read = 11
Wed May  7 16:03:56 2025: Running Dispatch Server
Wed May  7 16:03:56 2025: Version 2.2.0
Wed May  7 16:03:56 2025: Dispatch Server: Accepted socket connection from client
Wed May  7 16:03:56 2025: Starting Socket connection
Wed May  7 16:03:56 2025: EXCHANGE_TOKEN received, server token: 1c0d1c10-2b4c-11f0-b5f2-0800277e37a3, passed token: 1c0d1c10-2b4c-11f0-b5f2-0800277e37a3
Wed May  7 16:03:56 2025: SESSION_MGR: creating session with session uuid: '559f6774-3220-4616-a3ff-0ee8844cc2c4' and name 'Code Analyzer'
Wed May  7 16:03:56 2025: KERNEL_SVC: creating session with uuid: '559f6774-3220-4616-a3ff-0ee8844cc2c4' and name 'Code Analyzer'
Wed May  7 16:03:56 2025: GUIDANCE_SMGR: creating guidance session with uuid: '559f6774-3220-4616-a3ff-0ee8844cc2c4' and name 'Code Analyzer'
Wed May  7 16:03:56 2025: SESSION_MGR: closing session for UUID '559f6774-3220-4616-a3ff-0ee8844cc2c4' with name ''
Wed May  7 16:03:56 2025: KERNEL_SVC: closing session for UUID '559f6774-3220-4616-a3ff-0ee8844cc2c4' with name ''
Wed May  7 16:03:56 2025: GUIDANCE_SMGR: closing session for UUID '559f6774-3220-4616-a3ff-0ee8844cc2c4' with name ''
Wed May  7 16:03:56 2025: STOP_SERVER received, server token: 1c0d1c10-2b4c-11f0-b5f2-0800277e37a3, passed token: 1c0d1c10-2b4c-11f0-b5f2-0800277e37a3
Wed May  7 16:03:56 2025: Socket received request to stop server.
Wed May  7 16:03:56 2025: Dispatch Server: do_await_stop
Wed May  7 16:03:56 2025: Dispatch Server: stopping mainFifo_
Wed May  7 16:03:56 2025: XCD main fifo: Stopping
Wed May  7 16:03:56 2025: XCD main fifo: do_read error code: Operation canceled
Wed May  7 16:03:56 2025: XCD main fifo: bytes_transferred: 0
Wed May  7 16:03:56 2025: SERVER: destructor for server bound to port 47801
Wed May  7 16:03:56 2025: XCD main fifo: Good unlink of /tmp/xcdmain1c0d1c10-2b4c-11f0-b5f2-0800277e37a3
Wed May  7 16:03:56 2025: Server exiting with status 0.
Wed May  7 16:03:56 2025: Closing log file.
Wed May  7 16:12:26 2025: Running xcd server. This server was built by gradle.
Wed May  7 16:12:26 2025: Server was asked to start on port: '48929'
Wed May  7 16:12:26 2025: Server is using token UUID: '4c0c48fe-2b4d-11f0-b5f2-0800277e37a3'
Wed May  7 16:12:26 2025: SESSION_MGR: creating session with session uuid: '6d04a3e9-ade5-4ab9-8d63-1f78fcd2ec76' and name 'default'
Wed May  7 16:12:26 2025: Attempting to start server on port '48929'
Wed May  7 16:12:26 2025: XCD main fifo: created main fifo '/tmp/xcdmain4c0c48fe-2b4d-11f0-b5f2-0800277e37a3', fd read = 11
Wed May  7 16:12:26 2025: Running Dispatch Server
Wed May  7 16:12:26 2025: Version 2.2.0
Wed May  7 16:12:26 2025: Dispatch Server: Accepted socket connection from client
Wed May  7 16:12:26 2025: Starting Socket connection
Wed May  7 16:12:26 2025: EXCHANGE_TOKEN received, server token: 4c0c48fe-2b4d-11f0-b5f2-0800277e37a3, passed token: 4c0c48fe-2b4d-11f0-b5f2-0800277e37a3
Wed May  7 16:12:26 2025: SESSION_MGR: creating session with session uuid: '24a83b5b-e5af-4065-a99d-0ca8664ec3eb' and name 'Code Analyzer'
Wed May  7 16:12:26 2025: KERNEL_SVC: creating session with uuid: '24a83b5b-e5af-4065-a99d-0ca8664ec3eb' and name 'Code Analyzer'
Wed May  7 16:12:26 2025: GUIDANCE_SMGR: creating guidance session with uuid: '24a83b5b-e5af-4065-a99d-0ca8664ec3eb' and name 'Code Analyzer'
Wed May  7 16:12:28 2025: SESSION_MGR: closing session for UUID '24a83b5b-e5af-4065-a99d-0ca8664ec3eb' with name ''
Wed May  7 16:12:28 2025: KERNEL_SVC: closing session for UUID '24a83b5b-e5af-4065-a99d-0ca8664ec3eb' with name ''
Wed May  7 16:12:28 2025: GUIDANCE_SMGR: closing session for UUID '24a83b5b-e5af-4065-a99d-0ca8664ec3eb' with name ''
Wed May  7 16:12:28 2025: STOP_SERVER received, server token: 4c0c48fe-2b4d-11f0-b5f2-0800277e37a3, passed token: 4c0c48fe-2b4d-11f0-b5f2-0800277e37a3
Wed May  7 16:12:28 2025: Socket received request to stop server.
Wed May  7 16:12:28 2025: Dispatch Server: do_await_stop
Wed May  7 16:12:28 2025: Dispatch Server: stopping mainFifo_
Wed May  7 16:12:28 2025: XCD main fifo: Stopping
Wed May  7 16:12:28 2025: XCD main fifo: do_read error code: Operation canceled
Wed May  7 16:12:28 2025: XCD main fifo: bytes_transferred: 0
Wed May  7 16:12:28 2025: SERVER: destructor for server bound to port 48929
Wed May  7 16:12:28 2025: XCD main fifo: Good unlink of /tmp/xcdmain4c0c48fe-2b4d-11f0-b5f2-0800277e37a3
Wed May  7 16:12:28 2025: Server exiting with status 0.
Wed May  7 16:12:28 2025: Closing log file.
Wed May  7 16:49:30 2025: Running xcd server. This server was built by gradle.
Wed May  7 16:49:30 2025: Server was asked to start on port: '54353'
Wed May  7 16:49:30 2025: Server is using token UUID: '79ff6b92-2b52-11f0-b5f2-0800277e37a3'
Wed May  7 16:49:30 2025: SESSION_MGR: creating session with session uuid: '6d04a3e9-ade5-4ab9-8d63-1f78fcd2ec76' and name 'default'
Wed May  7 16:49:30 2025: Attempting to start server on port '54353'
Wed May  7 16:49:30 2025: XCD main fifo: created main fifo '/tmp/xcdmain79ff6b92-2b52-11f0-b5f2-0800277e37a3', fd read = 11
Wed May  7 16:49:30 2025: Running Dispatch Server
Wed May  7 16:49:30 2025: Version 2.2.0
Wed May  7 16:49:31 2025: Dispatch Server: Accepted socket connection from client
Wed May  7 16:49:31 2025: Starting Socket connection
Wed May  7 16:49:31 2025: EXCHANGE_TOKEN received, server token: 79ff6b92-2b52-11f0-b5f2-0800277e37a3, passed token: 79ff6b92-2b52-11f0-b5f2-0800277e37a3
Wed May  7 16:49:31 2025: SESSION_MGR: creating session with session uuid: '817c4c2f-8ffa-465f-83f4-c6346a650750' and name 'Code Analyzer'
Wed May  7 16:49:31 2025: KERNEL_SVC: creating session with uuid: '817c4c2f-8ffa-465f-83f4-c6346a650750' and name 'Code Analyzer'
Wed May  7 16:49:31 2025: GUIDANCE_SMGR: creating guidance session with uuid: '817c4c2f-8ffa-465f-83f4-c6346a650750' and name 'Code Analyzer'
Wed May  7 16:49:36 2025: SESSION_MGR: closing session for UUID '817c4c2f-8ffa-465f-83f4-c6346a650750' with name ''
Wed May  7 16:49:36 2025: KERNEL_SVC: closing session for UUID '817c4c2f-8ffa-465f-83f4-c6346a650750' with name ''
Wed May  7 16:49:36 2025: GUIDANCE_SMGR: closing session for UUID '817c4c2f-8ffa-465f-83f4-c6346a650750' with name ''
Wed May  7 16:49:36 2025: STOP_SERVER received, server token: 79ff6b92-2b52-11f0-b5f2-0800277e37a3, passed token: 79ff6b92-2b52-11f0-b5f2-0800277e37a3
Wed May  7 16:49:36 2025: Socket received request to stop server.
Wed May  7 16:49:36 2025: Dispatch Server: do_await_stop
Wed May  7 16:49:36 2025: Dispatch Server: stopping mainFifo_
Wed May  7 16:49:36 2025: XCD main fifo: Stopping
Wed May  7 16:49:36 2025: XCD main fifo: do_read error code: Operation canceled
Wed May  7 16:49:36 2025: XCD main fifo: bytes_transferred: 0
Wed May  7 16:49:36 2025: SERVER: destructor for server bound to port 54353
Wed May  7 16:49:36 2025: XCD main fifo: Good unlink of /tmp/xcdmain79ff6b92-2b52-11f0-b5f2-0800277e37a3
Wed May  7 16:49:36 2025: Server exiting with status 0.
Wed May  7 16:49:36 2025: Closing log file.
Wed May  7 16:50:21 2025: Running xcd server. This server was built by gradle.
Wed May  7 16:50:21 2025: Server was asked to start on port: '59657'
Wed May  7 16:50:21 2025: Server is using token UUID: '9809cc90-2b52-11f0-b5f2-0800277e37a3'
Wed May  7 16:50:21 2025: SESSION_MGR: creating session with session uuid: '6d04a3e9-ade5-4ab9-8d63-1f78fcd2ec76' and name 'default'
Wed May  7 16:50:21 2025: Attempting to start server on port '59657'
Wed May  7 16:50:21 2025: XCD main fifo: created main fifo '/tmp/xcdmain9809cc90-2b52-11f0-b5f2-0800277e37a3', fd read = 11
Wed May  7 16:50:21 2025: Running Dispatch Server
Wed May  7 16:50:21 2025: Version 2.2.0
Wed May  7 16:50:21 2025: Dispatch Server: Accepted socket connection from client
Wed May  7 16:50:21 2025: Starting Socket connection
Wed May  7 16:50:21 2025: EXCHANGE_TOKEN received, server token: 9809cc90-2b52-11f0-b5f2-0800277e37a3, passed token: 9809cc90-2b52-11f0-b5f2-0800277e37a3
Wed May  7 16:50:21 2025: SESSION_MGR: creating session with session uuid: '472e097f-2d83-4993-8af2-e520a674fe46' and name 'Code Analyzer'
Wed May  7 16:50:21 2025: KERNEL_SVC: creating session with uuid: '472e097f-2d83-4993-8af2-e520a674fe46' and name 'Code Analyzer'
Wed May  7 16:50:21 2025: GUIDANCE_SMGR: creating guidance session with uuid: '472e097f-2d83-4993-8af2-e520a674fe46' and name 'Code Analyzer'
Wed May  7 16:50:26 2025: SESSION_MGR: closing session for UUID '472e097f-2d83-4993-8af2-e520a674fe46' with name ''
Wed May  7 16:50:26 2025: KERNEL_SVC: closing session for UUID '472e097f-2d83-4993-8af2-e520a674fe46' with name ''
Wed May  7 16:50:26 2025: GUIDANCE_SMGR: closing session for UUID '472e097f-2d83-4993-8af2-e520a674fe46' with name ''
Wed May  7 16:50:26 2025: STOP_SERVER received, server token: 9809cc90-2b52-11f0-b5f2-0800277e37a3, passed token: 9809cc90-2b52-11f0-b5f2-0800277e37a3
Wed May  7 16:50:26 2025: Socket received request to stop server.
Wed May  7 16:50:26 2025: Dispatch Server: do_await_stop
Wed May  7 16:50:26 2025: Dispatch Server: stopping mainFifo_
Wed May  7 16:50:26 2025: XCD main fifo: Stopping
Wed May  7 16:50:26 2025: XCD main fifo: do_read error code: Operation canceled
Wed May  7 16:50:26 2025: XCD main fifo: bytes_transferred: 0
Wed May  7 16:50:26 2025: SERVER: destructor for server bound to port 59657
Wed May  7 16:50:26 2025: XCD main fifo: Good unlink of /tmp/xcdmain9809cc90-2b52-11f0-b5f2-0800277e37a3
Wed May  7 16:50:26 2025: Server exiting with status 0.
Wed May  7 16:50:26 2025: Closing log file.
Wed May  7 16:52:21 2025: Running xcd server. This server was built by gradle.
Wed May  7 16:52:21 2025: Server was asked to start on port: '59275'
Wed May  7 16:52:21 2025: Server is using token UUID: 'dfd63752-2b52-11f0-b5f2-0800277e37a3'
Wed May  7 16:52:21 2025: SESSION_MGR: creating session with session uuid: '6d04a3e9-ade5-4ab9-8d63-1f78fcd2ec76' and name 'default'
Wed May  7 16:52:21 2025: Attempting to start server on port '59275'
Wed May  7 16:52:21 2025: XCD main fifo: created main fifo '/tmp/xcdmaindfd63752-2b52-11f0-b5f2-0800277e37a3', fd read = 11
Wed May  7 16:52:21 2025: Running Dispatch Server
Wed May  7 16:52:21 2025: Version 2.2.0
Wed May  7 16:52:22 2025: Dispatch Server: Accepted socket connection from client
Wed May  7 16:52:22 2025: Starting Socket connection
Wed May  7 16:52:22 2025: EXCHANGE_TOKEN received, server token: dfd63752-2b52-11f0-b5f2-0800277e37a3, passed token: dfd63752-2b52-11f0-b5f2-0800277e37a3
Wed May  7 16:52:22 2025: SESSION_MGR: creating session with session uuid: 'ecd3a8f9-dd1a-4216-a06c-312ee61863c6' and name 'Code Analyzer'
Wed May  7 16:52:22 2025: KERNEL_SVC: creating session with uuid: 'ecd3a8f9-dd1a-4216-a06c-312ee61863c6' and name 'Code Analyzer'
Wed May  7 16:52:22 2025: GUIDANCE_SMGR: creating guidance session with uuid: 'ecd3a8f9-dd1a-4216-a06c-312ee61863c6' and name 'Code Analyzer'
Wed May  7 16:52:22 2025: SESSION_MGR: closing session for UUID 'ecd3a8f9-dd1a-4216-a06c-312ee61863c6' with name ''
Wed May  7 16:52:22 2025: KERNEL_SVC: closing session for UUID 'ecd3a8f9-dd1a-4216-a06c-312ee61863c6' with name ''
Wed May  7 16:52:22 2025: GUIDANCE_SMGR: closing session for UUID 'ecd3a8f9-dd1a-4216-a06c-312ee61863c6' with name ''
Wed May  7 16:52:22 2025: STOP_SERVER received, server token: dfd63752-2b52-11f0-b5f2-0800277e37a3, passed token: dfd63752-2b52-11f0-b5f2-0800277e37a3
Wed May  7 16:52:22 2025: Socket received request to stop server.
Wed May  7 16:52:22 2025: Dispatch Server: do_await_stop
Wed May  7 16:52:22 2025: Dispatch Server: stopping mainFifo_
Wed May  7 16:52:22 2025: XCD main fifo: Stopping
Wed May  7 16:52:22 2025: XCD main fifo: do_read error code: Operation canceled
Wed May  7 16:52:22 2025: XCD main fifo: bytes_transferred: 0
Wed May  7 16:52:22 2025: SERVER: destructor for server bound to port 59275
Wed May  7 16:52:22 2025: XCD main fifo: Good unlink of /tmp/xcdmaindfd63752-2b52-11f0-b5f2-0800277e37a3
Wed May  7 16:52:22 2025: Server exiting with status 0.
Wed May  7 16:52:22 2025: Closing log file.
Wed May  7 16:53:52 2025: Running xcd server. This server was built by gradle.
Wed May  7 16:53:52 2025: Server was asked to start on port: '38931'
Wed May  7 16:53:52 2025: Server is using token UUID: '1640ee40-2b53-11f0-b5f2-0800277e37a3'
Wed May  7 16:53:52 2025: SESSION_MGR: creating session with session uuid: '6d04a3e9-ade5-4ab9-8d63-1f78fcd2ec76' and name 'default'
Wed May  7 16:53:52 2025: Attempting to start server on port '38931'
Wed May  7 16:53:52 2025: XCD main fifo: created main fifo '/tmp/xcdmain1640ee40-2b53-11f0-b5f2-0800277e37a3', fd read = 11
Wed May  7 16:53:52 2025: Running Dispatch Server
Wed May  7 16:53:52 2025: Version 2.2.0
Wed May  7 16:53:53 2025: Dispatch Server: Accepted socket connection from client
Wed May  7 16:53:53 2025: Starting Socket connection
Wed May  7 16:53:53 2025: EXCHANGE_TOKEN received, server token: 1640ee40-2b53-11f0-b5f2-0800277e37a3, passed token: 1640ee40-2b53-11f0-b5f2-0800277e37a3
Wed May  7 16:53:53 2025: SESSION_MGR: creating session with session uuid: '4bf0ba20-b5cc-41b1-82a2-d6ee8adbdd9e' and name 'Code Analyzer'
Wed May  7 16:53:53 2025: KERNEL_SVC: creating session with uuid: '4bf0ba20-b5cc-41b1-82a2-d6ee8adbdd9e' and name 'Code Analyzer'
Wed May  7 16:53:53 2025: GUIDANCE_SMGR: creating guidance session with uuid: '4bf0ba20-b5cc-41b1-82a2-d6ee8adbdd9e' and name 'Code Analyzer'
Wed May  7 16:53:55 2025: SESSION_MGR: closing session for UUID '4bf0ba20-b5cc-41b1-82a2-d6ee8adbdd9e' with name ''
Wed May  7 16:53:55 2025: KERNEL_SVC: closing session for UUID '4bf0ba20-b5cc-41b1-82a2-d6ee8adbdd9e' with name ''
Wed May  7 16:53:55 2025: GUIDANCE_SMGR: closing session for UUID '4bf0ba20-b5cc-41b1-82a2-d6ee8adbdd9e' with name ''
Wed May  7 16:53:55 2025: STOP_SERVER received, server token: 1640ee40-2b53-11f0-b5f2-0800277e37a3, passed token: 1640ee40-2b53-11f0-b5f2-0800277e37a3
Wed May  7 16:53:55 2025: Socket received request to stop server.
Wed May  7 16:53:55 2025: Dispatch Server: do_await_stop
Wed May  7 16:53:55 2025: Dispatch Server: stopping mainFifo_
Wed May  7 16:53:55 2025: XCD main fifo: Stopping
Wed May  7 16:53:55 2025: XCD main fifo: do_read error code: Operation canceled
Wed May  7 16:53:55 2025: XCD main fifo: bytes_transferred: 0
Wed May  7 16:53:55 2025: SERVER: destructor for server bound to port 38931
Wed May  7 16:53:55 2025: XCD main fifo: Good unlink of /tmp/xcdmain1640ee40-2b53-11f0-b5f2-0800277e37a3
Wed May  7 16:53:55 2025: Server exiting with status 0.
Wed May  7 16:53:55 2025: Closing log file.
