  **** HLS Build v2024.2 5238294
INFO: [HLS 200-2005] Using work_dir /home/deniz/Projects/SneakySnake/HLS-Workspce/hls_component/SneakySnake_bit 
INFO: [HLS 200-1505] Using default flow_target 'vivado'
Resolution: For help on HLS 200-1505 see docs.xilinx.com/access/sources/dita/topic?Doc_Version=2024.2%20English&url=ug1448-hls-guidance&resourceid=200-1505.html
INFO: [HLS 200-1465] Applying ini 'syn.file=/home/deniz/Projects/SneakySnake/SneakySnake-HLS-HBM/hw/pipeline.cpp' from /home/deniz/Projects/SneakySnake/HLS-Workspce/hls_component/hls_config.cfg(8)
INFO: [HLS 200-10] Adding design file '/home/deniz/Projects/SneakySnake/SneakySnake-HLS-HBM/hw/pipeline.cpp' to the project
INFO: [HLS 200-1465] Applying ini 'syn.file=/home/deniz/oc-accel/actions/include/hls_snap_1024.H' from /home/deniz/Projects/SneakySnake/HLS-Workspce/hls_component/hls_config.cfg(9)
INFO: [HLS 200-10] Adding design file '/home/deniz/oc-accel/actions/include/hls_snap_1024.H' to the project
INFO: [HLS 200-1465] Applying ini 'syn.file=/home/deniz/oc-accel/actions/hls_memcopy_1024/include/action_memcopy.h' from /home/deniz/Projects/SneakySnake/HLS-Workspce/hls_component/hls_config.cfg(10)
INFO: [HLS 200-10] Adding design file '/home/deniz/oc-accel/actions/hls_memcopy_1024/include/action_memcopy.h' to the project
INFO: [HLS 200-1465] Applying ini 'syn.file=/home/deniz/oc-accel/actions/hls_memcopy_1024/hw/hw_action_memcopy_1024.cpp' from /home/deniz/Projects/SneakySnake/HLS-Workspce/hls_component/hls_config.cfg(11)
INFO: [HLS 200-10] Adding design file '/home/deniz/oc-accel/actions/hls_memcopy_1024/hw/hw_action_memcopy_1024.cpp' to the project
INFO: [HLS 200-1465] Applying ini 'syn.file=/home/deniz/oc-accel/software/include/osnap_types.h' from /home/deniz/Projects/SneakySnake/HLS-Workspce/hls_component/hls_config.cfg(12)
INFO: [HLS 200-10] Adding design file '/home/deniz/oc-accel/software/include/osnap_types.h' to the project
INFO: [HLS 200-1465] Applying ini 'syn.file=/home/deniz/oc-accel/software/include/osnap_tools.h' from /home/deniz/Projects/SneakySnake/HLS-Workspce/hls_component/hls_config.cfg(13)
INFO: [HLS 200-10] Adding design file '/home/deniz/oc-accel/software/include/osnap_tools.h' to the project
INFO: [HLS 200-1465] Applying ini 'syn.file=/home/deniz/oc-accel/software/include/osnap_queue.h' from /home/deniz/Projects/SneakySnake/HLS-Workspce/hls_component/hls_config.cfg(14)
INFO: [HLS 200-10] Adding design file '/home/deniz/oc-accel/software/include/osnap_queue.h' to the project
INFO: [HLS 200-1465] Applying ini 'syn.file=/home/deniz/oc-accel/software/include/osnap_internal.h' from /home/deniz/Projects/SneakySnake/HLS-Workspce/hls_component/hls_config.cfg(15)
INFO: [HLS 200-10] Adding design file '/home/deniz/oc-accel/software/include/osnap_internal.h' to the project
INFO: [HLS 200-1465] Applying ini 'syn.file=/home/deniz/oc-accel/software/include/osnap_hls_if.h' from /home/deniz/Projects/SneakySnake/HLS-Workspce/hls_component/hls_config.cfg(16)
INFO: [HLS 200-10] Adding design file '/home/deniz/oc-accel/software/include/osnap_hls_if.h' to the project
INFO: [HLS 200-1465] Applying ini 'syn.file=/home/deniz/oc-accel/software/include/osnap_global_regs.h' from /home/deniz/Projects/SneakySnake/HLS-Workspce/hls_component/hls_config.cfg(17)
INFO: [HLS 200-10] Adding design file '/home/deniz/oc-accel/software/include/osnap_global_regs.h' to the project
INFO: [HLS 200-1465] Applying ini 'syn.file=/home/deniz/oc-accel/software/include/libosnap.h' from /home/deniz/Projects/SneakySnake/HLS-Workspce/hls_component/hls_config.cfg(18)
INFO: [HLS 200-10] Adding design file '/home/deniz/oc-accel/software/include/libosnap.h' to the project
INFO: [HLS 200-1465] Applying ini 'tb.file=/home/deniz/Projects/SneakySnake/SneakySnake-HLS-HBM/hw/tb_wrapper.cpp' from /home/deniz/Projects/SneakySnake/HLS-Workspce/hls_component/hls_config.cfg(19)
INFO: [HLS 200-10] Adding test bench file '/home/deniz/Projects/SneakySnake/SneakySnake-HLS-HBM/hw/tb_wrapper.cpp' to the project
INFO: [HLS 200-1465] Applying ini 'syn.top=SneakySnake_bit' from /home/deniz/Projects/SneakySnake/HLS-Workspce/hls_component/hls_config.cfg(7)
INFO: [HLS 200-1465] Applying ini 'flow_target=vitis' from /home/deniz/Projects/SneakySnake/HLS-Workspce/hls_component/hls_config.cfg(4)
INFO: [HLS 200-1505] Using flow_target 'vitis'
Resolution: For help on HLS 200-1505 see docs.xilinx.com/access/sources/dita/topic?Doc_Version=2024.2%20English&url=ug1448-hls-guidance&resourceid=200-1505.html
INFO: [HLS 200-435] Setting 'open_solution -flow_target vitis' configuration: config_interface -m_axi_latency=64
INFO: [HLS 200-435] Setting 'open_solution -flow_target vitis' configuration: config_interface -m_axi_alignment_byte_size=64
INFO: [HLS 200-435] Setting 'open_solution -flow_target vitis' configuration: config_interface -m_axi_max_widen_bitwidth=512
INFO: [HLS 200-435] Setting 'open_solution -flow_target vitis' configuration: config_rtl -register_reset_num=3
INFO: [HLS 200-1465] Applying ini 'part=xcvu9p-flga2104-2-i' from /home/deniz/Projects/SneakySnake/HLS-Workspce/hls_component/hls_config.cfg(1)
INFO: [HLS 200-1611] Setting target device to 'xcvu9p-flga2104-2-i'
INFO: [HLS 200-1465] Applying ini 'package.output.format=xo' from /home/deniz/Projects/SneakySnake/HLS-Workspce/hls_component/hls_config.cfg(5)
INFO: [SIM 211-2] *************** CSIM start ***************
INFO: [SIM 211-4] CSIM will launch CLANG as the compiler.
INFO: [HLS 200-2036] Building debug C Simulation binaries
   Compiling ../../../../../../SneakySnake-HLS-HBM/hw/tb_wrapper.cpp in debug mode
In file included from ../../../../../../SneakySnake-HLS-HBM/hw/tb_wrapper.cpp:8:
../../../../../../SneakySnake-HLS-HBM/hw/pipeline.h:6:10: fatal error: 'hw_action_hbm_memcopy_1024.H' file not found
#include "hw_action_hbm_memcopy_1024.H"
         ^~~~~~~~~~~~~~~~~~~~~~~~~~~~~~
1 error generated.
make: *** [csim.mk:88: obj/tb_wrapper.o] Error 1
ERROR: [SIM 211-100] 'csim_design' failed: compilation error(s).
INFO: [SIM 211-3] *************** CSIM finish ***************
ERROR: 4
INFO: [HLS 200-112] Total CPU user time: 7.55 seconds. Total CPU system time: 1.79 seconds. Total elapsed time: 9.69 seconds; peak allocated memory: 659.152 MB.
