  **** HLS Build v2024.2 5238294
INFO: [HLS 200-2005] Using work_dir /home/deniz/Projects/SneakySnake/HLS-Workspce/hls_component/SneakySnake_bit 
INFO: [HLS 200-1505] Using default flow_target 'vivado'
Resolution: For help on HLS 200-1505 see docs.xilinx.com/access/sources/dita/topic?Doc_Version=2024.2%20English&url=ug1448-hls-guidance&resourceid=200-1505.html
INFO: [HLS 200-1465] Applying ini 'syn.file=/home/deniz/Projects/SneakySnake/SneakySnake-HLS-HBM/hw/pipeline.cpp' from /home/deniz/Projects/SneakySnake/HLS-Workspce/hls_component/hls_config.cfg(8)
INFO: [HLS 200-10] Adding design file '/home/deniz/Projects/SneakySnake/SneakySnake-HLS-HBM/hw/pipeline.cpp' to the project
INFO: [HLS 200-1465] Applying ini 'syn.cflags=-I/home/deniz/oc-accel/actions/include' from /home/deniz/Projects/SneakySnake/HLS-Workspce/hls_component/hls_config.cfg(13)
INFO: [HLS 200-1465] Applying ini 'syn.csimflags=-I/home/deniz/oc-accel/actions/include' from /home/deniz/Projects/SneakySnake/HLS-Workspce/hls_component/hls_config.cfg(14)
INFO: [HLS 200-1465] Applying ini 'tb.file=/home/deniz/Projects/SneakySnake/SneakySnake-HLS-HBM/hw/tb_wrapper.cpp' from /home/deniz/Projects/SneakySnake/HLS-Workspce/hls_component/hls_config.cfg(9)
INFO: [HLS 200-10] Adding test bench file '/home/deniz/Projects/SneakySnake/SneakySnake-HLS-HBM/hw/tb_wrapper.cpp' to the project
INFO: [HLS 200-1465] Applying ini 'tb.file=/home/deniz/Projects/SneakySnake/SneakySnake/kthread.c' from /home/deniz/Projects/SneakySnake/HLS-Workspce/hls_component/hls_config.cfg(10)
INFO: [HLS 200-10] Adding test bench file '/home/deniz/Projects/SneakySnake/SneakySnake/kthread.c' to the project
INFO: [HLS 200-1465] Applying ini 'tb.cflags=-I/home/deniz/oc-accel/actions/include' from /home/deniz/Projects/SneakySnake/HLS-Workspce/hls_component/hls_config.cfg(17)
INFO: [HLS 200-1465] Applying ini 'syn.top=SneakySnake_bit' from /home/deniz/Projects/SneakySnake/HLS-Workspce/hls_component/hls_config.cfg(7)
INFO: [HLS 200-1465] Applying ini 'flow_target=vitis' from /home/deniz/Projects/SneakySnake/HLS-Workspce/hls_component/hls_config.cfg(4)
INFO: [HLS 200-1505] Using flow_target 'vitis'
Resolution: For help on HLS 200-1505 see docs.xilinx.com/access/sources/dita/topic?Doc_Version=2024.2%20English&url=ug1448-hls-guidance&resourceid=200-1505.html
INFO: [HLS 200-435] Setting 'open_solution -flow_target vitis' configuration: config_interface -m_axi_latency=64
INFO: [HLS 200-435] Setting 'open_solution -flow_target vitis' configuration: config_interface -m_axi_alignment_byte_size=64
INFO: [HLS 200-435] Setting 'open_solution -flow_target vitis' configuration: config_interface -m_axi_max_widen_bitwidth=512
INFO: [HLS 200-435] Setting 'open_solution -flow_target vitis' configuration: config_rtl -register_reset_num=3
INFO: [HLS 200-1465] Applying ini 'part=xcvu9p-flga2104-2-i' from /home/deniz/Projects/SneakySnake/HLS-Workspce/hls_component/hls_config.cfg(1)
INFO: [HLS 200-1611] Setting target device to 'xcvu9p-flga2104-2-i'
INFO: [HLS 200-1465] Applying ini 'clock=11ns' from /home/deniz/Projects/SneakySnake/HLS-Workspce/hls_component/hls_config.cfg(15)
INFO: [SYN 201-201] Setting up clock 'default' with a period of 11ns.
INFO: [HLS 200-1465] Applying ini 'clock_uncertainty=12%' from /home/deniz/Projects/SneakySnake/HLS-Workspce/hls_component/hls_config.cfg(16)
INFO: [SYN 201-201] Setting up clock 'default' with an uncertainty of 1.32ns.
INFO: [HLS 200-1465] Applying ini 'csim.argv=0 100 100 100 /home/deniz/Projects/SneakySnake/Datasets/ERR240727_1_E2_30000Pairs.txt 30000 1 10' from /home/deniz/Projects/SneakySnake/HLS-Workspce/hls_component/hls_config.cfg(11)
INFO: [HLS 200-1465] Applying ini 'csim.code_analyzer=1' from /home/deniz/Projects/SneakySnake/HLS-Workspce/hls_component/hls_config.cfg(12)
INFO: [HLS 200-1465] Applying ini 'package.output.format=xo' from /home/deniz/Projects/SneakySnake/HLS-Workspce/hls_component/hls_config.cfg(5)
INFO: [HLS 200-111] Finished File checks and directory preparation: CPU user time: 6.11 seconds. CPU system time: 1.61 seconds. Elapsed time: 8.25 seconds; current allocated memory: 658.852 MB.
INFO: [HLS 200-10] Analyzing design file '/home/deniz/Projects/SneakySnake/SneakySnake-HLS-HBM/hw/pipeline.cpp' ... 
WARNING: [HLS 214-113] Either use an argument of the function or declare the variable inside the dataflow loop body (/home/deniz/Projects/SneakySnake/SneakySnake-HLS-HBM/hw/pipeline.cpp:374:12)
Resolution: For help on HLS 214-113 see docs.xilinx.com/access/sources/dita/topic?Doc_Version=2024.2%20English&url=ug1448-hls-guidance&resourceid=214-113.html
WARNING: [HLS 214-113] Either use an argument of the function or declare the variable inside the dataflow loop body (/home/deniz/Projects/SneakySnake/SneakySnake-HLS-HBM/hw/pipeline.cpp:399:12)
Resolution: For help on HLS 214-113 see docs.xilinx.com/access/sources/dita/topic?Doc_Version=2024.2%20English&url=ug1448-hls-guidance&resourceid=214-113.html
WARNING: [HLS 214-112] Functions with a return value cannot be used inside a dataflow region (/home/deniz/Projects/SneakySnake/SneakySnake-HLS-HBM/hw/pipeline.cpp:411:5)
Resolution: For help on HLS 214-112 see docs.xilinx.com/access/sources/dita/topic?Doc_Version=2024.2%20English&url=ug1448-hls-guidance&resourceid=214-112.html
WARNING: [HLS 214-113] Either use an argument of the function or declare the variable inside the dataflow loop body (/home/deniz/Projects/SneakySnake/SneakySnake-HLS-HBM/hw/pipeline.cpp:418:12)
Resolution: For help on HLS 214-113 see docs.xilinx.com/access/sources/dita/topic?Doc_Version=2024.2%20English&url=ug1448-hls-guidance&resourceid=214-113.html
WARNING: [HLS 214-112] Functions with a return value cannot be used inside a dataflow region (/home/deniz/Projects/SneakySnake/SneakySnake-HLS-HBM/hw/pipeline.cpp:429:5)
Resolution: For help on HLS 214-112 see docs.xilinx.com/access/sources/dita/topic?Doc_Version=2024.2%20English&url=ug1448-hls-guidance&resourceid=214-112.html
WARNING: [HLS 214-112] Functions with a return value cannot be used inside a dataflow region (/home/deniz/Projects/SneakySnake/SneakySnake-HLS-HBM/hw/pipeline.cpp:430:5)
Resolution: For help on HLS 214-112 see docs.xilinx.com/access/sources/dita/topic?Doc_Version=2024.2%20English&url=ug1448-hls-guidance&resourceid=214-112.html
WARNING: [HLS 214-113] Either use an argument of the function or declare the variable inside the dataflow loop body (/home/deniz/Projects/SneakySnake/SneakySnake-HLS-HBM/hw/pipeline.cpp:437:12)
Resolution: For help on HLS 214-113 see docs.xilinx.com/access/sources/dita/topic?Doc_Version=2024.2%20English&url=ug1448-hls-guidance&resourceid=214-113.html
WARNING: [HLS 214-112] Functions with a return value cannot be used inside a dataflow region (/home/deniz/Projects/SneakySnake/SneakySnake-HLS-HBM/hw/pipeline.cpp:448:5)
Resolution: For help on HLS 214-112 see docs.xilinx.com/access/sources/dita/topic?Doc_Version=2024.2%20English&url=ug1448-hls-guidance&resourceid=214-112.html
WARNING: [HLS 214-112] Functions with a return value cannot be used inside a dataflow region (/home/deniz/Projects/SneakySnake/SneakySnake-HLS-HBM/hw/pipeline.cpp:449:5)
Resolution: For help on HLS 214-112 see docs.xilinx.com/access/sources/dita/topic?Doc_Version=2024.2%20English&url=ug1448-hls-guidance&resourceid=214-112.html
WARNING: [HLS 214-112] Functions with a return value cannot be used inside a dataflow region (/home/deniz/Projects/SneakySnake/SneakySnake-HLS-HBM/hw/pipeline.cpp:450:5)
Resolution: For help on HLS 214-112 see docs.xilinx.com/access/sources/dita/topic?Doc_Version=2024.2%20English&url=ug1448-hls-guidance&resourceid=214-112.html
WARNING: [HLS 214-113] Either use an argument of the function or declare the variable inside the dataflow loop body (/home/deniz/Projects/SneakySnake/SneakySnake-HLS-HBM/hw/pipeline.cpp:461:12)
Resolution: For help on HLS 214-113 see docs.xilinx.com/access/sources/dita/topic?Doc_Version=2024.2%20English&url=ug1448-hls-guidance&resourceid=214-113.html
WARNING: [HLS 214-112] Functions with a return value cannot be used inside a dataflow region (/home/deniz/Projects/SneakySnake/SneakySnake-HLS-HBM/hw/pipeline.cpp:472:5)
Resolution: For help on HLS 214-112 see docs.xilinx.com/access/sources/dita/topic?Doc_Version=2024.2%20English&url=ug1448-hls-guidance&resourceid=214-112.html
WARNING: [HLS 214-112] Functions with a return value cannot be used inside a dataflow region (/home/deniz/Projects/SneakySnake/SneakySnake-HLS-HBM/hw/pipeline.cpp:473:5)
Resolution: For help on HLS 214-112 see docs.xilinx.com/access/sources/dita/topic?Doc_Version=2024.2%20English&url=ug1448-hls-guidance&resourceid=214-112.html
WARNING: [HLS 214-112] Functions with a return value cannot be used inside a dataflow region (/home/deniz/Projects/SneakySnake/SneakySnake-HLS-HBM/hw/pipeline.cpp:474:5)
Resolution: For help on HLS 214-112 see docs.xilinx.com/access/sources/dita/topic?Doc_Version=2024.2%20English&url=ug1448-hls-guidance&resourceid=214-112.html
WARNING: [HLS 214-112] Functions with a return value cannot be used inside a dataflow region (/home/deniz/Projects/SneakySnake/SneakySnake-HLS-HBM/hw/pipeline.cpp:475:5)
Resolution: For help on HLS 214-112 see docs.xilinx.com/access/sources/dita/topic?Doc_Version=2024.2%20English&url=ug1448-hls-guidance&resourceid=214-112.html
WARNING: [HLS 214-113] Either use an argument of the function or declare the variable inside the dataflow loop body (/home/deniz/Projects/SneakySnake/SneakySnake-HLS-HBM/hw/pipeline.cpp:487:12)
Resolution: For help on HLS 214-113 see docs.xilinx.com/access/sources/dita/topic?Doc_Version=2024.2%20English&url=ug1448-hls-guidance&resourceid=214-113.html
WARNING: [HLS 214-112] Functions with a return value cannot be used inside a dataflow region (/home/deniz/Projects/SneakySnake/SneakySnake-HLS-HBM/hw/pipeline.cpp:498:9)
Resolution: For help on HLS 214-112 see docs.xilinx.com/access/sources/dita/topic?Doc_Version=2024.2%20English&url=ug1448-hls-guidance&resourceid=214-112.html
WARNING: [HLS 214-112] Functions with a return value cannot be used inside a dataflow region (/home/deniz/Projects/SneakySnake/SneakySnake-HLS-HBM/hw/pipeline.cpp:499:5)
Resolution: For help on HLS 214-112 see docs.xilinx.com/access/sources/dita/topic?Doc_Version=2024.2%20English&url=ug1448-hls-guidance&resourceid=214-112.html
WARNING: [HLS 214-112] Functions with a return value cannot be used inside a dataflow region (/home/deniz/Projects/SneakySnake/SneakySnake-HLS-HBM/hw/pipeline.cpp:500:5)
Resolution: For help on HLS 214-112 see docs.xilinx.com/access/sources/dita/topic?Doc_Version=2024.2%20English&url=ug1448-hls-guidance&resourceid=214-112.html
WARNING: [HLS 214-112] Functions with a return value cannot be used inside a dataflow region (/home/deniz/Projects/SneakySnake/SneakySnake-HLS-HBM/hw/pipeline.cpp:501:5)
Resolution: For help on HLS 214-112 see docs.xilinx.com/access/sources/dita/topic?Doc_Version=2024.2%20English&url=ug1448-hls-guidance&resourceid=214-112.html
WARNING: [HLS 214-112] Functions with a return value cannot be used inside a dataflow region (/home/deniz/Projects/SneakySnake/SneakySnake-HLS-HBM/hw/pipeline.cpp:502:5)
Resolution: For help on HLS 214-112 see docs.xilinx.com/access/sources/dita/topic?Doc_Version=2024.2%20English&url=ug1448-hls-guidance&resourceid=214-112.html
WARNING: [HLS 214-113] Either use an argument of the function or declare the variable inside the dataflow loop body (/home/deniz/Projects/SneakySnake/SneakySnake-HLS-HBM/hw/pipeline.cpp:515:12)
Resolution: For help on HLS 214-113 see docs.xilinx.com/access/sources/dita/topic?Doc_Version=2024.2%20English&url=ug1448-hls-guidance&resourceid=214-113.html
WARNING: [HLS 214-112] Functions with a return value cannot be used inside a dataflow region (/home/deniz/Projects/SneakySnake/SneakySnake-HLS-HBM/hw/pipeline.cpp:526:9)
Resolution: For help on HLS 214-112 see docs.xilinx.com/access/sources/dita/topic?Doc_Version=2024.2%20English&url=ug1448-hls-guidance&resourceid=214-112.html
WARNING: [HLS 214-113] Either use an argument of the function or declare the variable inside the dataflow loop body (/home/deniz/Projects/SneakySnake/SneakySnake-HLS-HBM/hw/pipeline.cpp:533:12)
Resolution: For help on HLS 214-113 see docs.xilinx.com/access/sources/dita/topic?Doc_Version=2024.2%20English&url=ug1448-hls-guidance&resourceid=214-113.html
WARNING: [HLS 214-112] Functions with a return value cannot be used inside a dataflow region (/home/deniz/Projects/SneakySnake/SneakySnake-HLS-HBM/hw/pipeline.cpp:544:7)
Resolution: For help on HLS 214-112 see docs.xilinx.com/access/sources/dita/topic?Doc_Version=2024.2%20English&url=ug1448-hls-guidance&resourceid=214-112.html
WARNING: [HLS 214-112] Functions with a return value cannot be used inside a dataflow region (/home/deniz/Projects/SneakySnake/SneakySnake-HLS-HBM/hw/pipeline.cpp:545:8)
Resolution: For help on HLS 214-112 see docs.xilinx.com/access/sources/dita/topic?Doc_Version=2024.2%20English&url=ug1448-hls-guidance&resourceid=214-112.html
WARNING: [HLS 214-113] Either use an argument of the function or declare the variable inside the dataflow loop body (/home/deniz/Projects/SneakySnake/SneakySnake-HLS-HBM/hw/pipeline.cpp:555:12)
Resolution: For help on HLS 214-113 see docs.xilinx.com/access/sources/dita/topic?Doc_Version=2024.2%20English&url=ug1448-hls-guidance&resourceid=214-113.html
WARNING: [HLS 214-112] Functions with a return value cannot be used inside a dataflow region (/home/deniz/Projects/SneakySnake/SneakySnake-HLS-HBM/hw/pipeline.cpp:566:5)
Resolution: For help on HLS 214-112 see docs.xilinx.com/access/sources/dita/topic?Doc_Version=2024.2%20English&url=ug1448-hls-guidance&resourceid=214-112.html
WARNING: [HLS 214-112] Functions with a return value cannot be used inside a dataflow region (/home/deniz/Projects/SneakySnake/SneakySnake-HLS-HBM/hw/pipeline.cpp:567:8)
Resolution: For help on HLS 214-112 see docs.xilinx.com/access/sources/dita/topic?Doc_Version=2024.2%20English&url=ug1448-hls-guidance&resourceid=214-112.html
WARNING: [HLS 214-112] Functions with a return value cannot be used inside a dataflow region (/home/deniz/Projects/SneakySnake/SneakySnake-HLS-HBM/hw/pipeline.cpp:568:8)
Resolution: For help on HLS 214-112 see docs.xilinx.com/access/sources/dita/topic?Doc_Version=2024.2%20English&url=ug1448-hls-guidance&resourceid=214-112.html
WARNING: [HLS 214-113] Either use an argument of the function or declare the variable inside the dataflow loop body (/home/deniz/Projects/SneakySnake/SneakySnake-HLS-HBM/hw/pipeline.cpp:579:13)
Resolution: For help on HLS 214-113 see docs.xilinx.com/access/sources/dita/topic?Doc_Version=2024.2%20English&url=ug1448-hls-guidance&resourceid=214-113.html
WARNING: [HLS 214-112] Functions with a return value cannot be used inside a dataflow region (/home/deniz/Projects/SneakySnake/SneakySnake-HLS-HBM/hw/pipeline.cpp:591:5)
Resolution: For help on HLS 214-112 see docs.xilinx.com/access/sources/dita/topic?Doc_Version=2024.2%20English&url=ug1448-hls-guidance&resourceid=214-112.html
WARNING: [HLS 214-112] Functions with a return value cannot be used inside a dataflow region (/home/deniz/Projects/SneakySnake/SneakySnake-HLS-HBM/hw/pipeline.cpp:592:8)
Resolution: For help on HLS 214-112 see docs.xilinx.com/access/sources/dita/topic?Doc_Version=2024.2%20English&url=ug1448-hls-guidance&resourceid=214-112.html
WARNING: [HLS 214-112] Functions with a return value cannot be used inside a dataflow region (/home/deniz/Projects/SneakySnake/SneakySnake-HLS-HBM/hw/pipeline.cpp:593:8)
Resolution: For help on HLS 214-112 see docs.xilinx.com/access/sources/dita/topic?Doc_Version=2024.2%20English&url=ug1448-hls-guidance&resourceid=214-112.html
WARNING: [HLS 214-112] Functions with a return value cannot be used inside a dataflow region (/home/deniz/Projects/SneakySnake/SneakySnake-HLS-HBM/hw/pipeline.cpp:594:10)
Resolution: For help on HLS 214-112 see docs.xilinx.com/access/sources/dita/topic?Doc_Version=2024.2%20English&url=ug1448-hls-guidance&resourceid=214-112.html
WARNING: [HLS 214-113] Either use an argument of the function or declare the variable inside the dataflow loop body (/home/deniz/Projects/SneakySnake/SneakySnake-HLS-HBM/hw/pipeline.cpp:606:13)
Resolution: For help on HLS 214-113 see docs.xilinx.com/access/sources/dita/topic?Doc_Version=2024.2%20English&url=ug1448-hls-guidance&resourceid=214-113.html
WARNING: [HLS 214-112] Functions with a return value cannot be used inside a dataflow region (/home/deniz/Projects/SneakySnake/SneakySnake-HLS-HBM/hw/pipeline.cpp:618:5)
Resolution: For help on HLS 214-112 see docs.xilinx.com/access/sources/dita/topic?Doc_Version=2024.2%20English&url=ug1448-hls-guidance&resourceid=214-112.html
WARNING: [HLS 214-112] Functions with a return value cannot be used inside a dataflow region (/home/deniz/Projects/SneakySnake/SneakySnake-HLS-HBM/hw/pipeline.cpp:619:5)
Resolution: For help on HLS 214-112 see docs.xilinx.com/access/sources/dita/topic?Doc_Version=2024.2%20English&url=ug1448-hls-guidance&resourceid=214-112.html
WARNING: [HLS 214-112] Functions with a return value cannot be used inside a dataflow region (/home/deniz/Projects/SneakySnake/SneakySnake-HLS-HBM/hw/pipeline.cpp:620:5)
Resolution: For help on HLS 214-112 see docs.xilinx.com/access/sources/dita/topic?Doc_Version=2024.2%20English&url=ug1448-hls-guidance&resourceid=214-112.html
WARNING: [HLS 214-112] Functions with a return value cannot be used inside a dataflow region (/home/deniz/Projects/SneakySnake/SneakySnake-HLS-HBM/hw/pipeline.cpp:621:5)
Resolution: For help on HLS 214-112 see docs.xilinx.com/access/sources/dita/topic?Doc_Version=2024.2%20English&url=ug1448-hls-guidance&resourceid=214-112.html
WARNING: [HLS 214-112] Functions with a return value cannot be used inside a dataflow region (/home/deniz/Projects/SneakySnake/SneakySnake-HLS-HBM/hw/pipeline.cpp:622:5)
Resolution: For help on HLS 214-112 see docs.xilinx.com/access/sources/dita/topic?Doc_Version=2024.2%20English&url=ug1448-hls-guidance&resourceid=214-112.html
WARNING: [HLS 214-114] Since the only kind of statements allowed in a canonical dataflow region are variable declarations and function calls, the compiler may not be able to correctly handle the region (/home/deniz/Projects/SneakySnake/SneakySnake-HLS-HBM/hw/pipeline.cpp:365:9)
Resolution: For help on HLS 214-114 see docs.xilinx.com/access/sources/dita/topic?Doc_Version=2024.2%20English&url=ug1448-hls-guidance&resourceid=214-114.html
WARNING: [HLS 214-169] There are a total of 22 such instances of non-canonical statements in the dataflow region (/home/deniz/Projects/SneakySnake/SneakySnake-HLS-HBM/hw/pipeline.cpp:365:9)
Resolution: For help on HLS 214-169 see docs.xilinx.com/access/sources/dita/topic?Doc_Version=2024.2%20English&url=ug1448-hls-guidance&resourceid=214-169.html
WARNING: [HLS 214-114] Since the only kind of statements allowed in a canonical dataflow region are variable declarations and function calls, the compiler may not be able to correctly handle the region (/home/deniz/Projects/SneakySnake/SneakySnake-HLS-HBM/hw/pipeline.cpp:636:9)
Resolution: For help on HLS 214-114 see docs.xilinx.com/access/sources/dita/topic?Doc_Version=2024.2%20English&url=ug1448-hls-guidance&resourceid=214-114.html
WARNING: [HLS 214-114] Since the only kind of statements allowed in a canonical dataflow region are variable declarations and function calls, the compiler may not be able to correctly handle the region (/home/deniz/Projects/SneakySnake/SneakySnake-HLS-HBM/hw/pipeline.cpp:683:9)
Resolution: For help on HLS 214-114 see docs.xilinx.com/access/sources/dita/topic?Doc_Version=2024.2%20English&url=ug1448-hls-guidance&resourceid=214-114.html
WARNING: [HLS 200-471] Dataflow form checks found 45 issue(s) in file /home/deniz/Projects/SneakySnake/SneakySnake-HLS-HBM/hw/pipeline.cpp
Resolution: For help on HLS 200-471 see docs.xilinx.com/access/sources/dita/topic?Doc_Version=2024.2%20English&url=ug1448-hls-guidance&resourceid=200-471.html
WARNING: [HLS 207-5292] unused parameter 'n' (/home/deniz/Projects/SneakySnake/SneakySnake-HLS-HBM/hw/pipeline.cpp:307:43)
WARNING: [HLS 207-5292] unused parameter 'seq_length' (/home/deniz/Projects/SneakySnake/SneakySnake-HLS-HBM/hw/pipeline.cpp:326:65)
WARNING: [HLS 207-5292] unused parameter 'read_length' (/home/deniz/Projects/SneakySnake/SneakySnake-HLS-HBM/hw/pipeline.cpp:359:30)
WARNING: [HLS 207-5292] unused parameter 'EditThreshold' (/home/deniz/Projects/SneakySnake/SneakySnake-HLS-HBM/hw/pipeline.cpp:681:138)
WARNING: [HLS 207-5292] unused parameter 'KmerSize' (/home/deniz/Projects/SneakySnake/SneakySnake-HLS-HBM/hw/pipeline.cpp:681:157)
INFO: [HLS 200-111] Finished Source Code Analysis and Preprocessing: CPU user time: 4.71 seconds. CPU system time: 1.89 seconds. Elapsed time: 8.26 seconds; current allocated memory: 661.875 MB.
INFO: [HLS 200-777] Using interface defaults for 'Vitis' flow target.
INFO: [HLS 200-1995] There were 7,209 instructions in the design after the 'Compile/Link' phase of compilation. See the Design Size Report for more details: /home/deniz/Projects/SneakySnake/HLS-Workspce/hls_component/SneakySnake_bit/hls/syn/report/csynth_design_size.rpt
INFO: [HLS 200-1995] There were 974 instructions in the design after the 'Unroll/Inline (step 1)' phase of compilation. See the Design Size Report for more details: /home/deniz/Projects/SneakySnake/HLS-Workspce/hls_component/SneakySnake_bit/hls/syn/report/csynth_design_size.rpt
INFO: [HLS 200-1995] There were 750 instructions in the design after the 'Unroll/Inline (step 2)' phase of compilation. See the Design Size Report for more details: /home/deniz/Projects/SneakySnake/HLS-Workspce/hls_component/SneakySnake_bit/hls/syn/report/csynth_design_size.rpt
INFO: [HLS 200-1995] There were 761 instructions in the design after the 'Unroll/Inline (step 3)' phase of compilation. See the Design Size Report for more details: /home/deniz/Projects/SneakySnake/HLS-Workspce/hls_component/SneakySnake_bit/hls/syn/report/csynth_design_size.rpt
INFO: [HLS 200-1995] There were 717 instructions in the design after the 'Unroll/Inline (step 4)' phase of compilation. See the Design Size Report for more details: /home/deniz/Projects/SneakySnake/HLS-Workspce/hls_component/SneakySnake_bit/hls/syn/report/csynth_design_size.rpt
INFO: [HLS 200-1995] There were 717 instructions in the design after the 'Array/Struct (step 1)' phase of compilation. See the Design Size Report for more details: /home/deniz/Projects/SneakySnake/HLS-Workspce/hls_component/SneakySnake_bit/hls/syn/report/csynth_design_size.rpt
INFO: [HLS 200-1995] There were 717 instructions in the design after the 'Array/Struct (step 2)' phase of compilation. See the Design Size Report for more details: /home/deniz/Projects/SneakySnake/HLS-Workspce/hls_component/SneakySnake_bit/hls/syn/report/csynth_design_size.rpt
INFO: [HLS 200-1995] There were 717 instructions in the design after the 'Array/Struct (step 3)' phase of compilation. See the Design Size Report for more details: /home/deniz/Projects/SneakySnake/HLS-Workspce/hls_component/SneakySnake_bit/hls/syn/report/csynth_design_size.rpt
INFO: [HLS 200-1995] There were 717 instructions in the design after the 'Array/Struct (step 4)' phase of compilation. See the Design Size Report for more details: /home/deniz/Projects/SneakySnake/HLS-Workspce/hls_component/SneakySnake_bit/hls/syn/report/csynth_design_size.rpt
INFO: [HLS 200-1995] There were 730 instructions in the design after the 'Array/Struct (step 5)' phase of compilation. See the Design Size Report for more details: /home/deniz/Projects/SneakySnake/HLS-Workspce/hls_component/SneakySnake_bit/hls/syn/report/csynth_design_size.rpt
INFO: [HLS 200-1995] There were 697 instructions in the design after the 'Performance (step 1)' phase of compilation. See the Design Size Report for more details: /home/deniz/Projects/SneakySnake/HLS-Workspce/hls_component/SneakySnake_bit/hls/syn/report/csynth_design_size.rpt
INFO: [HLS 200-1995] There were 673 instructions in the design after the 'Performance (step 2)' phase of compilation. See the Design Size Report for more details: /home/deniz/Projects/SneakySnake/HLS-Workspce/hls_component/SneakySnake_bit/hls/syn/report/csynth_design_size.rpt
INFO: [HLS 200-1995] There were 673 instructions in the design after the 'Performance (step 3)' phase of compilation. See the Design Size Report for more details: /home/deniz/Projects/SneakySnake/HLS-Workspce/hls_component/SneakySnake_bit/hls/syn/report/csynth_design_size.rpt
INFO: [HLS 200-1995] There were 673 instructions in the design after the 'Performance (step 4)' phase of compilation. See the Design Size Report for more details: /home/deniz/Projects/SneakySnake/HLS-Workspce/hls_component/SneakySnake_bit/hls/syn/report/csynth_design_size.rpt
INFO: [HLS 200-1995] There were 677 instructions in the design after the 'HW Transforms (step 1)' phase of compilation. See the Design Size Report for more details: /home/deniz/Projects/SneakySnake/HLS-Workspce/hls_component/SneakySnake_bit/hls/syn/report/csynth_design_size.rpt
INFO: [HLS 200-1995] There were 882 instructions in the design after the 'HW Transforms (step 2)' phase of compilation. See the Design Size Report for more details: /home/deniz/Projects/SneakySnake/HLS-Workspce/hls_component/SneakySnake_bit/hls/syn/report/csynth_design_size.rpt
INFO: [HLS 214-291] Loop 'VITIS_LOOP_317_1' is marked as complete unroll implied by the pipeline pragma (/home/deniz/Projects/SneakySnake/SneakySnake-HLS-HBM/hw/pipeline.cpp:317:23)
INFO: [HLS 214-291] Loop 'VITIS_LOOP_330_1' is marked as complete unroll implied by the pipeline pragma (/home/deniz/Projects/SneakySnake/SneakySnake-HLS-HBM/hw/pipeline.cpp:330:23)
INFO: [HLS 214-186] Unrolling loop 'VITIS_LOOP_317_1' (/home/deniz/Projects/SneakySnake/SneakySnake-HLS-HBM/hw/pipeline.cpp:317:23) in function 'largest' completely with a factor of 10 (/home/deniz/Projects/SneakySnake/SneakySnake-HLS-HBM/hw/pipeline.cpp:308:0)
INFO: [HLS 214-186] Unrolling loop 'VITIS_LOOP_330_1' (/home/deniz/Projects/SneakySnake/SneakySnake-HLS-HBM/hw/pipeline.cpp:330:23) in function 'count_one_bit' completely with a factor of 8 (/home/deniz/Projects/SneakySnake/SneakySnake-HLS-HBM/hw/pipeline.cpp:327:0)
WARNING: [HLS 214-189] Pipeline directive for loop 'VITIS_LOOP_330_1' (/home/deniz/Projects/SneakySnake/SneakySnake-HLS-HBM/hw/pipeline.cpp:330:23) in function 'count_one_bit' has been removed because the loop is unrolled completely (/home/deniz/Projects/SneakySnake/SneakySnake-HLS-HBM/hw/pipeline.cpp:327:0)
INFO: [HLS 214-178] Inlining function 'largest(unsigned int*, unsigned int)' into 'after_neighbohood(ap_uint<8>, ap_uint<8>, ap_uint<8>, ap_uint<8>, ap_uint<8>, ap_uint<8>, ap_uint<8>, ap_uint<8>, ap_uint<8>, ap_uint<8>, ap_uint<8>)' (/home/deniz/Projects/SneakySnake/SneakySnake-HLS-HBM/hw/pipeline.cpp:635:0)
INFO: [HLS 214-455] Changing loop 'NeighborhoodMap_bit_Loop_VITIS_LOOP_381_1_proc' (/home/deniz/Projects/SneakySnake/SneakySnake-HLS-HBM/hw/pipeline.cpp:381:23) to a process function for dataflow in function 'NeighborhoodMap_bit' (/home/deniz/Projects/SneakySnake/SneakySnake-HLS-HBM/hw/pipeline.cpp:381:23)
INFO: [HLS 214-455] Changing loop 'NeighborhoodMap_bit_Loop_VITIS_LOOP_401_2_proc' (/home/deniz/Projects/SneakySnake/SneakySnake-HLS-HBM/hw/pipeline.cpp:401:25) to a process function for dataflow in function 'NeighborhoodMap_bit' (/home/deniz/Projects/SneakySnake/SneakySnake-HLS-HBM/hw/pipeline.cpp:401:25)
INFO: [HLS 214-455] Changing loop 'NeighborhoodMap_bit_Loop_VITIS_LOOP_420_3_proc' (/home/deniz/Projects/SneakySnake/SneakySnake-HLS-HBM/hw/pipeline.cpp:420:23) to a process function for dataflow in function 'NeighborhoodMap_bit' (/home/deniz/Projects/SneakySnake/SneakySnake-HLS-HBM/hw/pipeline.cpp:420:23)
INFO: [HLS 214-455] Changing loop 'NeighborhoodMap_bit_Loop_VITIS_LOOP_439_4_proc' (/home/deniz/Projects/SneakySnake/SneakySnake-HLS-HBM/hw/pipeline.cpp:439:25) to a process function for dataflow in function 'NeighborhoodMap_bit' (/home/deniz/Projects/SneakySnake/SneakySnake-HLS-HBM/hw/pipeline.cpp:439:25)
INFO: [HLS 214-455] Changing loop 'NeighborhoodMap_bit_Loop_VITIS_LOOP_463_5_proc' (/home/deniz/Projects/SneakySnake/SneakySnake-HLS-HBM/hw/pipeline.cpp:463:25) to a process function for dataflow in function 'NeighborhoodMap_bit' (/home/deniz/Projects/SneakySnake/SneakySnake-HLS-HBM/hw/pipeline.cpp:463:25)
INFO: [HLS 214-455] Changing loop 'NeighborhoodMap_bit_Loop_VITIS_LOOP_489_6_proc' (/home/deniz/Projects/SneakySnake/SneakySnake-HLS-HBM/hw/pipeline.cpp:489:27) to a process function for dataflow in function 'NeighborhoodMap_bit' (/home/deniz/Projects/SneakySnake/SneakySnake-HLS-HBM/hw/pipeline.cpp:489:27)
INFO: [HLS 214-455] Changing loop 'NeighborhoodMap_bit_Loop_VITIS_LOOP_517_7_proc' (/home/deniz/Projects/SneakySnake/SneakySnake-HLS-HBM/hw/pipeline.cpp:517:28) to a process function for dataflow in function 'NeighborhoodMap_bit' (/home/deniz/Projects/SneakySnake/SneakySnake-HLS-HBM/hw/pipeline.cpp:517:28)
INFO: [HLS 214-455] Changing loop 'NeighborhoodMap_bit_Loop_VITIS_LOOP_535_8_proc' (/home/deniz/Projects/SneakySnake/SneakySnake-HLS-HBM/hw/pipeline.cpp:535:28) to a process function for dataflow in function 'NeighborhoodMap_bit' (/home/deniz/Projects/SneakySnake/SneakySnake-HLS-HBM/hw/pipeline.cpp:535:28)
INFO: [HLS 214-455] Changing loop 'NeighborhoodMap_bit_Loop_VITIS_LOOP_557_9_proc' (/home/deniz/Projects/SneakySnake/SneakySnake-HLS-HBM/hw/pipeline.cpp:557:28) to a process function for dataflow in function 'NeighborhoodMap_bit' (/home/deniz/Projects/SneakySnake/SneakySnake-HLS-HBM/hw/pipeline.cpp:557:28)
INFO: [HLS 214-455] Changing loop 'NeighborhoodMap_bit_Loop_VITIS_LOOP_581_10_proc' (/home/deniz/Projects/SneakySnake/SneakySnake-HLS-HBM/hw/pipeline.cpp:581:28) to a process function for dataflow in function 'NeighborhoodMap_bit' (/home/deniz/Projects/SneakySnake/SneakySnake-HLS-HBM/hw/pipeline.cpp:581:28)
INFO: [HLS 214-455] Changing loop 'NeighborhoodMap_bit_Loop_VITIS_LOOP_608_11_proc' (/home/deniz/Projects/SneakySnake/SneakySnake-HLS-HBM/hw/pipeline.cpp:608:29) to a process function for dataflow in function 'NeighborhoodMap_bit' (/home/deniz/Projects/SneakySnake/SneakySnake-HLS-HBM/hw/pipeline.cpp:608:29)
INFO: [HLS 214-455] Changing loop 'Loop_VITIS_LOOP_709_1_proc' (/home/deniz/Projects/SneakySnake/SneakySnake-HLS-HBM/hw/pipeline.cpp:709:27) to a process function for dataflow in function 'SneakySnake_bit' (/home/deniz/Projects/SneakySnake/SneakySnake-HLS-HBM/hw/pipeline.cpp:709:27)
INFO: [HLS 214-455] Changing loop 'after_neighbohood_Loop_VITIS_LOOP_642_1_proc' (/home/deniz/Projects/SneakySnake/SneakySnake-HLS-HBM/hw/pipeline.cpp:642:24) to a process function for dataflow in function 'after_neighbohood' (/home/deniz/Projects/SneakySnake/SneakySnake-HLS-HBM/hw/pipeline.cpp:642:24)
INFO: [HLS 200-111] Finished Compiling Optimization and Transform: CPU user time: 5.46 seconds. CPU system time: 1.49 seconds. Elapsed time: 11.59 seconds; current allocated memory: 663.777 MB.
INFO: [HLS 200-111] Finished Checking Pragmas: CPU user time: 0 seconds. CPU system time: 0 seconds. Elapsed time: 0 seconds; current allocated memory: 663.777 MB.
INFO: [HLS 200-10] Starting code transformations ...
INFO: [HLS 200-111] Finished Standard Transforms: CPU user time: 0.05 seconds. CPU system time: 0.05 seconds. Elapsed time: 0.24 seconds; current allocated memory: 664.379 MB.
INFO: [HLS 200-10] Checking synthesizability ...
WARNING: [SYNCHK 200-23] /home/deniz/Projects/SneakySnake/SneakySnake-HLS-HBM/hw/pipeline.cpp:611: variable-indexed range selection may cause suboptimal QoR.
INFO: [SYNCHK 200-10] 0 error(s), 1 warning(s).
INFO: [HLS 200-111] Finished Checking Synthesizability: CPU user time: 0.08 seconds. CPU system time: 0.01 seconds. Elapsed time: 0.11 seconds; current allocated memory: 665.453 MB.
WARNING: [XFORM 203-561] Updating loop lower bound from 0 to 3 for loop 'VITIS_LOOP_642_1' (/home/deniz/Projects/SneakySnake/SneakySnake-HLS-HBM/hw/pipeline.cpp:637:19) in function 'after_neighbohood_Loop_VITIS_LOOP_642_1_proc'.
ERROR: [HLS 200-965] The task 'Function 'after_neighbohood' (/home/deniz/Projects/SneakySnake/SneakySnake-HLS-HBM/hw/pipeline.cpp:636:5) failed dataflow checking: ' inside the dataflow region cannot have a return value. Convert the return statement to either a pointer or a scalar reference argument.
ERROR: [HLS 200-964] Function 'after_neighbohood' (/home/deniz/Projects/SneakySnake/SneakySnake-HLS-HBM/hw/pipeline.cpp:636:5) failed dataflow checking: only top module can have a return value from a dataflow, please convert return statement (/home/deniz/Projects/SneakySnake/SneakySnake-HLS-HBM/hw/pipeline.cpp:678:5) into a pointer argument.
ERROR: [HLS 200-966] Function 'after_neighbohood' (/home/deniz/Projects/SneakySnake/SneakySnake-HLS-HBM/hw/pipeline.cpp:636:5) failed dataflow checking: only top module can have a return value from a dataflow, please convert return statement into a pointer argument.
ERROR: [HLS 200-1715] Encountered problem during source synthesis
ERROR: [HLS 200-70] Pre-synthesis failed.
ERROR: 
INFO: [HLS 200-112] Total CPU user time: 16.53 seconds. Total CPU system time: 5.12 seconds. Total elapsed time: 28.69 seconds; peak allocated memory: 668.336 MB.
