  **** HLS Build v2024.2 5238294
INFO: [HLS 200-2005] Using work_dir /home/deniz/Projects/SneakySnake/HLS-Workspce/hls_component/SneakySnake_bit 
INFO: [HLS 200-1505] Using default flow_target 'vivado'
Resolution: For help on HLS 200-1505 see docs.xilinx.com/access/sources/dita/topic?Doc_Version=2024.2%20English&url=ug1448-hls-guidance&resourceid=200-1505.html
INFO: [HLS 200-1465] Applying ini 'syn.file=/home/deniz/Projects/SneakySnake/SneakySnake-HLS-HBM/hw/pipeline.cpp' from /home/deniz/Projects/SneakySnake/HLS-Workspce/hls_component/hls_config.cfg(8)
INFO: [HLS 200-10] Adding design file '/home/deniz/Projects/SneakySnake/SneakySnake-HLS-HBM/hw/pipeline.cpp' to the project
INFO: [HLS 200-1465] Applying ini 'syn.cflags=-I/home/deniz/oc-accel/actions/include' from /home/deniz/Projects/SneakySnake/HLS-Workspce/hls_component/hls_config.cfg(13)
INFO: [HLS 200-1465] Applying ini 'syn.csimflags=-I/home/deniz/oc-accel/actions/include' from /home/deniz/Projects/SneakySnake/HLS-Workspce/hls_component/hls_config.cfg(14)
INFO: [HLS 200-1465] Applying ini 'tb.file=/home/deniz/Projects/SneakySnake/SneakySnake-HLS-HBM/hw/tb_wrapper.cpp' from /home/deniz/Projects/SneakySnake/HLS-Workspce/hls_component/hls_config.cfg(9)
INFO: [HLS 200-10] Adding test bench file '/home/deniz/Projects/SneakySnake/SneakySnake-HLS-HBM/hw/tb_wrapper.cpp' to the project
INFO: [HLS 200-1465] Applying ini 'tb.file=/home/deniz/Projects/SneakySnake/SneakySnake/kthread.c' from /home/deniz/Projects/SneakySnake/HLS-Workspce/hls_component/hls_config.cfg(10)
INFO: [HLS 200-10] Adding test bench file '/home/deniz/Projects/SneakySnake/SneakySnake/kthread.c' to the project
INFO: [HLS 200-1465] Applying ini 'tb.cflags=-I/home/deniz/oc-accel/actions/include' from /home/deniz/Projects/SneakySnake/HLS-Workspce/hls_component/hls_config.cfg(17)
INFO: [HLS 200-1465] Applying ini 'syn.top=SneakySnake_bit' from /home/deniz/Projects/SneakySnake/HLS-Workspce/hls_component/hls_config.cfg(7)
INFO: [HLS 200-1465] Applying ini 'flow_target=vitis' from /home/deniz/Projects/SneakySnake/HLS-Workspce/hls_component/hls_config.cfg(4)
INFO: [HLS 200-1505] Using flow_target 'vitis'
Resolution: For help on HLS 200-1505 see docs.xilinx.com/access/sources/dita/topic?Doc_Version=2024.2%20English&url=ug1448-hls-guidance&resourceid=200-1505.html
INFO: [HLS 200-435] Setting 'open_solution -flow_target vitis' configuration: config_interface -m_axi_latency=64
INFO: [HLS 200-435] Setting 'open_solution -flow_target vitis' configuration: config_interface -m_axi_alignment_byte_size=64
INFO: [HLS 200-435] Setting 'open_solution -flow_target vitis' configuration: config_interface -m_axi_max_widen_bitwidth=512
INFO: [HLS 200-435] Setting 'open_solution -flow_target vitis' configuration: config_rtl -register_reset_num=3
INFO: [HLS 200-1465] Applying ini 'part=xcvu9p-flga2104-2-i' from /home/deniz/Projects/SneakySnake/HLS-Workspce/hls_component/hls_config.cfg(1)
INFO: [HLS 200-1611] Setting target device to 'xcvu9p-flga2104-2-i'
INFO: [HLS 200-1465] Applying ini 'clock=11ns' from /home/deniz/Projects/SneakySnake/HLS-Workspce/hls_component/hls_config.cfg(15)
INFO: [SYN 201-201] Setting up clock 'default' with a period of 11ns.
INFO: [HLS 200-1465] Applying ini 'clock_uncertainty=12%' from /home/deniz/Projects/SneakySnake/HLS-Workspce/hls_component/hls_config.cfg(16)
INFO: [SYN 201-201] Setting up clock 'default' with an uncertainty of 1.32ns.
INFO: [HLS 200-1465] Applying ini 'csim.argv=0 100 100 100 /home/deniz/Projects/SneakySnake/Datasets/ERR240727_1_E2_30000Pairs.txt 30000 1 10' from /home/deniz/Projects/SneakySnake/HLS-Workspce/hls_component/hls_config.cfg(11)
INFO: [HLS 200-1465] Applying ini 'csim.code_analyzer=1' from /home/deniz/Projects/SneakySnake/HLS-Workspce/hls_component/hls_config.cfg(12)
INFO: [HLS 200-1465] Applying ini 'package.output.format=xo' from /home/deniz/Projects/SneakySnake/HLS-Workspce/hls_component/hls_config.cfg(5)
INFO: [HLS 200-111] Finished File checks and directory preparation: CPU user time: 6.82 seconds. CPU system time: 2.57 seconds. Elapsed time: 9.37 seconds; current allocated memory: 658.852 MB.
INFO: [HLS 200-10] Analyzing design file '/home/deniz/Projects/SneakySnake/SneakySnake-HLS-HBM/hw/pipeline.cpp' ... 
WARNING: [HLS 214-114] Since the only kind of statements allowed in a canonical dataflow region are variable declarations and function calls, the compiler may not be able to correctly handle the region (/home/deniz/Projects/SneakySnake/SneakySnake-HLS-HBM/hw/pipeline.cpp:695:9)
Resolution: For help on HLS 214-114 see docs.xilinx.com/access/sources/dita/topic?Doc_Version=2024.2%20English&url=ug1448-hls-guidance&resourceid=214-114.html
WARNING: [HLS 200-471] Dataflow form checks found 1 issue(s) in file /home/deniz/Projects/SneakySnake/SneakySnake-HLS-HBM/hw/pipeline.cpp
Resolution: For help on HLS 200-471 see docs.xilinx.com/access/sources/dita/topic?Doc_Version=2024.2%20English&url=ug1448-hls-guidance&resourceid=200-471.html
WARNING: [HLS 207-5292] unused parameter 'n' (/home/deniz/Projects/SneakySnake/SneakySnake-HLS-HBM/hw/pipeline.cpp:307:43)
WARNING: [HLS 207-5292] unused parameter 'seq_length' (/home/deniz/Projects/SneakySnake/SneakySnake-HLS-HBM/hw/pipeline.cpp:326:65)
WARNING: [HLS 207-5292] unused parameter 'read_length' (/home/deniz/Projects/SneakySnake/SneakySnake-HLS-HBM/hw/pipeline.cpp:359:30)
WARNING: [HLS 207-5292] unused parameter 'EditThreshold' (/home/deniz/Projects/SneakySnake/SneakySnake-HLS-HBM/hw/pipeline.cpp:680:138)
WARNING: [HLS 207-5292] unused parameter 'KmerSize' (/home/deniz/Projects/SneakySnake/SneakySnake-HLS-HBM/hw/pipeline.cpp:680:157)
INFO: [HLS 200-111] Finished Source Code Analysis and Preprocessing: CPU user time: 4.84 seconds. CPU system time: 2.17 seconds. Elapsed time: 7.44 seconds; current allocated memory: 661.570 MB.
INFO: [HLS 200-777] Using interface defaults for 'Vitis' flow target.
INFO: [HLS 200-1995] There were 7,209 instructions in the design after the 'Compile/Link' phase of compilation. See the Design Size Report for more details: /home/deniz/Projects/SneakySnake/HLS-Workspce/hls_component/SneakySnake_bit/hls/syn/report/csynth_design_size.rpt
INFO: [HLS 200-1995] There were 16,119 instructions in the design after the 'Unroll/Inline (step 1)' phase of compilation. See the Design Size Report for more details: /home/deniz/Projects/SneakySnake/HLS-Workspce/hls_component/SneakySnake_bit/hls/syn/report/csynth_design_size.rpt
INFO: [HLS 200-1995] There were 15,907 instructions in the design after the 'Unroll/Inline (step 2)' phase of compilation. See the Design Size Report for more details: /home/deniz/Projects/SneakySnake/HLS-Workspce/hls_component/SneakySnake_bit/hls/syn/report/csynth_design_size.rpt
INFO: [HLS 200-1995] There were 15,918 instructions in the design after the 'Unroll/Inline (step 3)' phase of compilation. See the Design Size Report for more details: /home/deniz/Projects/SneakySnake/HLS-Workspce/hls_component/SneakySnake_bit/hls/syn/report/csynth_design_size.rpt
INFO: [HLS 200-1995] There were 15,874 instructions in the design after the 'Unroll/Inline (step 4)' phase of compilation. See the Design Size Report for more details: /home/deniz/Projects/SneakySnake/HLS-Workspce/hls_component/SneakySnake_bit/hls/syn/report/csynth_design_size.rpt
INFO: [HLS 200-1995] There were 15,864 instructions in the design after the 'Array/Struct (step 1)' phase of compilation. See the Design Size Report for more details: /home/deniz/Projects/SneakySnake/HLS-Workspce/hls_component/SneakySnake_bit/hls/syn/report/csynth_design_size.rpt
INFO: [HLS 200-1995] There were 15,864 instructions in the design after the 'Array/Struct (step 2)' phase of compilation. See the Design Size Report for more details: /home/deniz/Projects/SneakySnake/HLS-Workspce/hls_component/SneakySnake_bit/hls/syn/report/csynth_design_size.rpt
INFO: [HLS 200-1995] There were 15,864 instructions in the design after the 'Array/Struct (step 3)' phase of compilation. See the Design Size Report for more details: /home/deniz/Projects/SneakySnake/HLS-Workspce/hls_component/SneakySnake_bit/hls/syn/report/csynth_design_size.rpt
INFO: [HLS 200-1995] There were 15,864 instructions in the design after the 'Array/Struct (step 4)' phase of compilation. See the Design Size Report for more details: /home/deniz/Projects/SneakySnake/HLS-Workspce/hls_component/SneakySnake_bit/hls/syn/report/csynth_design_size.rpt
INFO: [HLS 200-1995] There were 15,866 instructions in the design after the 'Array/Struct (step 5)' phase of compilation. See the Design Size Report for more details: /home/deniz/Projects/SneakySnake/HLS-Workspce/hls_component/SneakySnake_bit/hls/syn/report/csynth_design_size.rpt
INFO: [HLS 200-1995] There were 15,833 instructions in the design after the 'Performance (step 1)' phase of compilation. See the Design Size Report for more details: /home/deniz/Projects/SneakySnake/HLS-Workspce/hls_component/SneakySnake_bit/hls/syn/report/csynth_design_size.rpt
INFO: [HLS 200-1995] There were 15,820 instructions in the design after the 'Performance (step 2)' phase of compilation. See the Design Size Report for more details: /home/deniz/Projects/SneakySnake/HLS-Workspce/hls_component/SneakySnake_bit/hls/syn/report/csynth_design_size.rpt
INFO: [HLS 200-1995] There were 15,820 instructions in the design after the 'Performance (step 3)' phase of compilation. See the Design Size Report for more details: /home/deniz/Projects/SneakySnake/HLS-Workspce/hls_component/SneakySnake_bit/hls/syn/report/csynth_design_size.rpt
INFO: [HLS 200-1995] There were 15,820 instructions in the design after the 'Performance (step 4)' phase of compilation. See the Design Size Report for more details: /home/deniz/Projects/SneakySnake/HLS-Workspce/hls_component/SneakySnake_bit/hls/syn/report/csynth_design_size.rpt
INFO: [HLS 200-1995] There were 15,824 instructions in the design after the 'HW Transforms (step 1)' phase of compilation. See the Design Size Report for more details: /home/deniz/Projects/SneakySnake/HLS-Workspce/hls_component/SneakySnake_bit/hls/syn/report/csynth_design_size.rpt
INFO: [HLS 200-1995] There were 15,841 instructions in the design after the 'HW Transforms (step 2)' phase of compilation. See the Design Size Report for more details: /home/deniz/Projects/SneakySnake/HLS-Workspce/hls_component/SneakySnake_bit/hls/syn/report/csynth_design_size.rpt
INFO: [HLS 214-291] Loop 'VITIS_LOOP_317_1' is marked as complete unroll implied by the pipeline pragma (/home/deniz/Projects/SneakySnake/SneakySnake-HLS-HBM/hw/pipeline.cpp:317:23)
INFO: [HLS 214-291] Loop 'VITIS_LOOP_330_1' is marked as complete unroll implied by the pipeline pragma (/home/deniz/Projects/SneakySnake/SneakySnake-HLS-HBM/hw/pipeline.cpp:330:23)
INFO: [HLS 214-291] Loop 'VITIS_LOOP_608_11' is marked as complete unroll implied by the pipeline pragma (/home/deniz/Projects/SneakySnake/SneakySnake-HLS-HBM/hw/pipeline.cpp:608:29)
INFO: [HLS 214-291] Loop 'VITIS_LOOP_581_10' is marked as complete unroll implied by the pipeline pragma (/home/deniz/Projects/SneakySnake/SneakySnake-HLS-HBM/hw/pipeline.cpp:581:28)
INFO: [HLS 214-291] Loop 'VITIS_LOOP_557_9' is marked as complete unroll implied by the pipeline pragma (/home/deniz/Projects/SneakySnake/SneakySnake-HLS-HBM/hw/pipeline.cpp:557:28)
INFO: [HLS 214-291] Loop 'VITIS_LOOP_535_8' is marked as complete unroll implied by the pipeline pragma (/home/deniz/Projects/SneakySnake/SneakySnake-HLS-HBM/hw/pipeline.cpp:535:28)
INFO: [HLS 214-291] Loop 'VITIS_LOOP_517_7' is marked as complete unroll implied by the pipeline pragma (/home/deniz/Projects/SneakySnake/SneakySnake-HLS-HBM/hw/pipeline.cpp:517:28)
INFO: [HLS 214-291] Loop 'VITIS_LOOP_489_6' is marked as complete unroll implied by the pipeline pragma (/home/deniz/Projects/SneakySnake/SneakySnake-HLS-HBM/hw/pipeline.cpp:489:27)
INFO: [HLS 214-291] Loop 'VITIS_LOOP_463_5' is marked as complete unroll implied by the pipeline pragma (/home/deniz/Projects/SneakySnake/SneakySnake-HLS-HBM/hw/pipeline.cpp:463:25)
INFO: [HLS 214-291] Loop 'VITIS_LOOP_439_4' is marked as complete unroll implied by the pipeline pragma (/home/deniz/Projects/SneakySnake/SneakySnake-HLS-HBM/hw/pipeline.cpp:439:25)
INFO: [HLS 214-291] Loop 'VITIS_LOOP_420_3' is marked as complete unroll implied by the pipeline pragma (/home/deniz/Projects/SneakySnake/SneakySnake-HLS-HBM/hw/pipeline.cpp:420:23)
INFO: [HLS 214-291] Loop 'VITIS_LOOP_401_2' is marked as complete unroll implied by the pipeline pragma (/home/deniz/Projects/SneakySnake/SneakySnake-HLS-HBM/hw/pipeline.cpp:401:25)
INFO: [HLS 214-291] Loop 'VITIS_LOOP_381_1' is marked as complete unroll implied by the pipeline pragma (/home/deniz/Projects/SneakySnake/SneakySnake-HLS-HBM/hw/pipeline.cpp:381:23)
INFO: [HLS 214-186] Unrolling loop 'VITIS_LOOP_317_1' (/home/deniz/Projects/SneakySnake/SneakySnake-HLS-HBM/hw/pipeline.cpp:317:23) in function 'largest' completely with a factor of 10 (/home/deniz/Projects/SneakySnake/SneakySnake-HLS-HBM/hw/pipeline.cpp:308:0)
INFO: [HLS 214-186] Unrolling loop 'VITIS_LOOP_330_1' (/home/deniz/Projects/SneakySnake/SneakySnake-HLS-HBM/hw/pipeline.cpp:330:23) in function 'count_one_bit' completely with a factor of 8 (/home/deniz/Projects/SneakySnake/SneakySnake-HLS-HBM/hw/pipeline.cpp:327:0)
WARNING: [HLS 214-189] Pipeline directive for loop 'VITIS_LOOP_330_1' (/home/deniz/Projects/SneakySnake/SneakySnake-HLS-HBM/hw/pipeline.cpp:330:23) in function 'count_one_bit' has been removed because the loop is unrolled completely (/home/deniz/Projects/SneakySnake/SneakySnake-HLS-HBM/hw/pipeline.cpp:327:0)
INFO: [HLS 214-186] Unrolling loop 'VITIS_LOOP_608_11' (/home/deniz/Projects/SneakySnake/SneakySnake-HLS-HBM/hw/pipeline.cpp:608:29) in function 'NeighborhoodMap_bit' completely with a factor of 127 (/home/deniz/Projects/SneakySnake/SneakySnake-HLS-HBM/hw/pipeline.cpp:364:0)
WARNING: [HLS 214-189] Pipeline directive for loop 'VITIS_LOOP_608_11' (/home/deniz/Projects/SneakySnake/SneakySnake-HLS-HBM/hw/pipeline.cpp:608:29) in function 'NeighborhoodMap_bit' has been removed because the loop is unrolled completely (/home/deniz/Projects/SneakySnake/SneakySnake-HLS-HBM/hw/pipeline.cpp:364:0)
INFO: [HLS 214-186] Unrolling loop 'VITIS_LOOP_581_10' (/home/deniz/Projects/SneakySnake/SneakySnake-HLS-HBM/hw/pipeline.cpp:581:28) in function 'NeighborhoodMap_bit' completely with a factor of 127 (/home/deniz/Projects/SneakySnake/SneakySnake-HLS-HBM/hw/pipeline.cpp:364:0)
WARNING: [HLS 214-189] Pipeline directive for loop 'VITIS_LOOP_581_10' (/home/deniz/Projects/SneakySnake/SneakySnake-HLS-HBM/hw/pipeline.cpp:581:28) in function 'NeighborhoodMap_bit' has been removed because the loop is unrolled completely (/home/deniz/Projects/SneakySnake/SneakySnake-HLS-HBM/hw/pipeline.cpp:364:0)
INFO: [HLS 214-186] Unrolling loop 'VITIS_LOOP_557_9' (/home/deniz/Projects/SneakySnake/SneakySnake-HLS-HBM/hw/pipeline.cpp:557:28) in function 'NeighborhoodMap_bit' completely with a factor of 127 (/home/deniz/Projects/SneakySnake/SneakySnake-HLS-HBM/hw/pipeline.cpp:364:0)
WARNING: [HLS 214-189] Pipeline directive for loop 'VITIS_LOOP_557_9' (/home/deniz/Projects/SneakySnake/SneakySnake-HLS-HBM/hw/pipeline.cpp:557:28) in function 'NeighborhoodMap_bit' has been removed because the loop is unrolled completely (/home/deniz/Projects/SneakySnake/SneakySnake-HLS-HBM/hw/pipeline.cpp:364:0)
INFO: [HLS 214-186] Unrolling loop 'VITIS_LOOP_535_8' (/home/deniz/Projects/SneakySnake/SneakySnake-HLS-HBM/hw/pipeline.cpp:535:28) in function 'NeighborhoodMap_bit' completely with a factor of 127 (/home/deniz/Projects/SneakySnake/SneakySnake-HLS-HBM/hw/pipeline.cpp:364:0)
WARNING: [HLS 214-189] Pipeline directive for loop 'VITIS_LOOP_535_8' (/home/deniz/Projects/SneakySnake/SneakySnake-HLS-HBM/hw/pipeline.cpp:535:28) in function 'NeighborhoodMap_bit' has been removed because the loop is unrolled completely (/home/deniz/Projects/SneakySnake/SneakySnake-HLS-HBM/hw/pipeline.cpp:364:0)
INFO: [HLS 214-186] Unrolling loop 'VITIS_LOOP_517_7' (/home/deniz/Projects/SneakySnake/SneakySnake-HLS-HBM/hw/pipeline.cpp:517:28) in function 'NeighborhoodMap_bit' completely with a factor of 127 (/home/deniz/Projects/SneakySnake/SneakySnake-HLS-HBM/hw/pipeline.cpp:364:0)
WARNING: [HLS 214-189] Pipeline directive for loop 'VITIS_LOOP_517_7' (/home/deniz/Projects/SneakySnake/SneakySnake-HLS-HBM/hw/pipeline.cpp:517:28) in function 'NeighborhoodMap_bit' has been removed because the loop is unrolled completely (/home/deniz/Projects/SneakySnake/SneakySnake-HLS-HBM/hw/pipeline.cpp:364:0)
INFO: [HLS 214-186] Unrolling loop 'VITIS_LOOP_489_6' (/home/deniz/Projects/SneakySnake/SneakySnake-HLS-HBM/hw/pipeline.cpp:489:27) in function 'NeighborhoodMap_bit' completely with a factor of 127 (/home/deniz/Projects/SneakySnake/SneakySnake-HLS-HBM/hw/pipeline.cpp:364:0)
WARNING: [HLS 214-189] Pipeline directive for loop 'VITIS_LOOP_489_6' (/home/deniz/Projects/SneakySnake/SneakySnake-HLS-HBM/hw/pipeline.cpp:489:27) in function 'NeighborhoodMap_bit' has been removed because the loop is unrolled completely (/home/deniz/Projects/SneakySnake/SneakySnake-HLS-HBM/hw/pipeline.cpp:364:0)
INFO: [HLS 214-186] Unrolling loop 'VITIS_LOOP_463_5' (/home/deniz/Projects/SneakySnake/SneakySnake-HLS-HBM/hw/pipeline.cpp:463:25) in function 'NeighborhoodMap_bit' completely with a factor of 127 (/home/deniz/Projects/SneakySnake/SneakySnake-HLS-HBM/hw/pipeline.cpp:364:0)
WARNING: [HLS 214-189] Pipeline directive for loop 'VITIS_LOOP_463_5' (/home/deniz/Projects/SneakySnake/SneakySnake-HLS-HBM/hw/pipeline.cpp:463:25) in function 'NeighborhoodMap_bit' has been removed because the loop is unrolled completely (/home/deniz/Projects/SneakySnake/SneakySnake-HLS-HBM/hw/pipeline.cpp:364:0)
INFO: [HLS 214-186] Unrolling loop 'VITIS_LOOP_439_4' (/home/deniz/Projects/SneakySnake/SneakySnake-HLS-HBM/hw/pipeline.cpp:439:25) in function 'NeighborhoodMap_bit' completely with a factor of 127 (/home/deniz/Projects/SneakySnake/SneakySnake-HLS-HBM/hw/pipeline.cpp:364:0)
WARNING: [HLS 214-189] Pipeline directive for loop 'VITIS_LOOP_439_4' (/home/deniz/Projects/SneakySnake/SneakySnake-HLS-HBM/hw/pipeline.cpp:439:25) in function 'NeighborhoodMap_bit' has been removed because the loop is unrolled completely (/home/deniz/Projects/SneakySnake/SneakySnake-HLS-HBM/hw/pipeline.cpp:364:0)
INFO: [HLS 214-186] Unrolling loop 'VITIS_LOOP_420_3' (/home/deniz/Projects/SneakySnake/SneakySnake-HLS-HBM/hw/pipeline.cpp:420:23) in function 'NeighborhoodMap_bit' completely with a factor of 127 (/home/deniz/Projects/SneakySnake/SneakySnake-HLS-HBM/hw/pipeline.cpp:364:0)
WARNING: [HLS 214-189] Pipeline directive for loop 'VITIS_LOOP_420_3' (/home/deniz/Projects/SneakySnake/SneakySnake-HLS-HBM/hw/pipeline.cpp:420:23) in function 'NeighborhoodMap_bit' has been removed because the loop is unrolled completely (/home/deniz/Projects/SneakySnake/SneakySnake-HLS-HBM/hw/pipeline.cpp:364:0)
INFO: [HLS 214-186] Unrolling loop 'VITIS_LOOP_401_2' (/home/deniz/Projects/SneakySnake/SneakySnake-HLS-HBM/hw/pipeline.cpp:401:25) in function 'NeighborhoodMap_bit' completely with a factor of 127 (/home/deniz/Projects/SneakySnake/SneakySnake-HLS-HBM/hw/pipeline.cpp:364:0)
WARNING: [HLS 214-189] Pipeline directive for loop 'VITIS_LOOP_401_2' (/home/deniz/Projects/SneakySnake/SneakySnake-HLS-HBM/hw/pipeline.cpp:401:25) in function 'NeighborhoodMap_bit' has been removed because the loop is unrolled completely (/home/deniz/Projects/SneakySnake/SneakySnake-HLS-HBM/hw/pipeline.cpp:364:0)
INFO: [HLS 214-186] Unrolling loop 'VITIS_LOOP_381_1' (/home/deniz/Projects/SneakySnake/SneakySnake-HLS-HBM/hw/pipeline.cpp:381:23) in function 'NeighborhoodMap_bit' completely with a factor of 127 (/home/deniz/Projects/SneakySnake/SneakySnake-HLS-HBM/hw/pipeline.cpp:364:0)
WARNING: [HLS 214-189] Pipeline directive for loop 'VITIS_LOOP_381_1' (/home/deniz/Projects/SneakySnake/SneakySnake-HLS-HBM/hw/pipeline.cpp:381:23) in function 'NeighborhoodMap_bit' has been removed because the loop is unrolled completely (/home/deniz/Projects/SneakySnake/SneakySnake-HLS-HBM/hw/pipeline.cpp:364:0)
INFO: [HLS 214-178] Inlining function 'largest(unsigned int*, unsigned int)' into 'after_neighbohood(ap_uint<8>, ap_uint<8>, ap_uint<8>, ap_uint<8>, ap_uint<8>, ap_uint<8>, ap_uint<8>, ap_uint<8>, ap_uint<8>, ap_uint<8>, ap_uint<8>)' (/home/deniz/Projects/SneakySnake/SneakySnake-HLS-HBM/hw/pipeline.cpp:635:0)
INFO: [HLS 214-455] Changing loop 'Loop_VITIS_LOOP_708_1_proc' (/home/deniz/Projects/SneakySnake/SneakySnake-HLS-HBM/hw/pipeline.cpp:708:27) to a process function for dataflow in function 'SneakySnake_bit' (/home/deniz/Projects/SneakySnake/SneakySnake-HLS-HBM/hw/pipeline.cpp:708:27)
INFO: [HLS 200-111] Finished Compiling Optimization and Transform: CPU user time: 7.13 seconds. CPU system time: 3.47 seconds. Elapsed time: 14.57 seconds; current allocated memory: 663.633 MB.
INFO: [HLS 200-111] Finished Checking Pragmas: CPU user time: 0 seconds. CPU system time: 0 seconds. Elapsed time: 0 seconds; current allocated memory: 663.633 MB.
INFO: [HLS 200-10] Starting code transformations ...
INFO: [HLS 200-111] Finished Standard Transforms: CPU user time: 0.39 seconds. CPU system time: 0.2 seconds. Elapsed time: 0.6 seconds; current allocated memory: 680.602 MB.
INFO: [HLS 200-10] Checking synthesizability ...
INFO: [XFORM 203-602] Inlining function 'after_neighbohood' into 'Loop_VITIS_LOOP_708_1_proc' (/home/deniz/Projects/SneakySnake/SneakySnake-HLS-HBM/hw/pipeline.cpp:711) automatically.
WARNING: [SYNCHK 200-23] /home/deniz/Projects/SneakySnake/SneakySnake-HLS-HBM/hw/pipeline.cpp:711: variable-indexed range selection may cause suboptimal QoR.
INFO: [SYNCHK 200-10] 0 error(s), 1 warning(s).
INFO: [HLS 200-111] Finished Checking Synthesizability: CPU user time: 0.52 seconds. CPU system time: 0.24 seconds. Elapsed time: 0.75 seconds; current allocated memory: 687.148 MB.
WARNING: [XFORM 203-561] Updating loop lower bound from 0 to 3 for loop 'VITIS_LOOP_641_1' (/home/deniz/Projects/SneakySnake/SneakySnake-HLS-HBM/hw/pipeline.cpp:636:22) in function 'after_neighbohood'.
INFO: [XFORM 203-602] Inlining function 'after_neighbohood' into 'Loop_VITIS_LOOP_708_1_proc' (/home/deniz/Projects/SneakySnake/SneakySnake-HLS-HBM/hw/pipeline.cpp:711) automatically.
INFO: [XFORM 203-712] Applying dataflow to function 'SneakySnake_bit' (/home/deniz/Projects/SneakySnake/SneakySnake-HLS-HBM/hw/pipeline.cpp:680:5), detected/extracted 3 process function(s): 
	 'NeighborhoodMap_bit'
	 'Loop_VITIS_LOOP_708_1_proc'
	 'Block_entry_proc_proc'.
INFO: [XFORM 203-401] Performing if-conversion on hyperblock from (/home/deniz/Projects/SneakySnake/SneakySnake-HLS-HBM/hw/pipeline.cpp:333:41) to (/home/deniz/Projects/SneakySnake/SneakySnake-HLS-HBM/hw/pipeline.cpp:333:5) in function 'count_one_bit'... converting 10 basic blocks.
INFO: [XFORM 203-401] Performing if-conversion on hyperblock to (/home/deniz/Projects/SneakySnake/SneakySnake-HLS-HBM/hw/pipeline.cpp:702:5) in function 'NeighborhoodMap_bit'... converting 5589 basic blocks.
INFO: [HLS 200-111] Finished Loop, function and other optimizations: CPU user time: 16.87 seconds. CPU system time: 0 seconds. Elapsed time: 17.05 seconds; current allocated memory: 736.844 MB.
INFO: [HLS 200-2061] Successfully converted nested loops 'VITIS_LOOP_708_1'(/home/deniz/Projects/SneakySnake/SneakySnake-HLS-HBM/hw/pipeline.cpp:708:27) and 'VITIS_LOOP_641_1'(/home/deniz/Projects/SneakySnake/SneakySnake-HLS-HBM/hw/pipeline.cpp:641:24) in function 'Loop_VITIS_LOOP_708_1_proc' into perfectly nested loops.
INFO: [XFORM 203-541] Flattening a loop nest 'VITIS_LOOP_708_1' (/home/deniz/Projects/SneakySnake/SneakySnake-HLS-HBM/hw/pipeline.cpp:708:27) in function 'Loop_VITIS_LOOP_708_1_proc'.
INFO: [HLS 200-111] Finished Architecture Synthesis: CPU user time: 6.94 seconds. CPU system time: 0 seconds. Elapsed time: 7 seconds; current allocated memory: 769.090 MB.
INFO: [HLS 200-10] Starting hardware synthesis ...
INFO: [HLS 200-10] Synthesizing 'SneakySnake_bit' ...
INFO: [HLS 200-10] ----------------------------------------------------------------
INFO: [HLS 200-42] -- Implementing module 'NeighborhoodMap_bit' 
INFO: [HLS 200-10] ----------------------------------------------------------------
INFO: [SCHED 204-11] Starting scheduling ...
INFO: [SCHED 204-61] Pipelining function 'NeighborhoodMap_bit'.
INFO: [HLS 200-1470] Pipelining result : Target II = NA, Final II = 1, Depth = 1, function 'NeighborhoodMap_bit'
INFO: [SCHED 204-11] Finished scheduling.
INFO: [HLS 200-111] Finished Scheduling: CPU user time: 3.85 seconds. CPU system time: 0.06 seconds. Elapsed time: 3.93 seconds; current allocated memory: 861.766 MB.
INFO: [BIND 205-100] Starting micro-architecture generation ...
INFO: [BIND 205-101] Performing variable lifetime analysis.
INFO: [BIND 205-101] Exploring resource sharing.
INFO: [BIND 205-101] Binding ...
INFO: [BIND 205-100] Finished micro-architecture generation.
INFO: [HLS 200-111] Finished Binding: CPU user time: 2.65 seconds. CPU system time: 0.26 seconds. Elapsed time: 2.98 seconds; current allocated memory: 861.766 MB.
INFO: [HLS 200-10] ----------------------------------------------------------------
INFO: [HLS 200-42] -- Implementing module 'count_one_bit' 
INFO: [HLS 200-10] ----------------------------------------------------------------
INFO: [SCHED 204-11] Starting scheduling ...
INFO: [SCHED 204-61] Pipelining function 'count_one_bit'.
INFO: [HLS 200-1470] Pipelining result : Target II = NA, Final II = 1, Depth = 1, function 'count_one_bit'
INFO: [SCHED 204-11] Finished scheduling.
INFO: [HLS 200-111] Finished Scheduling: CPU user time: 0.27 seconds. CPU system time: 1.11 seconds. Elapsed time: 1.43 seconds; current allocated memory: 861.766 MB.
INFO: [BIND 205-100] Starting micro-architecture generation ...
INFO: [BIND 205-101] Performing variable lifetime analysis.
INFO: [BIND 205-101] Exploring resource sharing.
INFO: [BIND 205-101] Binding ...
INFO: [BIND 205-100] Finished micro-architecture generation.
INFO: [HLS 200-111] Finished Binding: CPU user time: 0.03 seconds. CPU system time: 0.02 seconds. Elapsed time: 0.05 seconds; current allocated memory: 861.766 MB.
INFO: [HLS 200-10] ----------------------------------------------------------------
INFO: [HLS 200-42] -- Implementing module 'Loop_VITIS_LOOP_708_1_proc' 
INFO: [HLS 200-10] ----------------------------------------------------------------
INFO: [SCHED 204-11] Starting scheduling ...
INFO: [SCHED 204-61] Pipelining loop 'VITIS_LOOP_708_1_VITIS_LOOP_641_1'.
INFO: [HLS 200-1470] Pipelining result : Target II = NA, Final II = 1, Depth = 3, loop 'VITIS_LOOP_708_1_VITIS_LOOP_641_1'
INFO: [SCHED 204-11] Finished scheduling.
INFO: [HLS 200-111] Finished Scheduling: CPU user time: 0.16 seconds. CPU system time: 0.06 seconds. Elapsed time: 0.23 seconds; current allocated memory: 861.766 MB.
INFO: [BIND 205-100] Starting micro-architecture generation ...
INFO: [BIND 205-101] Performing variable lifetime analysis.
INFO: [BIND 205-101] Exploring resource sharing.
INFO: [BIND 205-101] Binding ...
INFO: [BIND 205-100] Finished micro-architecture generation.
INFO: [HLS 200-111] Finished Binding: CPU user time: 0.03 seconds. CPU system time: 0.05 seconds. Elapsed time: 0.11 seconds; current allocated memory: 861.766 MB.
INFO: [HLS 200-10] ----------------------------------------------------------------
INFO: [HLS 200-42] -- Implementing module 'Block_entry_proc_proc' 
INFO: [HLS 200-10] ----------------------------------------------------------------
INFO: [SCHED 204-11] Starting scheduling ...
INFO: [SCHED 204-11] Finished scheduling.
INFO: [HLS 200-111] Finished Scheduling: CPU user time: 0.02 seconds. CPU system time: 0.06 seconds. Elapsed time: 0.09 seconds; current allocated memory: 861.766 MB.
INFO: [BIND 205-100] Starting micro-architecture generation ...
INFO: [BIND 205-101] Performing variable lifetime analysis.
INFO: [BIND 205-101] Exploring resource sharing.
INFO: [BIND 205-101] Binding ...
INFO: [BIND 205-100] Finished micro-architecture generation.
INFO: [HLS 200-111] Finished Binding: CPU user time: 0.01 seconds. CPU system time: 0.03 seconds. Elapsed time: 0.06 seconds; current allocated memory: 861.766 MB.
INFO: [HLS 200-10] ----------------------------------------------------------------
INFO: [HLS 200-42] -- Implementing module 'SneakySnake_bit' 
INFO: [HLS 200-10] ----------------------------------------------------------------
INFO: [SCHED 204-11] Starting scheduling ...
INFO: [SCHED 204-11] Finished scheduling.
INFO: [HLS 200-111] Finished Scheduling: CPU user time: 0.06 seconds. CPU system time: 0.01 seconds. Elapsed time: 0.07 seconds; current allocated memory: 861.766 MB.
INFO: [BIND 205-100] Starting micro-architecture generation ...
INFO: [BIND 205-101] Performing variable lifetime analysis.
INFO: [BIND 205-101] Exploring resource sharing.
INFO: [BIND 205-101] Binding ...
INFO: [BIND 205-100] Finished micro-architecture generation.
INFO: [HLS 200-111] Finished Binding: CPU user time: 0.09 seconds. CPU system time: 0 seconds. Elapsed time: 0.11 seconds; current allocated memory: 861.766 MB.
INFO: [HLS 200-10] ----------------------------------------------------------------
INFO: [HLS 200-10] -- Generating RTL for module 'NeighborhoodMap_bit' 
INFO: [HLS 200-10] ----------------------------------------------------------------
INFO: [RTGEN 206-100] Finished creating RTL model for 'NeighborhoodMap_bit'.
INFO: [HLS 200-111] Finished Creating RTL model: CPU user time: 2.51 seconds. CPU system time: 0.33 seconds. Elapsed time: 3.02 seconds; current allocated memory: 913.848 MB.
INFO: [HLS 200-10] ----------------------------------------------------------------
INFO: [HLS 200-10] -- Generating RTL for module 'count_one_bit' 
INFO: [HLS 200-10] ----------------------------------------------------------------
INFO: [RTGEN 206-100] Generating core module 'sparsemux_15_6_3_1_1': 1 instance(s).
INFO: [RTGEN 206-100] Finished creating RTL model for 'count_one_bit'.
INFO: [HLS 200-111] Finished Creating RTL model: CPU user time: 3.25 seconds. CPU system time: 4.72 seconds. Elapsed time: 8.15 seconds; current allocated memory: 1.022 GB.
INFO: [HLS 200-10] ----------------------------------------------------------------
INFO: [HLS 200-10] -- Generating RTL for module 'Loop_VITIS_LOOP_708_1_proc' 
INFO: [HLS 200-10] ----------------------------------------------------------------
INFO: [HLS 200-1030] Apply Unified Pipeline Control on module 'Loop_VITIS_LOOP_708_1_proc' pipeline 'VITIS_LOOP_708_1_VITIS_LOOP_641_1' pipeline type 'loop pipeline'
INFO: [RTGEN 206-100] Finished creating RTL model for 'Loop_VITIS_LOOP_708_1_proc'.
INFO: [HLS 200-111] Finished Creating RTL model: CPU user time: 0.28 seconds. CPU system time: 0.07 seconds. Elapsed time: 0.36 seconds; current allocated memory: 1.052 GB.
INFO: [HLS 200-10] ----------------------------------------------------------------
INFO: [HLS 200-10] -- Generating RTL for module 'Block_entry_proc_proc' 
INFO: [HLS 200-10] ----------------------------------------------------------------
INFO: [RTGEN 206-100] Finished creating RTL model for 'Block_entry_proc_proc'.
INFO: [HLS 200-111] Finished Creating RTL model: CPU user time: 0.33 seconds. CPU system time: 0.1 seconds. Elapsed time: 0.5 seconds; current allocated memory: 1.055 GB.
INFO: [HLS 200-10] ----------------------------------------------------------------
INFO: [HLS 200-10] -- Generating RTL for module 'SneakySnake_bit' 
INFO: [HLS 200-10] ----------------------------------------------------------------
WARNING: [RTGEN 206-101] Design contains AXI ports. Reset is fixed to synchronous and active low.
INFO: [RTGEN 206-500] Setting interface mode on port 'SneakySnake_bit/ReadLength' to 's_axilite & ap_none'.
INFO: [RTGEN 206-500] Setting interface mode on port 'SneakySnake_bit/ReadSeq' to 's_axilite & ap_none'.
INFO: [RTGEN 206-500] Setting interface mode on port 'SneakySnake_bit/RefSeq' to 's_axilite & ap_none'.
INFO: [RTGEN 206-500] Setting interface mode on port 'SneakySnake_bit/EditThreshold' to 's_axilite & ap_none'.
INFO: [RTGEN 206-500] Setting interface mode on port 'SneakySnake_bit/KmerSize' to 's_axilite & ap_none'.
INFO: [RTGEN 206-500] Setting interface mode on function 'SneakySnake_bit' to 's_axilite & ap_ctrl_chain'.
INFO: [RTGEN 206-100] Bundling port 'return', 'ReadLength', 'ReadSeq', 'RefSeq', 'EditThreshold' to AXI-Lite port control.
INFO: [RTGEN 206-100] Finished creating RTL model for 'SneakySnake_bit'.
INFO: [RTMG 210-285] Implementing FIFO 'DNA_nsh_U(SneakySnake_bit_fifo_w128_d2_S)' using Shift Registers.
INFO: [RTMG 210-285] Implementing FIFO 'DNA_shl_one_U(SneakySnake_bit_fifo_w128_d2_S)' using Shift Registers.
INFO: [RTMG 210-285] Implementing FIFO 'DNA_shl_two_U(SneakySnake_bit_fifo_w128_d2_S)' using Shift Registers.
INFO: [RTMG 210-285] Implementing FIFO 'DNA_shl_three_U(SneakySnake_bit_fifo_w128_d2_S)' using Shift Registers.
INFO: [RTMG 210-285] Implementing FIFO 'DNA_shl_four_U(SneakySnake_bit_fifo_w128_d2_S)' using Shift Registers.
INFO: [RTMG 210-285] Implementing FIFO 'DNA_shl_five_U(SneakySnake_bit_fifo_w128_d2_S)' using Shift Registers.
INFO: [RTMG 210-285] Implementing FIFO 'DNA_shr_one_U(SneakySnake_bit_fifo_w128_d2_S)' using Shift Registers.
INFO: [RTMG 210-285] Implementing FIFO 'DNA_shr_two_U(SneakySnake_bit_fifo_w128_d2_S)' using Shift Registers.
INFO: [RTMG 210-285] Implementing FIFO 'DNA_shr_three_U(SneakySnake_bit_fifo_w128_d2_S)' using Shift Registers.
INFO: [RTMG 210-285] Implementing FIFO 'DNA_shr_four_U(SneakySnake_bit_fifo_w128_d2_S)' using Shift Registers.
INFO: [RTMG 210-285] Implementing FIFO 'DNA_shr_five_U(SneakySnake_bit_fifo_w128_d2_S)' using Shift Registers.
INFO: [RTMG 210-285] Implementing FIFO 'add_i_i2_loc_channel_U(SneakySnake_bit_fifo_w2_d2_S)' using Shift Registers.
INFO: [HLS 200-111] Finished Creating RTL model: CPU user time: 0.28 seconds. CPU system time: 0.08 seconds. Elapsed time: 0.42 seconds; current allocated memory: 1.059 GB.
INFO: [HLS 200-111] Finished Generating all RTL models: CPU user time: 1.14 seconds. CPU system time: 0.17 seconds. Elapsed time: 1.42 seconds; current allocated memory: 1.060 GB.
INFO: [HLS 200-111] Finished Updating report files: CPU user time: 2.09 seconds. CPU system time: 0.32 seconds. Elapsed time: 2.52 seconds; current allocated memory: 1.115 GB.
INFO: [VHDL 208-304] Generating VHDL RTL for SneakySnake_bit.
INFO: [VLOG 209-307] Generating Verilog RTL for SneakySnake_bit.
INFO: [HLS 200-790] **** Loop Constraint Status: All loop constraints were satisfied.
INFO: [HLS 200-789] **** Estimated Fmax: 113.55 MHz
INFO: [HLS 200-112] Total CPU user time: 61.25 seconds. Total CPU system time: 16.17 seconds. Total elapsed time: 83.21 seconds; peak allocated memory: 1.115 GB.
INFO: [v++ 60-791] Total elapsed time: 0h 1m 28s
