  **** HLS Build v2024.2 5238294
INFO: [HLS 200-2005] Using work_dir /home/deniz/Projects/SneakySnake/HLS-Workspce/hls_component/SneakySnake_bit 
INFO: [HLS 200-1505] Using default flow_target 'vivado'
Resolution: For help on HLS 200-1505 see docs.xilinx.com/access/sources/dita/topic?Doc_Version=2024.2%20English&url=ug1448-hls-guidance&resourceid=200-1505.html
INFO: [HLS 200-1465] Applying ini 'syn.file=/home/deniz/Projects/SneakySnake/SneakySnake-HLS-HBM/hw/pipeline.cpp' from /home/deniz/Projects/SneakySnake/HLS-Workspce/hls_component/hls_config.cfg(8)
INFO: [HLS 200-10] Adding design file '/home/deniz/Projects/SneakySnake/SneakySnake-HLS-HBM/hw/pipeline.cpp' to the project
INFO: [HLS 200-1465] Applying ini 'syn.file=/home/deniz/oc-accel/actions/include/hls_snap_1024.H' from /home/deniz/Projects/SneakySnake/HLS-Workspce/hls_component/hls_config.cfg(9)
INFO: [HLS 200-10] Adding design file '/home/deniz/oc-accel/actions/include/hls_snap_1024.H' to the project
INFO: [HLS 200-1465] Applying ini 'syn.file=/home/deniz/oc-accel/actions/hls_memcopy_1024/include/action_memcopy.h' from /home/deniz/Projects/SneakySnake/HLS-Workspce/hls_component/hls_config.cfg(10)
INFO: [HLS 200-10] Adding design file '/home/deniz/oc-accel/actions/hls_memcopy_1024/include/action_memcopy.h' to the project
INFO: [HLS 200-1465] Applying ini 'syn.file=/home/deniz/oc-accel/actions/hls_memcopy_1024/hw/hw_action_memcopy_1024.cpp' from /home/deniz/Projects/SneakySnake/HLS-Workspce/hls_component/hls_config.cfg(11)
INFO: [HLS 200-10] Adding design file '/home/deniz/oc-accel/actions/hls_memcopy_1024/hw/hw_action_memcopy_1024.cpp' to the project
INFO: [HLS 200-1465] Applying ini 'syn.file=/home/deniz/oc-accel/software/include/osnap_types.h' from /home/deniz/Projects/SneakySnake/HLS-Workspce/hls_component/hls_config.cfg(12)
INFO: [HLS 200-10] Adding design file '/home/deniz/oc-accel/software/include/osnap_types.h' to the project
INFO: [HLS 200-1465] Applying ini 'syn.file=/home/deniz/oc-accel/software/include/osnap_tools.h' from /home/deniz/Projects/SneakySnake/HLS-Workspce/hls_component/hls_config.cfg(13)
INFO: [HLS 200-10] Adding design file '/home/deniz/oc-accel/software/include/osnap_tools.h' to the project
INFO: [HLS 200-1465] Applying ini 'syn.file=/home/deniz/oc-accel/software/include/osnap_queue.h' from /home/deniz/Projects/SneakySnake/HLS-Workspce/hls_component/hls_config.cfg(14)
INFO: [HLS 200-10] Adding design file '/home/deniz/oc-accel/software/include/osnap_queue.h' to the project
INFO: [HLS 200-1465] Applying ini 'syn.file=/home/deniz/oc-accel/software/include/osnap_internal.h' from /home/deniz/Projects/SneakySnake/HLS-Workspce/hls_component/hls_config.cfg(15)
INFO: [HLS 200-10] Adding design file '/home/deniz/oc-accel/software/include/osnap_internal.h' to the project
INFO: [HLS 200-1465] Applying ini 'syn.file=/home/deniz/oc-accel/software/include/osnap_hls_if.h' from /home/deniz/Projects/SneakySnake/HLS-Workspce/hls_component/hls_config.cfg(16)
INFO: [HLS 200-10] Adding design file '/home/deniz/oc-accel/software/include/osnap_hls_if.h' to the project
INFO: [HLS 200-1465] Applying ini 'syn.file=/home/deniz/oc-accel/software/include/osnap_global_regs.h' from /home/deniz/Projects/SneakySnake/HLS-Workspce/hls_component/hls_config.cfg(17)
INFO: [HLS 200-10] Adding design file '/home/deniz/oc-accel/software/include/osnap_global_regs.h' to the project
INFO: [HLS 200-1465] Applying ini 'syn.file=/home/deniz/oc-accel/software/include/libosnap.h' from /home/deniz/Projects/SneakySnake/HLS-Workspce/hls_component/hls_config.cfg(18)
INFO: [HLS 200-10] Adding design file '/home/deniz/oc-accel/software/include/libosnap.h' to the project
INFO: [HLS 200-1465] Applying ini 'syn.cflags=-I/home/deniz/oc-accel/actions/include -I/home/deniz/oc-accel/actions/hls_hbm_memcopy_1024/hw -I/home/deniz/oc-accel/actions/hls_hbm_memcopy_1024/include -I/home/deniz/oc-accel/software/include' from /home/deniz/Projects/SneakySnake/HLS-Workspce/hls_component/hls_config.cfg(20)
INFO: [HLS 200-1465] Applying ini 'tb.file=/home/deniz/Projects/SneakySnake/SneakySnake-HLS-HBM/hw/tb_wrapper.cpp' from /home/deniz/Projects/SneakySnake/HLS-Workspce/hls_component/hls_config.cfg(19)
INFO: [HLS 200-10] Adding test bench file '/home/deniz/Projects/SneakySnake/SneakySnake-HLS-HBM/hw/tb_wrapper.cpp' to the project
INFO: [HLS 200-1465] Applying ini 'tb.cflags=-I/home/deniz/oc-accel/actions/include -I/home/deniz/oc-accel/actions/hls_hbm_memcopy_1024/hw -I/home/deniz/oc-accel/actions/hls_hbm_memcopy_1024/include -I/home/deniz/oc-accel/software/include' from /home/deniz/Projects/SneakySnake/HLS-Workspce/hls_component/hls_config.cfg(21)
INFO: [HLS 200-1465] Applying ini 'syn.top=SneakySnake_bit' from /home/deniz/Projects/SneakySnake/HLS-Workspce/hls_component/hls_config.cfg(7)
INFO: [HLS 200-1465] Applying ini 'flow_target=vitis' from /home/deniz/Projects/SneakySnake/HLS-Workspce/hls_component/hls_config.cfg(4)
INFO: [HLS 200-1505] Using flow_target 'vitis'
Resolution: For help on HLS 200-1505 see docs.xilinx.com/access/sources/dita/topic?Doc_Version=2024.2%20English&url=ug1448-hls-guidance&resourceid=200-1505.html
INFO: [HLS 200-435] Setting 'open_solution -flow_target vitis' configuration: config_interface -m_axi_latency=64
INFO: [HLS 200-435] Setting 'open_solution -flow_target vitis' configuration: config_interface -m_axi_alignment_byte_size=64
INFO: [HLS 200-435] Setting 'open_solution -flow_target vitis' configuration: config_interface -m_axi_max_widen_bitwidth=512
INFO: [HLS 200-435] Setting 'open_solution -flow_target vitis' configuration: config_rtl -register_reset_num=3
INFO: [HLS 200-1465] Applying ini 'part=xcvu9p-flga2104-2-i' from /home/deniz/Projects/SneakySnake/HLS-Workspce/hls_component/hls_config.cfg(1)
INFO: [HLS 200-1611] Setting target device to 'xcvu9p-flga2104-2-i'
INFO: [HLS 200-1465] Applying ini 'package.output.format=xo' from /home/deniz/Projects/SneakySnake/HLS-Workspce/hls_component/hls_config.cfg(5)
INFO: [SIM 211-2] *************** CSIM start ***************
INFO: [SIM 211-4] CSIM will launch CLANG as the compiler.
INFO: [HLS 200-2036] Building debug C Simulation binaries
   Compiling ../../../../../../SneakySnake-HLS-HBM/hw/tb_wrapper.cpp in debug mode
In file included from ../../../../../../SneakySnake-HLS-HBM/hw/tb_wrapper.cpp:8:
../../../../../../SneakySnake-HLS-HBM/hw/pipeline.h:12:24: error: unknown type name 'd_bit_out_tiny_type'
unsigned count_one_bit(d_bit_out_tiny_type &input_seq, unsigned seq_length);
                       ^
../../../../../../SneakySnake-HLS-HBM/hw/pipeline.h:13:17: error: unknown type name 'd_out_type'
int largest_bit(d_out_type arr, int n) ;
                ^
../../../../../../SneakySnake-HLS-HBM/hw/pipeline.h:15:5: error: unknown type name 'd_bit_in_type'
    d_bit_in_type & DNA_read, d_bit_in_type & DNA_ref, 
    ^
../../../../../../SneakySnake-HLS-HBM/hw/pipeline.h:15:31: error: unknown type name 'd_bit_in_type'
    d_bit_in_type & DNA_read, d_bit_in_type & DNA_ref, 
                              ^
../../../../../../SneakySnake-HLS-HBM/hw/pipeline.h:16:5: error: unknown type name 'd_bit_out_type'
    d_bit_out_type & DNA_nsh,
    ^
../../../../../../SneakySnake-HLS-HBM/hw/pipeline.h:17:5: error: unknown type name 'd_bit_out_type'
    d_bit_out_type & DNA_shl_one,d_bit_out_type & DNA_shl_two,d_bit_out_type & DNA_shl_three,d_bit_out_type & DNA_shl_four,d_bit_out_type & DNA_shl_five, 
    ^
../../../../../../SneakySnake-HLS-HBM/hw/pipeline.h:17:34: error: unknown type name 'd_bit_out_type'
    d_bit_out_type & DNA_shl_one,d_bit_out_type & DNA_shl_two,d_bit_out_type & DNA_shl_three,d_bit_out_type & DNA_shl_four,d_bit_out_type & DNA_shl_five, 
                                 ^
../../../../../../SneakySnake-HLS-HBM/hw/pipeline.h:17:63: error: unknown type name 'd_bit_out_type'
    d_bit_out_type & DNA_shl_one,d_bit_out_type & DNA_shl_two,d_bit_out_type & DNA_shl_three,d_bit_out_type & DNA_shl_four,d_bit_out_type & DNA_shl_five, 
                                                              ^
../../../../../../SneakySnake-HLS-HBM/hw/pipeline.h:17:94: error: unknown type name 'd_bit_out_type'
    d_bit_out_type & DNA_shl_one,d_bit_out_type & DNA_shl_two,d_bit_out_type & DNA_shl_three,d_bit_out_type & DNA_shl_four,d_bit_out_type & DNA_shl_five, 
                                                                                             ^
../../../../../../SneakySnake-HLS-HBM/hw/pipeline.h:17:124: error: unknown type name 'd_bit_out_type'
    d_bit_out_type & DNA_shl_one,d_bit_out_type & DNA_shl_two,d_bit_out_type & DNA_shl_three,d_bit_out_type & DNA_shl_four,d_bit_out_type & DNA_shl_five, 
                                                                                                                           ^
../../../../../../SneakySnake-HLS-HBM/hw/pipeline.h:18:5: error: unknown type name 'd_bit_out_type'
    d_bit_out_type & DNA_shr_one,d_bit_out_type & DNA_shr_two,d_bit_out_type & DNA_shr_three,d_bit_out_type & DNA_shr_four,d_bit_out_type & DNA_shr_five);
    ^
../../../../../../SneakySnake-HLS-HBM/hw/pipeline.h:18:34: error: unknown type name 'd_bit_out_type'
    d_bit_out_type & DNA_shr_one,d_bit_out_type & DNA_shr_two,d_bit_out_type & DNA_shr_three,d_bit_out_type & DNA_shr_four,d_bit_out_type & DNA_shr_five);
                                 ^
../../../../../../SneakySnake-HLS-HBM/hw/pipeline.h:18:63: error: unknown type name 'd_bit_out_type'
    d_bit_out_type & DNA_shr_one,d_bit_out_type & DNA_shr_two,d_bit_out_type & DNA_shr_three,d_bit_out_type & DNA_shr_four,d_bit_out_type & DNA_shr_five);
                                                              ^
../../../../../../SneakySnake-HLS-HBM/hw/pipeline.h:18:94: error: unknown type name 'd_bit_out_type'
    d_bit_out_type & DNA_shr_one,d_bit_out_type & DNA_shr_two,d_bit_out_type & DNA_shr_three,d_bit_out_type & DNA_shr_four,d_bit_out_type & DNA_shr_five);
                                                                                             ^
../../../../../../SneakySnake-HLS-HBM/hw/pipeline.h:18:124: error: unknown type name 'd_bit_out_type'
    d_bit_out_type & DNA_shr_one,d_bit_out_type & DNA_shr_two,d_bit_out_type & DNA_shr_three,d_bit_out_type & DNA_shr_four,d_bit_out_type & DNA_shr_five);
                                                                                                                           ^
../../../../../../SneakySnake-HLS-HBM/hw/pipeline.h:19:28: error: unknown type name 'd_bit_out_tiny_type'
unsigned after_neighbohood(d_bit_out_tiny_type  DNA_nsh,
                           ^
../../../../../../SneakySnake-HLS-HBM/hw/pipeline.h:20:5: error: unknown type name 'd_bit_out_tiny_type'
    d_bit_out_tiny_type  DNA_shl_one,d_bit_out_tiny_type  DNA_shl_two,d_bit_out_tiny_type  DNA_shl_three,d_bit_out_tiny_type DNA_shl_four,d_bit_out_tiny_type DNA_shl_five, 
    ^
../../../../../../SneakySnake-HLS-HBM/hw/pipeline.h:20:38: error: unknown type name 'd_bit_out_tiny_type'
    d_bit_out_tiny_type  DNA_shl_one,d_bit_out_tiny_type  DNA_shl_two,d_bit_out_tiny_type  DNA_shl_three,d_bit_out_tiny_type DNA_shl_four,d_bit_out_tiny_type DNA_shl_five, 
                                     ^
../../../../../../SneakySnake-HLS-HBM/hw/pipeline.h:20:71: error: unknown type name 'd_bit_out_tiny_type'
    d_bit_out_tiny_type  DNA_shl_one,d_bit_out_tiny_type  DNA_shl_two,d_bit_out_tiny_type  DNA_shl_three,d_bit_out_tiny_type DNA_shl_four,d_bit_out_tiny_type DNA_shl_five, 
                                                                      ^
fatal error: too many errors emitted, stopping now [-ferror-limit=]
20 errors generated.
make: *** [csim.mk:88: obj/tb_wrapper.o] Error 1
ERROR: [SIM 211-100] 'csim_design' failed: compilation error(s).
INFO: [SIM 211-3] *************** CSIM finish ***************
ERROR: 4
INFO: [HLS 200-112] Total CPU user time: 8.41 seconds. Total CPU system time: 2.2 seconds. Total elapsed time: 11.12 seconds; peak allocated memory: 659.230 MB.
