Thu May  8 16:43:10 2025: Running xcd server. This server was built by gradle.
Thu May  8 16:43:10 2025: Server was asked to start on port: '56837'
Thu May  8 16:43:10 2025: Server is using token UUID: 'c247644a-2c1a-11f0-b5f2-0800277e37a3'
Thu May  8 16:43:10 2025: SESSION_MGR: creating session with session uuid: '6d04a3e9-ade5-4ab9-8d63-1f78fcd2ec76' and name 'default'
Thu May  8 16:43:10 2025: Attempting to start server on port '56837'
Thu May  8 16:43:10 2025: XCD main fifo: created main fifo '/tmp/xcdmainc247644a-2c1a-11f0-b5f2-0800277e37a3', fd read = 11
Thu May  8 16:43:10 2025: Running Dispatch Server
Thu May  8 16:43:10 2025: Version 2.2.0
Thu May  8 16:43:10 2025: Dispatch Server: Accepted socket connection from client
Thu May  8 16:43:10 2025: Starting Socket connection
Thu May  8 16:43:10 2025: EXCHANGE_TOKEN received, server token: c247644a-2c1a-11f0-b5f2-0800277e37a3, passed token: c247644a-2c1a-11f0-b5f2-0800277e37a3
Thu May  8 16:43:10 2025: SESSION_MGR: creating session with session uuid: '19daa475-87c5-4008-aa2c-ccbdd67cbfcb' and name 'Code Analyzer'
Thu May  8 16:43:10 2025: KERNEL_SVC: creating session with uuid: '19daa475-87c5-4008-aa2c-ccbdd67cbfcb' and name 'Code Analyzer'
Thu May  8 16:43:10 2025: GUIDANCE_SMGR: creating guidance session with uuid: '19daa475-87c5-4008-aa2c-ccbdd67cbfcb' and name 'Code Analyzer'
Thu May  8 16:43:13 2025: SESSION_MGR: closing session for UUID '19daa475-87c5-4008-aa2c-ccbdd67cbfcb' with name ''
Thu May  8 16:43:13 2025: KERNEL_SVC: closing session for UUID '19daa475-87c5-4008-aa2c-ccbdd67cbfcb' with name ''
Thu May  8 16:43:13 2025: GUIDANCE_SMGR: closing session for UUID '19daa475-87c5-4008-aa2c-ccbdd67cbfcb' with name ''
Thu May  8 16:43:13 2025: STOP_SERVER received, server token: c247644a-2c1a-11f0-b5f2-0800277e37a3, passed token: c247644a-2c1a-11f0-b5f2-0800277e37a3
Thu May  8 16:43:13 2025: Socket received request to stop server.
Thu May  8 16:43:13 2025: Dispatch Server: do_await_stop
Thu May  8 16:43:13 2025: Dispatch Server: stopping mainFifo_
Thu May  8 16:43:13 2025: XCD main fifo: Stopping
Thu May  8 16:43:13 2025: XCD main fifo: do_read error code: Operation canceled
Thu May  8 16:43:13 2025: XCD main fifo: bytes_transferred: 0
Thu May  8 16:43:13 2025: SERVER: destructor for server bound to port 56837
Thu May  8 16:43:13 2025: XCD main fifo: Good unlink of /tmp/xcdmainc247644a-2c1a-11f0-b5f2-0800277e37a3
Thu May  8 16:43:13 2025: Server exiting with status 0.
Thu May  8 16:43:13 2025: Closing log file.
Thu May  8 16:45:33 2025: Running xcd server. This server was built by gradle.
Thu May  8 16:45:33 2025: Server was asked to start on port: '33487'
Thu May  8 16:45:33 2025: Server is using token UUID: '17c0c93e-2c1b-11f0-b5f2-0800277e37a3'
Thu May  8 16:45:33 2025: SESSION_MGR: creating session with session uuid: '6d04a3e9-ade5-4ab9-8d63-1f78fcd2ec76' and name 'default'
Thu May  8 16:45:33 2025: Attempting to start server on port '33487'
Thu May  8 16:45:33 2025: XCD main fifo: created main fifo '/tmp/xcdmain17c0c93e-2c1b-11f0-b5f2-0800277e37a3', fd read = 11
Thu May  8 16:45:33 2025: Running Dispatch Server
Thu May  8 16:45:33 2025: Version 2.2.0
Thu May  8 16:45:33 2025: Dispatch Server: Accepted socket connection from client
Thu May  8 16:45:33 2025: Starting Socket connection
Thu May  8 16:45:33 2025: EXCHANGE_TOKEN received, server token: 17c0c93e-2c1b-11f0-b5f2-0800277e37a3, passed token: 17c0c93e-2c1b-11f0-b5f2-0800277e37a3
Thu May  8 16:45:33 2025: SESSION_MGR: creating session with session uuid: 'a264f00a-1ee7-4295-9241-94d7aa338bde' and name 'Code Analyzer'
Thu May  8 16:45:33 2025: KERNEL_SVC: creating session with uuid: 'a264f00a-1ee7-4295-9241-94d7aa338bde' and name 'Code Analyzer'
Thu May  8 16:45:33 2025: GUIDANCE_SMGR: creating guidance session with uuid: 'a264f00a-1ee7-4295-9241-94d7aa338bde' and name 'Code Analyzer'
Thu May  8 16:45:36 2025: SESSION_MGR: closing session for UUID 'a264f00a-1ee7-4295-9241-94d7aa338bde' with name ''
Thu May  8 16:45:36 2025: KERNEL_SVC: closing session for UUID 'a264f00a-1ee7-4295-9241-94d7aa338bde' with name ''
Thu May  8 16:45:36 2025: GUIDANCE_SMGR: closing session for UUID 'a264f00a-1ee7-4295-9241-94d7aa338bde' with name ''
Thu May  8 16:45:36 2025: STOP_SERVER received, server token: 17c0c93e-2c1b-11f0-b5f2-0800277e37a3, passed token: 17c0c93e-2c1b-11f0-b5f2-0800277e37a3
Thu May  8 16:45:36 2025: Socket received request to stop server.
Thu May  8 16:45:36 2025: Dispatch Server: do_await_stop
Thu May  8 16:45:36 2025: Dispatch Server: stopping mainFifo_
Thu May  8 16:45:36 2025: XCD main fifo: Stopping
Thu May  8 16:45:36 2025: XCD main fifo: do_read error code: Operation canceled
Thu May  8 16:45:36 2025: XCD main fifo: bytes_transferred: 0
Thu May  8 16:45:36 2025: SERVER: destructor for server bound to port 33487
Thu May  8 16:45:36 2025: XCD main fifo: Good unlink of /tmp/xcdmain17c0c93e-2c1b-11f0-b5f2-0800277e37a3
Thu May  8 16:45:36 2025: Server exiting with status 0.
Thu May  8 16:45:36 2025: Closing log file.
Thu May  8 16:46:04 2025: Running xcd server. This server was built by gradle.
Thu May  8 16:46:04 2025: Server was asked to start on port: '53665'
Thu May  8 16:46:04 2025: Server is using token UUID: '2a2983fe-2c1b-11f0-b5f2-0800277e37a3'
Thu May  8 16:46:04 2025: SESSION_MGR: creating session with session uuid: '6d04a3e9-ade5-4ab9-8d63-1f78fcd2ec76' and name 'default'
Thu May  8 16:46:04 2025: Attempting to start server on port '53665'
Thu May  8 16:46:04 2025: XCD main fifo: created main fifo '/tmp/xcdmain2a2983fe-2c1b-11f0-b5f2-0800277e37a3', fd read = 11
Thu May  8 16:46:04 2025: Running Dispatch Server
Thu May  8 16:46:04 2025: Version 2.2.0
Thu May  8 16:46:05 2025: Dispatch Server: Accepted socket connection from client
Thu May  8 16:46:05 2025: Starting Socket connection
Thu May  8 16:46:05 2025: EXCHANGE_TOKEN received, server token: 2a2983fe-2c1b-11f0-b5f2-0800277e37a3, passed token: 2a2983fe-2c1b-11f0-b5f2-0800277e37a3
Thu May  8 16:46:05 2025: SESSION_MGR: creating session with session uuid: '4c44bad4-9733-4d35-9a0d-e50b2da65d93' and name 'Code Analyzer'
Thu May  8 16:46:05 2025: KERNEL_SVC: creating session with uuid: '4c44bad4-9733-4d35-9a0d-e50b2da65d93' and name 'Code Analyzer'
Thu May  8 16:46:05 2025: GUIDANCE_SMGR: creating guidance session with uuid: '4c44bad4-9733-4d35-9a0d-e50b2da65d93' and name 'Code Analyzer'
Thu May  8 16:46:07 2025: SESSION_MGR: closing session for UUID '4c44bad4-9733-4d35-9a0d-e50b2da65d93' with name ''
Thu May  8 16:46:07 2025: KERNEL_SVC: closing session for UUID '4c44bad4-9733-4d35-9a0d-e50b2da65d93' with name ''
Thu May  8 16:46:07 2025: GUIDANCE_SMGR: closing session for UUID '4c44bad4-9733-4d35-9a0d-e50b2da65d93' with name ''
Thu May  8 16:46:07 2025: STOP_SERVER received, server token: 2a2983fe-2c1b-11f0-b5f2-0800277e37a3, passed token: 2a2983fe-2c1b-11f0-b5f2-0800277e37a3
Thu May  8 16:46:07 2025: Socket received request to stop server.
Thu May  8 16:46:07 2025: Dispatch Server: do_await_stop
Thu May  8 16:46:07 2025: Dispatch Server: stopping mainFifo_
Thu May  8 16:46:07 2025: XCD main fifo: Stopping
Thu May  8 16:46:07 2025: XCD main fifo: do_read error code: Operation canceled
Thu May  8 16:46:07 2025: XCD main fifo: bytes_transferred: 0
Thu May  8 16:46:07 2025: SERVER: destructor for server bound to port 53665
Thu May  8 16:46:07 2025: XCD main fifo: Good unlink of /tmp/xcdmain2a2983fe-2c1b-11f0-b5f2-0800277e37a3
Thu May  8 16:46:07 2025: Server exiting with status 0.
Thu May  8 16:46:07 2025: Closing log file.
Thu May  8 16:48:48 2025: Running xcd server. This server was built by gradle.
Thu May  8 16:48:48 2025: Server was asked to start on port: '33859'
Thu May  8 16:48:48 2025: Server is using token UUID: '8bfbd884-2c1b-11f0-b5f2-0800277e37a3'
Thu May  8 16:48:48 2025: SESSION_MGR: creating session with session uuid: '6d04a3e9-ade5-4ab9-8d63-1f78fcd2ec76' and name 'default'
Thu May  8 16:48:48 2025: Attempting to start server on port '33859'
Thu May  8 16:48:48 2025: XCD main fifo: created main fifo '/tmp/xcdmain8bfbd884-2c1b-11f0-b5f2-0800277e37a3', fd read = 11
Thu May  8 16:48:48 2025: Running Dispatch Server
Thu May  8 16:48:48 2025: Version 2.2.0
Thu May  8 16:48:48 2025: Dispatch Server: Accepted socket connection from client
Thu May  8 16:48:48 2025: Starting Socket connection
Thu May  8 16:48:48 2025: EXCHANGE_TOKEN received, server token: 8bfbd884-2c1b-11f0-b5f2-0800277e37a3, passed token: 8bfbd884-2c1b-11f0-b5f2-0800277e37a3
Thu May  8 16:48:48 2025: SESSION_MGR: creating session with session uuid: 'e7c1e4ed-ad9d-45ff-957a-36191b549a49' and name 'Code Analyzer'
Thu May  8 16:48:48 2025: KERNEL_SVC: creating session with uuid: 'e7c1e4ed-ad9d-45ff-957a-36191b549a49' and name 'Code Analyzer'
Thu May  8 16:48:48 2025: GUIDANCE_SMGR: creating guidance session with uuid: 'e7c1e4ed-ad9d-45ff-957a-36191b549a49' and name 'Code Analyzer'
Thu May  8 16:48:48 2025: SESSION_MGR: closing session for UUID 'e7c1e4ed-ad9d-45ff-957a-36191b549a49' with name ''
Thu May  8 16:48:48 2025: KERNEL_SVC: closing session for UUID 'e7c1e4ed-ad9d-45ff-957a-36191b549a49' with name ''
Thu May  8 16:48:48 2025: GUIDANCE_SMGR: closing session for UUID 'e7c1e4ed-ad9d-45ff-957a-36191b549a49' with name ''
Thu May  8 16:48:48 2025: STOP_SERVER received, server token: 8bfbd884-2c1b-11f0-b5f2-0800277e37a3, passed token: 8bfbd884-2c1b-11f0-b5f2-0800277e37a3
Thu May  8 16:48:48 2025: Socket received request to stop server.
Thu May  8 16:48:48 2025: Dispatch Server: do_await_stop
Thu May  8 16:48:48 2025: Dispatch Server: stopping mainFifo_
Thu May  8 16:48:48 2025: XCD main fifo: Stopping
Thu May  8 16:48:48 2025: XCD main fifo: do_read error code: Operation canceled
Thu May  8 16:48:48 2025: XCD main fifo: bytes_transferred: 0
Thu May  8 16:48:48 2025: SERVER: destructor for server bound to port 33859
Thu May  8 16:48:48 2025: XCD main fifo: Good unlink of /tmp/xcdmain8bfbd884-2c1b-11f0-b5f2-0800277e37a3
Thu May  8 16:48:48 2025: Server exiting with status 0.
Thu May  8 16:48:48 2025: Closing log file.
